1732 1708 3150
1733 574 3197
1734 523 2954
1735 1743 3201
1736 558 3139
1737 460 2457
1738 534 2895
1739 521 2821
1740 1515 2889
1741 1690 3196
1742 1507 2806
1743 1342 2460
1744 542 3071
1745 1613 2936
1746 557 3004
1747 492 2787
1748 1605 3058
1749 1847 3518
1750 1690 3106
1751 561 3071
1752 1836 3386
1753 1388 2621
1754 1785 3286
1755 1666 3048
1756 1510 2732
1757 1588 2971
1758 1748 3119
1759 1795 3331
1760 551 3073
1761 534 2981
1762 1479 2714
1763 1492 2722
1764 1730 3142
1765 580 3248
1766 539 2878
1767 1636 2987
1768 479 2617
1769 607 3272
1770 567 3010
1771 1688 3121
1772 600 3239
1773 1572 2869
1774 571 3085
1775 1590 2861
1776 556 3120
1777 501 2795
1778 491 2770
1779 606 3235
1780 1839 3357
1781 505 2786
1782 1415 2629
1783 443 2405
----------acc-----------
443 / 2405
------------------------
 90%|██████████████████████████████████████████████████████████████       | 9/10 [14:47:43<1:38:29, 5909.69s/it]
0 1505 2844
1 531 2910
2 500 2856
3 1522 2905
4 604 3381
5 549 2999
6 1644 3021
7 1788 3130
8 554 2991
9 542 3002
10 563 3066
11 517 2817
12 1695 3165
13 514 2764
14 1550 2906
15 1560 2944
16 577 3060
17 565 3106
18 1433 2670
19 557 3175
20 613 3319
21 1513 2836
22 539 2970
23 1547 2990
24 445 2441
25 571 3113
26 1581 2925
27 541 2983
28 453 2506
29 1424 2737
30 576 3087
31 554 3044
32 519 2834
33 618 3323
34 590 3197
35 1293 2438
36 579 3143
37 1647 3059
38 1484 2829
39 558 3107
40 585 3255
41 585 3189
42 553 2956
43 424 2382
44 1578 2798
45 1594 2995
46 1536 2852
47 1601 3054
48 1400 2690
49 1494 2730
50 526 2953
51 1552 2851
52 582 3232
53 1625 2996
54 1547 2868
55 1699 3222
56 1597 2893
57 454 2434
58 423 2339
59 637 3490
60 534 2974
61 1679 3108
62 1669 2948
63 535 2879
64 485 2778
65 570 3172
66 1565 2933
67 605 3226
68 526 2794
69 528 2835
70 606 3203
71 1747 3270
72 500 2714
73 551 2988
74 1824 3348
75 520 2771
76 1451 2833
77 537 3053
78 563 3028
79 509 2783
80 1477 2808
81 1510 2804
82 507 2781
83 510 2819
84 503 2790
85 568 3033
86 1593 3044
87 623 3322
88 1518 2855
89 627 3369
90 1442 2718
91 1459 2694
92 1687 3022
93 1575 2954
94 601 3340
95 1702 3060
96 1556 2902
97 1611 2953
98 537 2976
99 533 2796
100 1762 3211
101 1303 2408
102 459 2587
103 1758 3306
104 1721 3106
105 1651 3033
106 607 3278
107 1534 2764
108 1650 3065
109 1566 2875
110 1739 3184
111 1548 2903
112 611 3410
113 507 2800
114 1718 3075
115 429 2445
116 1706 3256
117 547 3106
118 513 2850
119 568 3114
120 627 3343
121 1614 3090
122 544 3108
123 597 3206
124 1966 3606
125 557 3131
126 1670 3149
127 1432 2693
128 1717 3131
129 1669 3037
130 592 3287
131 1668 3145
132 1674 3183
133 603 3304
134 523 2764
135 1522 2801
136 515 2792
137 1577 2891
138 478 2688
139 544 2973
140 1838 3346
141 1694 3025
142 503 2700
143 1627 3078
144 513 2778
145 653 3549
146 1925 3557
147 1550 2803
148 1591 2989
149 590 3257
150 579 3061
151 1710 3086
152 450 2458
153 501 2807
154 1660 3057
155 1779 3315
156 1515 2783
157 640 3446
158 1299 2435
159 1556 2924
160 566 3113
161 475 2609
162 581 3172
163 492 2629
164 1400 2697
165 1497 2820
166 1484 2830
167 1709 3165
168 1596 2974
169 525 2804
170 458 2466
171 509 2683
172 1538 2793
173 1450 2666
174 607 3291
175 495 2732
176 575 2996
177 1608 3039
178 565 3078
179 563 3108
180 548 3018
181 1840 3397
182 1795 3308
183 1407 2526
184 1618 3006
185 1398 2620
186 590 3291
187 476 2714
188 1587 3022
189 540 2999
190 566 3145
191 1695 3103
192 568 3129
193 1676 3039
194 1736 3171
195 1625 2949
196 1774 3150
197 522 2953
198 1508 2781
199 1560 2893
200 534 2995
201 1640 3047
202 585 3221
203 1613 3001
204 1743 3322
205 1336 2534
206 482 2719
207 1706 3204
208 1699 3059
209 1579 2851
210 586 3150
211 1651 2974
212 544 2975
213 1572 2890
214 1542 2811
215 577 3205
216 591 3190
217 1625 3060
218 586 3241
219 573 3205
220 1343 2615
221 468 2661
222 1667 3072
223 503 2795
224 533 2867
225 1417 2632
226 1833 3262
227 647 3414
228 540 3044
229 1618 3006
230 1548 2918
231 1466 2776
232 1298 2385
233 1678 3193
234 610 3352
235 521 2809
236 600 3304
237 1501 2843
238 1663 3072
239 529 2949
240 556 3034
241 1689 3013
242 493 2837
243 1523 2770
244 562 3128
245 598 3124
246 1693 3066
247 529 3024
248 1593 3045
249 530 2985
250 1613 3039
251 522 2949
252 1464 2702
253 1244 2390
254 1470 2817
255 513 2823
256 587 3142
257 436 2421
258 1499 2774
259 557 3119
260 550 2900
261 512 2872
262 558 2957
263 1621 2968
264 505 2814
265 1577 2843
266 569 3098
267 565 3035
268 554 3019
269 554 3045
270 570 3015
271 1761 3375
272 1448 2736
273 1556 2901
274 488 2742
275 1552 2855
276 516 2828
277 536 2942
278 1536 2893
279 1535 2828
280 461 2533
281 1649 3048
282 1651 3076
283 1490 2797
284 1613 3028
285 543 2946
286 501 2735
287 482 2701
288 528 2694
289 544 2899
290 1800 3223
291 1667 3050
292 510 2841
293 596 3219
294 1678 3004
295 1472 2791
296 1669 3033
297 1795 3308
298 523 2854
299 1612 2895
300 532 2923
301 1569 2929
302 1524 2830
303 1671 3169
304 1539 2941
305 533 2912
306 1697 3070
307 517 2852
308 1476 2686
309 539 2965
310 591 3319
311 1699 3093
312 1469 2683
313 603 3270
314 1592 2945
315 570 3017
316 572 3069
317 1655 3087
318 536 2854
319 1732 3222
320 527 2885
321 1458 2682
322 1716 3161
323 564 2995
324 1592 3006
325 1577 2865
326 575 3136
327 1497 2747
328 1600 2983
329 1605 2916
330 1395 2714
331 1474 2597
332 471 2640
333 555 3056
334 1574 2826
335 494 2828
336 601 3267
337 1475 2744
338 1578 2972
339 537 2897
340 502 2725
341 1460 2731
342 474 2695
343 577 3239
344 1413 2571
345 550 2978
346 613 3372
347 1764 3224
348 542 2938
349 492 2752
350 1376 2511
351 512 2754
352 1710 3187
353 1673 3082
354 1485 2851
355 590 3148
356 1681 3054
357 561 2999
358 1729 3244
359 1450 2714
360 535 2962
361 509 2873
362 1544 2894
363 510 2844
364 590 3189
365 518 2929
366 528 2871
367 1709 3109
368 518 2914
369 528 2983
370 1400 2650
371 555 3012
372 1758 3218
373 1493 2849
374 1727 3308
375 564 3018
376 1611 3021
377 563 3130
378 1613 3023
379 504 2776
380 1538 2895
381 1674 2982
382 526 2939
383 1675 3122
384 1465 2631
385 632 3418
386 575 3224
387 1416 2728
388 547 3032
389 619 3262
390 1559 2883
391 1481 2715
392 547 3069
393 1888 3381
394 1791 3304
395 527 2939
396 487 2700
397 516 2854
398 1619 3058
399 604 3318
400 1773 3253
401 555 3036
402 511 2832
403 1489 2831
404 551 3107
405 533 2970
406 1831 3361
407 469 2589
408 538 3018
409 455 2519
410 1727 3157
411 1588 2942
412 1488 2706
413 1687 3109
414 599 3364
415 1629 3016
416 610 3360
417 545 2905
418 1766 3295
419 609 3286
420 508 2737
421 1376 2524
422 1673 3079
423 634 3419
424 557 3102
425 586 3131
426 1743 3136
427 1666 3007
428 1479 2796
429 1509 2768
430 1666 2995
431 1403 2578
432 432 2375
433 470 2626
434 558 3086
435 1618 3015
436 1776 3359
437 557 3024
438 1495 2782
439 533 2946
440 1673 3107
441 1477 2784
442 1819 3282
443 485 2611
444 1898 3442
445 1789 3314
446 1323 2549
447 1788 3262
448 620 3400
449 1483 2819
450 1508 2781
451 1440 2694
452 1657 3134
453 1605 3096
454 1659 3012
455 1644 3094
456 554 3129
457 509 2792
458 488 2668
459 519 3006
460 1743 3252
461 1712 3134
462 1595 2973
463 507 2887
464 540 2872
465 1568 2947
466 1371 2554
467 514 2771
468 1709 3190
469 591 3146
470 521 2842
471 1640 2938
472 1694 3080
473 1538 2862
474 1760 3160
475 521 2971
476 464 2555
477 526 2963
478 1576 2991
479 537 2969
480 1711 3191
481 579 3094
482 564 3033
483 454 2483
484 1664 3192
485 1676 3073
486 1623 3186
487 586 3094
488 542 2884
489 1563 2930
490 1659 3010
491 565 3148
492 1444 2681
493 1622 3098
494 1493 2789
495 482 2551
496 617 3325
497 1781 3303
498 1633 3078
499 1544 2906
500 537 3005
501 1691 3178
502 1607 2953
503 577 3167
504 1564 3024
505 1665 3201
506 1767 3192
507 582 3065
508 1693 3145
509 1627 2979
510 610 3194
511 1546 2919
512 576 3150
513 488 2734
514 624 3342
515 494 2792
516 499 2721
517 541 2899
518 503 2824
519 546 3000
520 1313 2529
521 1875 3443
522 517 2783
523 568 3058
524 1577 2987
525 519 2880
526 1366 2505
527 1564 2984
528 590 3253
529 1350 2493
530 503 2681
531 1640 3049
532 590 3127
533 552 3052
534 581 3193
535 528 2855
536 547 2954
537 521 2870
538 576 3129
539 516 2752
540 1585 2981
541 1910 3505
542 1571 2867
543 1541 2947
544 1570 2966
545 1499 2807
546 483 2724
547 611 3413
548 597 3175
549 526 2851
550 1615 2944
551 492 2798
552 577 3144
553 583 3219
554 1772 3412
555 523 2812
556 1574 2948
557 1640 3034
558 510 2791
559 1526 2862
560 1717 3170
561 518 2886
562 500 2730
563 1651 3040
564 541 2976
565 1640 3055
566 513 2823
567 1728 3040
568 1657 3096
569 1759 3181
570 1730 3150
571 564 3129
572 475 2843
573 1628 3020
574 601 3257
575 1892 3373
576 1353 2602
577 528 2889
578 1604 3025
579 436 2414
580 1620 3169
581 558 3072
582 518 2836
583 499 2776
584 530 2889
585 509 2763
586 1714 3210
587 508 2802
588 1631 3009
589 1834 3251
590 1706 3064
591 511 2796
592 1582 2898
593 529 2912
594 1453 2714
595 505 2714
596 548 2917
597 1560 2966
598 475 2648
599 604 3299
600 582 3195
601 1496 2800
602 1639 3021
603 604 3269
604 1517 2758
605 1491 2842
606 1650 3093
607 1495 2712
608 1927 3555
609 1328 2418
610 567 3052
611 1326 2481
612 542 3033
613 1690 3201
614 1768 3242
615 1638 3098
616 1646 3026
617 1620 3116
618 518 2945
619 600 3305
620 603 3327
621 1588 2922
622 498 2749
623 546 2965
624 551 3033
625 496 2784
626 488 2592
627 1547 2911
628 1955 3544
629 552 3119
630 573 3061
631 1703 3102
632 579 3167
633 576 3271
634 1474 2802
635 527 2963
636 1601 2950
637 516 2868
638 605 3272
639 509 2771
640 1743 3213
641 540 2885
642 542 2982
643 1460 2675
644 1633 3033
645 1774 3331
646 1547 2848
647 590 3272
648 599 3271
649 1639 3017
650 614 3421
651 1731 3262
652 1677 3133
653 1654 3058
654 1359 2501
655 1679 3226
656 1550 2915
657 1564 2839
658 527 2902
659 1694 3175
660 1569 2832
661 579 3183
662 1573 2878
663 1558 2834
664 446 2463
665 581 3129
666 571 3046
667 571 3109
668 558 2958
669 1647 2996
670 1797 3302
671 1487 2819
672 1920 3441
673 1552 2912
674 542 2925
675 1553 2896
676 553 3133
677 1634 2973
678 1723 3259
679 1627 3023
680 563 2999
681 584 3154
682 515 2850
683 1625 2929
684 637 3406
685 641 3467
686 526 2887
687 1795 3221
688 522 2953
689 543 3017
690 520 2849
691 541 3060
692 542 2991
693 1475 2758
694 1680 3087
695 596 3076
696 545 2979
697 453 2599
698 597 3286
699 532 3175
700 1485 2740
701 1908 3617
702 555 3101
703 1653 2979
704 472 2715
705 1669 3080
706 523 2920
707 591 3076
708 1707 3147
709 431 2359
710 1455 2723
711 1407 2611
712 1739 3166
713 1395 2512
714 1305 2506
715 1249 2436
716 556 3046
717 1607 2941
718 510 2861
719 1550 2847
720 1667 3177
721 1483 2761
722 568 3196
723 1711 3187
724 483 2677
725 635 3358
726 1407 2646
727 597 3309
728 1848 3363
729 559 3036
730 1627 2955
731 1790 3301
732 526 2886
733 1477 2665
734 544 2916
735 1641 3059
736 569 3086
737 1681 3001
738 1447 2732
739 1696 3027
740 1683 3089
741 1422 2738
742 549 2980
743 535 2923
744 1662 3113
745 1569 2905
746 1655 3020
747 1878 3256
748 626 3314
749 1507 2844
750 1428 2734
751 1463 2656
752 1715 3165
753 568 3066
754 498 2920
755 1572 2978
756 1532 2872
757 1637 3149
758 1629 2967
759 1410 2713
760 629 3429
761 494 2773
762 1663 3013
763 607 3331
764 537 2881
765 1495 2776
766 555 3118
767 1689 3228
768 561 2996
769 1630 2999
770 634 3481
771 642 3477
772 1414 2773
773 607 3329
774 1961 3635
775 584 3080
776 1937 3530
777 1623 3038
778 532 2911
779 1620 3032
780 520 2815
781 1717 3214
782 519 2885
783 1609 2988
784 575 3104
785 1641 3036
786 1883 3411
787 475 2648
788 1516 2887
789 524 2925
790 1421 2724
791 467 2521
792 1734 3176
793 502 2777
794 1752 3226
795 564 3065
796 491 2738
797 477 2712
798 1823 3378
799 1668 3024
800 1696 3055
801 543 2866
802 1487 2736
803 1526 2845
804 440 2505
805 505 2811
806 536 2896
807 1556 2810
808 591 3305
809 574 3075
810 1667 3063
811 1651 3027
812 566 3024
813 1649 2993
814 502 2734
815 603 3279
816 509 2720
817 1663 3060
818 587 3162
819 1392 2620
820 516 2696
821 557 2996
822 565 2986
823 492 2822
824 1581 2979
825 572 3165
826 1665 3075
827 592 3092
828 1423 2672
829 1637 3056
830 1447 2709
831 514 2961
832 526 2883
833 1638 2878
834 577 3257
835 1621 3126
836 1725 3189
837 579 3388
838 1837 3375
839 682 3598
840 516 2800
841 1613 3033
842 1654 3208
843 1478 2728
844 1665 3047
845 516 2863
846 1423 2597
847 441 2520
848 548 2974
849 1618 3000
850 444 2376
851 1674 2916
852 1745 3154
853 1722 3115
854 1227 2333
855 1632 3006
856 569 3076
857 1433 2545
858 519 2838
859 1491 2726
860 498 2817
861 1687 3053
862 546 3007
863 516 2904
864 1759 3282
865 532 2927
866 577 3230
867 1631 2960
868 1692 3096
869 539 2924
870 580 3232
871 467 2663
872 1615 3073
873 469 2514
874 1813 3319
875 574 3178
876 1577 3000
877 1562 2856
878 1382 2506
879 482 2678
880 1574 2971
881 525 2905
882 1608 3029
883 578 3051
884 1458 2700
885 1607 2968
886 1794 3242
887 1710 3056
888 473 2655
889 1309 2502
890 500 2600
891 1523 2751
892 1685 3049
893 527 2884
894 543 3013
895 511 2758
896 531 2783
897 579 3180
898 1442 2607
899 1425 2685
900 1324 2475
901 630 3412
902 1527 2763
903 1603 3012
904 1407 2688
905 577 3205
906 465 2585
907 583 3239
908 559 3126
909 482 2635
910 1529 2816
911 1660 3039
912 1845 3344
913 503 2807
914 593 3153
915 1816 3250
916 1614 2989
917 1368 2519
918 1667 3010
919 1709 3069
920 1726 3187
921 615 3396
922 1415 2566
923 595 3190
924 1733 3263
925 1397 2587
926 645 3353
927 599 3181
928 1782 3241
929 486 2559
930 492 2656
931 1275 2380
932 1655 3150
933 1932 3485
934 1614 3044
935 538 2953
936 524 2848
937 1567 2851
938 576 3120
939 579 3149
940 535 2914
941 1467 2787
942 619 3252
943 583 3164
944 1505 2787
945 534 3002
946 607 3301
947 1599 3023
948 585 3246
949 1466 2795
950 1666 3097
951 1686 3146
952 522 2755
953 1773 3280
954 1457 2626
955 1474 2754
956 1562 3096
957 565 3093
958 591 3232
959 1818 3319
960 1779 3239
961 553 3101
962 584 3100
963 1557 2883
964 1416 2647
965 1620 2992
966 583 3188
967 1766 3225
968 580 3160
969 549 3086
970 566 3124
971 561 2981
972 1623 3118
973 1715 3174
974 1618 2957
975 1735 3235
976 1428 2599
977 469 2472
978 542 3033
979 568 3046
980 547 2920
981 1456 2635
982 1353 2553
983 1369 2611
984 529 2829
985 552 2975
986 488 2557
987 409 2240
988 515 2821
989 1682 2990
990 1753 3261
991 502 2797
992 1531 2771
993 506 2808
994 1923 3568
995 561 3080
996 542 2915
997 1778 3290
998 549 3119
999 1586 2933
1000 1734 3156
1001 1520 2841
1002 1548 2740
1003 1380 2539
1004 580 3073
1005 607 3286
1006 563 3149
1007 521 2924
1008 1404 2594
1009 1761 3210
1010 1530 2792
1011 546 2966
1012 1750 3165
1013 525 2884
1014 1945 3516
1015 518 2847
1016 1550 2934
1017 481 2714
1018 1449 2649
1019 498 2781
1020 1615 2934
1021 526 2936
1022 1600 2870
1023 1748 3143
1024 1710 3207
1025 1470 2733
1026 509 2980
1027 1454 2771
1028 1529 2809
1029 458 2483
1030 1667 3069
1031 1517 2886
1032 591 3169
1033 1945 3426
1034 1709 3239
1035 561 3060
1036 526 2869
1037 1488 2797
1038 1589 2943
1039 1842 3432
1040 497 2698
1041 1769 3241
1042 1474 2730
1043 560 3007
1044 643 3484
1045 535 2932
1046 504 2699
1047 556 3069
1048 1700 3128
1049 1731 3108
1050 571 3106
1051 1542 2928
1052 545 3030
1053 620 3371
1054 514 2742
1055 1676 3086
1056 608 3253
1057 1697 3082
1058 492 2718
1059 593 3182
1060 628 3351
1061 1527 2857
1062 525 2983
1063 580 3158
1064 1638 2957
1065 445 2526
1066 460 2486
1067 497 2812
1068 524 2903
1069 526 2845
1070 1734 3094
1071 505 2774
1072 542 2907
1073 611 3316
1074 1774 3131
1075 1635 2985
1076 1900 3468
1077 505 2830
1078 1642 3071
1079 1798 3270
1080 1747 3257
1081 581 3076
1082 1633 2896
1083 590 3152
1084 538 3014
1085 1579 2992
1086 1705 3115
1087 566 3152
1088 1431 2693
1089 454 2457
1090 534 2886
1091 1629 3062
1092 1660 3060
1093 1836 3389
1094 534 2950
1095 1673 3143
1096 1590 3108
1097 532 2870
1098 545 2851
1099 1705 3244
1100 1479 2728
1101 1723 3152
1102 1619 2975
1103 526 2893
1104 1607 2980
1105 1623 2928
1106 1652 3013
1107 494 2718
1108 522 2793
1109 1420 2578
1110 1547 2779
1111 527 2925
1112 1524 2921
1113 469 2551
1114 1575 2881
1115 1327 2496
1116 1661 3084
1117 534 2868
1118 1543 2883
1119 531 3081
1120 1579 2824
1121 1676 3067
1122 1606 3033
1123 1585 2912
1124 599 3277
1125 1647 3009
1126 1689 3035
1127 1753 3250
1128 1665 3001
1129 541 3003
1130 554 3062
1131 468 2531
1132 1723 3233
1133 466 2607
1134 527 2944
1135 546 2920
1136 1612 2910
1137 465 2596
1138 494 2700
1139 1780 3245
1140 1561 2810
1141 1584 2989
1142 520 2826
1143 1541 2800
1144 555 2987
1145 564 3179
1146 1631 2949
1147 1729 3218
1148 486 2658
1149 543 2984
1150 577 3249
1151 1533 2782
1152 1631 3024
1153 1475 2756
1154 1447 2552
1155 543 2974
1156 1488 2810
1157 1639 3018
1158 1807 3348
1159 1467 2747
1160 523 2890
1161 578 3095
1162 552 3109
1163 1831 3337
1164 1475 2769
1165 577 3193
1166 544 2965
1167 1402 2666
1168 1458 2865
1169 532 2856
1170 481 2674
1171 547 2913
1172 554 3068
1173 559 2982
1174 1622 3015
1175 1390 2647
1176 561 3048
1177 1465 2652
1178 572 3092
1179 592 3188
1180 1476 2815
1181 419 2195
1182 575 3111
1183 621 3432
1184 574 2987
1185 1650 2993
1186 1598 2935
1187 1569 2923
1188 1767 3243
1189 524 2814
1190 1483 2703
1191 636 3541
1192 553 3044
1193 556 3137
1194 578 3169
1195 514 2921
1196 1495 2765
1197 549 2965
1198 507 2903
1199 1509 2799
1200 1735 3159
1201 586 3147
1202 518 2824
1203 1656 3086
1204 529 2883
1205 1641 3055
1206 1747 3237
1207 1519 2797
1208 588 3142
1209 1575 2888
1210 526 2893
1211 1743 3169
1212 1491 2662
1213 1768 3244
1214 550 3124
1215 1523 2800
1216 1708 3200
1217 1566 2917
1218 598 3253
1219 1645 2999
1220 1573 3006
1221 542 2970
1222 1658 3102
1223 1644 3083
1224 600 3298
1225 585 3347
1226 1474 2658
1227 1525 2758
1228 523 2886
1229 1486 2728
1230 570 3125
1231 1635 2935
1232 551 2962
1233 1719 3201
1234 528 2843
1235 547 2913
1236 534 2863
1237 458 2518
1238 1584 2924
1239 1748 3161
1240 1570 2962
1241 1696 2989
1242 1586 2883
1243 1445 2650
1244 572 3176
1245 580 3089
1246 561 3114
1247 545 3040
1248 479 2665
1249 1714 3178
1250 559 3170
1251 1657 2953
1252 1538 2883
1253 531 2859
1254 599 3285
1255 1625 3071
1256 1689 3129
1257 1672 3104
1258 1642 3144
1259 1525 2783
1260 1634 3071
1261 1819 3269
1262 523 2799
1263 518 2858
1264 548 3030
1265 566 3045
1266 1596 2892
1267 1830 3230
1268 1848 3295
1269 1374 2530
1270 545 2910
1271 480 2546
1272 1715 3097
1273 1479 2755
1274 1519 2851
1275 519 2806
1276 1463 2714
1277 1445 2751
1278 1626 3003
1279 1700 3320
1280 1794 3284
1281 1705 3199
1282 567 3113
1283 1309 2512
1284 1663 3026
1285 1643 2886
1286 566 3037
1287 1656 3079
1288 589 3171
1289 1471 2722
1290 553 2960
1291 1444 2740
1292 558 3048
1293 1644 3085
1294 465 2584
1295 1632 3054
1296 1474 2756
1297 1217 2272
1298 581 3161
1299 1632 3005
1300 561 3043
1301 1758 3173
1302 1784 3263
1303 1463 2676
1304 569 3161
1305 1765 3220
1306 564 3158
1307 572 3126
1308 544 3039
1309 1456 2728
1310 560 3132
1311 482 2764
1312 512 2747
1313 614 3304
1314 1343 2557
1315 1695 3026
1316 588 3040
1317 1490 2779
1318 1520 2887
1319 1487 2892
1320 506 2687
1321 1615 2910
1322 1638 3029
1323 1739 3173
1324 1643 3078
1325 563 3008
1326 575 3166
1327 588 3200
1328 521 2803
1329 1721 3145
1330 568 3129
1331 1760 3166
1332 487 2676
1333 550 2962
1334 1524 2835
1335 463 2648
1336 1682 3115
1337 491 2810
1338 516 2880
1339 1449 2706
1340 524 2945
1341 458 2532
1342 582 3240
1343 1854 3468
1344 537 2981
1345 536 2919
1346 1777 3289
1347 518 2992
1348 1608 2988
1349 1567 2869
1350 478 2605
1351 1519 2798
1352 1620 2887
1353 1577 2980
1354 528 2880
1355 1698 3027
1356 501 2740
1357 1711 3160
1358 1833 3461
1359 1732 3134
1360 1455 2659
1361 516 2814
1362 626 3384
1363 1605 2921
1364 1537 2728
1365 494 2822
1366 1774 3208
1367 592 3105
1368 1346 2549
1369 1610 2963
1370 573 3173
1371 531 2886
1372 1616 2975
1373 589 3231
1374 517 2761
1375 555 3073
1376 629 3548
1377 608 3338
1378 510 2841
1379 471 2687
1380 1681 3127
1381 556 2959
1382 543 2914
1383 516 2826
1384 1759 3403
1385 559 3083
1386 496 2730
1387 1689 3047
1388 526 2901
1389 464 2536
1390 572 3169
1391 1866 3380
1392 546 3092
1393 1477 2706
1394 1575 2939
1395 1609 2963
1396 1626 3149
1397 1527 2716
1398 539 3010
1399 541 3000
1400 496 2829
1401 1385 2640
1402 548 2989
1403 1593 2999
1404 1490 2977
1405 448 2473
1406 1718 3116
1407 1585 2946
1408 503 2803
1409 517 2850
1410 501 2761
1411 1483 2765
1412 1565 2947
1413 589 3188
1414 1219 2338
1415 1555 2968
1416 1460 2685
1417 1583 2925
1418 536 2947
1419 1475 2670
1420 494 2808
1421 1453 2661
1422 522 2736
1423 1771 3215
1424 1353 2537
1425 581 3256
1426 1706 3098
1427 520 2893
1428 498 2781
1429 556 2963
1430 1475 2757
1431 586 3239
1432 519 2836
1433 602 3365
1434 472 2592
1435 593 3250
1436 480 2621
1437 574 3115
1438 569 3094
1439 1349 2463
1440 1306 2427
1441 1861 3397
1442 586 3404
1443 615 3319
1444 533 2907
1445 554 3118
1446 1613 2872
1447 520 2893
1448 1803 3324
1449 524 2940
1450 554 2929
1451 1700 3118
1452 1667 3060
1453 1534 2848
1454 1571 2932
1455 603 3425
1456 1677 3091
1457 580 3219
1458 1742 3223
1459 553 3137
1460 1808 3302
1461 1467 2840
1462 1557 2826
1463 1896 3471
1464 581 3116
1465 1592 3093
1466 1595 2903
1467 1470 2708
1468 497 2649
1469 569 3080
1470 1584 2912
1471 543 3022
1472 1478 2813
1473 565 3151
1474 1590 3003
1475 569 3041
1476 472 2473
1477 1778 3289
1478 1364 2557
1479 480 2715
1480 596 3222
1481 577 3159
1482 1595 3009
1483 597 3208
1484 439 2464
1485 1384 2586
1486 557 2927
1487 459 2495
1488 1354 2515
1489 1647 3052
1490 602 3270
1491 577 3214
1492 1653 3025
1493 616 3283
1494 1652 2959
1495 1382 2571
1496 523 2861
1497 1551 2873
1498 514 2801
1499 1205 2173
1500 552 3025
1501 514 2835
1502 1615 2989
1503 520 2839
1504 1530 2860
1505 1592 2953
1506 1800 3337
1507 1509 2829
1508 1558 3003
1509 541 2971
1510 1388 2611
1511 522 2862
1512 1379 2591
1513 564 3036
1514 1522 2721
1515 501 2839
1516 1809 3334
1517 1583 2916
1518 1448 2871
1519 1527 2901
1520 490 2726
1521 572 3072
1522 536 2896
1523 514 2878
1524 492 2754
1525 1593 2950
1526 540 2895
1527 571 3113
1528 583 3211
1529 1950 3621
1530 1840 3441
1531 512 2914
1532 1653 3147
1533 1440 2629
1534 596 3278
1535 480 2649
1536 1641 3142
1537 504 2758
1538 583 3182
1539 507 2826
1540 536 2867
1541 586 3131
1542 1552 2804
1543 1923 3508
1544 475 2697
1545 587 3214
1546 617 3237
1547 492 2779
1548 557 3249
1549 610 3352
1550 1661 2993
1551 1632 3111
1552 453 2551
1553 609 3365
1554 569 3197
1555 1486 2775
1556 525 2866
1557 617 3414
1558 1378 2597
1559 475 2528
1560 579 3128
1561 442 2284
1562 1464 2742
1563 1532 2863
1564 1701 3252
1565 551 3057
1566 1513 2766
1567 540 3036
1568 535 2821
1569 1429 2643
1570 1415 2539
1571 508 2748
1572 1524 2849
1573 1614 3076
1574 569 3187
1575 619 3373
1576 536 3038
1577 1450 2729
1578 519 2938
1579 586 3180
1580 1724 3175
1581 1512 2808
1582 1748 3166
1583 1499 2651
1584 583 3169
1585 1587 3021
1586 474 2566
1587 1542 2862
1588 1452 2673
1589 1405 2629
1590 1817 3258
1591 1595 2949
1592 640 3502
1593 522 2868
1594 585 3060
1595 558 3105
1596 1468 2662
1597 1593 2868
1598 557 3123
1599 1752 3213
1600 623 3386
1601 1479 2776
1602 525 2820
1603 469 2568
1604 491 2668
1605 545 3054
1606 480 2666
1607 633 3400
1608 1548 2872
1609 577 3259
1610 1462 2801
1611 1678 3117
1612 1738 3170
1613 618 3253
1614 1622 2958
1615 1805 3247
1616 1828 3430
1617 1701 3233
1618 1871 3404
1619 600 3227
1620 438 2506
1621 1757 3347
1622 623 3545
1623 505 2784
1624 1721 3104
1625 1484 2734
1626 1656 2985
1627 558 3118
1628 1504 2775
1629 639 3411
1630 1606 2827
1631 1690 3114
1632 1651 3016
1633 596 3247
1634 588 3172
1635 538 2765
1636 580 3016
1637 1748 3227
1638 586 3041
1639 1782 3222
1640 556 3056
1641 514 2849
1642 1281 2348
1643 1877 3332
1644 603 3355
1645 571 3046
1646 499 2705
1647 1683 3126
1648 1786 3260
1649 1563 2813
1650 498 2721
1651 459 2538
1652 488 2703
1653 595 3170
1654 1377 2582
1655 1543 2830
1656 1715 3231
1657 1225 2333
1658 549 2995
1659 1695 3104
1660 573 3207
1661 508 2765
1662 1577 2895
1663 477 2632
1664 476 2668
1665 1450 2671
1666 1666 3045
1667 1580 3039
1668 1637 3126
1669 515 2833
1670 1656 3071
1671 1602 2962
1672 566 3188
1673 1617 3006
1674 1501 2723
1675 571 3090
1676 508 2714
1677 521 2897
1678 473 2465
1679 1563 2866
1680 1548 2878
1681 553 2980
1682 546 3036
1683 565 3150
1684 1749 3260
1685 530 2895
1686 1510 2694
1687 1560 2911
1688 544 2908
1689 513 2734
1690 486 2646
1691 566 3148
1692 527 2958
1693 519 2836
1694 1435 2636
1695 1460 2795
1696 551 3101
1697 1363 2615
1698 592 3294
1699 549 2997
1700 616 3372
1701 1799 3183
1702 1859 3423
1703 550 3059
1704 1760 3209
1705 1749 3140
1706 524 2930
1707 1662 2980
1708 1526 2851
1709 503 2851
1710 1495 2760
1711 1595 2941
1712 1690 3061
1713 1913 3458
1714 1869 3411
1715 445 2537
1716 1782 3271
1717 1495 2824
1718 467 2567
1719 1769 3317
1720 594 3257
1721 1517 2888
1722 1461 2606
1723 1347 2549
1724 595 3352
1725 1634 3005
1726 1368 2637
1727 512 2785
1728 1422 2640
1729 1664 3051
1730 536 2931
1731 585 3148
1732 561 3021
1733 462 2522
1734 1598 2943
1735 1607 2994
1736 1837 3304
1737 504 2791
1738 1222 2411
1739 586 3144
1740 526 2851
1741 579 3064
1742 1852 3273
1743 1774 3364
1744 1641 3053
1745 530 2862
1746 541 2988
1747 496 2802
1748 524 2906
1749 517 2923
1750 1521 2735
1751 592 3132
1752 1886 3484
1753 498 2728
1754 575 3228
1755 564 3009
1756 536 2971
1757 1687 3055
1758 1709 3073
1759 565 2977
1760 512 2772
1761 1644 3089
1762 1490 2762
1763 593 3169
1764 1768 3200
1765 567 3113
1766 1614 2964
1767 1818 3376
1768 1463 2729
1769 564 3039
1770 498 2803
1771 503 2731
1772 519 2901
1773 559 3018
1774 1593 2996
1775 593 3218
1776 1395 2577
1777 1589 2951
1778 1622 2918
1779 477 2570
1780 558 3033
1781 541 3025
1782 427 2367
1783 446 2351
----------acc-----------
446 / 2351
------------------------
100%|██████████████████████████████████████████████████████████████████████| 10/10 [16:26:13<00:00, 5917.37s/it]
===> loading best model for prediction
Traceback (most recent call last):
  File "asr_train.py", line 185, in <module>
    main()
  File "asr_train.py", line 174, in main
    checkpoint = torch.load(os.path.join(args.logging_dir, run_name + '-model_best.pth'))
  File "/root/anaconda3/envs/torch1.8/lib/python3.8/site-packages/torch/serialization.py", line 581, in load
    with _open_file_like(f, 'rb') as opened_file:
  File "/root/anaconda3/envs/torch1.8/lib/python3.8/site-packages/torch/serialization.py", line 230, in _open_fi
le_like
    return _open_file(name_or_buffer, mode)
  File "/root/anaconda3/envs/torch1.8/lib/python3.8/site-packages/torch/serialization.py", line 211, in __init__
    super(_open_file, self).__init__(open(name, mode))
FileNotFoundError: [Errno 2] No such file or directory: 'snapshot/cdc/cdc-2022-01-14_05_04_48-model_best.pth'
(torch1.8) root@073d4ea1e6fd:/workspace/CPC#
