2022-01-10 14:05:14,205 - ===> loading train, validation and eval dataset
2022-01-10 14:05:14,209 - ### Model summary below###
 SpkClassifier(
  (classifier): Sequential(
    (0): Linear(in_features=256, out_features=512, bias=True)
    (1): BatchNorm1d(512, eps=1e-05, momentum=0.1, affine=True, track_running_stats=True)
    (2): ReLU()
    (3): Linear(in_features=512, out_features=251, bias=True)
  )
)

2022-01-10 14:05:14,209 - ===> Model total parameter: 261371

2022-01-10 14:05:14,291 - Train Epoch: 1 [0.0/22831 (0%)]	lr:0.00025	Accuracy: 0.0000	Loss: 6.533333
2022-01-10 14:05:14,638 - Train Epoch: 1 [320.0/22831 (1%)]	lr:0.00150	Accuracy: 0.0156	Loss: 6.190465
2022-01-10 14:05:14,965 - Train Epoch: 1 [640.0/22831 (3%)]	lr:0.00275	Accuracy: 0.0781	Loss: 5.053719
2022-01-10 14:05:15,291 - Train Epoch: 1 [960.0/22831 (4%)]	lr:0.00400	Accuracy: 0.2031	Loss: 4.206407
2022-01-10 14:05:15,615 - Train Epoch: 1 [1280.0/22831 (6%)]	lr:0.00525	Accuracy: 0.3750	Loss: 3.115986
2022-01-10 14:05:15,941 - Train Epoch: 1 [1600.0/22831 (7%)]	lr:0.00650	Accuracy: 0.3906	Loss: 3.038154
2022-01-10 14:05:16,270 - Train Epoch: 1 [1920.0/22831 (8%)]	lr:0.00775	Accuracy: 0.4062	Loss: 2.349177
2022-01-10 14:05:16,596 - Train Epoch: 1 [2240.0/22831 (10%)]	lr:0.00900	Accuracy: 0.5469	Loss: 1.742816
2022-01-10 14:05:16,921 - Train Epoch: 1 [2560.0/22831 (11%)]	lr:0.01025	Accuracy: 0.7812	Loss: 1.084848
2022-01-10 14:05:17,246 - Train Epoch: 1 [2880.0/22831 (13%)]	lr:0.01150	Accuracy: 0.7031	Loss: 0.961673
2022-01-10 14:05:17,570 - Train Epoch: 1 [3200.0/22831 (14%)]	lr:0.01238	Accuracy: 0.6875	Loss: 1.159540
2022-01-10 14:05:17,893 - Train Epoch: 1 [3520.0/22831 (15%)]	lr:0.01181	Accuracy: 0.7031	Loss: 0.918126
2022-01-10 14:05:18,219 - Train Epoch: 1 [3840.0/22831 (17%)]	lr:0.01132	Accuracy: 0.7500	Loss: 0.790603
2022-01-10 14:05:18,542 - Train Epoch: 1 [4160.0/22831 (18%)]	lr:0.01088	Accuracy: 0.8594	Loss: 0.720857
2022-01-10 14:05:18,864 - Train Epoch: 1 [4480.0/22831 (20%)]	lr:0.01049	Accuracy: 0.7969	Loss: 0.770917
2022-01-10 14:05:19,189 - Train Epoch: 1 [4800.0/22831 (21%)]	lr:0.01014	Accuracy: 0.8594	Loss: 0.506322
2022-01-10 14:05:19,517 - Train Epoch: 1 [5120.0/22831 (22%)]	lr:0.00982	Accuracy: 0.8281	Loss: 0.589571
2022-01-10 14:05:19,841 - Train Epoch: 1 [5440.0/22831 (24%)]	lr:0.00953	Accuracy: 0.8125	Loss: 0.567188
2022-01-10 14:05:20,166 - Train Epoch: 1 [5760.0/22831 (25%)]	lr:0.00927	Accuracy: 0.7969	Loss: 0.564557
2022-01-10 14:05:20,493 - Train Epoch: 1 [6080.0/22831 (27%)]	lr:0.00902	Accuracy: 0.9062	Loss: 0.288761
2022-01-10 14:05:20,818 - Train Epoch: 1 [6400.0/22831 (28%)]	lr:0.00879	Accuracy: 0.9062	Loss: 0.269872
2022-01-10 14:05:21,142 - Train Epoch: 1 [6720.0/22831 (29%)]	lr:0.00859	Accuracy: 0.8906	Loss: 0.334435
2022-01-10 14:05:21,470 - Train Epoch: 1 [7040.0/22831 (31%)]	lr:0.00839	Accuracy: 0.9531	Loss: 0.199836
2022-01-10 14:05:21,798 - Train Epoch: 1 [7360.0/22831 (32%)]	lr:0.00821	Accuracy: 0.8281	Loss: 0.484143
2022-01-10 14:05:22,122 - Train Epoch: 1 [7680.0/22831 (34%)]	lr:0.00804	Accuracy: 0.9062	Loss: 0.431306
2022-01-10 14:05:22,447 - Train Epoch: 1 [8000.0/22831 (35%)]	lr:0.00787	Accuracy: 0.9219	Loss: 0.402617
2022-01-10 14:05:22,773 - Train Epoch: 1 [8320.0/22831 (36%)]	lr:0.00772	Accuracy: 0.9219	Loss: 0.214618
2022-01-10 14:05:23,101 - Train Epoch: 1 [8640.0/22831 (38%)]	lr:0.00758	Accuracy: 0.9219	Loss: 0.238408
2022-01-10 14:05:23,426 - Train Epoch: 1 [8960.0/22831 (39%)]	lr:0.00744	Accuracy: 0.9531	Loss: 0.156261
2022-01-10 14:05:23,754 - Train Epoch: 1 [9280.0/22831 (41%)]	lr:0.00732	Accuracy: 0.9219	Loss: 0.264675
2022-01-10 14:05:24,081 - Train Epoch: 1 [9600.0/22831 (42%)]	lr:0.00719	Accuracy: 0.9375	Loss: 0.243063
2022-01-10 14:05:24,410 - Train Epoch: 1 [9920.0/22831 (43%)]	lr:0.00708	Accuracy: 0.9375	Loss: 0.195892
2022-01-10 14:05:24,740 - Train Epoch: 1 [10240.0/22831 (45%)]	lr:0.00697	Accuracy: 0.9375	Loss: 0.179257
2022-01-10 14:05:25,069 - Train Epoch: 1 [10560.0/22831 (46%)]	lr:0.00686	Accuracy: 0.9531	Loss: 0.188446
2022-01-10 14:05:25,395 - Train Epoch: 1 [10880.0/22831 (48%)]	lr:0.00676	Accuracy: 0.9375	Loss: 0.176036
2022-01-10 14:05:25,721 - Train Epoch: 1 [11200.0/22831 (49%)]	lr:0.00666	Accuracy: 0.9375	Loss: 0.250138
2022-01-10 14:05:26,048 - Train Epoch: 1 [11520.0/22831 (50%)]	lr:0.00657	Accuracy: 1.0000	Loss: 0.089454
2022-01-10 14:05:26,378 - Train Epoch: 1 [11840.0/22831 (52%)]	lr:0.00648	Accuracy: 0.9688	Loss: 0.131338
2022-01-10 14:05:26,709 - Train Epoch: 1 [12160.0/22831 (53%)]	lr:0.00640	Accuracy: 0.8906	Loss: 0.503536
2022-01-10 14:05:27,037 - Train Epoch: 1 [12480.0/22831 (55%)]	lr:0.00631	Accuracy: 0.9375	Loss: 0.165588
2022-01-10 14:05:27,367 - Train Epoch: 1 [12800.0/22831 (56%)]	lr:0.00623	Accuracy: 0.8906	Loss: 0.234616
2022-01-10 14:05:27,695 - Train Epoch: 1 [13120.0/22831 (57%)]	lr:0.00616	Accuracy: 0.9219	Loss: 0.254505
2022-01-10 14:05:28,025 - Train Epoch: 1 [13440.0/22831 (59%)]	lr:0.00608	Accuracy: 0.9375	Loss: 0.177597
2022-01-10 14:05:28,354 - Train Epoch: 1 [13760.0/22831 (60%)]	lr:0.00601	Accuracy: 0.9219	Loss: 0.211793
2022-01-10 14:05:28,682 - Train Epoch: 1 [14080.0/22831 (62%)]	lr:0.00595	Accuracy: 0.9062	Loss: 0.299216
2022-01-10 14:05:29,011 - Train Epoch: 1 [14400.0/22831 (63%)]	lr:0.00588	Accuracy: 0.9062	Loss: 0.214966
2022-01-10 14:05:29,339 - Train Epoch: 1 [14720.0/22831 (64%)]	lr:0.00582	Accuracy: 0.9531	Loss: 0.128111
2022-01-10 14:05:29,665 - Train Epoch: 1 [15040.0/22831 (66%)]	lr:0.00575	Accuracy: 0.9688	Loss: 0.158480
2022-01-10 14:05:29,994 - Train Epoch: 1 [15360.0/22831 (67%)]	lr:0.00569	Accuracy: 1.0000	Loss: 0.040660
2022-01-10 14:05:30,328 - Train Epoch: 1 [15680.0/22831 (69%)]	lr:0.00564	Accuracy: 0.9531	Loss: 0.151102
2022-01-10 14:05:30,678 - Train Epoch: 1 [16000.0/22831 (70%)]	lr:0.00558	Accuracy: 0.9844	Loss: 0.167846
2022-01-10 14:05:31,011 - Train Epoch: 1 [16320.0/22831 (71%)]	lr:0.00552	Accuracy: 1.0000	Loss: 0.052132
2022-01-10 14:05:31,338 - Train Epoch: 1 [16640.0/22831 (73%)]	lr:0.00547	Accuracy: 0.9531	Loss: 0.191595
2022-01-10 14:05:31,667 - Train Epoch: 1 [16960.0/22831 (74%)]	lr:0.00542	Accuracy: 0.9688	Loss: 0.110358
2022-01-10 14:05:31,995 - Train Epoch: 1 [17280.0/22831 (76%)]	lr:0.00537	Accuracy: 0.9688	Loss: 0.154352
2022-01-10 14:05:32,326 - Train Epoch: 1 [17600.0/22831 (77%)]	lr:0.00532	Accuracy: 0.9688	Loss: 0.159414
2022-01-10 14:05:32,653 - Train Epoch: 1 [17920.0/22831 (78%)]	lr:0.00527	Accuracy: 0.9688	Loss: 0.148890
2022-01-10 14:05:32,984 - Train Epoch: 1 [18240.0/22831 (80%)]	lr:0.00523	Accuracy: 0.9688	Loss: 0.100766
2022-01-10 14:05:33,310 - Train Epoch: 1 [18560.0/22831 (81%)]	lr:0.00518	Accuracy: 0.9375	Loss: 0.124925
2022-01-10 14:05:33,641 - Train Epoch: 1 [18880.0/22831 (83%)]	lr:0.00514	Accuracy: 0.9688	Loss: 0.081081
2022-01-10 14:05:33,968 - Train Epoch: 1 [19200.0/22831 (84%)]	lr:0.00509	Accuracy: 0.9844	Loss: 0.092700
2022-01-10 14:05:34,298 - Train Epoch: 1 [19520.0/22831 (85%)]	lr:0.00505	Accuracy: 0.9531	Loss: 0.215406
2022-01-10 14:05:34,629 - Train Epoch: 1 [19840.0/22831 (87%)]	lr:0.00501	Accuracy: 0.9844	Loss: 0.163411
2022-01-10 14:05:34,968 - Train Epoch: 1 [20160.0/22831 (88%)]	lr:0.00497	Accuracy: 0.9844	Loss: 0.080085
2022-01-10 14:05:35,297 - Train Epoch: 1 [20480.0/22831 (90%)]	lr:0.00493	Accuracy: 0.9219	Loss: 0.186050
2022-01-10 14:05:35,626 - Train Epoch: 1 [20800.0/22831 (91%)]	lr:0.00490	Accuracy: 1.0000	Loss: 0.070627
2022-01-10 14:05:35,955 - Train Epoch: 1 [21120.0/22831 (92%)]	lr:0.00486	Accuracy: 0.9844	Loss: 0.081704
2022-01-10 14:05:36,288 - Train Epoch: 1 [21440.0/22831 (94%)]	lr:0.00482	Accuracy: 0.9531	Loss: 0.168307
2022-01-10 14:05:36,619 - Train Epoch: 1 [21760.0/22831 (95%)]	lr:0.00479	Accuracy: 0.9531	Loss: 0.122963
2022-01-10 14:05:36,948 - Train Epoch: 1 [22080.0/22831 (97%)]	lr:0.00475	Accuracy: 0.9688	Loss: 0.148482
2022-01-10 14:05:37,277 - Train Epoch: 1 [22400.0/22831 (98%)]	lr:0.00472	Accuracy: 0.9219	Loss: 0.197612
2022-01-10 14:05:37,607 - Train Epoch: 1 [22720.0/22831 (99%)]	lr:0.00468	Accuracy: 0.9844	Loss: 0.124622
2022-01-10 14:05:37,659 - Starting Validation
2022-01-10 14:05:40,558 - ===> Validation set: Average loss: 0.0931	Accuracy: 0.9783

2022-01-10 14:05:40,560 - Snapshot saved to snapshot/cdc/cdc-2022-01-10_14_05_12-model_best.pth

2022-01-10 14:05:40,560 - #### End epoch 1/10, elapsed time: 26.351232387998607
2022-01-10 14:05:40,628 - Train Epoch: 2 [0.0/22831 (0%)]	lr:0.00467	Accuracy: 1.0000	Loss: 0.044680
2022-01-10 14:05:40,959 - Train Epoch: 2 [320.0/22831 (1%)]	lr:0.00464	Accuracy: 0.9688	Loss: 0.069321
2022-01-10 14:05:41,289 - Train Epoch: 2 [640.0/22831 (3%)]	lr:0.00461	Accuracy: 0.9844	Loss: 0.090033
2022-01-10 14:05:41,619 - Train Epoch: 2 [960.0/22831 (4%)]	lr:0.00458	Accuracy: 0.9844	Loss: 0.092023
2022-01-10 14:05:41,948 - Train Epoch: 2 [1280.0/22831 (6%)]	lr:0.00455	Accuracy: 0.9844	Loss: 0.081394
2022-01-10 14:05:42,279 - Train Epoch: 2 [1600.0/22831 (7%)]	lr:0.00452	Accuracy: 0.9844	Loss: 0.064934
2022-01-10 14:05:42,608 - Train Epoch: 2 [1920.0/22831 (8%)]	lr:0.00449	Accuracy: 0.9531	Loss: 0.130690
2022-01-10 14:05:42,939 - Train Epoch: 2 [2240.0/22831 (10%)]	lr:0.00446	Accuracy: 0.9844	Loss: 0.082495
2022-01-10 14:05:43,271 - Train Epoch: 2 [2560.0/22831 (11%)]	lr:0.00443	Accuracy: 0.9688	Loss: 0.202991
2022-01-10 14:05:43,603 - Train Epoch: 2 [2880.0/22831 (13%)]	lr:0.00440	Accuracy: 0.9844	Loss: 0.076082
2022-01-10 14:05:43,935 - Train Epoch: 2 [3200.0/22831 (14%)]	lr:0.00438	Accuracy: 0.9844	Loss: 0.074016
2022-01-10 14:05:44,265 - Train Epoch: 2 [3520.0/22831 (15%)]	lr:0.00435	Accuracy: 0.9531	Loss: 0.137439
2022-01-10 14:05:44,600 - Train Epoch: 2 [3840.0/22831 (17%)]	lr:0.00432	Accuracy: 0.9688	Loss: 0.125342
2022-01-10 14:05:44,929 - Train Epoch: 2 [4160.0/22831 (18%)]	lr:0.00430	Accuracy: 0.9688	Loss: 0.188658
2022-01-10 14:05:45,260 - Train Epoch: 2 [4480.0/22831 (20%)]	lr:0.00427	Accuracy: 0.9688	Loss: 0.134384
2022-01-10 14:05:45,594 - Train Epoch: 2 [4800.0/22831 (21%)]	lr:0.00425	Accuracy: 0.9844	Loss: 0.076960
2022-01-10 14:05:45,926 - Train Epoch: 2 [5120.0/22831 (22%)]	lr:0.00422	Accuracy: 0.9688	Loss: 0.135110
2022-01-10 14:05:46,256 - Train Epoch: 2 [5440.0/22831 (24%)]	lr:0.00420	Accuracy: 0.9531	Loss: 0.117509
2022-01-10 14:05:46,590 - Train Epoch: 2 [5760.0/22831 (25%)]	lr:0.00418	Accuracy: 0.9844	Loss: 0.061813
2022-01-10 14:05:46,924 - Train Epoch: 2 [6080.0/22831 (27%)]	lr:0.00415	Accuracy: 0.9844	Loss: 0.061200
2022-01-10 14:05:47,254 - Train Epoch: 2 [6400.0/22831 (28%)]	lr:0.00413	Accuracy: 1.0000	Loss: 0.053886
2022-01-10 14:05:47,586 - Train Epoch: 2 [6720.0/22831 (29%)]	lr:0.00411	Accuracy: 0.9688	Loss: 0.081830
2022-01-10 14:05:47,917 - Train Epoch: 2 [7040.0/22831 (31%)]	lr:0.00409	Accuracy: 0.9688	Loss: 0.126110
2022-01-10 14:05:48,246 - Train Epoch: 2 [7360.0/22831 (32%)]	lr:0.00406	Accuracy: 0.9844	Loss: 0.049809
2022-01-10 14:05:48,575 - Train Epoch: 2 [7680.0/22831 (34%)]	lr:0.00404	Accuracy: 0.9844	Loss: 0.069302
2022-01-10 14:05:48,910 - Train Epoch: 2 [8000.0/22831 (35%)]	lr:0.00402	Accuracy: 1.0000	Loss: 0.026658
2022-01-10 14:05:49,241 - Train Epoch: 2 [8320.0/22831 (36%)]	lr:0.00400	Accuracy: 0.9844	Loss: 0.042769
2022-01-10 14:05:49,572 - Train Epoch: 2 [8640.0/22831 (38%)]	lr:0.00398	Accuracy: 1.0000	Loss: 0.042044
2022-01-10 14:05:49,903 - Train Epoch: 2 [8960.0/22831 (39%)]	lr:0.00396	Accuracy: 1.0000	Loss: 0.060490
2022-01-10 14:05:50,235 - Train Epoch: 2 [9280.0/22831 (41%)]	lr:0.00394	Accuracy: 0.9688	Loss: 0.138918
2022-01-10 14:05:50,564 - Train Epoch: 2 [9600.0/22831 (42%)]	lr:0.00392	Accuracy: 0.9688	Loss: 0.088504
2022-01-10 14:05:50,895 - Train Epoch: 2 [9920.0/22831 (43%)]	lr:0.00390	Accuracy: 0.9219	Loss: 0.204894
2022-01-10 14:05:51,228 - Train Epoch: 2 [10240.0/22831 (45%)]	lr:0.00388	Accuracy: 1.0000	Loss: 0.047102
2022-01-10 14:05:51,562 - Train Epoch: 2 [10560.0/22831 (46%)]	lr:0.00386	Accuracy: 0.9688	Loss: 0.131675
2022-01-10 14:05:51,911 - Train Epoch: 2 [10880.0/22831 (48%)]	lr:0.00385	Accuracy: 1.0000	Loss: 0.033189
2022-01-10 14:05:52,261 - Train Epoch: 2 [11200.0/22831 (49%)]	lr:0.00383	Accuracy: 1.0000	Loss: 0.050053
2022-01-10 14:05:52,619 - Train Epoch: 2 [11520.0/22831 (50%)]	lr:0.00381	Accuracy: 0.9688	Loss: 0.099703
2022-01-10 14:05:52,974 - Train Epoch: 2 [11840.0/22831 (52%)]	lr:0.00379	Accuracy: 0.9844	Loss: 0.032831
2022-01-10 14:05:53,330 - Train Epoch: 2 [12160.0/22831 (53%)]	lr:0.00378	Accuracy: 0.9531	Loss: 0.157352
2022-01-10 14:05:53,690 - Train Epoch: 2 [12480.0/22831 (55%)]	lr:0.00376	Accuracy: 0.9844	Loss: 0.078460
2022-01-10 14:05:54,099 - Train Epoch: 2 [12800.0/22831 (56%)]	lr:0.00374	Accuracy: 0.9375	Loss: 0.160453
2022-01-10 14:05:54,550 - Train Epoch: 2 [13120.0/22831 (57%)]	lr:0.00373	Accuracy: 0.9688	Loss: 0.061769
2022-01-10 14:05:55,009 - Train Epoch: 2 [13440.0/22831 (59%)]	lr:0.00371	Accuracy: 0.9688	Loss: 0.116880
2022-01-10 14:05:55,462 - Train Epoch: 2 [13760.0/22831 (60%)]	lr:0.00369	Accuracy: 1.0000	Loss: 0.047345
2022-01-10 14:05:55,923 - Train Epoch: 2 [14080.0/22831 (62%)]	lr:0.00368	Accuracy: 0.9688	Loss: 0.058484
2022-01-10 14:05:56,384 - Train Epoch: 2 [14400.0/22831 (63%)]	lr:0.00366	Accuracy: 0.9688	Loss: 0.099399
2022-01-10 14:05:56,848 - Train Epoch: 2 [14720.0/22831 (64%)]	lr:0.00365	Accuracy: 0.9531	Loss: 0.191086
2022-01-10 14:05:57,307 - Train Epoch: 2 [15040.0/22831 (66%)]	lr:0.00363	Accuracy: 1.0000	Loss: 0.034128
2022-01-10 14:05:57,770 - Train Epoch: 2 [15360.0/22831 (67%)]	lr:0.00361	Accuracy: 0.9844	Loss: 0.058058
2022-01-10 14:05:58,224 - Train Epoch: 2 [15680.0/22831 (69%)]	lr:0.00360	Accuracy: 0.9688	Loss: 0.111637
2022-01-10 14:05:58,685 - Train Epoch: 2 [16000.0/22831 (70%)]	lr:0.00358	Accuracy: 1.0000	Loss: 0.030835
2022-01-10 14:05:59,147 - Train Epoch: 2 [16320.0/22831 (71%)]	lr:0.00357	Accuracy: 1.0000	Loss: 0.027705
2022-01-10 14:05:59,607 - Train Epoch: 2 [16640.0/22831 (73%)]	lr:0.00356	Accuracy: 0.9531	Loss: 0.120139
2022-01-10 14:06:00,066 - Train Epoch: 2 [16960.0/22831 (74%)]	lr:0.00354	Accuracy: 0.9688	Loss: 0.128433
2022-01-10 14:06:00,529 - Train Epoch: 2 [17280.0/22831 (76%)]	lr:0.00353	Accuracy: 1.0000	Loss: 0.038644
2022-01-10 14:06:00,991 - Train Epoch: 2 [17600.0/22831 (77%)]	lr:0.00351	Accuracy: 0.9688	Loss: 0.098050
2022-01-10 14:06:01,452 - Train Epoch: 2 [17920.0/22831 (78%)]	lr:0.00350	Accuracy: 0.9844	Loss: 0.048146
2022-01-10 14:06:01,913 - Train Epoch: 2 [18240.0/22831 (80%)]	lr:0.00349	Accuracy: 1.0000	Loss: 0.046707
2022-01-10 14:06:02,375 - Train Epoch: 2 [18560.0/22831 (81%)]	lr:0.00347	Accuracy: 0.9688	Loss: 0.258900
2022-01-10 14:06:02,836 - Train Epoch: 2 [18880.0/22831 (83%)]	lr:0.00346	Accuracy: 0.9844	Loss: 0.041707
2022-01-10 14:06:03,297 - Train Epoch: 2 [19200.0/22831 (84%)]	lr:0.00345	Accuracy: 0.9844	Loss: 0.061391
2022-01-10 14:06:03,760 - Train Epoch: 2 [19520.0/22831 (85%)]	lr:0.00343	Accuracy: 0.9688	Loss: 0.080591
2022-01-10 14:06:04,223 - Train Epoch: 2 [19840.0/22831 (87%)]	lr:0.00342	Accuracy: 0.9688	Loss: 0.170098
2022-01-10 14:06:04,708 - Train Epoch: 2 [20160.0/22831 (88%)]	lr:0.00341	Accuracy: 0.9688	Loss: 0.097994
2022-01-10 14:06:05,171 - Train Epoch: 2 [20480.0/22831 (90%)]	lr:0.00339	Accuracy: 0.9844	Loss: 0.052160
2022-01-10 14:06:05,634 - Train Epoch: 2 [20800.0/22831 (91%)]	lr:0.00338	Accuracy: 0.9531	Loss: 0.087571
2022-01-10 14:06:06,097 - Train Epoch: 2 [21120.0/22831 (92%)]	lr:0.00337	Accuracy: 0.9844	Loss: 0.036872
2022-01-10 14:06:06,560 - Train Epoch: 2 [21440.0/22831 (94%)]	lr:0.00336	Accuracy: 0.9844	Loss: 0.037377
2022-01-10 14:06:07,024 - Train Epoch: 2 [21760.0/22831 (95%)]	lr:0.00335	Accuracy: 0.9688	Loss: 0.094850
2022-01-10 14:06:07,493 - Train Epoch: 2 [22080.0/22831 (97%)]	lr:0.00333	Accuracy: 1.0000	Loss: 0.040106
2022-01-10 14:06:07,952 - Train Epoch: 2 [22400.0/22831 (98%)]	lr:0.00332	Accuracy: 0.9531	Loss: 0.161954
2022-01-10 14:06:08,416 - Train Epoch: 2 [22720.0/22831 (99%)]	lr:0.00331	Accuracy: 0.9688	Loss: 0.091011
2022-01-10 14:06:08,497 - Starting Validation
2022-01-10 14:06:12,769 - ===> Validation set: Average loss: 0.0657	Accuracy: 0.9828

2022-01-10 14:06:12,771 - Snapshot saved to snapshot/cdc/cdc-2022-01-10_14_05_12-model_best.pth

2022-01-10 14:06:12,771 - #### End epoch 2/10, elapsed time: 32.210636236995924
2022-01-10 14:06:12,892 - Train Epoch: 3 [0.0/22831 (0%)]	lr:0.00331	Accuracy: 0.9688	Loss: 0.141113
2022-01-10 14:06:13,465 - Train Epoch: 3 [320.0/22831 (1%)]	lr:0.00329	Accuracy: 0.9844	Loss: 0.070789
2022-01-10 14:06:13,989 - Train Epoch: 3 [640.0/22831 (3%)]	lr:0.00328	Accuracy: 0.9688	Loss: 0.078173
2022-01-10 14:06:14,486 - Train Epoch: 3 [960.0/22831 (4%)]	lr:0.00327	Accuracy: 0.9688	Loss: 0.107044
2022-01-10 14:06:14,973 - Train Epoch: 3 [1280.0/22831 (6%)]	lr:0.00326	Accuracy: 0.9844	Loss: 0.046155
2022-01-10 14:06:15,442 - Train Epoch: 3 [1600.0/22831 (7%)]	lr:0.00325	Accuracy: 1.0000	Loss: 0.027586
2022-01-10 14:06:15,906 - Train Epoch: 3 [1920.0/22831 (8%)]	lr:0.00324	Accuracy: 0.9844	Loss: 0.079924
2022-01-10 14:06:16,375 - Train Epoch: 3 [2240.0/22831 (10%)]	lr:0.00323	Accuracy: 0.9531	Loss: 0.137164
2022-01-10 14:06:16,836 - Train Epoch: 3 [2560.0/22831 (11%)]	lr:0.00322	Accuracy: 0.9844	Loss: 0.040843
2022-01-10 14:06:17,300 - Train Epoch: 3 [2880.0/22831 (13%)]	lr:0.00321	Accuracy: 0.9844	Loss: 0.076189
2022-01-10 14:06:17,769 - Train Epoch: 3 [3200.0/22831 (14%)]	lr:0.00320	Accuracy: 0.9844	Loss: 0.051295
2022-01-10 14:06:18,232 - Train Epoch: 3 [3520.0/22831 (15%)]	lr:0.00319	Accuracy: 1.0000	Loss: 0.044374
2022-01-10 14:06:18,699 - Train Epoch: 3 [3840.0/22831 (17%)]	lr:0.00318	Accuracy: 0.9844	Loss: 0.068306
2022-01-10 14:06:19,203 - Train Epoch: 3 [4160.0/22831 (18%)]	lr:0.00316	Accuracy: 0.9844	Loss: 0.049705
2022-01-10 14:06:19,690 - Train Epoch: 3 [4480.0/22831 (20%)]	lr:0.00315	Accuracy: 1.0000	Loss: 0.020536
2022-01-10 14:06:20,149 - Train Epoch: 3 [4800.0/22831 (21%)]	lr:0.00314	Accuracy: 0.9844	Loss: 0.048886
2022-01-10 14:06:20,614 - Train Epoch: 3 [5120.0/22831 (22%)]	lr:0.00313	Accuracy: 0.9844	Loss: 0.048207
2022-01-10 14:06:21,078 - Train Epoch: 3 [5440.0/22831 (24%)]	lr:0.00313	Accuracy: 0.9688	Loss: 0.120981
2022-01-10 14:06:21,536 - Train Epoch: 3 [5760.0/22831 (25%)]	lr:0.00312	Accuracy: 0.9844	Loss: 0.103179
2022-01-10 14:06:21,997 - Train Epoch: 3 [6080.0/22831 (27%)]	lr:0.00311	Accuracy: 0.9688	Loss: 0.070885
2022-01-10 14:06:22,463 - Train Epoch: 3 [6400.0/22831 (28%)]	lr:0.00310	Accuracy: 0.9688	Loss: 0.151881
2022-01-10 14:06:22,931 - Train Epoch: 3 [6720.0/22831 (29%)]	lr:0.00309	Accuracy: 1.0000	Loss: 0.015033
2022-01-10 14:06:23,397 - Train Epoch: 3 [7040.0/22831 (31%)]	lr:0.00308	Accuracy: 0.9844	Loss: 0.048719
2022-01-10 14:06:23,863 - Train Epoch: 3 [7360.0/22831 (32%)]	lr:0.00307	Accuracy: 1.0000	Loss: 0.027394
2022-01-10 14:06:24,326 - Train Epoch: 3 [7680.0/22831 (34%)]	lr:0.00306	Accuracy: 0.9844	Loss: 0.046157
2022-01-10 14:06:24,787 - Train Epoch: 3 [8000.0/22831 (35%)]	lr:0.00305	Accuracy: 1.0000	Loss: 0.056431
2022-01-10 14:06:25,252 - Train Epoch: 3 [8320.0/22831 (36%)]	lr:0.00304	Accuracy: 1.0000	Loss: 0.021178
2022-01-10 14:06:25,718 - Train Epoch: 3 [8640.0/22831 (38%)]	lr:0.00303	Accuracy: 0.9844	Loss: 0.039833
2022-01-10 14:06:26,185 - Train Epoch: 3 [8960.0/22831 (39%)]	lr:0.00302	Accuracy: 1.0000	Loss: 0.066113
2022-01-10 14:06:26,647 - Train Epoch: 3 [9280.0/22831 (41%)]	lr:0.00301	Accuracy: 1.0000	Loss: 0.037875
2022-01-10 14:06:27,112 - Train Epoch: 3 [9600.0/22831 (42%)]	lr:0.00301	Accuracy: 0.9688	Loss: 0.065934
2022-01-10 14:06:27,589 - Train Epoch: 3 [9920.0/22831 (43%)]	lr:0.00300	Accuracy: 0.9844	Loss: 0.093128
2022-01-10 14:06:28,064 - Train Epoch: 3 [10240.0/22831 (45%)]	lr:0.00299	Accuracy: 1.0000	Loss: 0.027844
2022-01-10 14:06:28,549 - Train Epoch: 3 [10560.0/22831 (46%)]	lr:0.00298	Accuracy: 0.9688	Loss: 0.095540
2022-01-10 14:06:29,018 - Train Epoch: 3 [10880.0/22831 (48%)]	lr:0.00297	Accuracy: 0.9688	Loss: 0.085443
2022-01-10 14:06:29,498 - Train Epoch: 3 [11200.0/22831 (49%)]	lr:0.00296	Accuracy: 0.9688	Loss: 0.137442
2022-01-10 14:06:29,954 - Train Epoch: 3 [11520.0/22831 (50%)]	lr:0.00295	Accuracy: 1.0000	Loss: 0.049595
2022-01-10 14:06:30,424 - Train Epoch: 3 [11840.0/22831 (52%)]	lr:0.00295	Accuracy: 0.9688	Loss: 0.069860
2022-01-10 14:06:30,891 - Train Epoch: 3 [12160.0/22831 (53%)]	lr:0.00294	Accuracy: 0.9844	Loss: 0.088735
2022-01-10 14:06:31,361 - Train Epoch: 3 [12480.0/22831 (55%)]	lr:0.00293	Accuracy: 1.0000	Loss: 0.030677
2022-01-10 14:06:31,830 - Train Epoch: 3 [12800.0/22831 (56%)]	lr:0.00292	Accuracy: 0.9844	Loss: 0.040295
2022-01-10 14:06:32,303 - Train Epoch: 3 [13120.0/22831 (57%)]	lr:0.00291	Accuracy: 1.0000	Loss: 0.046438
2022-01-10 14:06:32,772 - Train Epoch: 3 [13440.0/22831 (59%)]	lr:0.00291	Accuracy: 0.9844	Loss: 0.046319
2022-01-10 14:06:33,242 - Train Epoch: 3 [13760.0/22831 (60%)]	lr:0.00290	Accuracy: 0.9844	Loss: 0.069600
2022-01-10 14:06:33,712 - Train Epoch: 3 [14080.0/22831 (62%)]	lr:0.00289	Accuracy: 0.9844	Loss: 0.055174
2022-01-10 14:06:34,184 - Train Epoch: 3 [14400.0/22831 (63%)]	lr:0.00288	Accuracy: 0.9844	Loss: 0.046963
2022-01-10 14:06:34,655 - Train Epoch: 3 [14720.0/22831 (64%)]	lr:0.00288	Accuracy: 1.0000	Loss: 0.030364
2022-01-10 14:06:35,134 - Train Epoch: 3 [15040.0/22831 (66%)]	lr:0.00287	Accuracy: 0.9688	Loss: 0.140066
2022-01-10 14:06:35,609 - Train Epoch: 3 [15360.0/22831 (67%)]	lr:0.00286	Accuracy: 1.0000	Loss: 0.029500
2022-01-10 14:06:36,080 - Train Epoch: 3 [15680.0/22831 (69%)]	lr:0.00285	Accuracy: 1.0000	Loss: 0.031731
2022-01-10 14:06:36,553 - Train Epoch: 3 [16000.0/22831 (70%)]	lr:0.00285	Accuracy: 1.0000	Loss: 0.022086
2022-01-10 14:06:37,033 - Train Epoch: 3 [16320.0/22831 (71%)]	lr:0.00284	Accuracy: 1.0000	Loss: 0.021961
2022-01-10 14:06:37,500 - Train Epoch: 3 [16640.0/22831 (73%)]	lr:0.00283	Accuracy: 0.9844	Loss: 0.044009
2022-01-10 14:06:37,972 - Train Epoch: 3 [16960.0/22831 (74%)]	lr:0.00282	Accuracy: 1.0000	Loss: 0.033298
2022-01-10 14:06:38,447 - Train Epoch: 3 [17280.0/22831 (76%)]	lr:0.00282	Accuracy: 1.0000	Loss: 0.017395
2022-01-10 14:06:38,917 - Train Epoch: 3 [17600.0/22831 (77%)]	lr:0.00281	Accuracy: 0.9844	Loss: 0.066723
2022-01-10 14:06:39,383 - Train Epoch: 3 [17920.0/22831 (78%)]	lr:0.00280	Accuracy: 0.9688	Loss: 0.130289
2022-01-10 14:06:39,858 - Train Epoch: 3 [18240.0/22831 (80%)]	lr:0.00280	Accuracy: 0.9688	Loss: 0.113736
2022-01-10 14:06:40,330 - Train Epoch: 3 [18560.0/22831 (81%)]	lr:0.00279	Accuracy: 0.9688	Loss: 0.071586
2022-01-10 14:06:40,803 - Train Epoch: 3 [18880.0/22831 (83%)]	lr:0.00278	Accuracy: 1.0000	Loss: 0.023522
2022-01-10 14:06:41,281 - Train Epoch: 3 [19200.0/22831 (84%)]	lr:0.00277	Accuracy: 1.0000	Loss: 0.025156
2022-01-10 14:06:41,755 - Train Epoch: 3 [19520.0/22831 (85%)]	lr:0.00277	Accuracy: 0.9688	Loss: 0.134814
2022-01-10 14:06:42,230 - Train Epoch: 3 [19840.0/22831 (87%)]	lr:0.00276	Accuracy: 0.9688	Loss: 0.052868
2022-01-10 14:06:42,699 - Train Epoch: 3 [20160.0/22831 (88%)]	lr:0.00275	Accuracy: 1.0000	Loss: 0.015597
2022-01-10 14:06:43,173 - Train Epoch: 3 [20480.0/22831 (90%)]	lr:0.00275	Accuracy: 0.9688	Loss: 0.136563
2022-01-10 14:06:43,649 - Train Epoch: 3 [20800.0/22831 (91%)]	lr:0.00274	Accuracy: 1.0000	Loss: 0.028591
2022-01-10 14:06:44,125 - Train Epoch: 3 [21120.0/22831 (92%)]	lr:0.00273	Accuracy: 1.0000	Loss: 0.015042
2022-01-10 14:06:44,602 - Train Epoch: 3 [21440.0/22831 (94%)]	lr:0.00273	Accuracy: 0.9844	Loss: 0.047930
2022-01-10 14:06:45,072 - Train Epoch: 3 [21760.0/22831 (95%)]	lr:0.00272	Accuracy: 1.0000	Loss: 0.035898
2022-01-10 14:06:45,539 - Train Epoch: 3 [22080.0/22831 (97%)]	lr:0.00271	Accuracy: 1.0000	Loss: 0.060494
2022-01-10 14:06:46,005 - Train Epoch: 3 [22400.0/22831 (98%)]	lr:0.00271	Accuracy: 1.0000	Loss: 0.023805
2022-01-10 14:06:46,472 - Train Epoch: 3 [22720.0/22831 (99%)]	lr:0.00270	Accuracy: 0.9688	Loss: 0.084431
2022-01-10 14:06:46,555 - Starting Validation
2022-01-10 14:06:50,890 - ===> Validation set: Average loss: 0.0498	Accuracy: 0.9877

2022-01-10 14:06:50,899 - Snapshot saved to snapshot/cdc/cdc-2022-01-10_14_05_12-model_best.pth

2022-01-10 14:06:50,900 - #### End epoch 3/10, elapsed time: 38.128593643021304
2022-01-10 14:06:51,015 - Train Epoch: 4 [0.0/22831 (0%)]	lr:0.00270	Accuracy: 0.9844	Loss: 0.058987
2022-01-10 14:06:51,568 - Train Epoch: 4 [320.0/22831 (1%)]	lr:0.00269	Accuracy: 0.9688	Loss: 0.116534
2022-01-10 14:06:52,077 - Train Epoch: 4 [640.0/22831 (3%)]	lr:0.00269	Accuracy: 0.9844	Loss: 0.046598
2022-01-10 14:06:52,555 - Train Epoch: 4 [960.0/22831 (4%)]	lr:0.00268	Accuracy: 0.9844	Loss: 0.041445
2022-01-10 14:06:53,037 - Train Epoch: 4 [1280.0/22831 (6%)]	lr:0.00267	Accuracy: 1.0000	Loss: 0.030495
2022-01-10 14:06:53,513 - Train Epoch: 4 [1600.0/22831 (7%)]	lr:0.00267	Accuracy: 0.9844	Loss: 0.092868
2022-01-10 14:06:53,982 - Train Epoch: 4 [1920.0/22831 (8%)]	lr:0.00266	Accuracy: 1.0000	Loss: 0.052539
2022-01-10 14:06:54,452 - Train Epoch: 4 [2240.0/22831 (10%)]	lr:0.00266	Accuracy: 0.9844	Loss: 0.050592
2022-01-10 14:06:54,924 - Train Epoch: 4 [2560.0/22831 (11%)]	lr:0.00265	Accuracy: 1.0000	Loss: 0.037751
2022-01-10 14:06:55,390 - Train Epoch: 4 [2880.0/22831 (13%)]	lr:0.00264	Accuracy: 0.9688	Loss: 0.087311
2022-01-10 14:06:55,858 - Train Epoch: 4 [3200.0/22831 (14%)]	lr:0.00264	Accuracy: 0.9844	Loss: 0.034821
2022-01-10 14:06:56,332 - Train Epoch: 4 [3520.0/22831 (15%)]	lr:0.00263	Accuracy: 0.9844	Loss: 0.054121
2022-01-10 14:06:56,804 - Train Epoch: 4 [3840.0/22831 (17%)]	lr:0.00263	Accuracy: 0.9844	Loss: 0.051434
2022-01-10 14:06:57,271 - Train Epoch: 4 [4160.0/22831 (18%)]	lr:0.00262	Accuracy: 0.9844	Loss: 0.039403
2022-01-10 14:06:57,734 - Train Epoch: 4 [4480.0/22831 (20%)]	lr:0.00262	Accuracy: 0.9844	Loss: 0.060601
2022-01-10 14:06:58,205 - Train Epoch: 4 [4800.0/22831 (21%)]	lr:0.00261	Accuracy: 0.9844	Loss: 0.131579
2022-01-10 14:06:58,677 - Train Epoch: 4 [5120.0/22831 (22%)]	lr:0.00260	Accuracy: 0.9844	Loss: 0.044246
2022-01-10 14:06:59,150 - Train Epoch: 4 [5440.0/22831 (24%)]	lr:0.00260	Accuracy: 1.0000	Loss: 0.011590
2022-01-10 14:06:59,623 - Train Epoch: 4 [5760.0/22831 (25%)]	lr:0.00259	Accuracy: 0.9688	Loss: 0.092835
2022-01-10 14:07:00,094 - Train Epoch: 4 [6080.0/22831 (27%)]	lr:0.00259	Accuracy: 0.9688	Loss: 0.097998
2022-01-10 14:07:00,571 - Train Epoch: 4 [6400.0/22831 (28%)]	lr:0.00258	Accuracy: 0.9844	Loss: 0.068956
2022-01-10 14:07:01,040 - Train Epoch: 4 [6720.0/22831 (29%)]	lr:0.00258	Accuracy: 0.9844	Loss: 0.044720
2022-01-10 14:07:01,511 - Train Epoch: 4 [7040.0/22831 (31%)]	lr:0.00257	Accuracy: 1.0000	Loss: 0.017937
2022-01-10 14:07:01,989 - Train Epoch: 4 [7360.0/22831 (32%)]	lr:0.00257	Accuracy: 0.9844	Loss: 0.056730
2022-01-10 14:07:02,463 - Train Epoch: 4 [7680.0/22831 (34%)]	lr:0.00256	Accuracy: 1.0000	Loss: 0.044355
2022-01-10 14:07:02,940 - Train Epoch: 4 [8000.0/22831 (35%)]	lr:0.00255	Accuracy: 0.9844	Loss: 0.046975
2022-01-10 14:07:03,414 - Train Epoch: 4 [8320.0/22831 (36%)]	lr:0.00255	Accuracy: 0.9844	Loss: 0.093399
2022-01-10 14:07:03,888 - Train Epoch: 4 [8640.0/22831 (38%)]	lr:0.00254	Accuracy: 0.9688	Loss: 0.104960
2022-01-10 14:07:04,361 - Train Epoch: 4 [8960.0/22831 (39%)]	lr:0.00254	Accuracy: 1.0000	Loss: 0.020558
2022-01-10 14:07:04,835 - Train Epoch: 4 [9280.0/22831 (41%)]	lr:0.00253	Accuracy: 0.9844	Loss: 0.047869
2022-01-10 14:07:05,310 - Train Epoch: 4 [9600.0/22831 (42%)]	lr:0.00253	Accuracy: 1.0000	Loss: 0.012521
2022-01-10 14:07:05,784 - Train Epoch: 4 [9920.0/22831 (43%)]	lr:0.00252	Accuracy: 1.0000	Loss: 0.042431
2022-01-10 14:07:06,258 - Train Epoch: 4 [10240.0/22831 (45%)]	lr:0.00252	Accuracy: 1.0000	Loss: 0.016101
2022-01-10 14:07:06,732 - Train Epoch: 4 [10560.0/22831 (46%)]	lr:0.00251	Accuracy: 1.0000	Loss: 0.028206
2022-01-10 14:07:07,208 - Train Epoch: 4 [10880.0/22831 (48%)]	lr:0.00251	Accuracy: 1.0000	Loss: 0.033976
2022-01-10 14:07:07,683 - Train Epoch: 4 [11200.0/22831 (49%)]	lr:0.00250	Accuracy: 0.9688	Loss: 0.061655
2022-01-10 14:07:08,158 - Train Epoch: 4 [11520.0/22831 (50%)]	lr:0.00250	Accuracy: 0.9375	Loss: 0.154867
2022-01-10 14:07:08,637 - Train Epoch: 4 [11840.0/22831 (52%)]	lr:0.00249	Accuracy: 1.0000	Loss: 0.016328
2022-01-10 14:07:09,108 - Train Epoch: 4 [12160.0/22831 (53%)]	lr:0.00249	Accuracy: 1.0000	Loss: 0.033550
2022-01-10 14:07:09,589 - Train Epoch: 4 [12480.0/22831 (55%)]	lr:0.00248	Accuracy: 1.0000	Loss: 0.013936
2022-01-10 14:07:10,080 - Train Epoch: 4 [12800.0/22831 (56%)]	lr:0.00248	Accuracy: 0.9688	Loss: 0.078692
2022-01-10 14:07:10,557 - Train Epoch: 4 [13120.0/22831 (57%)]	lr:0.00247	Accuracy: 0.9688	Loss: 0.040371
2022-01-10 14:07:11,031 - Train Epoch: 4 [13440.0/22831 (59%)]	lr:0.00247	Accuracy: 1.0000	Loss: 0.008252
2022-01-10 14:07:11,507 - Train Epoch: 4 [13760.0/22831 (60%)]	lr:0.00246	Accuracy: 1.0000	Loss: 0.032612
2022-01-10 14:07:11,991 - Train Epoch: 4 [14080.0/22831 (62%)]	lr:0.00246	Accuracy: 0.9844	Loss: 0.048776
2022-01-10 14:07:12,468 - Train Epoch: 4 [14400.0/22831 (63%)]	lr:0.00245	Accuracy: 1.0000	Loss: 0.016965
2022-01-10 14:07:12,945 - Train Epoch: 4 [14720.0/22831 (64%)]	lr:0.00245	Accuracy: 1.0000	Loss: 0.023573
2022-01-10 14:07:13,419 - Train Epoch: 4 [15040.0/22831 (66%)]	lr:0.00244	Accuracy: 0.9844	Loss: 0.059170
2022-01-10 14:07:13,895 - Train Epoch: 4 [15360.0/22831 (67%)]	lr:0.00244	Accuracy: 0.9844	Loss: 0.068316
2022-01-10 14:07:14,372 - Train Epoch: 4 [15680.0/22831 (69%)]	lr:0.00244	Accuracy: 0.9844	Loss: 0.069060
2022-01-10 14:07:14,844 - Train Epoch: 4 [16000.0/22831 (70%)]	lr:0.00243	Accuracy: 0.9844	Loss: 0.062629
2022-01-10 14:07:15,320 - Train Epoch: 4 [16320.0/22831 (71%)]	lr:0.00243	Accuracy: 1.0000	Loss: 0.021211
2022-01-10 14:07:15,802 - Train Epoch: 4 [16640.0/22831 (73%)]	lr:0.00242	Accuracy: 0.9844	Loss: 0.044362
2022-01-10 14:07:16,281 - Train Epoch: 4 [16960.0/22831 (74%)]	lr:0.00242	Accuracy: 0.9844	Loss: 0.055846
2022-01-10 14:07:16,755 - Train Epoch: 4 [17280.0/22831 (76%)]	lr:0.00241	Accuracy: 0.9688	Loss: 0.057491
2022-01-10 14:07:17,232 - Train Epoch: 4 [17600.0/22831 (77%)]	lr:0.00241	Accuracy: 0.9844	Loss: 0.049656
2022-01-10 14:07:17,708 - Train Epoch: 4 [17920.0/22831 (78%)]	lr:0.00240	Accuracy: 0.9375	Loss: 0.133154
2022-01-10 14:07:18,193 - Train Epoch: 4 [18240.0/22831 (80%)]	lr:0.00240	Accuracy: 1.0000	Loss: 0.019409
2022-01-10 14:07:18,666 - Train Epoch: 4 [18560.0/22831 (81%)]	lr:0.00240	Accuracy: 1.0000	Loss: 0.017819
2022-01-10 14:07:19,132 - Train Epoch: 4 [18880.0/22831 (83%)]	lr:0.00239	Accuracy: 1.0000	Loss: 0.025530
2022-01-10 14:07:19,605 - Train Epoch: 4 [19200.0/22831 (84%)]	lr:0.00239	Accuracy: 1.0000	Loss: 0.033928
2022-01-10 14:07:20,085 - Train Epoch: 4 [19520.0/22831 (85%)]	lr:0.00238	Accuracy: 1.0000	Loss: 0.016823
2022-01-10 14:07:20,560 - Train Epoch: 4 [19840.0/22831 (87%)]	lr:0.00238	Accuracy: 0.9844	Loss: 0.072082
2022-01-10 14:07:21,038 - Train Epoch: 4 [20160.0/22831 (88%)]	lr:0.00237	Accuracy: 1.0000	Loss: 0.050763
2022-01-10 14:07:21,518 - Train Epoch: 4 [20480.0/22831 (90%)]	lr:0.00237	Accuracy: 1.0000	Loss: 0.062123
2022-01-10 14:07:22,011 - Train Epoch: 4 [20800.0/22831 (91%)]	lr:0.00236	Accuracy: 0.9844	Loss: 0.064501
2022-01-10 14:07:22,501 - Train Epoch: 4 [21120.0/22831 (92%)]	lr:0.00236	Accuracy: 0.9688	Loss: 0.084483
2022-01-10 14:07:22,979 - Train Epoch: 4 [21440.0/22831 (94%)]	lr:0.00236	Accuracy: 0.9844	Loss: 0.063165
2022-01-10 14:07:23,459 - Train Epoch: 4 [21760.0/22831 (95%)]	lr:0.00235	Accuracy: 0.9844	Loss: 0.082480
2022-01-10 14:07:23,929 - Train Epoch: 4 [22080.0/22831 (97%)]	lr:0.00235	Accuracy: 1.0000	Loss: 0.032780
2022-01-10 14:07:24,415 - Train Epoch: 4 [22400.0/22831 (98%)]	lr:0.00234	Accuracy: 0.9688	Loss: 0.083113
2022-01-10 14:07:24,899 - Train Epoch: 4 [22720.0/22831 (99%)]	lr:0.00234	Accuracy: 1.0000	Loss: 0.035354
2022-01-10 14:07:24,974 - Starting Validation
2022-01-10 14:07:29,225 - ===> Validation set: Average loss: 0.0501	Accuracy: 0.9877

2022-01-10 14:07:29,225 - #### End epoch 4/10, elapsed time: 38.325889229017776
2022-01-10 14:07:29,332 - Train Epoch: 5 [0.0/22831 (0%)]	lr:0.00234	Accuracy: 0.9844	Loss: 0.050691
2022-01-10 14:07:29,827 - Train Epoch: 5 [320.0/22831 (1%)]	lr:0.00233	Accuracy: 0.9688	Loss: 0.166579
2022-01-10 14:07:30,310 - Train Epoch: 5 [640.0/22831 (3%)]	lr:0.00233	Accuracy: 0.9844	Loss: 0.046101
2022-01-10 14:07:30,793 - Train Epoch: 5 [960.0/22831 (4%)]	lr:0.00233	Accuracy: 0.9688	Loss: 0.069524
2022-01-10 14:07:31,267 - Train Epoch: 5 [1280.0/22831 (6%)]	lr:0.00232	Accuracy: 0.9844	Loss: 0.053548
2022-01-10 14:07:31,751 - Train Epoch: 5 [1600.0/22831 (7%)]	lr:0.00232	Accuracy: 0.9688	Loss: 0.092000
2022-01-10 14:07:32,230 - Train Epoch: 5 [1920.0/22831 (8%)]	lr:0.00231	Accuracy: 0.9844	Loss: 0.074556
2022-01-10 14:07:32,708 - Train Epoch: 5 [2240.0/22831 (10%)]	lr:0.00231	Accuracy: 0.9844	Loss: 0.070570
2022-01-10 14:07:33,195 - Train Epoch: 5 [2560.0/22831 (11%)]	lr:0.00231	Accuracy: 1.0000	Loss: 0.011919
2022-01-10 14:07:33,697 - Train Epoch: 5 [2880.0/22831 (13%)]	lr:0.00230	Accuracy: 1.0000	Loss: 0.030460
2022-01-10 14:07:34,195 - Train Epoch: 5 [3200.0/22831 (14%)]	lr:0.00230	Accuracy: 1.0000	Loss: 0.028683
2022-01-10 14:07:34,684 - Train Epoch: 5 [3520.0/22831 (15%)]	lr:0.00229	Accuracy: 1.0000	Loss: 0.021845
2022-01-10 14:07:35,173 - Train Epoch: 5 [3840.0/22831 (17%)]	lr:0.00229	Accuracy: 0.9844	Loss: 0.063518
2022-01-10 14:07:35,659 - Train Epoch: 5 [4160.0/22831 (18%)]	lr:0.00229	Accuracy: 0.9688	Loss: 0.064921
2022-01-10 14:07:36,157 - Train Epoch: 5 [4480.0/22831 (20%)]	lr:0.00228	Accuracy: 0.9844	Loss: 0.062591
2022-01-10 14:07:36,635 - Train Epoch: 5 [4800.0/22831 (21%)]	lr:0.00228	Accuracy: 0.9688	Loss: 0.103390
2022-01-10 14:07:37,112 - Train Epoch: 5 [5120.0/22831 (22%)]	lr:0.00228	Accuracy: 0.9531	Loss: 0.130087
2022-01-10 14:07:37,595 - Train Epoch: 5 [5440.0/22831 (24%)]	lr:0.00227	Accuracy: 1.0000	Loss: 0.045435
2022-01-10 14:07:38,067 - Train Epoch: 5 [5760.0/22831 (25%)]	lr:0.00227	Accuracy: 0.9688	Loss: 0.092592
2022-01-10 14:07:38,552 - Train Epoch: 5 [6080.0/22831 (27%)]	lr:0.00226	Accuracy: 0.9844	Loss: 0.034915
2022-01-10 14:07:39,034 - Train Epoch: 5 [6400.0/22831 (28%)]	lr:0.00226	Accuracy: 0.9688	Loss: 0.070181
2022-01-10 14:07:39,512 - Train Epoch: 5 [6720.0/22831 (29%)]	lr:0.00226	Accuracy: 1.0000	Loss: 0.033978
2022-01-10 14:07:39,995 - Train Epoch: 5 [7040.0/22831 (31%)]	lr:0.00225	Accuracy: 1.0000	Loss: 0.015521
2022-01-10 14:07:40,469 - Train Epoch: 5 [7360.0/22831 (32%)]	lr:0.00225	Accuracy: 0.9844	Loss: 0.028518
2022-01-10 14:07:40,962 - Train Epoch: 5 [7680.0/22831 (34%)]	lr:0.00225	Accuracy: 1.0000	Loss: 0.017611
2022-01-10 14:07:41,442 - Train Epoch: 5 [8000.0/22831 (35%)]	lr:0.00224	Accuracy: 0.9844	Loss: 0.031949
2022-01-10 14:07:41,927 - Train Epoch: 5 [8320.0/22831 (36%)]	lr:0.00224	Accuracy: 1.0000	Loss: 0.016888
2022-01-10 14:07:42,414 - Train Epoch: 5 [8640.0/22831 (38%)]	lr:0.00223	Accuracy: 1.0000	Loss: 0.030127
2022-01-10 14:07:42,895 - Train Epoch: 5 [8960.0/22831 (39%)]	lr:0.00223	Accuracy: 1.0000	Loss: 0.019905
2022-01-10 14:07:43,380 - Train Epoch: 5 [9280.0/22831 (41%)]	lr:0.00223	Accuracy: 0.9844	Loss: 0.092977
2022-01-10 14:07:43,867 - Train Epoch: 5 [9600.0/22831 (42%)]	lr:0.00222	Accuracy: 0.9688	Loss: 0.090104
2022-01-10 14:07:44,350 - Train Epoch: 5 [9920.0/22831 (43%)]	lr:0.00222	Accuracy: 0.9844	Loss: 0.063609
2022-01-10 14:07:44,835 - Train Epoch: 5 [10240.0/22831 (45%)]	lr:0.00222	Accuracy: 0.9844	Loss: 0.096135
2022-01-10 14:07:45,319 - Train Epoch: 5 [10560.0/22831 (46%)]	lr:0.00221	Accuracy: 1.0000	Loss: 0.021785
2022-01-10 14:07:45,798 - Train Epoch: 5 [10880.0/22831 (48%)]	lr:0.00221	Accuracy: 0.9688	Loss: 0.116514
2022-01-10 14:07:46,288 - Train Epoch: 5 [11200.0/22831 (49%)]	lr:0.00221	Accuracy: 0.9844	Loss: 0.092521
2022-01-10 14:07:46,766 - Train Epoch: 5 [11520.0/22831 (50%)]	lr:0.00220	Accuracy: 1.0000	Loss: 0.020309
2022-01-10 14:07:47,250 - Train Epoch: 5 [11840.0/22831 (52%)]	lr:0.00220	Accuracy: 0.9844	Loss: 0.058063
2022-01-10 14:07:47,735 - Train Epoch: 5 [12160.0/22831 (53%)]	lr:0.00220	Accuracy: 0.9844	Loss: 0.050202
2022-01-10 14:07:48,218 - Train Epoch: 5 [12480.0/22831 (55%)]	lr:0.00219	Accuracy: 1.0000	Loss: 0.011673
2022-01-10 14:07:48,702 - Train Epoch: 5 [12800.0/22831 (56%)]	lr:0.00219	Accuracy: 0.9844	Loss: 0.105661
2022-01-10 14:07:49,197 - Train Epoch: 5 [13120.0/22831 (57%)]	lr:0.00219	Accuracy: 0.9844	Loss: 0.072224
2022-01-10 14:07:49,676 - Train Epoch: 5 [13440.0/22831 (59%)]	lr:0.00218	Accuracy: 0.9844	Loss: 0.116483
2022-01-10 14:07:50,179 - Train Epoch: 5 [13760.0/22831 (60%)]	lr:0.00218	Accuracy: 0.9844	Loss: 0.077551
2022-01-10 14:07:50,693 - Train Epoch: 5 [14080.0/22831 (62%)]	lr:0.00218	Accuracy: 0.9844	Loss: 0.031103
2022-01-10 14:07:51,201 - Train Epoch: 5 [14400.0/22831 (63%)]	lr:0.00217	Accuracy: 0.9688	Loss: 0.070325
2022-01-10 14:07:51,697 - Train Epoch: 5 [14720.0/22831 (64%)]	lr:0.00217	Accuracy: 1.0000	Loss: 0.015901
2022-01-10 14:07:52,181 - Train Epoch: 5 [15040.0/22831 (66%)]	lr:0.00217	Accuracy: 1.0000	Loss: 0.015831
2022-01-10 14:07:52,677 - Train Epoch: 5 [15360.0/22831 (67%)]	lr:0.00216	Accuracy: 1.0000	Loss: 0.018822
2022-01-10 14:07:53,183 - Train Epoch: 5 [15680.0/22831 (69%)]	lr:0.00216	Accuracy: 0.9688	Loss: 0.098355
2022-01-10 14:07:53,673 - Train Epoch: 5 [16000.0/22831 (70%)]	lr:0.00216	Accuracy: 0.9844	Loss: 0.038897
2022-01-10 14:07:54,158 - Train Epoch: 5 [16320.0/22831 (71%)]	lr:0.00215	Accuracy: 0.9688	Loss: 0.112692
2022-01-10 14:07:54,643 - Train Epoch: 5 [16640.0/22831 (73%)]	lr:0.00215	Accuracy: 1.0000	Loss: 0.034505
2022-01-10 14:07:55,129 - Train Epoch: 5 [16960.0/22831 (74%)]	lr:0.00215	Accuracy: 0.9688	Loss: 0.086750
2022-01-10 14:07:55,612 - Train Epoch: 5 [17280.0/22831 (76%)]	lr:0.00214	Accuracy: 0.9844	Loss: 0.046515
2022-01-10 14:07:56,096 - Train Epoch: 5 [17600.0/22831 (77%)]	lr:0.00214	Accuracy: 1.0000	Loss: 0.015770
2022-01-10 14:07:56,583 - Train Epoch: 5 [17920.0/22831 (78%)]	lr:0.00214	Accuracy: 0.9531	Loss: 0.136226
2022-01-10 14:07:57,086 - Train Epoch: 5 [18240.0/22831 (80%)]	lr:0.00213	Accuracy: 1.0000	Loss: 0.021528
2022-01-10 14:07:57,569 - Train Epoch: 5 [18560.0/22831 (81%)]	lr:0.00213	Accuracy: 1.0000	Loss: 0.024332
2022-01-10 14:07:58,065 - Train Epoch: 5 [18880.0/22831 (83%)]	lr:0.00213	Accuracy: 0.9219	Loss: 0.182482
2022-01-10 14:07:58,550 - Train Epoch: 5 [19200.0/22831 (84%)]	lr:0.00213	Accuracy: 0.9844	Loss: 0.041485
2022-01-10 14:07:59,030 - Train Epoch: 5 [19520.0/22831 (85%)]	lr:0.00212	Accuracy: 0.9688	Loss: 0.069259
2022-01-10 14:07:59,522 - Train Epoch: 5 [19840.0/22831 (87%)]	lr:0.00212	Accuracy: 1.0000	Loss: 0.060372
2022-01-10 14:08:00,011 - Train Epoch: 5 [20160.0/22831 (88%)]	lr:0.00212	Accuracy: 0.9844	Loss: 0.094980
2022-01-10 14:08:00,496 - Train Epoch: 5 [20480.0/22831 (90%)]	lr:0.00211	Accuracy: 0.9844	Loss: 0.038940
2022-01-10 14:08:00,987 - Train Epoch: 5 [20800.0/22831 (91%)]	lr:0.00211	Accuracy: 1.0000	Loss: 0.034119
2022-01-10 14:08:01,483 - Train Epoch: 5 [21120.0/22831 (92%)]	lr:0.00211	Accuracy: 0.9844	Loss: 0.047777
2022-01-10 14:08:02,053 - Train Epoch: 5 [21440.0/22831 (94%)]	lr:0.00210	Accuracy: 1.0000	Loss: 0.063507
2022-01-10 14:08:02,543 - Train Epoch: 5 [21760.0/22831 (95%)]	lr:0.00210	Accuracy: 0.9844	Loss: 0.062224
2022-01-10 14:08:03,036 - Train Epoch: 5 [22080.0/22831 (97%)]	lr:0.00210	Accuracy: 0.9844	Loss: 0.043907
2022-01-10 14:08:03,529 - Train Epoch: 5 [22400.0/22831 (98%)]	lr:0.00210	Accuracy: 1.0000	Loss: 0.020899
2022-01-10 14:08:04,016 - Train Epoch: 5 [22720.0/22831 (99%)]	lr:0.00209	Accuracy: 0.9688	Loss: 0.074397
2022-01-10 14:08:04,086 - Starting Validation
2022-01-10 14:08:08,370 - ===> Validation set: Average loss: 0.0490	Accuracy: 0.9874

2022-01-10 14:08:08,370 - #### End epoch 5/10, elapsed time: 39.14470354700461
2022-01-10 14:08:08,487 - Train Epoch: 6 [0.0/22831 (0%)]	lr:0.00209	Accuracy: 1.0000	Loss: 0.018562
2022-01-10 14:08:08,983 - Train Epoch: 6 [320.0/22831 (1%)]	lr:0.00209	Accuracy: 1.0000	Loss: 0.017105
2022-01-10 14:08:09,483 - Train Epoch: 6 [640.0/22831 (3%)]	lr:0.00209	Accuracy: 0.9844	Loss: 0.026415
2022-01-10 14:08:09,994 - Train Epoch: 6 [960.0/22831 (4%)]	lr:0.00208	Accuracy: 0.9844	Loss: 0.056066
2022-01-10 14:08:10,492 - Train Epoch: 6 [1280.0/22831 (6%)]	lr:0.00208	Accuracy: 1.0000	Loss: 0.031380
2022-01-10 14:08:10,976 - Train Epoch: 6 [1600.0/22831 (7%)]	lr:0.00208	Accuracy: 0.9844	Loss: 0.030942
2022-01-10 14:08:11,469 - Train Epoch: 6 [1920.0/22831 (8%)]	lr:0.00207	Accuracy: 1.0000	Loss: 0.025446
2022-01-10 14:08:11,956 - Train Epoch: 6 [2240.0/22831 (10%)]	lr:0.00207	Accuracy: 1.0000	Loss: 0.026781
2022-01-10 14:08:12,445 - Train Epoch: 6 [2560.0/22831 (11%)]	lr:0.00207	Accuracy: 1.0000	Loss: 0.017425
2022-01-10 14:08:12,933 - Train Epoch: 6 [2880.0/22831 (13%)]	lr:0.00207	Accuracy: 0.9844	Loss: 0.070613
2022-01-10 14:08:13,422 - Train Epoch: 6 [3200.0/22831 (14%)]	lr:0.00206	Accuracy: 1.0000	Loss: 0.019104
2022-01-10 14:08:13,907 - Train Epoch: 6 [3520.0/22831 (15%)]	lr:0.00206	Accuracy: 0.9844	Loss: 0.065633
2022-01-10 14:08:14,388 - Train Epoch: 6 [3840.0/22831 (17%)]	lr:0.00206	Accuracy: 0.9688	Loss: 0.054800
2022-01-10 14:08:14,885 - Train Epoch: 6 [4160.0/22831 (18%)]	lr:0.00205	Accuracy: 0.9844	Loss: 0.032169
2022-01-10 14:08:15,375 - Train Epoch: 6 [4480.0/22831 (20%)]	lr:0.00205	Accuracy: 1.0000	Loss: 0.025343
2022-01-10 14:08:15,849 - Train Epoch: 6 [4800.0/22831 (21%)]	lr:0.00205	Accuracy: 0.9844	Loss: 0.092250
2022-01-10 14:08:16,336 - Train Epoch: 6 [5120.0/22831 (22%)]	lr:0.00205	Accuracy: 0.9844	Loss: 0.037825
2022-01-10 14:08:16,817 - Train Epoch: 6 [5440.0/22831 (24%)]	lr:0.00204	Accuracy: 1.0000	Loss: 0.017943
2022-01-10 14:08:17,311 - Train Epoch: 6 [5760.0/22831 (25%)]	lr:0.00204	Accuracy: 1.0000	Loss: 0.016940
2022-01-10 14:08:17,794 - Train Epoch: 6 [6080.0/22831 (27%)]	lr:0.00204	Accuracy: 1.0000	Loss: 0.026594
2022-01-10 14:08:18,286 - Train Epoch: 6 [6400.0/22831 (28%)]	lr:0.00204	Accuracy: 0.9844	Loss: 0.057344
2022-01-10 14:08:18,779 - Train Epoch: 6 [6720.0/22831 (29%)]	lr:0.00203	Accuracy: 0.9844	Loss: 0.052705
2022-01-10 14:08:19,282 - Train Epoch: 6 [7040.0/22831 (31%)]	lr:0.00203	Accuracy: 0.9844	Loss: 0.167619
2022-01-10 14:08:19,761 - Train Epoch: 6 [7360.0/22831 (32%)]	lr:0.00203	Accuracy: 0.9844	Loss: 0.070149
2022-01-10 14:08:20,245 - Train Epoch: 6 [7680.0/22831 (34%)]	lr:0.00202	Accuracy: 0.9844	Loss: 0.049779
2022-01-10 14:08:20,739 - Train Epoch: 6 [8000.0/22831 (35%)]	lr:0.00202	Accuracy: 1.0000	Loss: 0.022101
2022-01-10 14:08:21,235 - Train Epoch: 6 [8320.0/22831 (36%)]	lr:0.00202	Accuracy: 0.9844	Loss: 0.033068
2022-01-10 14:08:21,717 - Train Epoch: 6 [8640.0/22831 (38%)]	lr:0.00202	Accuracy: 1.0000	Loss: 0.021973
2022-01-10 14:08:22,214 - Train Epoch: 6 [8960.0/22831 (39%)]	lr:0.00201	Accuracy: 1.0000	Loss: 0.026316
2022-01-10 14:08:22,699 - Train Epoch: 6 [9280.0/22831 (41%)]	lr:0.00201	Accuracy: 1.0000	Loss: 0.025178
2022-01-10 14:08:23,185 - Train Epoch: 6 [9600.0/22831 (42%)]	lr:0.00201	Accuracy: 0.9844	Loss: 0.029550
2022-01-10 14:08:23,681 - Train Epoch: 6 [9920.0/22831 (43%)]	lr:0.00201	Accuracy: 0.9844	Loss: 0.043269
2022-01-10 14:08:24,197 - Train Epoch: 6 [10240.0/22831 (45%)]	lr:0.00200	Accuracy: 0.9844	Loss: 0.033181
2022-01-10 14:08:24,679 - Train Epoch: 6 [10560.0/22831 (46%)]	lr:0.00200	Accuracy: 1.0000	Loss: 0.031391
2022-01-10 14:08:25,171 - Train Epoch: 6 [10880.0/22831 (48%)]	lr:0.00200	Accuracy: 0.9844	Loss: 0.054410
2022-01-10 14:08:25,653 - Train Epoch: 6 [11200.0/22831 (49%)]	lr:0.00200	Accuracy: 0.9844	Loss: 0.051631
2022-01-10 14:08:26,146 - Train Epoch: 6 [11520.0/22831 (50%)]	lr:0.00199	Accuracy: 0.9844	Loss: 0.057339
2022-01-10 14:08:26,630 - Train Epoch: 6 [11840.0/22831 (52%)]	lr:0.00199	Accuracy: 1.0000	Loss: 0.018168
2022-01-10 14:08:27,139 - Train Epoch: 6 [12160.0/22831 (53%)]	lr:0.00199	Accuracy: 0.9844	Loss: 0.048186
2022-01-10 14:08:27,625 - Train Epoch: 6 [12480.0/22831 (55%)]	lr:0.00199	Accuracy: 1.0000	Loss: 0.009264
2022-01-10 14:08:28,110 - Train Epoch: 6 [12800.0/22831 (56%)]	lr:0.00198	Accuracy: 0.9688	Loss: 0.038177
2022-01-10 14:08:28,596 - Train Epoch: 6 [13120.0/22831 (57%)]	lr:0.00198	Accuracy: 1.0000	Loss: 0.032290
2022-01-10 14:08:29,069 - Train Epoch: 6 [13440.0/22831 (59%)]	lr:0.00198	Accuracy: 1.0000	Loss: 0.031678
2022-01-10 14:08:29,557 - Train Epoch: 6 [13760.0/22831 (60%)]	lr:0.00198	Accuracy: 0.9688	Loss: 0.152042
2022-01-10 14:08:30,047 - Train Epoch: 6 [14080.0/22831 (62%)]	lr:0.00197	Accuracy: 0.9688	Loss: 0.098338
2022-01-10 14:08:30,540 - Train Epoch: 6 [14400.0/22831 (63%)]	lr:0.00197	Accuracy: 0.9844	Loss: 0.070557
2022-01-10 14:08:31,029 - Train Epoch: 6 [14720.0/22831 (64%)]	lr:0.00197	Accuracy: 1.0000	Loss: 0.011334
2022-01-10 14:08:31,516 - Train Epoch: 6 [15040.0/22831 (66%)]	lr:0.00197	Accuracy: 0.9844	Loss: 0.035763
2022-01-10 14:08:32,003 - Train Epoch: 6 [15360.0/22831 (67%)]	lr:0.00196	Accuracy: 1.0000	Loss: 0.044726
2022-01-10 14:08:32,490 - Train Epoch: 6 [15680.0/22831 (69%)]	lr:0.00196	Accuracy: 0.9844	Loss: 0.056937
2022-01-10 14:08:32,981 - Train Epoch: 6 [16000.0/22831 (70%)]	lr:0.00196	Accuracy: 1.0000	Loss: 0.040091
2022-01-10 14:08:33,470 - Train Epoch: 6 [16320.0/22831 (71%)]	lr:0.00196	Accuracy: 1.0000	Loss: 0.031084
2022-01-10 14:08:33,956 - Train Epoch: 6 [16640.0/22831 (73%)]	lr:0.00195	Accuracy: 1.0000	Loss: 0.020771
2022-01-10 14:08:34,447 - Train Epoch: 6 [16960.0/22831 (74%)]	lr:0.00195	Accuracy: 1.0000	Loss: 0.011934
2022-01-10 14:08:34,937 - Train Epoch: 6 [17280.0/22831 (76%)]	lr:0.00195	Accuracy: 0.9844	Loss: 0.067590
2022-01-10 14:08:35,431 - Train Epoch: 6 [17600.0/22831 (77%)]	lr:0.00195	Accuracy: 1.0000	Loss: 0.028053
2022-01-10 14:08:35,934 - Train Epoch: 6 [17920.0/22831 (78%)]	lr:0.00194	Accuracy: 0.9688	Loss: 0.041555
2022-01-10 14:08:36,451 - Train Epoch: 6 [18240.0/22831 (80%)]	lr:0.00194	Accuracy: 0.9688	Loss: 0.069764
2022-01-10 14:08:36,938 - Train Epoch: 6 [18560.0/22831 (81%)]	lr:0.00194	Accuracy: 0.9531	Loss: 0.118168
2022-01-10 14:08:37,423 - Train Epoch: 6 [18880.0/22831 (83%)]	lr:0.00194	Accuracy: 1.0000	Loss: 0.035070
2022-01-10 14:08:37,904 - Train Epoch: 6 [19200.0/22831 (84%)]	lr:0.00194	Accuracy: 0.9688	Loss: 0.077611
2022-01-10 14:08:38,392 - Train Epoch: 6 [19520.0/22831 (85%)]	lr:0.00193	Accuracy: 1.0000	Loss: 0.032382
2022-01-10 14:08:38,868 - Train Epoch: 6 [19840.0/22831 (87%)]	lr:0.00193	Accuracy: 0.9844	Loss: 0.018190
2022-01-10 14:08:39,357 - Train Epoch: 6 [20160.0/22831 (88%)]	lr:0.00193	Accuracy: 1.0000	Loss: 0.022279
2022-01-10 14:08:39,844 - Train Epoch: 6 [20480.0/22831 (90%)]	lr:0.00193	Accuracy: 1.0000	Loss: 0.019339
2022-01-10 14:08:40,334 - Train Epoch: 6 [20800.0/22831 (91%)]	lr:0.00192	Accuracy: 0.9688	Loss: 0.039291
2022-01-10 14:08:40,825 - Train Epoch: 6 [21120.0/22831 (92%)]	lr:0.00192	Accuracy: 1.0000	Loss: 0.048121
2022-01-10 14:08:41,308 - Train Epoch: 6 [21440.0/22831 (94%)]	lr:0.00192	Accuracy: 0.9844	Loss: 0.054022
2022-01-10 14:08:41,802 - Train Epoch: 6 [21760.0/22831 (95%)]	lr:0.00192	Accuracy: 0.9688	Loss: 0.049179
2022-01-10 14:08:42,285 - Train Epoch: 6 [22080.0/22831 (97%)]	lr:0.00191	Accuracy: 0.9688	Loss: 0.086990
2022-01-10 14:08:42,775 - Train Epoch: 6 [22400.0/22831 (98%)]	lr:0.00191	Accuracy: 1.0000	Loss: 0.026358
2022-01-10 14:08:43,258 - Train Epoch: 6 [22720.0/22831 (99%)]	lr:0.00191	Accuracy: 1.0000	Loss: 0.022897
2022-01-10 14:08:43,327 - Starting Validation
2022-01-10 14:08:47,978 - ===> Validation set: Average loss: 0.0494	Accuracy: 0.9860

2022-01-10 14:08:47,978 - #### End epoch 6/10, elapsed time: 39.60796141898027
2022-01-10 14:08:48,091 - Train Epoch: 7 [0.0/22831 (0%)]	lr:0.00191	Accuracy: 0.9688	Loss: 0.077688
2022-01-10 14:08:48,615 - Train Epoch: 7 [320.0/22831 (1%)]	lr:0.00191	Accuracy: 1.0000	Loss: 0.030221
2022-01-10 14:08:49,097 - Train Epoch: 7 [640.0/22831 (3%)]	lr:0.00190	Accuracy: 0.9844	Loss: 0.047928
2022-01-10 14:08:49,584 - Train Epoch: 7 [960.0/22831 (4%)]	lr:0.00190	Accuracy: 1.0000	Loss: 0.047594
2022-01-10 14:08:50,074 - Train Epoch: 7 [1280.0/22831 (6%)]	lr:0.00190	Accuracy: 0.9844	Loss: 0.078764
2022-01-10 14:08:50,553 - Train Epoch: 7 [1600.0/22831 (7%)]	lr:0.00190	Accuracy: 1.0000	Loss: 0.068472
2022-01-10 14:08:51,050 - Train Epoch: 7 [1920.0/22831 (8%)]	lr:0.00190	Accuracy: 1.0000	Loss: 0.023319
2022-01-10 14:08:51,539 - Train Epoch: 7 [2240.0/22831 (10%)]	lr:0.00189	Accuracy: 1.0000	Loss: 0.027348
2022-01-10 14:08:52,045 - Train Epoch: 7 [2560.0/22831 (11%)]	lr:0.00189	Accuracy: 0.9844	Loss: 0.057625
2022-01-10 14:08:52,529 - Train Epoch: 7 [2880.0/22831 (13%)]	lr:0.00189	Accuracy: 0.9844	Loss: 0.092444
2022-01-10 14:08:53,016 - Train Epoch: 7 [3200.0/22831 (14%)]	lr:0.00189	Accuracy: 1.0000	Loss: 0.019420
2022-01-10 14:08:53,508 - Train Epoch: 7 [3520.0/22831 (15%)]	lr:0.00189	Accuracy: 0.9844	Loss: 0.050214
2022-01-10 14:08:53,999 - Train Epoch: 7 [3840.0/22831 (17%)]	lr:0.00188	Accuracy: 1.0000	Loss: 0.046349
2022-01-10 14:08:54,478 - Train Epoch: 7 [4160.0/22831 (18%)]	lr:0.00188	Accuracy: 0.9844	Loss: 0.079355
2022-01-10 14:08:54,971 - Train Epoch: 7 [4480.0/22831 (20%)]	lr:0.00188	Accuracy: 0.9688	Loss: 0.071980
2022-01-10 14:08:55,456 - Train Epoch: 7 [4800.0/22831 (21%)]	lr:0.00188	Accuracy: 1.0000	Loss: 0.014720
2022-01-10 14:08:55,941 - Train Epoch: 7 [5120.0/22831 (22%)]	lr:0.00187	Accuracy: 0.9531	Loss: 0.138269
2022-01-10 14:08:56,434 - Train Epoch: 7 [5440.0/22831 (24%)]	lr:0.00187	Accuracy: 1.0000	Loss: 0.022646
2022-01-10 14:08:56,922 - Train Epoch: 7 [5760.0/22831 (25%)]	lr:0.00187	Accuracy: 0.9844	Loss: 0.061042
2022-01-10 14:08:57,415 - Train Epoch: 7 [6080.0/22831 (27%)]	lr:0.00187	Accuracy: 0.9844	Loss: 0.058388
2022-01-10 14:08:57,892 - Train Epoch: 7 [6400.0/22831 (28%)]	lr:0.00187	Accuracy: 0.9844	Loss: 0.066237
2022-01-10 14:08:58,385 - Train Epoch: 7 [6720.0/22831 (29%)]	lr:0.00186	Accuracy: 1.0000	Loss: 0.040659
2022-01-10 14:08:58,884 - Train Epoch: 7 [7040.0/22831 (31%)]	lr:0.00186	Accuracy: 1.0000	Loss: 0.006928
2022-01-10 14:08:59,376 - Train Epoch: 7 [7360.0/22831 (32%)]	lr:0.00186	Accuracy: 0.9844	Loss: 0.034771
2022-01-10 14:08:59,866 - Train Epoch: 7 [7680.0/22831 (34%)]	lr:0.00186	Accuracy: 0.9844	Loss: 0.057633
2022-01-10 14:09:00,354 - Train Epoch: 7 [8000.0/22831 (35%)]	lr:0.00186	Accuracy: 1.0000	Loss: 0.051880
2022-01-10 14:09:00,846 - Train Epoch: 7 [8320.0/22831 (36%)]	lr:0.00185	Accuracy: 1.0000	Loss: 0.028801
2022-01-10 14:09:01,329 - Train Epoch: 7 [8640.0/22831 (38%)]	lr:0.00185	Accuracy: 1.0000	Loss: 0.026858
2022-01-10 14:09:01,825 - Train Epoch: 7 [8960.0/22831 (39%)]	lr:0.00185	Accuracy: 0.9844	Loss: 0.046740
2022-01-10 14:09:02,314 - Train Epoch: 7 [9280.0/22831 (41%)]	lr:0.00185	Accuracy: 1.0000	Loss: 0.031488
2022-01-10 14:09:02,806 - Train Epoch: 7 [9600.0/22831 (42%)]	lr:0.00185	Accuracy: 1.0000	Loss: 0.032834
2022-01-10 14:09:03,305 - Train Epoch: 7 [9920.0/22831 (43%)]	lr:0.00184	Accuracy: 0.9844	Loss: 0.036805
2022-01-10 14:09:03,799 - Train Epoch: 7 [10240.0/22831 (45%)]	lr:0.00184	Accuracy: 1.0000	Loss: 0.021550
2022-01-10 14:09:04,283 - Train Epoch: 7 [10560.0/22831 (46%)]	lr:0.00184	Accuracy: 0.9688	Loss: 0.058923
2022-01-10 14:09:04,770 - Train Epoch: 7 [10880.0/22831 (48%)]	lr:0.00184	Accuracy: 1.0000	Loss: 0.024212
2022-01-10 14:09:05,261 - Train Epoch: 7 [11200.0/22831 (49%)]	lr:0.00184	Accuracy: 1.0000	Loss: 0.026262
2022-01-10 14:09:05,773 - Train Epoch: 7 [11520.0/22831 (50%)]	lr:0.00183	Accuracy: 1.0000	Loss: 0.018197
2022-01-10 14:09:06,265 - Train Epoch: 7 [11840.0/22831 (52%)]	lr:0.00183	Accuracy: 0.9844	Loss: 0.043521
2022-01-10 14:09:06,757 - Train Epoch: 7 [12160.0/22831 (53%)]	lr:0.00183	Accuracy: 1.0000	Loss: 0.027610
2022-01-10 14:09:07,245 - Train Epoch: 7 [12480.0/22831 (55%)]	lr:0.00183	Accuracy: 1.0000	Loss: 0.051494
2022-01-10 14:09:07,732 - Train Epoch: 7 [12800.0/22831 (56%)]	lr:0.00183	Accuracy: 0.9531	Loss: 0.132836
2022-01-10 14:09:08,223 - Train Epoch: 7 [13120.0/22831 (57%)]	lr:0.00182	Accuracy: 0.9844	Loss: 0.051519
2022-01-10 14:09:08,719 - Train Epoch: 7 [13440.0/22831 (59%)]	lr:0.00182	Accuracy: 1.0000	Loss: 0.022454
2022-01-10 14:09:09,205 - Train Epoch: 7 [13760.0/22831 (60%)]	lr:0.00182	Accuracy: 1.0000	Loss: 0.023130
2022-01-10 14:09:09,694 - Train Epoch: 7 [14080.0/22831 (62%)]	lr:0.00182	Accuracy: 0.9688	Loss: 0.074833
2022-01-10 14:09:10,185 - Train Epoch: 7 [14400.0/22831 (63%)]	lr:0.00182	Accuracy: 1.0000	Loss: 0.027241
2022-01-10 14:09:10,673 - Train Epoch: 7 [14720.0/22831 (64%)]	lr:0.00181	Accuracy: 0.9688	Loss: 0.105306
2022-01-10 14:09:11,166 - Train Epoch: 7 [15040.0/22831 (66%)]	lr:0.00181	Accuracy: 0.9688	Loss: 0.074903
2022-01-10 14:09:11,668 - Train Epoch: 7 [15360.0/22831 (67%)]	lr:0.00181	Accuracy: 0.9844	Loss: 0.076730
2022-01-10 14:09:12,230 - Train Epoch: 7 [15680.0/22831 (69%)]	lr:0.00181	Accuracy: 1.0000	Loss: 0.013231
2022-01-10 14:09:12,732 - Train Epoch: 7 [16000.0/22831 (70%)]	lr:0.00181	Accuracy: 1.0000	Loss: 0.020372
2022-01-10 14:09:13,231 - Train Epoch: 7 [16320.0/22831 (71%)]	lr:0.00180	Accuracy: 1.0000	Loss: 0.026050
2022-01-10 14:09:13,724 - Train Epoch: 7 [16640.0/22831 (73%)]	lr:0.00180	Accuracy: 1.0000	Loss: 0.019756
2022-01-10 14:09:14,210 - Train Epoch: 7 [16960.0/22831 (74%)]	lr:0.00180	Accuracy: 0.9688	Loss: 0.096034
2022-01-10 14:09:14,690 - Train Epoch: 7 [17280.0/22831 (76%)]	lr:0.00180	Accuracy: 1.0000	Loss: 0.056248
2022-01-10 14:09:15,182 - Train Epoch: 7 [17600.0/22831 (77%)]	lr:0.00180	Accuracy: 1.0000	Loss: 0.027730
2022-01-10 14:09:15,671 - Train Epoch: 7 [17920.0/22831 (78%)]	lr:0.00180	Accuracy: 0.9531	Loss: 0.202218
2022-01-10 14:09:16,174 - Train Epoch: 7 [18240.0/22831 (80%)]	lr:0.00179	Accuracy: 0.9844	Loss: 0.108106
2022-01-10 14:09:16,668 - Train Epoch: 7 [18560.0/22831 (81%)]	lr:0.00179	Accuracy: 1.0000	Loss: 0.012623
2022-01-10 14:09:17,171 - Train Epoch: 7 [18880.0/22831 (83%)]	lr:0.00179	Accuracy: 0.9844	Loss: 0.047471
2022-01-10 14:09:17,652 - Train Epoch: 7 [19200.0/22831 (84%)]	lr:0.00179	Accuracy: 0.9531	Loss: 0.081592
2022-01-10 14:09:18,140 - Train Epoch: 7 [19520.0/22831 (85%)]	lr:0.00179	Accuracy: 1.0000	Loss: 0.017990
2022-01-10 14:09:18,633 - Train Epoch: 7 [19840.0/22831 (87%)]	lr:0.00178	Accuracy: 1.0000	Loss: 0.016105
2022-01-10 14:09:19,120 - Train Epoch: 7 [20160.0/22831 (88%)]	lr:0.00178	Accuracy: 0.9844	Loss: 0.027204
2022-01-10 14:09:19,605 - Train Epoch: 7 [20480.0/22831 (90%)]	lr:0.00178	Accuracy: 0.9844	Loss: 0.038047
2022-01-10 14:09:20,092 - Train Epoch: 7 [20800.0/22831 (91%)]	lr:0.00178	Accuracy: 1.0000	Loss: 0.032565
2022-01-10 14:09:20,576 - Train Epoch: 7 [21120.0/22831 (92%)]	lr:0.00178	Accuracy: 0.9844	Loss: 0.028111
2022-01-10 14:09:21,078 - Train Epoch: 7 [21440.0/22831 (94%)]	lr:0.00178	Accuracy: 0.9688	Loss: 0.096086
2022-01-10 14:09:21,567 - Train Epoch: 7 [21760.0/22831 (95%)]	lr:0.00177	Accuracy: 0.9844	Loss: 0.069571
2022-01-10 14:09:22,064 - Train Epoch: 7 [22080.0/22831 (97%)]	lr:0.00177	Accuracy: 1.0000	Loss: 0.025356
2022-01-10 14:09:22,560 - Train Epoch: 7 [22400.0/22831 (98%)]	lr:0.00177	Accuracy: 1.0000	Loss: 0.031532
2022-01-10 14:09:23,054 - Train Epoch: 7 [22720.0/22831 (99%)]	lr:0.00177	Accuracy: 1.0000	Loss: 0.017705
2022-01-10 14:09:23,131 - Starting Validation
2022-01-10 14:09:27,681 - ===> Validation set: Average loss: 0.0425	Accuracy: 0.9891

2022-01-10 14:09:27,683 - Snapshot saved to snapshot/cdc/cdc-2022-01-10_14_05_12-model_best.pth

2022-01-10 14:09:27,683 - #### End epoch 7/10, elapsed time: 39.70508719299687
2022-01-10 14:09:27,809 - Train Epoch: 8 [0.0/22831 (0%)]	lr:0.00177	Accuracy: 1.0000	Loss: 0.029656
2022-01-10 14:09:28,394 - Train Epoch: 8 [320.0/22831 (1%)]	lr:0.00177	Accuracy: 0.9844	Loss: 0.083963
2022-01-10 14:09:28,966 - Train Epoch: 8 [640.0/22831 (3%)]	lr:0.00176	Accuracy: 1.0000	Loss: 0.018517
2022-01-10 14:09:29,486 - Train Epoch: 8 [960.0/22831 (4%)]	lr:0.00176	Accuracy: 0.9844	Loss: 0.037614
2022-01-10 14:09:29,981 - Train Epoch: 8 [1280.0/22831 (6%)]	lr:0.00176	Accuracy: 0.9844	Loss: 0.064848
2022-01-10 14:09:30,470 - Train Epoch: 8 [1600.0/22831 (7%)]	lr:0.00176	Accuracy: 0.9844	Loss: 0.064902
2022-01-10 14:09:30,984 - Train Epoch: 8 [1920.0/22831 (8%)]	lr:0.00176	Accuracy: 1.0000	Loss: 0.025692
2022-01-10 14:09:31,475 - Train Epoch: 8 [2240.0/22831 (10%)]	lr:0.00176	Accuracy: 0.9844	Loss: 0.035958
2022-01-10 14:09:31,963 - Train Epoch: 8 [2560.0/22831 (11%)]	lr:0.00175	Accuracy: 0.9844	Loss: 0.039733
2022-01-10 14:09:32,472 - Train Epoch: 8 [2880.0/22831 (13%)]	lr:0.00175	Accuracy: 1.0000	Loss: 0.032493
2022-01-10 14:09:32,987 - Train Epoch: 8 [3200.0/22831 (14%)]	lr:0.00175	Accuracy: 0.9844	Loss: 0.056048
2022-01-10 14:09:33,483 - Train Epoch: 8 [3520.0/22831 (15%)]	lr:0.00175	Accuracy: 1.0000	Loss: 0.023799
2022-01-10 14:09:33,973 - Train Epoch: 8 [3840.0/22831 (17%)]	lr:0.00175	Accuracy: 1.0000	Loss: 0.020321
2022-01-10 14:09:34,461 - Train Epoch: 8 [4160.0/22831 (18%)]	lr:0.00175	Accuracy: 0.9844	Loss: 0.031921
2022-01-10 14:09:34,955 - Train Epoch: 8 [4480.0/22831 (20%)]	lr:0.00174	Accuracy: 1.0000	Loss: 0.024202
2022-01-10 14:09:35,448 - Train Epoch: 8 [4800.0/22831 (21%)]	lr:0.00174	Accuracy: 0.9844	Loss: 0.072793
2022-01-10 14:09:35,934 - Train Epoch: 8 [5120.0/22831 (22%)]	lr:0.00174	Accuracy: 1.0000	Loss: 0.042508
2022-01-10 14:09:36,429 - Train Epoch: 8 [5440.0/22831 (24%)]	lr:0.00174	Accuracy: 1.0000	Loss: 0.029175
2022-01-10 14:09:36,914 - Train Epoch: 8 [5760.0/22831 (25%)]	lr:0.00174	Accuracy: 1.0000	Loss: 0.045292
2022-01-10 14:09:37,408 - Train Epoch: 8 [6080.0/22831 (27%)]	lr:0.00174	Accuracy: 0.9844	Loss: 0.059968
2022-01-10 14:09:37,900 - Train Epoch: 8 [6400.0/22831 (28%)]	lr:0.00173	Accuracy: 1.0000	Loss: 0.013981
2022-01-10 14:09:38,393 - Train Epoch: 8 [6720.0/22831 (29%)]	lr:0.00173	Accuracy: 1.0000	Loss: 0.040493
2022-01-10 14:09:38,883 - Train Epoch: 8 [7040.0/22831 (31%)]	lr:0.00173	Accuracy: 0.9844	Loss: 0.033450
2022-01-10 14:09:39,379 - Train Epoch: 8 [7360.0/22831 (32%)]	lr:0.00173	Accuracy: 1.0000	Loss: 0.034198
2022-01-10 14:09:39,882 - Train Epoch: 8 [7680.0/22831 (34%)]	lr:0.00173	Accuracy: 1.0000	Loss: 0.021882
2022-01-10 14:09:40,376 - Train Epoch: 8 [8000.0/22831 (35%)]	lr:0.00173	Accuracy: 0.9844	Loss: 0.046212
2022-01-10 14:09:40,878 - Train Epoch: 8 [8320.0/22831 (36%)]	lr:0.00172	Accuracy: 0.9844	Loss: 0.048490
2022-01-10 14:09:41,376 - Train Epoch: 8 [8640.0/22831 (38%)]	lr:0.00172	Accuracy: 0.9531	Loss: 0.138858
2022-01-10 14:09:41,873 - Train Epoch: 8 [8960.0/22831 (39%)]	lr:0.00172	Accuracy: 1.0000	Loss: 0.018778
2022-01-10 14:09:42,364 - Train Epoch: 8 [9280.0/22831 (41%)]	lr:0.00172	Accuracy: 1.0000	Loss: 0.022305
2022-01-10 14:09:42,849 - Train Epoch: 8 [9600.0/22831 (42%)]	lr:0.00172	Accuracy: 0.9844	Loss: 0.037073
2022-01-10 14:09:43,348 - Train Epoch: 8 [9920.0/22831 (43%)]	lr:0.00172	Accuracy: 1.0000	Loss: 0.013401
2022-01-10 14:09:43,839 - Train Epoch: 8 [10240.0/22831 (45%)]	lr:0.00171	Accuracy: 1.0000	Loss: 0.013704
2022-01-10 14:09:44,333 - Train Epoch: 8 [10560.0/22831 (46%)]	lr:0.00171	Accuracy: 0.9688	Loss: 0.071253
2022-01-10 14:09:44,815 - Train Epoch: 8 [10880.0/22831 (48%)]	lr:0.00171	Accuracy: 0.9844	Loss: 0.045106
2022-01-10 14:09:45,303 - Train Epoch: 8 [11200.0/22831 (49%)]	lr:0.00171	Accuracy: 0.9844	Loss: 0.038139
2022-01-10 14:09:45,796 - Train Epoch: 8 [11520.0/22831 (50%)]	lr:0.00171	Accuracy: 1.0000	Loss: 0.024082
2022-01-10 14:09:46,293 - Train Epoch: 8 [11840.0/22831 (52%)]	lr:0.00171	Accuracy: 0.9844	Loss: 0.040305
2022-01-10 14:09:46,788 - Train Epoch: 8 [12160.0/22831 (53%)]	lr:0.00170	Accuracy: 1.0000	Loss: 0.028942
2022-01-10 14:09:47,315 - Train Epoch: 8 [12480.0/22831 (55%)]	lr:0.00170	Accuracy: 0.9844	Loss: 0.144819
2022-01-10 14:09:47,847 - Train Epoch: 8 [12800.0/22831 (56%)]	lr:0.00170	Accuracy: 1.0000	Loss: 0.021517
2022-01-10 14:09:48,362 - Train Epoch: 8 [13120.0/22831 (57%)]	lr:0.00170	Accuracy: 0.9844	Loss: 0.037523
2022-01-10 14:09:48,902 - Train Epoch: 8 [13440.0/22831 (59%)]	lr:0.00170	Accuracy: 0.9844	Loss: 0.073427
2022-01-10 14:09:49,444 - Train Epoch: 8 [13760.0/22831 (60%)]	lr:0.00170	Accuracy: 1.0000	Loss: 0.018104
2022-01-10 14:09:49,973 - Train Epoch: 8 [14080.0/22831 (62%)]	lr:0.00169	Accuracy: 1.0000	Loss: 0.024636
2022-01-10 14:09:50,517 - Train Epoch: 8 [14400.0/22831 (63%)]	lr:0.00169	Accuracy: 0.9844	Loss: 0.034522
2022-01-10 14:09:51,083 - Train Epoch: 8 [14720.0/22831 (64%)]	lr:0.00169	Accuracy: 1.0000	Loss: 0.035598
2022-01-10 14:09:51,660 - Train Epoch: 8 [15040.0/22831 (66%)]	lr:0.00169	Accuracy: 0.9844	Loss: 0.053876
2022-01-10 14:09:52,203 - Train Epoch: 8 [15360.0/22831 (67%)]	lr:0.00169	Accuracy: 0.9844	Loss: 0.051104
2022-01-10 14:09:52,757 - Train Epoch: 8 [15680.0/22831 (69%)]	lr:0.00169	Accuracy: 1.0000	Loss: 0.043455
2022-01-10 14:09:53,315 - Train Epoch: 8 [16000.0/22831 (70%)]	lr:0.00169	Accuracy: 0.9688	Loss: 0.067745
2022-01-10 14:09:53,851 - Train Epoch: 8 [16320.0/22831 (71%)]	lr:0.00168	Accuracy: 1.0000	Loss: 0.025635
2022-01-10 14:09:54,378 - Train Epoch: 8 [16640.0/22831 (73%)]	lr:0.00168	Accuracy: 0.9688	Loss: 0.093369
2022-01-10 14:09:54,922 - Train Epoch: 8 [16960.0/22831 (74%)]	lr:0.00168	Accuracy: 1.0000	Loss: 0.031451
2022-01-10 14:09:55,469 - Train Epoch: 8 [17280.0/22831 (76%)]	lr:0.00168	Accuracy: 0.9844	Loss: 0.074361
2022-01-10 14:09:56,014 - Train Epoch: 8 [17600.0/22831 (77%)]	lr:0.00168	Accuracy: 1.0000	Loss: 0.022668
2022-01-10 14:09:56,568 - Train Epoch: 8 [17920.0/22831 (78%)]	lr:0.00168	Accuracy: 0.9844	Loss: 0.043305
2022-01-10 14:09:57,086 - Train Epoch: 8 [18240.0/22831 (80%)]	lr:0.00167	Accuracy: 1.0000	Loss: 0.012486
2022-01-10 14:09:57,570 - Train Epoch: 8 [18560.0/22831 (81%)]	lr:0.00167	Accuracy: 1.0000	Loss: 0.012300
2022-01-10 14:09:58,063 - Train Epoch: 8 [18880.0/22831 (83%)]	lr:0.00167	Accuracy: 1.0000	Loss: 0.017586
2022-01-10 14:09:58,548 - Train Epoch: 8 [19200.0/22831 (84%)]	lr:0.00167	Accuracy: 1.0000	Loss: 0.026437
2022-01-10 14:09:59,047 - Train Epoch: 8 [19520.0/22831 (85%)]	lr:0.00167	Accuracy: 1.0000	Loss: 0.025723
2022-01-10 14:09:59,537 - Train Epoch: 8 [19840.0/22831 (87%)]	lr:0.00167	Accuracy: 1.0000	Loss: 0.027824
2022-01-10 14:10:00,029 - Train Epoch: 8 [20160.0/22831 (88%)]	lr:0.00167	Accuracy: 0.9844	Loss: 0.039262
2022-01-10 14:10:00,527 - Train Epoch: 8 [20480.0/22831 (90%)]	lr:0.00166	Accuracy: 1.0000	Loss: 0.016831
2022-01-10 14:10:01,043 - Train Epoch: 8 [20800.0/22831 (91%)]	lr:0.00166	Accuracy: 1.0000	Loss: 0.032048
2022-01-10 14:10:01,527 - Train Epoch: 8 [21120.0/22831 (92%)]	lr:0.00166	Accuracy: 0.9844	Loss: 0.072471
2022-01-10 14:10:02,017 - Train Epoch: 8 [21440.0/22831 (94%)]	lr:0.00166	Accuracy: 1.0000	Loss: 0.023052
2022-01-10 14:10:02,512 - Train Epoch: 8 [21760.0/22831 (95%)]	lr:0.00166	Accuracy: 1.0000	Loss: 0.030437
2022-01-10 14:10:03,009 - Train Epoch: 8 [22080.0/22831 (97%)]	lr:0.00166	Accuracy: 1.0000	Loss: 0.020175
2022-01-10 14:10:03,505 - Train Epoch: 8 [22400.0/22831 (98%)]	lr:0.00166	Accuracy: 0.9844	Loss: 0.025508
2022-01-10 14:10:04,002 - Train Epoch: 8 [22720.0/22831 (99%)]	lr:0.00165	Accuracy: 0.9688	Loss: 0.057406
2022-01-10 14:10:04,071 - Starting Validation
2022-01-10 14:10:08,453 - ===> Validation set: Average loss: 0.0453	Accuracy: 0.9877

2022-01-10 14:10:08,453 - #### End epoch 8/10, elapsed time: 40.76957915001549
2022-01-10 14:10:08,580 - Train Epoch: 9 [0.0/22831 (0%)]	lr:0.00165	Accuracy: 1.0000	Loss: 0.025625
2022-01-10 14:10:09,157 - Train Epoch: 9 [320.0/22831 (1%)]	lr:0.00165	Accuracy: 1.0000	Loss: 0.020708
2022-01-10 14:10:09,689 - Train Epoch: 9 [640.0/22831 (3%)]	lr:0.00165	Accuracy: 1.0000	Loss: 0.035159
2022-01-10 14:10:10,178 - Train Epoch: 9 [960.0/22831 (4%)]	lr:0.00165	Accuracy: 0.9688	Loss: 0.091680
2022-01-10 14:10:10,674 - Train Epoch: 9 [1280.0/22831 (6%)]	lr:0.00165	Accuracy: 1.0000	Loss: 0.021137
2022-01-10 14:10:11,162 - Train Epoch: 9 [1600.0/22831 (7%)]	lr:0.00165	Accuracy: 1.0000	Loss: 0.013413
2022-01-10 14:10:11,649 - Train Epoch: 9 [1920.0/22831 (8%)]	lr:0.00165	Accuracy: 1.0000	Loss: 0.014841
2022-01-10 14:10:12,142 - Train Epoch: 9 [2240.0/22831 (10%)]	lr:0.00164	Accuracy: 1.0000	Loss: 0.014885
2022-01-10 14:10:12,631 - Train Epoch: 9 [2560.0/22831 (11%)]	lr:0.00164	Accuracy: 1.0000	Loss: 0.034858
2022-01-10 14:10:13,126 - Train Epoch: 9 [2880.0/22831 (13%)]	lr:0.00164	Accuracy: 1.0000	Loss: 0.018467
2022-01-10 14:10:13,621 - Train Epoch: 9 [3200.0/22831 (14%)]	lr:0.00164	Accuracy: 1.0000	Loss: 0.020259
2022-01-10 14:10:14,113 - Train Epoch: 9 [3520.0/22831 (15%)]	lr:0.00164	Accuracy: 0.9844	Loss: 0.037503
2022-01-10 14:10:14,603 - Train Epoch: 9 [3840.0/22831 (17%)]	lr:0.00164	Accuracy: 1.0000	Loss: 0.013534
2022-01-10 14:10:15,089 - Train Epoch: 9 [4160.0/22831 (18%)]	lr:0.00164	Accuracy: 1.0000	Loss: 0.012131
2022-01-10 14:10:15,584 - Train Epoch: 9 [4480.0/22831 (20%)]	lr:0.00163	Accuracy: 1.0000	Loss: 0.023457
2022-01-10 14:10:16,070 - Train Epoch: 9 [4800.0/22831 (21%)]	lr:0.00163	Accuracy: 1.0000	Loss: 0.012147
2022-01-10 14:10:16,548 - Train Epoch: 9 [5120.0/22831 (22%)]	lr:0.00163	Accuracy: 0.9844	Loss: 0.045638
2022-01-10 14:10:17,047 - Train Epoch: 9 [5440.0/22831 (24%)]	lr:0.00163	Accuracy: 1.0000	Loss: 0.053057
2022-01-10 14:10:17,531 - Train Epoch: 9 [5760.0/22831 (25%)]	lr:0.00163	Accuracy: 0.9844	Loss: 0.024565
2022-01-10 14:10:18,021 - Train Epoch: 9 [6080.0/22831 (27%)]	lr:0.00163	Accuracy: 1.0000	Loss: 0.049120
2022-01-10 14:10:18,513 - Train Epoch: 9 [6400.0/22831 (28%)]	lr:0.00163	Accuracy: 1.0000	Loss: 0.019443
2022-01-10 14:10:19,010 - Train Epoch: 9 [6720.0/22831 (29%)]	lr:0.00162	Accuracy: 1.0000	Loss: 0.045326
2022-01-10 14:10:19,516 - Train Epoch: 9 [7040.0/22831 (31%)]	lr:0.00162	Accuracy: 1.0000	Loss: 0.015708
2022-01-10 14:10:20,008 - Train Epoch: 9 [7360.0/22831 (32%)]	lr:0.00162	Accuracy: 1.0000	Loss: 0.040016
2022-01-10 14:10:20,502 - Train Epoch: 9 [7680.0/22831 (34%)]	lr:0.00162	Accuracy: 0.9844	Loss: 0.030258
2022-01-10 14:10:20,996 - Train Epoch: 9 [8000.0/22831 (35%)]	lr:0.00162	Accuracy: 1.0000	Loss: 0.042009
2022-01-10 14:10:21,494 - Train Epoch: 9 [8320.0/22831 (36%)]	lr:0.00162	Accuracy: 1.0000	Loss: 0.023780
2022-01-10 14:10:21,983 - Train Epoch: 9 [8640.0/22831 (38%)]	lr:0.00162	Accuracy: 0.9844	Loss: 0.055665
2022-01-10 14:10:22,473 - Train Epoch: 9 [8960.0/22831 (39%)]	lr:0.00161	Accuracy: 1.0000	Loss: 0.018024
2022-01-10 14:10:22,972 - Train Epoch: 9 [9280.0/22831 (41%)]	lr:0.00161	Accuracy: 1.0000	Loss: 0.021084
2022-01-10 14:10:23,521 - Train Epoch: 9 [9600.0/22831 (42%)]	lr:0.00161	Accuracy: 0.9844	Loss: 0.095220
2022-01-10 14:10:24,110 - Train Epoch: 9 [9920.0/22831 (43%)]	lr:0.00161	Accuracy: 0.9844	Loss: 0.044265
2022-01-10 14:10:24,669 - Train Epoch: 9 [10240.0/22831 (45%)]	lr:0.00161	Accuracy: 0.9688	Loss: 0.109595
2022-01-10 14:10:25,221 - Train Epoch: 9 [10560.0/22831 (46%)]	lr:0.00161	Accuracy: 0.9688	Loss: 0.149270
2022-01-10 14:10:25,767 - Train Epoch: 9 [10880.0/22831 (48%)]	lr:0.00161	Accuracy: 1.0000	Loss: 0.022206
2022-01-10 14:10:26,300 - Train Epoch: 9 [11200.0/22831 (49%)]	lr:0.00161	Accuracy: 1.0000	Loss: 0.026780
2022-01-10 14:10:26,829 - Train Epoch: 9 [11520.0/22831 (50%)]	lr:0.00160	Accuracy: 0.9688	Loss: 0.106621
2022-01-10 14:10:27,350 - Train Epoch: 9 [11840.0/22831 (52%)]	lr:0.00160	Accuracy: 1.0000	Loss: 0.040186
2022-01-10 14:10:27,857 - Train Epoch: 9 [12160.0/22831 (53%)]	lr:0.00160	Accuracy: 1.0000	Loss: 0.024577
2022-01-10 14:10:28,365 - Train Epoch: 9 [12480.0/22831 (55%)]	lr:0.00160	Accuracy: 0.9844	Loss: 0.035358
2022-01-10 14:10:28,876 - Train Epoch: 9 [12800.0/22831 (56%)]	lr:0.00160	Accuracy: 1.0000	Loss: 0.018681
2022-01-10 14:10:29,404 - Train Epoch: 9 [13120.0/22831 (57%)]	lr:0.00160	Accuracy: 0.9531	Loss: 0.139436
2022-01-10 14:10:29,945 - Train Epoch: 9 [13440.0/22831 (59%)]	lr:0.00160	Accuracy: 1.0000	Loss: 0.035425
2022-01-10 14:10:30,476 - Train Epoch: 9 [13760.0/22831 (60%)]	lr:0.00159	Accuracy: 1.0000	Loss: 0.041343
2022-01-10 14:10:30,994 - Train Epoch: 9 [14080.0/22831 (62%)]	lr:0.00159	Accuracy: 0.9844	Loss: 0.068838
2022-01-10 14:10:31,522 - Train Epoch: 9 [14400.0/22831 (63%)]	lr:0.00159	Accuracy: 0.9844	Loss: 0.039696
2022-01-10 14:10:32,057 - Train Epoch: 9 [14720.0/22831 (64%)]	lr:0.00159	Accuracy: 1.0000	Loss: 0.017194
2022-01-10 14:10:32,604 - Train Epoch: 9 [15040.0/22831 (66%)]	lr:0.00159	Accuracy: 0.9844	Loss: 0.059204
2022-01-10 14:10:33,127 - Train Epoch: 9 [15360.0/22831 (67%)]	lr:0.00159	Accuracy: 1.0000	Loss: 0.042172
2022-01-10 14:10:33,610 - Train Epoch: 9 [15680.0/22831 (69%)]	lr:0.00159	Accuracy: 1.0000	Loss: 0.018587
2022-01-10 14:10:34,097 - Train Epoch: 9 [16000.0/22831 (70%)]	lr:0.00159	Accuracy: 0.9844	Loss: 0.049495
2022-01-10 14:10:34,586 - Train Epoch: 9 [16320.0/22831 (71%)]	lr:0.00158	Accuracy: 1.0000	Loss: 0.017279
2022-01-10 14:10:35,074 - Train Epoch: 9 [16640.0/22831 (73%)]	lr:0.00158	Accuracy: 0.9844	Loss: 0.051038
2022-01-10 14:10:35,575 - Train Epoch: 9 [16960.0/22831 (74%)]	lr:0.00158	Accuracy: 1.0000	Loss: 0.030510
2022-01-10 14:10:36,059 - Train Epoch: 9 [17280.0/22831 (76%)]	lr:0.00158	Accuracy: 1.0000	Loss: 0.028676
2022-01-10 14:10:36,551 - Train Epoch: 9 [17600.0/22831 (77%)]	lr:0.00158	Accuracy: 1.0000	Loss: 0.016010
2022-01-10 14:10:37,044 - Train Epoch: 9 [17920.0/22831 (78%)]	lr:0.00158	Accuracy: 0.9844	Loss: 0.036002
2022-01-10 14:10:37,539 - Train Epoch: 9 [18240.0/22831 (80%)]	lr:0.00158	Accuracy: 0.9844	Loss: 0.058009
2022-01-10 14:10:38,028 - Train Epoch: 9 [18560.0/22831 (81%)]	lr:0.00158	Accuracy: 0.9844	Loss: 0.124750
2022-01-10 14:10:38,522 - Train Epoch: 9 [18880.0/22831 (83%)]	lr:0.00157	Accuracy: 1.0000	Loss: 0.032747
2022-01-10 14:10:39,011 - Train Epoch: 9 [19200.0/22831 (84%)]	lr:0.00157	Accuracy: 1.0000	Loss: 0.053687
2022-01-10 14:10:39,493 - Train Epoch: 9 [19520.0/22831 (85%)]	lr:0.00157	Accuracy: 0.9844	Loss: 0.045822
2022-01-10 14:10:39,982 - Train Epoch: 9 [19840.0/22831 (87%)]	lr:0.00157	Accuracy: 1.0000	Loss: 0.017776
2022-01-10 14:10:40,483 - Train Epoch: 9 [20160.0/22831 (88%)]	lr:0.00157	Accuracy: 1.0000	Loss: 0.019421
2022-01-10 14:10:40,986 - Train Epoch: 9 [20480.0/22831 (90%)]	lr:0.00157	Accuracy: 1.0000	Loss: 0.015281
2022-01-10 14:10:41,470 - Train Epoch: 9 [20800.0/22831 (91%)]	lr:0.00157	Accuracy: 0.9688	Loss: 0.059966
2022-01-10 14:10:41,970 - Train Epoch: 9 [21120.0/22831 (92%)]	lr:0.00157	Accuracy: 0.9844	Loss: 0.042853
2022-01-10 14:10:42,462 - Train Epoch: 9 [21440.0/22831 (94%)]	lr:0.00156	Accuracy: 1.0000	Loss: 0.009959
2022-01-10 14:10:42,951 - Train Epoch: 9 [21760.0/22831 (95%)]	lr:0.00156	Accuracy: 1.0000	Loss: 0.022864
2022-01-10 14:10:43,439 - Train Epoch: 9 [22080.0/22831 (97%)]	lr:0.00156	Accuracy: 1.0000	Loss: 0.018875
2022-01-10 14:10:43,932 - Train Epoch: 9 [22400.0/22831 (98%)]	lr:0.00156	Accuracy: 1.0000	Loss: 0.021303
2022-01-10 14:10:44,427 - Train Epoch: 9 [22720.0/22831 (99%)]	lr:0.00156	Accuracy: 1.0000	Loss: 0.026539
2022-01-10 14:10:44,501 - Starting Validation
2022-01-10 14:10:48,882 - ===> Validation set: Average loss: 0.0362	Accuracy: 0.9919

2022-01-10 14:10:48,884 - Snapshot saved to snapshot/cdc/cdc-2022-01-10_14_05_12-model_best.pth

2022-01-10 14:10:48,884 - #### End epoch 9/10, elapsed time: 40.43068306904752
2022-01-10 14:10:49,010 - Train Epoch: 10 [0.0/22831 (0%)]	lr:0.00156	Accuracy: 1.0000	Loss: 0.015707
2022-01-10 14:10:49,547 - Train Epoch: 10 [320.0/22831 (1%)]	lr:0.00156	Accuracy: 1.0000	Loss: 0.015942
2022-01-10 14:10:50,053 - Train Epoch: 10 [640.0/22831 (3%)]	lr:0.00156	Accuracy: 1.0000	Loss: 0.040797
2022-01-10 14:10:50,531 - Train Epoch: 10 [960.0/22831 (4%)]	lr:0.00156	Accuracy: 0.9844	Loss: 0.042328
2022-01-10 14:10:51,030 - Train Epoch: 10 [1280.0/22831 (6%)]	lr:0.00155	Accuracy: 1.0000	Loss: 0.007591
2022-01-10 14:10:51,514 - Train Epoch: 10 [1600.0/22831 (7%)]	lr:0.00155	Accuracy: 1.0000	Loss: 0.015414
2022-01-10 14:10:52,005 - Train Epoch: 10 [1920.0/22831 (8%)]	lr:0.00155	Accuracy: 1.0000	Loss: 0.036087
2022-01-10 14:10:52,493 - Train Epoch: 10 [2240.0/22831 (10%)]	lr:0.00155	Accuracy: 0.9844	Loss: 0.047113
2022-01-10 14:10:52,983 - Train Epoch: 10 [2560.0/22831 (11%)]	lr:0.00155	Accuracy: 0.9844	Loss: 0.062635
2022-01-10 14:10:53,479 - Train Epoch: 10 [2880.0/22831 (13%)]	lr:0.00155	Accuracy: 0.9844	Loss: 0.035693
2022-01-10 14:10:53,962 - Train Epoch: 10 [3200.0/22831 (14%)]	lr:0.00155	Accuracy: 1.0000	Loss: 0.010351
2022-01-10 14:10:54,455 - Train Epoch: 10 [3520.0/22831 (15%)]	lr:0.00155	Accuracy: 0.9844	Loss: 0.040479
2022-01-10 14:10:54,937 - Train Epoch: 10 [3840.0/22831 (17%)]	lr:0.00154	Accuracy: 0.9844	Loss: 0.054086
2022-01-10 14:10:55,430 - Train Epoch: 10 [4160.0/22831 (18%)]	lr:0.00154	Accuracy: 0.9844	Loss: 0.117595
2022-01-10 14:10:55,924 - Train Epoch: 10 [4480.0/22831 (20%)]	lr:0.00154	Accuracy: 1.0000	Loss: 0.016841
2022-01-10 14:10:56,414 - Train Epoch: 10 [4800.0/22831 (21%)]	lr:0.00154	Accuracy: 0.9844	Loss: 0.030296
2022-01-10 14:10:56,910 - Train Epoch: 10 [5120.0/22831 (22%)]	lr:0.00154	Accuracy: 1.0000	Loss: 0.038539
2022-01-10 14:10:57,401 - Train Epoch: 10 [5440.0/22831 (24%)]	lr:0.00154	Accuracy: 1.0000	Loss: 0.030751
2022-01-10 14:10:57,894 - Train Epoch: 10 [5760.0/22831 (25%)]	lr:0.00154	Accuracy: 1.0000	Loss: 0.021934
2022-01-10 14:10:58,379 - Train Epoch: 10 [6080.0/22831 (27%)]	lr:0.00154	Accuracy: 0.9688	Loss: 0.055613
2022-01-10 14:10:58,876 - Train Epoch: 10 [6400.0/22831 (28%)]	lr:0.00154	Accuracy: 0.9844	Loss: 0.042103
2022-01-10 14:10:59,424 - Train Epoch: 10 [6720.0/22831 (29%)]	lr:0.00153	Accuracy: 1.0000	Loss: 0.024767
2022-01-10 14:10:59,947 - Train Epoch: 10 [7040.0/22831 (31%)]	lr:0.00153	Accuracy: 1.0000	Loss: 0.020301
2022-01-10 14:11:00,431 - Train Epoch: 10 [7360.0/22831 (32%)]	lr:0.00153	Accuracy: 0.9844	Loss: 0.036072
2022-01-10 14:11:00,927 - Train Epoch: 10 [7680.0/22831 (34%)]	lr:0.00153	Accuracy: 1.0000	Loss: 0.012030
2022-01-10 14:11:01,415 - Train Epoch: 10 [8000.0/22831 (35%)]	lr:0.00153	Accuracy: 0.9844	Loss: 0.116861
2022-01-10 14:11:01,905 - Train Epoch: 10 [8320.0/22831 (36%)]	lr:0.00153	Accuracy: 1.0000	Loss: 0.034011
2022-01-10 14:11:02,389 - Train Epoch: 10 [8640.0/22831 (38%)]	lr:0.00153	Accuracy: 1.0000	Loss: 0.018666
2022-01-10 14:11:02,892 - Train Epoch: 10 [8960.0/22831 (39%)]	lr:0.00153	Accuracy: 1.0000	Loss: 0.019873
2022-01-10 14:11:03,386 - Train Epoch: 10 [9280.0/22831 (41%)]	lr:0.00153	Accuracy: 1.0000	Loss: 0.016385
2022-01-10 14:11:03,880 - Train Epoch: 10 [9600.0/22831 (42%)]	lr:0.00152	Accuracy: 0.9844	Loss: 0.031207
2022-01-10 14:11:04,361 - Train Epoch: 10 [9920.0/22831 (43%)]	lr:0.00152	Accuracy: 1.0000	Loss: 0.017707
2022-01-10 14:11:04,852 - Train Epoch: 10 [10240.0/22831 (45%)]	lr:0.00152	Accuracy: 1.0000	Loss: 0.011928
2022-01-10 14:11:05,340 - Train Epoch: 10 [10560.0/22831 (46%)]	lr:0.00152	Accuracy: 0.9688	Loss: 0.122185
2022-01-10 14:11:05,835 - Train Epoch: 10 [10880.0/22831 (48%)]	lr:0.00152	Accuracy: 1.0000	Loss: 0.024193
2022-01-10 14:11:06,343 - Train Epoch: 10 [11200.0/22831 (49%)]	lr:0.00152	Accuracy: 1.0000	Loss: 0.025401
2022-01-10 14:11:06,835 - Train Epoch: 10 [11520.0/22831 (50%)]	lr:0.00152	Accuracy: 1.0000	Loss: 0.009109
2022-01-10 14:11:07,323 - Train Epoch: 10 [11840.0/22831 (52%)]	lr:0.00152	Accuracy: 0.9844	Loss: 0.091656
2022-01-10 14:11:07,810 - Train Epoch: 10 [12160.0/22831 (53%)]	lr:0.00151	Accuracy: 1.0000	Loss: 0.014926
2022-01-10 14:11:08,301 - Train Epoch: 10 [12480.0/22831 (55%)]	lr:0.00151	Accuracy: 0.9844	Loss: 0.076308
2022-01-10 14:11:08,795 - Train Epoch: 10 [12800.0/22831 (56%)]	lr:0.00151	Accuracy: 0.9844	Loss: 0.027699
2022-01-10 14:11:09,287 - Train Epoch: 10 [13120.0/22831 (57%)]	lr:0.00151	Accuracy: 1.0000	Loss: 0.013006
2022-01-10 14:11:09,782 - Train Epoch: 10 [13440.0/22831 (59%)]	lr:0.00151	Accuracy: 0.9531	Loss: 0.193020
2022-01-10 14:11:10,276 - Train Epoch: 10 [13760.0/22831 (60%)]	lr:0.00151	Accuracy: 1.0000	Loss: 0.024739
2022-01-10 14:11:10,769 - Train Epoch: 10 [14080.0/22831 (62%)]	lr:0.00151	Accuracy: 1.0000	Loss: 0.018419
2022-01-10 14:11:11,266 - Train Epoch: 10 [14400.0/22831 (63%)]	lr:0.00151	Accuracy: 1.0000	Loss: 0.036756
2022-01-10 14:11:11,759 - Train Epoch: 10 [14720.0/22831 (64%)]	lr:0.00151	Accuracy: 0.9844	Loss: 0.042214
2022-01-10 14:11:12,253 - Train Epoch: 10 [15040.0/22831 (66%)]	lr:0.00151	Accuracy: 0.9844	Loss: 0.065904
2022-01-10 14:11:12,742 - Train Epoch: 10 [15360.0/22831 (67%)]	lr:0.00150	Accuracy: 1.0000	Loss: 0.026801
2022-01-10 14:11:13,230 - Train Epoch: 10 [15680.0/22831 (69%)]	lr:0.00150	Accuracy: 0.9844	Loss: 0.049124
2022-01-10 14:11:13,723 - Train Epoch: 10 [16000.0/22831 (70%)]	lr:0.00150	Accuracy: 1.0000	Loss: 0.025368
2022-01-10 14:11:14,211 - Train Epoch: 10 [16320.0/22831 (71%)]	lr:0.00150	Accuracy: 0.9844	Loss: 0.079614
2022-01-10 14:11:14,692 - Train Epoch: 10 [16640.0/22831 (73%)]	lr:0.00150	Accuracy: 0.9844	Loss: 0.049659
2022-01-10 14:11:15,177 - Train Epoch: 10 [16960.0/22831 (74%)]	lr:0.00150	Accuracy: 0.9844	Loss: 0.038463
2022-01-10 14:11:15,663 - Train Epoch: 10 [17280.0/22831 (76%)]	lr:0.00150	Accuracy: 1.0000	Loss: 0.012240
2022-01-10 14:11:16,156 - Train Epoch: 10 [17600.0/22831 (77%)]	lr:0.00150	Accuracy: 1.0000	Loss: 0.015505
2022-01-10 14:11:16,646 - Train Epoch: 10 [17920.0/22831 (78%)]	lr:0.00150	Accuracy: 0.9844	Loss: 0.058934
2022-01-10 14:11:17,141 - Train Epoch: 10 [18240.0/22831 (80%)]	lr:0.00149	Accuracy: 0.9844	Loss: 0.033132
2022-01-10 14:11:17,626 - Train Epoch: 10 [18560.0/22831 (81%)]	lr:0.00149	Accuracy: 1.0000	Loss: 0.033126
2022-01-10 14:11:18,112 - Train Epoch: 10 [18880.0/22831 (83%)]	lr:0.00149	Accuracy: 1.0000	Loss: 0.031323
2022-01-10 14:11:18,606 - Train Epoch: 10 [19200.0/22831 (84%)]	lr:0.00149	Accuracy: 1.0000	Loss: 0.027872
2022-01-10 14:11:19,096 - Train Epoch: 10 [19520.0/22831 (85%)]	lr:0.00149	Accuracy: 1.0000	Loss: 0.023154
2022-01-10 14:11:19,596 - Train Epoch: 10 [19840.0/22831 (87%)]	lr:0.00149	Accuracy: 0.9844	Loss: 0.042473
2022-01-10 14:11:20,093 - Train Epoch: 10 [20160.0/22831 (88%)]	lr:0.00149	Accuracy: 0.9844	Loss: 0.047339
2022-01-10 14:11:20,575 - Train Epoch: 10 [20480.0/22831 (90%)]	lr:0.00149	Accuracy: 0.9844	Loss: 0.027783
2022-01-10 14:11:21,070 - Train Epoch: 10 [20800.0/22831 (91%)]	lr:0.00149	Accuracy: 1.0000	Loss: 0.014839
2022-01-10 14:11:21,572 - Train Epoch: 10 [21120.0/22831 (92%)]	lr:0.00148	Accuracy: 0.9844	Loss: 0.071216
2022-01-10 14:11:22,079 - Train Epoch: 10 [21440.0/22831 (94%)]	lr:0.00148	Accuracy: 0.9844	Loss: 0.035743
2022-01-10 14:11:22,570 - Train Epoch: 10 [21760.0/22831 (95%)]	lr:0.00148	Accuracy: 0.9844	Loss: 0.042171
2022-01-10 14:11:23,064 - Train Epoch: 10 [22080.0/22831 (97%)]	lr:0.00148	Accuracy: 0.9844	Loss: 0.074283
2022-01-10 14:11:23,570 - Train Epoch: 10 [22400.0/22831 (98%)]	lr:0.00148	Accuracy: 0.9844	Loss: 0.034493
2022-01-10 14:11:24,091 - Train Epoch: 10 [22720.0/22831 (99%)]	lr:0.00148	Accuracy: 0.9844	Loss: 0.034133
2022-01-10 14:11:24,168 - Starting Validation
2022-01-10 14:11:28,538 - ===> Validation set: Average loss: 0.0369	Accuracy: 0.9909

2022-01-10 14:11:28,538 - #### End epoch 10/10, elapsed time: 39.65429181599757
2022-01-10 14:11:28,538 - ===> loading best model for prediction
2022-01-10 14:11:28,541 - Starting Evaluation
2022-01-10 14:11:33,058 - ===> Final predictions done. Here is a snippet
2022-01-10 14:11:33,058 - ===> Evaluation set: Average loss: 0.0382	Accuracy: 0.9898

2022-01-10 14:11:33,058 - ################## Success #########################
2022-01-10 14:11:33,058 - Total elapsed time: 380.3451311379904
