2022-01-10 14:00:18,386 - ===> loading train, validation and eval dataset
2022-01-10 14:00:18,390 - ### Model summary below###
 SpkClassifier(
  (classifier): Sequential(
    (0): Linear(in_features=256, out_features=512, bias=True)
    (1): BatchNorm1d(512, eps=1e-05, momentum=0.1, affine=True, track_running_stats=True)
    (2): ReLU()
    (3): Linear(in_features=512, out_features=251, bias=True)
  )
)

2022-01-10 14:00:18,390 - ===> Model total parameter: 261371

2022-01-10 14:00:18,471 - Train Epoch: 1 [0.0/17123 (0%)]	lr:0.00025	Accuracy: 0.0000	Loss: 6.534339
2022-01-10 14:00:18,823 - Train Epoch: 1 [320.0/17123 (2%)]	lr:0.00150	Accuracy: 0.0156	Loss: 6.225685
2022-01-10 14:00:19,150 - Train Epoch: 1 [640.0/17123 (4%)]	lr:0.00275	Accuracy: 0.0156	Loss: 5.451687
2022-01-10 14:00:19,472 - Train Epoch: 1 [960.0/17123 (6%)]	lr:0.00400	Accuracy: 0.2500	Loss: 3.795333
2022-01-10 14:00:19,795 - Train Epoch: 1 [1280.0/17123 (7%)]	lr:0.00525	Accuracy: 0.3438	Loss: 2.857133
2022-01-10 14:00:20,119 - Train Epoch: 1 [1600.0/17123 (9%)]	lr:0.00650	Accuracy: 0.4688	Loss: 2.719055
2022-01-10 14:00:20,444 - Train Epoch: 1 [1920.0/17123 (11%)]	lr:0.00775	Accuracy: 0.5156	Loss: 1.855206
2022-01-10 14:00:20,767 - Train Epoch: 1 [2240.0/17123 (13%)]	lr:0.00900	Accuracy: 0.6406	Loss: 1.470094
2022-01-10 14:00:21,091 - Train Epoch: 1 [2560.0/17123 (15%)]	lr:0.01025	Accuracy: 0.6406	Loss: 1.376326
2022-01-10 14:00:21,415 - Train Epoch: 1 [2880.0/17123 (17%)]	lr:0.01150	Accuracy: 0.7031	Loss: 1.068802
2022-01-10 14:00:21,739 - Train Epoch: 1 [3200.0/17123 (19%)]	lr:0.01238	Accuracy: 0.7344	Loss: 0.972638
2022-01-10 14:00:22,069 - Train Epoch: 1 [3520.0/17123 (21%)]	lr:0.01181	Accuracy: 0.8594	Loss: 0.598589
2022-01-10 14:00:22,393 - Train Epoch: 1 [3840.0/17123 (22%)]	lr:0.01132	Accuracy: 0.7812	Loss: 0.868072
2022-01-10 14:00:22,719 - Train Epoch: 1 [4160.0/17123 (24%)]	lr:0.01088	Accuracy: 0.7969	Loss: 0.695597
2022-01-10 14:00:23,047 - Train Epoch: 1 [4480.0/17123 (26%)]	lr:0.01049	Accuracy: 0.7812	Loss: 0.852170
2022-01-10 14:00:23,376 - Train Epoch: 1 [4800.0/17123 (28%)]	lr:0.01014	Accuracy: 0.8281	Loss: 0.538335
2022-01-10 14:00:23,701 - Train Epoch: 1 [5120.0/17123 (30%)]	lr:0.00982	Accuracy: 0.8125	Loss: 0.659024
2022-01-10 14:00:24,028 - Train Epoch: 1 [5440.0/17123 (32%)]	lr:0.00953	Accuracy: 0.8906	Loss: 0.590977
2022-01-10 14:00:24,353 - Train Epoch: 1 [5760.0/17123 (34%)]	lr:0.00927	Accuracy: 0.8750	Loss: 0.550489
2022-01-10 14:00:24,678 - Train Epoch: 1 [6080.0/17123 (35%)]	lr:0.00902	Accuracy: 0.9062	Loss: 0.233478
2022-01-10 14:00:25,006 - Train Epoch: 1 [6400.0/17123 (37%)]	lr:0.00879	Accuracy: 0.9375	Loss: 0.297425
2022-01-10 14:00:25,332 - Train Epoch: 1 [6720.0/17123 (39%)]	lr:0.00859	Accuracy: 0.8594	Loss: 0.635419
2022-01-10 14:00:25,662 - Train Epoch: 1 [7040.0/17123 (41%)]	lr:0.00839	Accuracy: 0.8594	Loss: 0.467719
2022-01-10 14:00:25,987 - Train Epoch: 1 [7360.0/17123 (43%)]	lr:0.00821	Accuracy: 0.8125	Loss: 0.450767
2022-01-10 14:00:26,314 - Train Epoch: 1 [7680.0/17123 (45%)]	lr:0.00804	Accuracy: 0.8750	Loss: 0.288995
2022-01-10 14:00:26,639 - Train Epoch: 1 [8000.0/17123 (47%)]	lr:0.00787	Accuracy: 0.8906	Loss: 0.278737
2022-01-10 14:00:26,964 - Train Epoch: 1 [8320.0/17123 (49%)]	lr:0.00772	Accuracy: 0.8438	Loss: 0.403868
2022-01-10 14:00:27,288 - Train Epoch: 1 [8640.0/17123 (50%)]	lr:0.00758	Accuracy: 0.9844	Loss: 0.128093
2022-01-10 14:00:27,615 - Train Epoch: 1 [8960.0/17123 (52%)]	lr:0.00744	Accuracy: 0.9062	Loss: 0.306620
2022-01-10 14:00:27,940 - Train Epoch: 1 [9280.0/17123 (54%)]	lr:0.00732	Accuracy: 0.8750	Loss: 0.321810
2022-01-10 14:00:28,269 - Train Epoch: 1 [9600.0/17123 (56%)]	lr:0.00719	Accuracy: 0.8750	Loss: 0.427083
2022-01-10 14:00:28,595 - Train Epoch: 1 [9920.0/17123 (58%)]	lr:0.00708	Accuracy: 0.9375	Loss: 0.288227
2022-01-10 14:00:28,921 - Train Epoch: 1 [10240.0/17123 (60%)]	lr:0.00697	Accuracy: 0.9531	Loss: 0.182322
2022-01-10 14:00:29,249 - Train Epoch: 1 [10560.0/17123 (62%)]	lr:0.00686	Accuracy: 0.9375	Loss: 0.193059
2022-01-10 14:00:29,574 - Train Epoch: 1 [10880.0/17123 (63%)]	lr:0.00676	Accuracy: 0.9375	Loss: 0.168578
2022-01-10 14:00:29,900 - Train Epoch: 1 [11200.0/17123 (65%)]	lr:0.00666	Accuracy: 0.9062	Loss: 0.280285
2022-01-10 14:00:30,229 - Train Epoch: 1 [11520.0/17123 (67%)]	lr:0.00657	Accuracy: 0.9688	Loss: 0.186148
2022-01-10 14:00:30,555 - Train Epoch: 1 [11840.0/17123 (69%)]	lr:0.00648	Accuracy: 0.9688	Loss: 0.187181
2022-01-10 14:00:30,883 - Train Epoch: 1 [12160.0/17123 (71%)]	lr:0.00640	Accuracy: 0.9688	Loss: 0.113432
2022-01-10 14:00:31,210 - Train Epoch: 1 [12480.0/17123 (73%)]	lr:0.00631	Accuracy: 0.8594	Loss: 0.410953
2022-01-10 14:00:31,536 - Train Epoch: 1 [12800.0/17123 (75%)]	lr:0.00623	Accuracy: 0.9688	Loss: 0.140811
2022-01-10 14:00:31,863 - Train Epoch: 1 [13120.0/17123 (76%)]	lr:0.00616	Accuracy: 0.9688	Loss: 0.114423
2022-01-10 14:00:32,192 - Train Epoch: 1 [13440.0/17123 (78%)]	lr:0.00608	Accuracy: 0.9531	Loss: 0.170266
2022-01-10 14:00:32,518 - Train Epoch: 1 [13760.0/17123 (80%)]	lr:0.00601	Accuracy: 0.9531	Loss: 0.178071
2022-01-10 14:00:32,844 - Train Epoch: 1 [14080.0/17123 (82%)]	lr:0.00595	Accuracy: 0.9062	Loss: 0.266170
2022-01-10 14:00:33,171 - Train Epoch: 1 [14400.0/17123 (84%)]	lr:0.00588	Accuracy: 0.9375	Loss: 0.195794
2022-01-10 14:00:33,498 - Train Epoch: 1 [14720.0/17123 (86%)]	lr:0.00582	Accuracy: 0.9375	Loss: 0.163573
2022-01-10 14:00:33,824 - Train Epoch: 1 [15040.0/17123 (88%)]	lr:0.00575	Accuracy: 0.9219	Loss: 0.321351
2022-01-10 14:00:34,150 - Train Epoch: 1 [15360.0/17123 (90%)]	lr:0.00569	Accuracy: 0.9531	Loss: 0.224050
2022-01-10 14:00:34,476 - Train Epoch: 1 [15680.0/17123 (91%)]	lr:0.00564	Accuracy: 0.9844	Loss: 0.110475
2022-01-10 14:00:34,803 - Train Epoch: 1 [16000.0/17123 (93%)]	lr:0.00558	Accuracy: 0.9219	Loss: 0.355889
2022-01-10 14:00:35,130 - Train Epoch: 1 [16320.0/17123 (95%)]	lr:0.00552	Accuracy: 0.9844	Loss: 0.105625
2022-01-10 14:00:35,458 - Train Epoch: 1 [16640.0/17123 (97%)]	lr:0.00547	Accuracy: 0.9375	Loss: 0.206080
2022-01-10 14:00:35,784 - Train Epoch: 1 [16960.0/17123 (99%)]	lr:0.00542	Accuracy: 0.9688	Loss: 0.104523
2022-01-10 14:00:35,891 - Starting Validation
2022-01-10 14:00:41,585 - ===> Validation set: Average loss: 0.1274	Accuracy: 0.9671

2022-01-10 14:00:41,587 - Snapshot saved to snapshot/cdc/cdc-2022-01-10_14_00_16-model_best.pth

2022-01-10 14:00:41,587 - #### End epoch 1/60, elapsed time: 23.19663679000223
2022-01-10 14:00:41,654 - Train Epoch: 2 [0.0/17123 (0%)]	lr:0.00539	Accuracy: 0.9844	Loss: 0.077037
2022-01-10 14:00:41,982 - Train Epoch: 2 [320.0/17123 (2%)]	lr:0.00534	Accuracy: 1.0000	Loss: 0.092644
2022-01-10 14:00:42,309 - Train Epoch: 2 [640.0/17123 (4%)]	lr:0.00529	Accuracy: 0.9688	Loss: 0.119681
2022-01-10 14:00:42,638 - Train Epoch: 2 [960.0/17123 (6%)]	lr:0.00524	Accuracy: 0.9688	Loss: 0.096609
2022-01-10 14:00:42,966 - Train Epoch: 2 [1280.0/17123 (7%)]	lr:0.00520	Accuracy: 1.0000	Loss: 0.084829
2022-01-10 14:00:43,294 - Train Epoch: 2 [1600.0/17123 (9%)]	lr:0.00515	Accuracy: 0.9688	Loss: 0.129259
2022-01-10 14:00:43,624 - Train Epoch: 2 [1920.0/17123 (11%)]	lr:0.00511	Accuracy: 0.9844	Loss: 0.121903
2022-01-10 14:00:43,953 - Train Epoch: 2 [2240.0/17123 (13%)]	lr:0.00507	Accuracy: 1.0000	Loss: 0.032707
2022-01-10 14:00:44,281 - Train Epoch: 2 [2560.0/17123 (15%)]	lr:0.00503	Accuracy: 0.9688	Loss: 0.093565
2022-01-10 14:00:44,614 - Train Epoch: 2 [2880.0/17123 (17%)]	lr:0.00499	Accuracy: 0.9219	Loss: 0.273138
2022-01-10 14:00:44,945 - Train Epoch: 2 [3200.0/17123 (19%)]	lr:0.00495	Accuracy: 0.9531	Loss: 0.154523
2022-01-10 14:00:45,272 - Train Epoch: 2 [3520.0/17123 (21%)]	lr:0.00491	Accuracy: 0.9688	Loss: 0.101794
2022-01-10 14:00:45,606 - Train Epoch: 2 [3840.0/17123 (22%)]	lr:0.00487	Accuracy: 0.9375	Loss: 0.251486
2022-01-10 14:00:45,937 - Train Epoch: 2 [4160.0/17123 (24%)]	lr:0.00484	Accuracy: 0.9688	Loss: 0.051517
2022-01-10 14:00:46,267 - Train Epoch: 2 [4480.0/17123 (26%)]	lr:0.00480	Accuracy: 0.9531	Loss: 0.207163
2022-01-10 14:00:46,599 - Train Epoch: 2 [4800.0/17123 (28%)]	lr:0.00477	Accuracy: 0.9688	Loss: 0.125910
2022-01-10 14:00:46,928 - Train Epoch: 2 [5120.0/17123 (30%)]	lr:0.00473	Accuracy: 0.9531	Loss: 0.198045
2022-01-10 14:00:47,258 - Train Epoch: 2 [5440.0/17123 (32%)]	lr:0.00470	Accuracy: 1.0000	Loss: 0.066526
2022-01-10 14:00:47,612 - Train Epoch: 2 [5760.0/17123 (34%)]	lr:0.00466	Accuracy: 0.9688	Loss: 0.093965
2022-01-10 14:00:47,948 - Train Epoch: 2 [6080.0/17123 (35%)]	lr:0.00463	Accuracy: 0.9688	Loss: 0.079703
2022-01-10 14:00:48,277 - Train Epoch: 2 [6400.0/17123 (37%)]	lr:0.00460	Accuracy: 0.9375	Loss: 0.218862
2022-01-10 14:00:48,608 - Train Epoch: 2 [6720.0/17123 (39%)]	lr:0.00457	Accuracy: 1.0000	Loss: 0.018428
2022-01-10 14:00:48,937 - Train Epoch: 2 [7040.0/17123 (41%)]	lr:0.00454	Accuracy: 0.9844	Loss: 0.062282
2022-01-10 14:00:49,268 - Train Epoch: 2 [7360.0/17123 (43%)]	lr:0.00451	Accuracy: 0.9531	Loss: 0.104095
2022-01-10 14:00:49,599 - Train Epoch: 2 [7680.0/17123 (45%)]	lr:0.00448	Accuracy: 0.9531	Loss: 0.144688
2022-01-10 14:00:49,930 - Train Epoch: 2 [8000.0/17123 (47%)]	lr:0.00445	Accuracy: 0.9531	Loss: 0.109580
2022-01-10 14:00:50,258 - Train Epoch: 2 [8320.0/17123 (49%)]	lr:0.00442	Accuracy: 0.9531	Loss: 0.182933
2022-01-10 14:00:50,589 - Train Epoch: 2 [8640.0/17123 (50%)]	lr:0.00440	Accuracy: 1.0000	Loss: 0.077446
2022-01-10 14:00:50,916 - Train Epoch: 2 [8960.0/17123 (52%)]	lr:0.00437	Accuracy: 0.9844	Loss: 0.096553
2022-01-10 14:00:51,247 - Train Epoch: 2 [9280.0/17123 (54%)]	lr:0.00434	Accuracy: 0.9531	Loss: 0.154249
2022-01-10 14:00:51,579 - Train Epoch: 2 [9600.0/17123 (56%)]	lr:0.00432	Accuracy: 0.9844	Loss: 0.055303
2022-01-10 14:00:51,908 - Train Epoch: 2 [9920.0/17123 (58%)]	lr:0.00429	Accuracy: 1.0000	Loss: 0.069824
2022-01-10 14:00:52,239 - Train Epoch: 2 [10240.0/17123 (60%)]	lr:0.00427	Accuracy: 0.9688	Loss: 0.096089
2022-01-10 14:00:52,568 - Train Epoch: 2 [10560.0/17123 (62%)]	lr:0.00424	Accuracy: 0.9844	Loss: 0.069084
2022-01-10 14:00:52,898 - Train Epoch: 2 [10880.0/17123 (63%)]	lr:0.00422	Accuracy: 0.9688	Loss: 0.122150
2022-01-10 14:00:53,227 - Train Epoch: 2 [11200.0/17123 (65%)]	lr:0.00419	Accuracy: 1.0000	Loss: 0.035191
2022-01-10 14:00:53,558 - Train Epoch: 2 [11520.0/17123 (67%)]	lr:0.00417	Accuracy: 0.9844	Loss: 0.069805
2022-01-10 14:00:53,890 - Train Epoch: 2 [11840.0/17123 (69%)]	lr:0.00415	Accuracy: 0.9844	Loss: 0.076328
2022-01-10 14:00:54,221 - Train Epoch: 2 [12160.0/17123 (71%)]	lr:0.00413	Accuracy: 0.9688	Loss: 0.150540
2022-01-10 14:00:54,550 - Train Epoch: 2 [12480.0/17123 (73%)]	lr:0.00410	Accuracy: 0.9844	Loss: 0.061637
2022-01-10 14:00:54,881 - Train Epoch: 2 [12800.0/17123 (75%)]	lr:0.00408	Accuracy: 0.9375	Loss: 0.160441
2022-01-10 14:00:55,213 - Train Epoch: 2 [13120.0/17123 (76%)]	lr:0.00406	Accuracy: 1.0000	Loss: 0.034176
2022-01-10 14:00:55,543 - Train Epoch: 2 [13440.0/17123 (78%)]	lr:0.00404	Accuracy: 1.0000	Loss: 0.059792
2022-01-10 14:00:55,879 - Train Epoch: 2 [13760.0/17123 (80%)]	lr:0.00402	Accuracy: 1.0000	Loss: 0.048921
2022-01-10 14:00:56,208 - Train Epoch: 2 [14080.0/17123 (82%)]	lr:0.00400	Accuracy: 1.0000	Loss: 0.022630
2022-01-10 14:00:56,541 - Train Epoch: 2 [14400.0/17123 (84%)]	lr:0.00398	Accuracy: 0.9844	Loss: 0.085706
2022-01-10 14:00:56,874 - Train Epoch: 2 [14720.0/17123 (86%)]	lr:0.00396	Accuracy: 0.9688	Loss: 0.110144
2022-01-10 14:00:57,207 - Train Epoch: 2 [15040.0/17123 (88%)]	lr:0.00394	Accuracy: 0.9531	Loss: 0.221764
2022-01-10 14:00:57,537 - Train Epoch: 2 [15360.0/17123 (90%)]	lr:0.00392	Accuracy: 0.9531	Loss: 0.117949
2022-01-10 14:00:57,871 - Train Epoch: 2 [15680.0/17123 (91%)]	lr:0.00390	Accuracy: 0.9531	Loss: 0.214504
2022-01-10 14:00:58,203 - Train Epoch: 2 [16000.0/17123 (93%)]	lr:0.00388	Accuracy: 0.9531	Loss: 0.118508
2022-01-10 14:00:58,534 - Train Epoch: 2 [16320.0/17123 (95%)]	lr:0.00386	Accuracy: 0.9844	Loss: 0.048977
2022-01-10 14:00:58,866 - Train Epoch: 2 [16640.0/17123 (97%)]	lr:0.00384	Accuracy: 0.9844	Loss: 0.057954
2022-01-10 14:00:59,197 - Train Epoch: 2 [16960.0/17123 (99%)]	lr:0.00382	Accuracy: 0.9844	Loss: 0.041887
2022-01-10 14:00:59,305 - Starting Validation
2022-01-10 14:01:05,052 - ===> Validation set: Average loss: 0.0804	Accuracy: 0.9779

2022-01-10 14:01:05,054 - Snapshot saved to snapshot/cdc/cdc-2022-01-10_14_00_16-model_best.pth

2022-01-10 14:01:05,054 - #### End epoch 2/60, elapsed time: 23.467093282961287
2022-01-10 14:01:05,122 - Train Epoch: 3 [0.0/17123 (0%)]	lr:0.00381	Accuracy: 0.9844	Loss: 0.078661
2022-01-10 14:01:05,454 - Train Epoch: 3 [320.0/17123 (2%)]	lr:0.00380	Accuracy: 1.0000	Loss: 0.052689
2022-01-10 14:01:05,784 - Train Epoch: 3 [640.0/17123 (4%)]	lr:0.00378	Accuracy: 1.0000	Loss: 0.016810
2022-01-10 14:01:06,118 - Train Epoch: 3 [960.0/17123 (6%)]	lr:0.00376	Accuracy: 0.9688	Loss: 0.113725
2022-01-10 14:01:06,449 - Train Epoch: 3 [1280.0/17123 (7%)]	lr:0.00375	Accuracy: 0.9844	Loss: 0.063403
2022-01-10 14:01:06,780 - Train Epoch: 3 [1600.0/17123 (9%)]	lr:0.00373	Accuracy: 0.9688	Loss: 0.083778
2022-01-10 14:01:07,113 - Train Epoch: 3 [1920.0/17123 (11%)]	lr:0.00371	Accuracy: 0.9688	Loss: 0.054487
2022-01-10 14:01:07,444 - Train Epoch: 3 [2240.0/17123 (13%)]	lr:0.00370	Accuracy: 0.9688	Loss: 0.098060
2022-01-10 14:01:07,775 - Train Epoch: 3 [2560.0/17123 (15%)]	lr:0.00368	Accuracy: 1.0000	Loss: 0.044077
2022-01-10 14:01:08,108 - Train Epoch: 3 [2880.0/17123 (17%)]	lr:0.00366	Accuracy: 0.9688	Loss: 0.094069
2022-01-10 14:01:08,438 - Train Epoch: 3 [3200.0/17123 (19%)]	lr:0.00365	Accuracy: 0.9688	Loss: 0.084560
2022-01-10 14:01:08,768 - Train Epoch: 3 [3520.0/17123 (21%)]	lr:0.00363	Accuracy: 0.9844	Loss: 0.094124
2022-01-10 14:01:09,099 - Train Epoch: 3 [3840.0/17123 (22%)]	lr:0.00362	Accuracy: 0.9375	Loss: 0.128686
2022-01-10 14:01:09,430 - Train Epoch: 3 [4160.0/17123 (24%)]	lr:0.00360	Accuracy: 0.9844	Loss: 0.071493
2022-01-10 14:01:09,759 - Train Epoch: 3 [4480.0/17123 (26%)]	lr:0.00359	Accuracy: 1.0000	Loss: 0.044189
2022-01-10 14:01:10,089 - Train Epoch: 3 [4800.0/17123 (28%)]	lr:0.00357	Accuracy: 1.0000	Loss: 0.038870
2022-01-10 14:01:10,416 - Train Epoch: 3 [5120.0/17123 (30%)]	lr:0.00356	Accuracy: 0.9844	Loss: 0.051298
2022-01-10 14:01:10,750 - Train Epoch: 3 [5440.0/17123 (32%)]	lr:0.00354	Accuracy: 0.9688	Loss: 0.099750
2022-01-10 14:01:11,081 - Train Epoch: 3 [5760.0/17123 (34%)]	lr:0.00353	Accuracy: 0.9844	Loss: 0.062243
2022-01-10 14:01:11,411 - Train Epoch: 3 [6080.0/17123 (35%)]	lr:0.00352	Accuracy: 0.9531	Loss: 0.175869
2022-01-10 14:01:11,742 - Train Epoch: 3 [6400.0/17123 (37%)]	lr:0.00350	Accuracy: 0.9688	Loss: 0.086970
2022-01-10 14:01:12,073 - Train Epoch: 3 [6720.0/17123 (39%)]	lr:0.00349	Accuracy: 0.9844	Loss: 0.059690
2022-01-10 14:01:12,405 - Train Epoch: 3 [7040.0/17123 (41%)]	lr:0.00347	Accuracy: 0.9531	Loss: 0.119707
2022-01-10 14:01:12,736 - Train Epoch: 3 [7360.0/17123 (43%)]	lr:0.00346	Accuracy: 0.9844	Loss: 0.053442
2022-01-10 14:01:13,065 - Train Epoch: 3 [7680.0/17123 (45%)]	lr:0.00345	Accuracy: 0.9688	Loss: 0.087306
2022-01-10 14:01:13,399 - Train Epoch: 3 [8000.0/17123 (47%)]	lr:0.00344	Accuracy: 1.0000	Loss: 0.008484
2022-01-10 14:01:13,729 - Train Epoch: 3 [8320.0/17123 (49%)]	lr:0.00342	Accuracy: 0.9531	Loss: 0.117157
2022-01-10 14:01:14,059 - Train Epoch: 3 [8640.0/17123 (50%)]	lr:0.00341	Accuracy: 0.9688	Loss: 0.116916
2022-01-10 14:01:14,391 - Train Epoch: 3 [8960.0/17123 (52%)]	lr:0.00340	Accuracy: 1.0000	Loss: 0.033210
2022-01-10 14:01:14,722 - Train Epoch: 3 [9280.0/17123 (54%)]	lr:0.00338	Accuracy: 1.0000	Loss: 0.022631
2022-01-10 14:01:15,052 - Train Epoch: 3 [9600.0/17123 (56%)]	lr:0.00337	Accuracy: 1.0000	Loss: 0.044223
2022-01-10 14:01:15,385 - Train Epoch: 3 [9920.0/17123 (58%)]	lr:0.00336	Accuracy: 0.9844	Loss: 0.054698
2022-01-10 14:01:15,716 - Train Epoch: 3 [10240.0/17123 (60%)]	lr:0.00335	Accuracy: 0.9531	Loss: 0.110357
2022-01-10 14:01:16,046 - Train Epoch: 3 [10560.0/17123 (62%)]	lr:0.00334	Accuracy: 1.0000	Loss: 0.021046
2022-01-10 14:01:16,379 - Train Epoch: 3 [10880.0/17123 (63%)]	lr:0.00332	Accuracy: 0.9844	Loss: 0.034412
2022-01-10 14:01:16,710 - Train Epoch: 3 [11200.0/17123 (65%)]	lr:0.00331	Accuracy: 0.9688	Loss: 0.091237
2022-01-10 14:01:17,040 - Train Epoch: 3 [11520.0/17123 (67%)]	lr:0.00330	Accuracy: 0.9688	Loss: 0.080512
2022-01-10 14:01:17,372 - Train Epoch: 3 [11840.0/17123 (69%)]	lr:0.00329	Accuracy: 0.9844	Loss: 0.046449
2022-01-10 14:01:17,702 - Train Epoch: 3 [12160.0/17123 (71%)]	lr:0.00328	Accuracy: 0.9688	Loss: 0.068142
2022-01-10 14:01:18,033 - Train Epoch: 3 [12480.0/17123 (73%)]	lr:0.00327	Accuracy: 0.9844	Loss: 0.082012
2022-01-10 14:01:18,364 - Train Epoch: 3 [12800.0/17123 (75%)]	lr:0.00326	Accuracy: 0.9844	Loss: 0.114105
2022-01-10 14:01:18,696 - Train Epoch: 3 [13120.0/17123 (76%)]	lr:0.00324	Accuracy: 1.0000	Loss: 0.031396
2022-01-10 14:01:19,026 - Train Epoch: 3 [13440.0/17123 (78%)]	lr:0.00323	Accuracy: 0.9844	Loss: 0.104366
2022-01-10 14:01:19,357 - Train Epoch: 3 [13760.0/17123 (80%)]	lr:0.00322	Accuracy: 0.9844	Loss: 0.064937
2022-01-10 14:01:19,685 - Train Epoch: 3 [14080.0/17123 (82%)]	lr:0.00321	Accuracy: 1.0000	Loss: 0.031621
2022-01-10 14:01:20,016 - Train Epoch: 3 [14400.0/17123 (84%)]	lr:0.00320	Accuracy: 0.9844	Loss: 0.127964
2022-01-10 14:01:20,347 - Train Epoch: 3 [14720.0/17123 (86%)]	lr:0.00319	Accuracy: 0.9844	Loss: 0.083827
2022-01-10 14:01:20,675 - Train Epoch: 3 [15040.0/17123 (88%)]	lr:0.00318	Accuracy: 0.9844	Loss: 0.060003
2022-01-10 14:01:21,005 - Train Epoch: 3 [15360.0/17123 (90%)]	lr:0.00317	Accuracy: 0.9531	Loss: 0.165186
2022-01-10 14:01:21,336 - Train Epoch: 3 [15680.0/17123 (91%)]	lr:0.00316	Accuracy: 1.0000	Loss: 0.061597
2022-01-10 14:01:21,667 - Train Epoch: 3 [16000.0/17123 (93%)]	lr:0.00315	Accuracy: 0.9844	Loss: 0.097673
2022-01-10 14:01:21,998 - Train Epoch: 3 [16320.0/17123 (95%)]	lr:0.00314	Accuracy: 1.0000	Loss: 0.024634
2022-01-10 14:01:22,329 - Train Epoch: 3 [16640.0/17123 (97%)]	lr:0.00313	Accuracy: 0.9844	Loss: 0.047503
2022-01-10 14:01:22,661 - Train Epoch: 3 [16960.0/17123 (99%)]	lr:0.00312	Accuracy: 0.9844	Loss: 0.054011
2022-01-10 14:01:22,769 - Starting Validation
2022-01-10 14:01:28,516 - ===> Validation set: Average loss: 0.0623	Accuracy: 0.9841

2022-01-10 14:01:28,517 - Snapshot saved to snapshot/cdc/cdc-2022-01-10_14_00_16-model_best.pth

2022-01-10 14:01:28,517 - #### End epoch 3/60, elapsed time: 23.463588220998645
2022-01-10 14:01:28,587 - Train Epoch: 4 [0.0/17123 (0%)]	lr:0.00312	Accuracy: 0.9688	Loss: 0.110112
2022-01-10 14:01:28,920 - Train Epoch: 4 [320.0/17123 (2%)]	lr:0.00311	Accuracy: 1.0000	Loss: 0.042583
2022-01-10 14:01:29,252 - Train Epoch: 4 [640.0/17123 (4%)]	lr:0.00310	Accuracy: 0.9688	Loss: 0.084219
2022-01-10 14:01:29,584 - Train Epoch: 4 [960.0/17123 (6%)]	lr:0.00309	Accuracy: 1.0000	Loss: 0.031869
2022-01-10 14:01:29,914 - Train Epoch: 4 [1280.0/17123 (7%)]	lr:0.00308	Accuracy: 1.0000	Loss: 0.028948
2022-01-10 14:01:30,246 - Train Epoch: 4 [1600.0/17123 (9%)]	lr:0.00307	Accuracy: 1.0000	Loss: 0.007274
2022-01-10 14:01:30,576 - Train Epoch: 4 [1920.0/17123 (11%)]	lr:0.00306	Accuracy: 0.9844	Loss: 0.055955
2022-01-10 14:01:30,909 - Train Epoch: 4 [2240.0/17123 (13%)]	lr:0.00305	Accuracy: 1.0000	Loss: 0.034257
2022-01-10 14:01:31,241 - Train Epoch: 4 [2560.0/17123 (15%)]	lr:0.00304	Accuracy: 0.9688	Loss: 0.113215
2022-01-10 14:01:31,574 - Train Epoch: 4 [2880.0/17123 (17%)]	lr:0.00303	Accuracy: 1.0000	Loss: 0.030935
2022-01-10 14:01:31,905 - Train Epoch: 4 [3200.0/17123 (19%)]	lr:0.00302	Accuracy: 0.9844	Loss: 0.034893
2022-01-10 14:01:32,236 - Train Epoch: 4 [3520.0/17123 (21%)]	lr:0.00301	Accuracy: 1.0000	Loss: 0.043128
2022-01-10 14:01:32,568 - Train Epoch: 4 [3840.0/17123 (22%)]	lr:0.00301	Accuracy: 1.0000	Loss: 0.023761
2022-01-10 14:01:32,901 - Train Epoch: 4 [4160.0/17123 (24%)]	lr:0.00300	Accuracy: 0.9531	Loss: 0.105644
2022-01-10 14:01:33,232 - Train Epoch: 4 [4480.0/17123 (26%)]	lr:0.00299	Accuracy: 1.0000	Loss: 0.027822
2022-01-10 14:01:33,564 - Train Epoch: 4 [4800.0/17123 (28%)]	lr:0.00298	Accuracy: 1.0000	Loss: 0.020991
2022-01-10 14:01:33,897 - Train Epoch: 4 [5120.0/17123 (30%)]	lr:0.00297	Accuracy: 0.9531	Loss: 0.095613
2022-01-10 14:01:34,229 - Train Epoch: 4 [5440.0/17123 (32%)]	lr:0.00296	Accuracy: 1.0000	Loss: 0.023848
2022-01-10 14:01:34,560 - Train Epoch: 4 [5760.0/17123 (34%)]	lr:0.00295	Accuracy: 0.9688	Loss: 0.129204
2022-01-10 14:01:34,895 - Train Epoch: 4 [6080.0/17123 (35%)]	lr:0.00295	Accuracy: 0.9844	Loss: 0.070067
2022-01-10 14:01:35,227 - Train Epoch: 4 [6400.0/17123 (37%)]	lr:0.00294	Accuracy: 0.9688	Loss: 0.136343
2022-01-10 14:01:35,558 - Train Epoch: 4 [6720.0/17123 (39%)]	lr:0.00293	Accuracy: 0.9688	Loss: 0.125552
2022-01-10 14:01:35,891 - Train Epoch: 4 [7040.0/17123 (41%)]	lr:0.00292	Accuracy: 1.0000	Loss: 0.039738
2022-01-10 14:01:36,222 - Train Epoch: 4 [7360.0/17123 (43%)]	lr:0.00291	Accuracy: 0.9844	Loss: 0.056812
2022-01-10 14:01:36,553 - Train Epoch: 4 [7680.0/17123 (45%)]	lr:0.00291	Accuracy: 1.0000	Loss: 0.024629
2022-01-10 14:01:36,885 - Train Epoch: 4 [8000.0/17123 (47%)]	lr:0.00290	Accuracy: 0.9844	Loss: 0.056983
2022-01-10 14:01:37,217 - Train Epoch: 4 [8320.0/17123 (49%)]	lr:0.00289	Accuracy: 0.9844	Loss: 0.040065
2022-01-10 14:01:37,549 - Train Epoch: 4 [8640.0/17123 (50%)]	lr:0.00288	Accuracy: 1.0000	Loss: 0.064619
2022-01-10 14:01:37,882 - Train Epoch: 4 [8960.0/17123 (52%)]	lr:0.00288	Accuracy: 0.9844	Loss: 0.037278
2022-01-10 14:01:38,215 - Train Epoch: 4 [9280.0/17123 (54%)]	lr:0.00287	Accuracy: 0.9844	Loss: 0.033436
2022-01-10 14:01:38,547 - Train Epoch: 4 [9600.0/17123 (56%)]	lr:0.00286	Accuracy: 0.9844	Loss: 0.045056
2022-01-10 14:01:38,882 - Train Epoch: 4 [9920.0/17123 (58%)]	lr:0.00285	Accuracy: 1.0000	Loss: 0.033371
2022-01-10 14:01:39,215 - Train Epoch: 4 [10240.0/17123 (60%)]	lr:0.00285	Accuracy: 0.9531	Loss: 0.073060
2022-01-10 14:01:39,547 - Train Epoch: 4 [10560.0/17123 (62%)]	lr:0.00284	Accuracy: 1.0000	Loss: 0.053031
2022-01-10 14:01:39,880 - Train Epoch: 4 [10880.0/17123 (63%)]	lr:0.00283	Accuracy: 1.0000	Loss: 0.018301
2022-01-10 14:01:40,211 - Train Epoch: 4 [11200.0/17123 (65%)]	lr:0.00282	Accuracy: 1.0000	Loss: 0.040442
2022-01-10 14:01:40,544 - Train Epoch: 4 [11520.0/17123 (67%)]	lr:0.00282	Accuracy: 1.0000	Loss: 0.043985
2022-01-10 14:01:40,876 - Train Epoch: 4 [11840.0/17123 (69%)]	lr:0.00281	Accuracy: 0.9688	Loss: 0.060541
2022-01-10 14:01:41,207 - Train Epoch: 4 [12160.0/17123 (71%)]	lr:0.00280	Accuracy: 1.0000	Loss: 0.025903
2022-01-10 14:01:41,540 - Train Epoch: 4 [12480.0/17123 (73%)]	lr:0.00280	Accuracy: 0.9844	Loss: 0.072782
2022-01-10 14:01:41,871 - Train Epoch: 4 [12800.0/17123 (75%)]	lr:0.00279	Accuracy: 0.9844	Loss: 0.040397
2022-01-10 14:01:42,202 - Train Epoch: 4 [13120.0/17123 (76%)]	lr:0.00278	Accuracy: 1.0000	Loss: 0.040024
2022-01-10 14:01:42,533 - Train Epoch: 4 [13440.0/17123 (78%)]	lr:0.00277	Accuracy: 0.9844	Loss: 0.056329
2022-01-10 14:01:42,863 - Train Epoch: 4 [13760.0/17123 (80%)]	lr:0.00277	Accuracy: 1.0000	Loss: 0.041403
2022-01-10 14:01:43,196 - Train Epoch: 4 [14080.0/17123 (82%)]	lr:0.00276	Accuracy: 0.9688	Loss: 0.087620
2022-01-10 14:01:43,526 - Train Epoch: 4 [14400.0/17123 (84%)]	lr:0.00275	Accuracy: 1.0000	Loss: 0.019494
2022-01-10 14:01:43,856 - Train Epoch: 4 [14720.0/17123 (86%)]	lr:0.00275	Accuracy: 0.9844	Loss: 0.044375
2022-01-10 14:01:44,189 - Train Epoch: 4 [15040.0/17123 (88%)]	lr:0.00274	Accuracy: 0.9844	Loss: 0.100650
2022-01-10 14:01:44,519 - Train Epoch: 4 [15360.0/17123 (90%)]	lr:0.00273	Accuracy: 0.9688	Loss: 0.137788
2022-01-10 14:01:44,851 - Train Epoch: 4 [15680.0/17123 (91%)]	lr:0.00273	Accuracy: 1.0000	Loss: 0.038410
2022-01-10 14:01:45,182 - Train Epoch: 4 [16000.0/17123 (93%)]	lr:0.00272	Accuracy: 1.0000	Loss: 0.046545
2022-01-10 14:01:45,512 - Train Epoch: 4 [16320.0/17123 (95%)]	lr:0.00271	Accuracy: 1.0000	Loss: 0.015916
2022-01-10 14:01:45,842 - Train Epoch: 4 [16640.0/17123 (97%)]	lr:0.00271	Accuracy: 0.9375	Loss: 0.220927
2022-01-10 14:01:46,176 - Train Epoch: 4 [16960.0/17123 (99%)]	lr:0.00270	Accuracy: 0.9844	Loss: 0.042718
2022-01-10 14:01:46,283 - Starting Validation
2022-01-10 14:01:52,019 - ===> Validation set: Average loss: 0.0562	Accuracy: 0.9872

2022-01-10 14:01:52,020 - Snapshot saved to snapshot/cdc/cdc-2022-01-10_14_00_16-model_best.pth

2022-01-10 14:01:52,020 - #### End epoch 4/60, elapsed time: 23.503011244989466
2022-01-10 14:01:52,088 - Train Epoch: 5 [0.0/17123 (0%)]	lr:0.00270	Accuracy: 0.9688	Loss: 0.062698
2022-01-10 14:01:52,422 - Train Epoch: 5 [320.0/17123 (2%)]	lr:0.00269	Accuracy: 0.9844	Loss: 0.060757
2022-01-10 14:01:52,753 - Train Epoch: 5 [640.0/17123 (4%)]	lr:0.00269	Accuracy: 1.0000	Loss: 0.023168
2022-01-10 14:01:53,083 - Train Epoch: 5 [960.0/17123 (6%)]	lr:0.00268	Accuracy: 0.9844	Loss: 0.054737
2022-01-10 14:01:53,414 - Train Epoch: 5 [1280.0/17123 (7%)]	lr:0.00267	Accuracy: 0.9844	Loss: 0.038459
2022-01-10 14:01:53,744 - Train Epoch: 5 [1600.0/17123 (9%)]	lr:0.00267	Accuracy: 0.9844	Loss: 0.039423
2022-01-10 14:01:54,075 - Train Epoch: 5 [1920.0/17123 (11%)]	lr:0.00266	Accuracy: 0.9688	Loss: 0.090894
2022-01-10 14:01:54,407 - Train Epoch: 5 [2240.0/17123 (13%)]	lr:0.00266	Accuracy: 0.9688	Loss: 0.102431
2022-01-10 14:01:54,738 - Train Epoch: 5 [2560.0/17123 (15%)]	lr:0.00265	Accuracy: 1.0000	Loss: 0.041247
2022-01-10 14:01:55,069 - Train Epoch: 5 [2880.0/17123 (17%)]	lr:0.00264	Accuracy: 1.0000	Loss: 0.037564
2022-01-10 14:01:55,399 - Train Epoch: 5 [3200.0/17123 (19%)]	lr:0.00264	Accuracy: 0.9844	Loss: 0.057633
2022-01-10 14:01:55,729 - Train Epoch: 5 [3520.0/17123 (21%)]	lr:0.00263	Accuracy: 1.0000	Loss: 0.030114
2022-01-10 14:01:56,061 - Train Epoch: 5 [3840.0/17123 (22%)]	lr:0.00263	Accuracy: 1.0000	Loss: 0.021266
2022-01-10 14:01:56,393 - Train Epoch: 5 [4160.0/17123 (24%)]	lr:0.00262	Accuracy: 0.9688	Loss: 0.059373
2022-01-10 14:01:56,724 - Train Epoch: 5 [4480.0/17123 (26%)]	lr:0.00261	Accuracy: 1.0000	Loss: 0.035151
2022-01-10 14:01:57,054 - Train Epoch: 5 [4800.0/17123 (28%)]	lr:0.00261	Accuracy: 1.0000	Loss: 0.016688
2022-01-10 14:01:57,385 - Train Epoch: 5 [5120.0/17123 (30%)]	lr:0.00260	Accuracy: 0.9375	Loss: 0.164450
2022-01-10 14:01:57,715 - Train Epoch: 5 [5440.0/17123 (32%)]	lr:0.00260	Accuracy: 0.9688	Loss: 0.170123
2022-01-10 14:01:58,045 - Train Epoch: 5 [5760.0/17123 (34%)]	lr:0.00259	Accuracy: 0.9531	Loss: 0.130057
2022-01-10 14:01:58,379 - Train Epoch: 5 [6080.0/17123 (35%)]	lr:0.00259	Accuracy: 0.9844	Loss: 0.052297
2022-01-10 14:01:58,707 - Train Epoch: 5 [6400.0/17123 (37%)]	lr:0.00258	Accuracy: 1.0000	Loss: 0.026476
2022-01-10 14:01:59,037 - Train Epoch: 5 [6720.0/17123 (39%)]	lr:0.00258	Accuracy: 0.9844	Loss: 0.054806
2022-01-10 14:01:59,368 - Train Epoch: 5 [7040.0/17123 (41%)]	lr:0.00257	Accuracy: 1.0000	Loss: 0.029183
2022-01-10 14:01:59,697 - Train Epoch: 5 [7360.0/17123 (43%)]	lr:0.00256	Accuracy: 1.0000	Loss: 0.017697
2022-01-10 14:02:00,029 - Train Epoch: 5 [7680.0/17123 (45%)]	lr:0.00256	Accuracy: 1.0000	Loss: 0.029999
2022-01-10 14:02:00,360 - Train Epoch: 5 [8000.0/17123 (47%)]	lr:0.00255	Accuracy: 0.9844	Loss: 0.078279
2022-01-10 14:02:00,692 - Train Epoch: 5 [8320.0/17123 (49%)]	lr:0.00255	Accuracy: 1.0000	Loss: 0.018550
2022-01-10 14:02:01,023 - Train Epoch: 5 [8640.0/17123 (50%)]	lr:0.00254	Accuracy: 1.0000	Loss: 0.019186
2022-01-10 14:02:01,353 - Train Epoch: 5 [8960.0/17123 (52%)]	lr:0.00254	Accuracy: 0.9844	Loss: 0.068963
2022-01-10 14:02:01,686 - Train Epoch: 5 [9280.0/17123 (54%)]	lr:0.00253	Accuracy: 0.9844	Loss: 0.059035
2022-01-10 14:02:02,017 - Train Epoch: 5 [9600.0/17123 (56%)]	lr:0.00253	Accuracy: 0.9844	Loss: 0.028873
2022-01-10 14:02:02,347 - Train Epoch: 5 [9920.0/17123 (58%)]	lr:0.00252	Accuracy: 1.0000	Loss: 0.036652
2022-01-10 14:02:02,682 - Train Epoch: 5 [10240.0/17123 (60%)]	lr:0.00252	Accuracy: 1.0000	Loss: 0.036440
2022-01-10 14:02:03,014 - Train Epoch: 5 [10560.0/17123 (62%)]	lr:0.00251	Accuracy: 1.0000	Loss: 0.023052
2022-01-10 14:02:03,345 - Train Epoch: 5 [10880.0/17123 (63%)]	lr:0.00251	Accuracy: 1.0000	Loss: 0.040845
2022-01-10 14:02:03,677 - Train Epoch: 5 [11200.0/17123 (65%)]	lr:0.00250	Accuracy: 1.0000	Loss: 0.042116
2022-01-10 14:02:04,008 - Train Epoch: 5 [11520.0/17123 (67%)]	lr:0.00250	Accuracy: 0.9844	Loss: 0.171880
2022-01-10 14:02:04,339 - Train Epoch: 5 [11840.0/17123 (69%)]	lr:0.00249	Accuracy: 0.9844	Loss: 0.031876
2022-01-10 14:02:04,673 - Train Epoch: 5 [12160.0/17123 (71%)]	lr:0.00249	Accuracy: 1.0000	Loss: 0.009961
2022-01-10 14:02:05,004 - Train Epoch: 5 [12480.0/17123 (73%)]	lr:0.00248	Accuracy: 1.0000	Loss: 0.021346
2022-01-10 14:02:05,334 - Train Epoch: 5 [12800.0/17123 (75%)]	lr:0.00248	Accuracy: 0.9531	Loss: 0.135954
2022-01-10 14:02:05,666 - Train Epoch: 5 [13120.0/17123 (76%)]	lr:0.00247	Accuracy: 0.9531	Loss: 0.161218
2022-01-10 14:02:05,996 - Train Epoch: 5 [13440.0/17123 (78%)]	lr:0.00247	Accuracy: 1.0000	Loss: 0.021757
2022-01-10 14:02:06,327 - Train Epoch: 5 [13760.0/17123 (80%)]	lr:0.00246	Accuracy: 1.0000	Loss: 0.013484
2022-01-10 14:02:06,661 - Train Epoch: 5 [14080.0/17123 (82%)]	lr:0.00246	Accuracy: 0.9688	Loss: 0.070410
2022-01-10 14:02:06,992 - Train Epoch: 5 [14400.0/17123 (84%)]	lr:0.00245	Accuracy: 0.9844	Loss: 0.095544
2022-01-10 14:02:07,324 - Train Epoch: 5 [14720.0/17123 (86%)]	lr:0.00245	Accuracy: 0.9531	Loss: 0.087984
2022-01-10 14:02:07,656 - Train Epoch: 5 [15040.0/17123 (88%)]	lr:0.00244	Accuracy: 1.0000	Loss: 0.015757
2022-01-10 14:02:07,987 - Train Epoch: 5 [15360.0/17123 (90%)]	lr:0.00244	Accuracy: 1.0000	Loss: 0.026557
2022-01-10 14:02:08,320 - Train Epoch: 5 [15680.0/17123 (91%)]	lr:0.00243	Accuracy: 1.0000	Loss: 0.015199
2022-01-10 14:02:08,653 - Train Epoch: 5 [16000.0/17123 (93%)]	lr:0.00243	Accuracy: 0.9375	Loss: 0.113916
2022-01-10 14:02:08,985 - Train Epoch: 5 [16320.0/17123 (95%)]	lr:0.00243	Accuracy: 1.0000	Loss: 0.044955
2022-01-10 14:02:09,316 - Train Epoch: 5 [16640.0/17123 (97%)]	lr:0.00242	Accuracy: 1.0000	Loss: 0.043087
2022-01-10 14:02:09,646 - Train Epoch: 5 [16960.0/17123 (99%)]	lr:0.00242	Accuracy: 0.9844	Loss: 0.078978
2022-01-10 14:02:09,753 - Starting Validation
2022-01-10 14:02:15,498 - ===> Validation set: Average loss: 0.0503	Accuracy: 0.9872

2022-01-10 14:02:15,498 - #### End epoch 5/60, elapsed time: 23.477559329010546
2022-01-10 14:02:15,566 - Train Epoch: 6 [0.0/17123 (0%)]	lr:0.00241	Accuracy: 0.9375	Loss: 0.109800
2022-01-10 14:02:15,901 - Train Epoch: 6 [320.0/17123 (2%)]	lr:0.00241	Accuracy: 0.9844	Loss: 0.073417
2022-01-10 14:02:16,233 - Train Epoch: 6 [640.0/17123 (4%)]	lr:0.00240	Accuracy: 0.9844	Loss: 0.048598
2022-01-10 14:02:16,564 - Train Epoch: 6 [960.0/17123 (6%)]	lr:0.00240	Accuracy: 1.0000	Loss: 0.035216
2022-01-10 14:02:16,897 - Train Epoch: 6 [1280.0/17123 (7%)]	lr:0.00240	Accuracy: 1.0000	Loss: 0.033941
2022-01-10 14:02:17,228 - Train Epoch: 6 [1600.0/17123 (9%)]	lr:0.00239	Accuracy: 0.9688	Loss: 0.052114
2022-01-10 14:02:17,560 - Train Epoch: 6 [1920.0/17123 (11%)]	lr:0.00239	Accuracy: 1.0000	Loss: 0.024424
2022-01-10 14:02:17,893 - Train Epoch: 6 [2240.0/17123 (13%)]	lr:0.00238	Accuracy: 0.9688	Loss: 0.119417
2022-01-10 14:02:18,226 - Train Epoch: 6 [2560.0/17123 (15%)]	lr:0.00238	Accuracy: 1.0000	Loss: 0.016758
2022-01-10 14:02:18,558 - Train Epoch: 6 [2880.0/17123 (17%)]	lr:0.00237	Accuracy: 1.0000	Loss: 0.029342
2022-01-10 14:02:18,890 - Train Epoch: 6 [3200.0/17123 (19%)]	lr:0.00237	Accuracy: 0.9688	Loss: 0.061596
2022-01-10 14:02:19,222 - Train Epoch: 6 [3520.0/17123 (21%)]	lr:0.00237	Accuracy: 0.9531	Loss: 0.107715
2022-01-10 14:02:19,554 - Train Epoch: 6 [3840.0/17123 (22%)]	lr:0.00236	Accuracy: 0.9844	Loss: 0.044391
2022-01-10 14:02:19,886 - Train Epoch: 6 [4160.0/17123 (24%)]	lr:0.00236	Accuracy: 1.0000	Loss: 0.027380
2022-01-10 14:02:20,217 - Train Epoch: 6 [4480.0/17123 (26%)]	lr:0.00235	Accuracy: 0.9844	Loss: 0.045419
2022-01-10 14:02:20,549 - Train Epoch: 6 [4800.0/17123 (28%)]	lr:0.00235	Accuracy: 1.0000	Loss: 0.039970
2022-01-10 14:02:20,878 - Train Epoch: 6 [5120.0/17123 (30%)]	lr:0.00234	Accuracy: 1.0000	Loss: 0.040615
2022-01-10 14:02:21,211 - Train Epoch: 6 [5440.0/17123 (32%)]	lr:0.00234	Accuracy: 0.9844	Loss: 0.059460
2022-01-10 14:02:21,543 - Train Epoch: 6 [5760.0/17123 (34%)]	lr:0.00234	Accuracy: 0.9844	Loss: 0.056389
2022-01-10 14:02:21,875 - Train Epoch: 6 [6080.0/17123 (35%)]	lr:0.00233	Accuracy: 1.0000	Loss: 0.011814
2022-01-10 14:02:22,208 - Train Epoch: 6 [6400.0/17123 (37%)]	lr:0.00233	Accuracy: 0.9844	Loss: 0.055369
2022-01-10 14:02:22,541 - Train Epoch: 6 [6720.0/17123 (39%)]	lr:0.00232	Accuracy: 1.0000	Loss: 0.017151
2022-01-10 14:02:22,872 - Train Epoch: 6 [7040.0/17123 (41%)]	lr:0.00232	Accuracy: 1.0000	Loss: 0.011769
2022-01-10 14:02:23,207 - Train Epoch: 6 [7360.0/17123 (43%)]	lr:0.00232	Accuracy: 0.9688	Loss: 0.061516
2022-01-10 14:02:23,539 - Train Epoch: 6 [7680.0/17123 (45%)]	lr:0.00231	Accuracy: 0.9844	Loss: 0.072487
2022-01-10 14:02:23,871 - Train Epoch: 6 [8000.0/17123 (47%)]	lr:0.00231	Accuracy: 1.0000	Loss: 0.028811
2022-01-10 14:02:24,204 - Train Epoch: 6 [8320.0/17123 (49%)]	lr:0.00230	Accuracy: 0.9844	Loss: 0.048722
2022-01-10 14:02:24,536 - Train Epoch: 6 [8640.0/17123 (50%)]	lr:0.00230	Accuracy: 0.9688	Loss: 0.093798
2022-01-10 14:02:24,868 - Train Epoch: 6 [8960.0/17123 (52%)]	lr:0.00230	Accuracy: 0.9688	Loss: 0.075699
2022-01-10 14:02:25,202 - Train Epoch: 6 [9280.0/17123 (54%)]	lr:0.00229	Accuracy: 0.9844	Loss: 0.072011
2022-01-10 14:02:25,534 - Train Epoch: 6 [9600.0/17123 (56%)]	lr:0.00229	Accuracy: 0.9844	Loss: 0.051759
2022-01-10 14:02:25,868 - Train Epoch: 6 [9920.0/17123 (58%)]	lr:0.00229	Accuracy: 0.9844	Loss: 0.070331
2022-01-10 14:02:26,200 - Train Epoch: 6 [10240.0/17123 (60%)]	lr:0.00228	Accuracy: 0.9844	Loss: 0.052479
2022-01-10 14:02:26,533 - Train Epoch: 6 [10560.0/17123 (62%)]	lr:0.00228	Accuracy: 0.9844	Loss: 0.046233
2022-01-10 14:02:26,865 - Train Epoch: 6 [10880.0/17123 (63%)]	lr:0.00227	Accuracy: 1.0000	Loss: 0.028489
2022-01-10 14:02:27,200 - Train Epoch: 6 [11200.0/17123 (65%)]	lr:0.00227	Accuracy: 1.0000	Loss: 0.039710
2022-01-10 14:02:27,532 - Train Epoch: 6 [11520.0/17123 (67%)]	lr:0.00227	Accuracy: 0.9844	Loss: 0.034649
2022-01-10 14:02:27,864 - Train Epoch: 6 [11840.0/17123 (69%)]	lr:0.00226	Accuracy: 1.0000	Loss: 0.024315
2022-01-10 14:02:28,198 - Train Epoch: 6 [12160.0/17123 (71%)]	lr:0.00226	Accuracy: 0.9844	Loss: 0.054687
2022-01-10 14:02:28,531 - Train Epoch: 6 [12480.0/17123 (73%)]	lr:0.00226	Accuracy: 1.0000	Loss: 0.027897
2022-01-10 14:02:28,863 - Train Epoch: 6 [12800.0/17123 (75%)]	lr:0.00225	Accuracy: 1.0000	Loss: 0.033521
2022-01-10 14:02:29,196 - Train Epoch: 6 [13120.0/17123 (76%)]	lr:0.00225	Accuracy: 1.0000	Loss: 0.023331
2022-01-10 14:02:29,529 - Train Epoch: 6 [13440.0/17123 (78%)]	lr:0.00224	Accuracy: 0.9688	Loss: 0.088378
2022-01-10 14:02:29,862 - Train Epoch: 6 [13760.0/17123 (80%)]	lr:0.00224	Accuracy: 1.0000	Loss: 0.026474
2022-01-10 14:02:30,197 - Train Epoch: 6 [14080.0/17123 (82%)]	lr:0.00224	Accuracy: 1.0000	Loss: 0.021898
2022-01-10 14:02:30,527 - Train Epoch: 6 [14400.0/17123 (84%)]	lr:0.00223	Accuracy: 0.9844	Loss: 0.045266
2022-01-10 14:02:30,860 - Train Epoch: 6 [14720.0/17123 (86%)]	lr:0.00223	Accuracy: 0.9688	Loss: 0.132153
2022-01-10 14:02:31,192 - Train Epoch: 6 [15040.0/17123 (88%)]	lr:0.00223	Accuracy: 0.9844	Loss: 0.043301
2022-01-10 14:02:31,522 - Train Epoch: 6 [15360.0/17123 (90%)]	lr:0.00222	Accuracy: 1.0000	Loss: 0.011450
2022-01-10 14:02:31,854 - Train Epoch: 6 [15680.0/17123 (91%)]	lr:0.00222	Accuracy: 1.0000	Loss: 0.079515
2022-01-10 14:02:32,186 - Train Epoch: 6 [16000.0/17123 (93%)]	lr:0.00222	Accuracy: 0.9844	Loss: 0.058351
2022-01-10 14:02:32,517 - Train Epoch: 6 [16320.0/17123 (95%)]	lr:0.00221	Accuracy: 0.9844	Loss: 0.029663
2022-01-10 14:02:32,849 - Train Epoch: 6 [16640.0/17123 (97%)]	lr:0.00221	Accuracy: 1.0000	Loss: 0.017612
2022-01-10 14:02:33,181 - Train Epoch: 6 [16960.0/17123 (99%)]	lr:0.00221	Accuracy: 0.9844	Loss: 0.057463
2022-01-10 14:02:33,290 - Starting Validation
2022-01-10 14:02:39,060 - ===> Validation set: Average loss: 0.0520	Accuracy: 0.9862

2022-01-10 14:02:39,061 - #### End epoch 6/60, elapsed time: 23.562540041981265
2022-01-10 14:02:39,128 - Train Epoch: 7 [0.0/17123 (0%)]	lr:0.00220	Accuracy: 1.0000	Loss: 0.030342
2022-01-10 14:02:39,462 - Train Epoch: 7 [320.0/17123 (2%)]	lr:0.00220	Accuracy: 0.9688	Loss: 0.044360
2022-01-10 14:02:39,796 - Train Epoch: 7 [640.0/17123 (4%)]	lr:0.00220	Accuracy: 1.0000	Loss: 0.015153
2022-01-10 14:02:40,128 - Train Epoch: 7 [960.0/17123 (6%)]	lr:0.00219	Accuracy: 1.0000	Loss: 0.049548
2022-01-10 14:02:40,462 - Train Epoch: 7 [1280.0/17123 (7%)]	lr:0.00219	Accuracy: 1.0000	Loss: 0.039285
2022-01-10 14:02:40,792 - Train Epoch: 7 [1600.0/17123 (9%)]	lr:0.00219	Accuracy: 1.0000	Loss: 0.019334
2022-01-10 14:02:41,125 - Train Epoch: 7 [1920.0/17123 (11%)]	lr:0.00218	Accuracy: 1.0000	Loss: 0.012687
2022-01-10 14:02:41,457 - Train Epoch: 7 [2240.0/17123 (13%)]	lr:0.00218	Accuracy: 1.0000	Loss: 0.008972
2022-01-10 14:02:41,787 - Train Epoch: 7 [2560.0/17123 (15%)]	lr:0.00218	Accuracy: 1.0000	Loss: 0.013083
2022-01-10 14:02:42,120 - Train Epoch: 7 [2880.0/17123 (17%)]	lr:0.00217	Accuracy: 0.9688	Loss: 0.056467
2022-01-10 14:02:42,453 - Train Epoch: 7 [3200.0/17123 (19%)]	lr:0.00217	Accuracy: 0.9688	Loss: 0.063518
2022-01-10 14:02:42,787 - Train Epoch: 7 [3520.0/17123 (21%)]	lr:0.00217	Accuracy: 0.9844	Loss: 0.060022
2022-01-10 14:02:43,136 - Train Epoch: 7 [3840.0/17123 (22%)]	lr:0.00216	Accuracy: 1.0000	Loss: 0.026776
2022-01-10 14:02:43,476 - Train Epoch: 7 [4160.0/17123 (24%)]	lr:0.00216	Accuracy: 1.0000	Loss: 0.018944
2022-01-10 14:02:43,810 - Train Epoch: 7 [4480.0/17123 (26%)]	lr:0.00216	Accuracy: 0.9844	Loss: 0.070279
