2022-01-10 13:03:55,255 - ===> loading train, validation and eval dataset
2022-01-10 13:03:55,260 - ### Model summary below###
 SpkClassifier(
  (classifier): Sequential(
    (0): Linear(in_features=256, out_features=512, bias=True)
    (1): BatchNorm1d(512, eps=1e-05, momentum=0.1, affine=True, track_running_stats=True)
    (2): ReLU()
    (3): Linear(in_features=512, out_features=251, bias=True)
  )
)

2022-01-10 13:03:55,260 - ===> Model total parameter: 261371

2022-01-10 13:03:55,347 - Train Epoch: 1 [0.0/28539 (0%)]	lr:0.00025	Accuracy: 0.0156	Loss: 6.536656
2022-01-10 13:03:55,701 - Train Epoch: 1 [320.0/28539 (1%)]	lr:0.00150	Accuracy: 0.0156	Loss: 6.028079
2022-01-10 13:03:56,025 - Train Epoch: 1 [640.0/28539 (2%)]	lr:0.00275	Accuracy: 0.1250	Loss: 4.791867
2022-01-10 13:03:56,343 - Train Epoch: 1 [960.0/28539 (3%)]	lr:0.00400	Accuracy: 0.1562	Loss: 3.933024
2022-01-10 13:03:56,660 - Train Epoch: 1 [1280.0/28539 (4%)]	lr:0.00525	Accuracy: 0.2969	Loss: 3.389749
2022-01-10 13:03:56,981 - Train Epoch: 1 [1600.0/28539 (6%)]	lr:0.00650	Accuracy: 0.4375	Loss: 2.374749
2022-01-10 13:03:57,302 - Train Epoch: 1 [1920.0/28539 (7%)]	lr:0.00775	Accuracy: 0.5312	Loss: 2.124279
2022-01-10 13:03:57,618 - Train Epoch: 1 [2240.0/28539 (8%)]	lr:0.00900	Accuracy: 0.6719	Loss: 1.209846
2022-01-10 13:03:57,937 - Train Epoch: 1 [2560.0/28539 (9%)]	lr:0.01025	Accuracy: 0.7031	Loss: 1.102183
2022-01-10 13:03:58,258 - Train Epoch: 1 [2880.0/28539 (10%)]	lr:0.01150	Accuracy: 0.6875	Loss: 1.343600
2022-01-10 13:03:58,574 - Train Epoch: 1 [3200.0/28539 (11%)]	lr:0.01238	Accuracy: 0.7031	Loss: 0.976581
2022-01-10 13:03:58,894 - Train Epoch: 1 [3520.0/28539 (12%)]	lr:0.01181	Accuracy: 0.6875	Loss: 0.992057
2022-01-10 13:03:59,215 - Train Epoch: 1 [3840.0/28539 (13%)]	lr:0.01132	Accuracy: 0.7500	Loss: 1.004919
2022-01-10 13:03:59,533 - Train Epoch: 1 [4160.0/28539 (15%)]	lr:0.01088	Accuracy: 0.7812	Loss: 0.645845
2022-01-10 13:03:59,850 - Train Epoch: 1 [4480.0/28539 (16%)]	lr:0.01049	Accuracy: 0.7500	Loss: 0.775198
2022-01-10 13:04:00,170 - Train Epoch: 1 [4800.0/28539 (17%)]	lr:0.01014	Accuracy: 0.7344	Loss: 0.819146
2022-01-10 13:04:00,488 - Train Epoch: 1 [5120.0/28539 (18%)]	lr:0.00982	Accuracy: 0.8906	Loss: 0.531799
2022-01-10 13:04:00,809 - Train Epoch: 1 [5440.0/28539 (19%)]	lr:0.00953	Accuracy: 0.9219	Loss: 0.431149
2022-01-10 13:04:01,128 - Train Epoch: 1 [5760.0/28539 (20%)]	lr:0.00927	Accuracy: 0.7969	Loss: 0.840029
2022-01-10 13:04:01,452 - Train Epoch: 1 [6080.0/28539 (21%)]	lr:0.00902	Accuracy: 0.7656	Loss: 0.740101
2022-01-10 13:04:01,777 - Train Epoch: 1 [6400.0/28539 (22%)]	lr:0.00879	Accuracy: 0.9219	Loss: 0.400601
2022-01-10 13:04:02,102 - Train Epoch: 1 [6720.0/28539 (24%)]	lr:0.00859	Accuracy: 0.8594	Loss: 0.612629
2022-01-10 13:04:02,427 - Train Epoch: 1 [7040.0/28539 (25%)]	lr:0.00839	Accuracy: 0.9219	Loss: 0.256822
2022-01-10 13:04:02,752 - Train Epoch: 1 [7360.0/28539 (26%)]	lr:0.00821	Accuracy: 0.9531	Loss: 0.134720
2022-01-10 13:04:03,076 - Train Epoch: 1 [7680.0/28539 (27%)]	lr:0.00804	Accuracy: 0.9062	Loss: 0.308413
2022-01-10 13:04:03,402 - Train Epoch: 1 [8000.0/28539 (28%)]	lr:0.00787	Accuracy: 0.9531	Loss: 0.255812
2022-01-10 13:04:03,727 - Train Epoch: 1 [8320.0/28539 (29%)]	lr:0.00772	Accuracy: 0.8750	Loss: 0.363129
2022-01-10 13:04:04,051 - Train Epoch: 1 [8640.0/28539 (30%)]	lr:0.00758	Accuracy: 0.9219	Loss: 0.267366
2022-01-10 13:04:04,379 - Train Epoch: 1 [8960.0/28539 (31%)]	lr:0.00744	Accuracy: 0.9219	Loss: 0.430912
2022-01-10 13:04:04,704 - Train Epoch: 1 [9280.0/28539 (33%)]	lr:0.00732	Accuracy: 0.8906	Loss: 0.329797
