2022-01-13 01:13:30,648 - ===> loading train, validation and eval dataset
2022-01-13 01:13:31,447 - ### Model summary below###
 SpkClassifier(
  (classifier): Sequential(
    (0): Linear(in_features=256, out_features=512, bias=True)
    (1): BatchNorm1d(512, eps=1e-05, momentum=0.1, affine=True, track_running_stats=True)
    (2): ReLU()
    (3): Linear(in_features=512, out_features=251, bias=True)
  )
)

2022-01-13 01:13:31,447 - ===> Model total parameter: 261371

2022-01-13 01:13:31,839 - Train Epoch: 1 [0.0/28539 (0%)]	lr:0.00025	Accuracy: 0.0000	Loss: 5.532796
2022-01-13 01:13:33,383 - Train Epoch: 1 [80.0/28539 (0%)]	lr:0.00150	Accuracy: 0.1875	Loss: 5.504271
2022-01-13 01:13:34,949 - Train Epoch: 1 [160.0/28539 (1%)]	lr:0.00275	Accuracy: 0.1875	Loss: 5.448063
2022-01-13 01:13:36,506 - Train Epoch: 1 [240.0/28539 (1%)]	lr:0.00400	Accuracy: 0.1875	Loss: 5.264266
2022-01-13 01:13:38,056 - Train Epoch: 1 [320.0/28539 (1%)]	lr:0.00525	Accuracy: 0.0625	Loss: 4.804806
2022-01-13 01:13:39,642 - Train Epoch: 1 [400.0/28539 (1%)]	lr:0.00650	Accuracy: 0.1875	Loss: 3.781764
2022-01-13 01:13:41,191 - Train Epoch: 1 [480.0/28539 (2%)]	lr:0.00775	Accuracy: 0.1875	Loss: 3.023473
2022-01-13 01:13:42,788 - Train Epoch: 1 [560.0/28539 (2%)]	lr:0.00900	Accuracy: 0.2500	Loss: 2.654286
2022-01-13 01:13:44,390 - Train Epoch: 1 [640.0/28539 (2%)]	lr:0.01025	Accuracy: 0.1250	Loss: 2.921130
2022-01-13 01:13:45,943 - Train Epoch: 1 [720.0/28539 (3%)]	lr:0.01150	Accuracy: 0.1875	Loss: 3.302696
2022-01-13 01:13:47,503 - Train Epoch: 1 [800.0/28539 (3%)]	lr:0.01238	Accuracy: 0.1875	Loss: 2.816582
2022-01-13 01:13:49,044 - Train Epoch: 1 [880.0/28539 (3%)]	lr:0.01181	Accuracy: 0.1875	Loss: 3.287057
2022-01-13 01:13:50,606 - Train Epoch: 1 [960.0/28539 (3%)]	lr:0.01132	Accuracy: 0.1875	Loss: 2.929178
2022-01-13 01:13:52,182 - Train Epoch: 1 [1040.0/28539 (4%)]	lr:0.01088	Accuracy: 0.0000	Loss: 3.694965
2022-01-13 01:13:53,757 - Train Epoch: 1 [1120.0/28539 (4%)]	lr:0.01049	Accuracy: 0.0625	Loss: 2.766311
2022-01-13 01:13:55,336 - Train Epoch: 1 [1200.0/28539 (4%)]	lr:0.01014	Accuracy: 0.1875	Loss: 3.070540
2022-01-13 01:13:56,918 - Train Epoch: 1 [1280.0/28539 (4%)]	lr:0.00982	Accuracy: 0.1875	Loss: 2.995726
2022-01-13 01:13:58,480 - Train Epoch: 1 [1360.0/28539 (5%)]	lr:0.00953	Accuracy: 0.1875	Loss: 3.036705
2022-01-13 01:14:00,057 - Train Epoch: 1 [1440.0/28539 (5%)]	lr:0.00927	Accuracy: 0.2500	Loss: 2.597717
2022-01-13 01:14:01,616 - Train Epoch: 1 [1520.0/28539 (5%)]	lr:0.00902	Accuracy: 0.1875	Loss: 2.654799
2022-01-13 01:14:03,193 - Train Epoch: 1 [1600.0/28539 (6%)]	lr:0.00879	Accuracy: 0.1875	Loss: 3.083222
2022-01-13 01:14:04,758 - Train Epoch: 1 [1680.0/28539 (6%)]	lr:0.00859	Accuracy: 0.1875	Loss: 3.185313
2022-01-13 01:14:06,350 - Train Epoch: 1 [1760.0/28539 (6%)]	lr:0.00839	Accuracy: 0.1250	Loss: 2.784557
2022-01-13 01:14:07,938 - Train Epoch: 1 [1840.0/28539 (6%)]	lr:0.00821	Accuracy: 0.1875	Loss: 2.959930
2022-01-13 01:14:09,537 - Train Epoch: 1 [1920.0/28539 (7%)]	lr:0.00804	Accuracy: 0.1875	Loss: 2.751387
2022-01-13 01:14:11,137 - Train Epoch: 1 [2000.0/28539 (7%)]	lr:0.00787	Accuracy: 0.1875	Loss: 2.731361
2022-01-13 01:14:12,726 - Train Epoch: 1 [2080.0/28539 (7%)]	lr:0.00772	Accuracy: 0.1250	Loss: 2.956695
2022-01-13 01:14:14,313 - Train Epoch: 1 [2160.0/28539 (8%)]	lr:0.00758	Accuracy: 0.2500	Loss: 2.762172
2022-01-13 01:14:15,886 - Train Epoch: 1 [2240.0/28539 (8%)]	lr:0.00744	Accuracy: 0.1875	Loss: 3.156438
2022-01-13 01:14:17,471 - Train Epoch: 1 [2320.0/28539 (8%)]	lr:0.00732	Accuracy: 0.1875	Loss: 3.244189
2022-01-13 01:14:19,067 - Train Epoch: 1 [2400.0/28539 (8%)]	lr:0.00719	Accuracy: 0.1875	Loss: 2.704507
2022-01-13 01:14:20,660 - Train Epoch: 1 [2480.0/28539 (9%)]	lr:0.00708	Accuracy: 0.1875	Loss: 2.796437
2022-01-13 01:14:22,230 - Train Epoch: 1 [2560.0/28539 (9%)]	lr:0.00697	Accuracy: 0.1250	Loss: 2.967416
2022-01-13 01:14:23,811 - Train Epoch: 1 [2640.0/28539 (9%)]	lr:0.00686	Accuracy: 0.2500	Loss: 2.965014
2022-01-13 01:14:25,398 - Train Epoch: 1 [2720.0/28539 (10%)]	lr:0.00676	Accuracy: 0.1250	Loss: 2.947319
2022-01-13 01:14:26,982 - Train Epoch: 1 [2800.0/28539 (10%)]	lr:0.00666	Accuracy: 0.1250	Loss: 2.969933
2022-01-13 01:14:28,568 - Train Epoch: 1 [2880.0/28539 (10%)]	lr:0.00657	Accuracy: 0.1875	Loss: 2.819296
2022-01-13 01:14:30,157 - Train Epoch: 1 [2960.0/28539 (10%)]	lr:0.00648	Accuracy: 0.1875	Loss: 2.991931
2022-01-13 01:14:31,759 - Train Epoch: 1 [3040.0/28539 (11%)]	lr:0.00640	Accuracy: 0.1875	Loss: 3.819121
2022-01-13 01:14:33,341 - Train Epoch: 1 [3120.0/28539 (11%)]	lr:0.00631	Accuracy: 0.1875	Loss: 3.083907
2022-01-13 01:14:34,958 - Train Epoch: 1 [3200.0/28539 (11%)]	lr:0.00623	Accuracy: 0.1875	Loss: 2.866073
2022-01-13 01:14:36,560 - Train Epoch: 1 [3280.0/28539 (11%)]	lr:0.00616	Accuracy: 0.1875	Loss: 2.973812
2022-01-13 01:14:38,166 - Train Epoch: 1 [3360.0/28539 (12%)]	lr:0.00608	Accuracy: 0.1250	Loss: 2.954326
2022-01-13 01:14:39,768 - Train Epoch: 1 [3440.0/28539 (12%)]	lr:0.00601	Accuracy: 0.0625	Loss: 2.787268
2022-01-13 01:14:41,366 - Train Epoch: 1 [3520.0/28539 (12%)]	lr:0.00595	Accuracy: 0.1250	Loss: 3.029810
2022-01-13 01:14:42,970 - Train Epoch: 1 [3600.0/28539 (13%)]	lr:0.00588	Accuracy: 0.1250	Loss: 3.049915
2022-01-13 01:14:44,571 - Train Epoch: 1 [3680.0/28539 (13%)]	lr:0.00582	Accuracy: 0.0625	Loss: 2.906724
2022-01-13 01:14:46,193 - Train Epoch: 1 [3760.0/28539 (13%)]	lr:0.00575	Accuracy: 0.1250	Loss: 3.072726
2022-01-13 01:14:47,806 - Train Epoch: 1 [3840.0/28539 (13%)]	lr:0.00569	Accuracy: 0.1875	Loss: 2.872637
2022-01-13 01:14:49,393 - Train Epoch: 1 [3920.0/28539 (14%)]	lr:0.00564	Accuracy: 0.1875	Loss: 2.920229
2022-01-13 01:14:50,999 - Train Epoch: 1 [4000.0/28539 (14%)]	lr:0.00558	Accuracy: 0.1250	Loss: 3.281874
2022-01-13 01:14:52,618 - Train Epoch: 1 [4080.0/28539 (14%)]	lr:0.00552	Accuracy: 0.1875	Loss: 2.835958
2022-01-13 01:14:54,286 - Train Epoch: 1 [4160.0/28539 (15%)]	lr:0.00547	Accuracy: 0.1250	Loss: 3.048500
2022-01-13 01:14:55,917 - Train Epoch: 1 [4240.0/28539 (15%)]	lr:0.00542	Accuracy: 0.1250	Loss: 2.796896
2022-01-13 01:14:57,511 - Train Epoch: 1 [4320.0/28539 (15%)]	lr:0.00537	Accuracy: 0.2500	Loss: 2.747845
2022-01-13 01:14:59,116 - Train Epoch: 1 [4400.0/28539 (15%)]	lr:0.00532	Accuracy: 0.1875	Loss: 2.762875
2022-01-13 01:15:00,706 - Train Epoch: 1 [4480.0/28539 (16%)]	lr:0.00527	Accuracy: 0.1875	Loss: 2.833421
2022-01-13 01:15:02,290 - Train Epoch: 1 [4560.0/28539 (16%)]	lr:0.00523	Accuracy: 0.1250	Loss: 3.041968
2022-01-13 01:15:03,885 - Train Epoch: 1 [4640.0/28539 (16%)]	lr:0.00518	Accuracy: 0.1875	Loss: 2.912868
2022-01-13 01:15:05,493 - Train Epoch: 1 [4720.0/28539 (17%)]	lr:0.00514	Accuracy: 0.1875	Loss: 2.702185
2022-01-13 01:15:07,098 - Train Epoch: 1 [4800.0/28539 (17%)]	lr:0.00509	Accuracy: 0.1875	Loss: 2.725688
2022-01-13 01:15:08,698 - Train Epoch: 1 [4880.0/28539 (17%)]	lr:0.00505	Accuracy: 0.1875	Loss: 2.808752
2022-01-13 01:15:10,302 - Train Epoch: 1 [4960.0/28539 (17%)]	lr:0.00501	Accuracy: 0.1250	Loss: 2.944104
2022-01-13 01:15:11,916 - Train Epoch: 1 [5040.0/28539 (18%)]	lr:0.00497	Accuracy: 0.1875	Loss: 3.020546
2022-01-13 01:15:13,511 - Train Epoch: 1 [5120.0/28539 (18%)]	lr:0.00493	Accuracy: 0.1250	Loss: 2.870572
2022-01-13 01:15:15,124 - Train Epoch: 1 [5200.0/28539 (18%)]	lr:0.00490	Accuracy: 0.2500	Loss: 2.767227
2022-01-13 01:15:16,709 - Train Epoch: 1 [5280.0/28539 (18%)]	lr:0.00486	Accuracy: 0.1250	Loss: 2.973906
2022-01-13 01:15:18,336 - Train Epoch: 1 [5360.0/28539 (19%)]	lr:0.00482	Accuracy: 0.1875	Loss: 2.696564
2022-01-13 01:15:19,961 - Train Epoch: 1 [5440.0/28539 (19%)]	lr:0.00479	Accuracy: 0.1875	Loss: 2.870559
2022-01-13 01:15:21,606 - Train Epoch: 1 [5520.0/28539 (19%)]	lr:0.00475	Accuracy: 0.1875	Loss: 2.794455
2022-01-13 01:15:23,187 - Train Epoch: 1 [5600.0/28539 (20%)]	lr:0.00472	Accuracy: 0.1875	Loss: 2.649930
2022-01-13 01:15:24,849 - Train Epoch: 1 [5680.0/28539 (20%)]	lr:0.00468	Accuracy: 0.1875	Loss: 2.958702
2022-01-13 01:15:26,453 - Train Epoch: 1 [5760.0/28539 (20%)]	lr:0.00465	Accuracy: 0.2500	Loss: 2.883530
2022-01-13 01:15:28,049 - Train Epoch: 1 [5840.0/28539 (20%)]	lr:0.00462	Accuracy: 0.1250	Loss: 3.079597
2022-01-13 01:15:29,657 - Train Epoch: 1 [5920.0/28539 (21%)]	lr:0.00459	Accuracy: 0.1250	Loss: 2.803822
2022-01-13 01:15:31,244 - Train Epoch: 1 [6000.0/28539 (21%)]	lr:0.00456	Accuracy: 0.1875	Loss: 2.660680
2022-01-13 01:15:32,856 - Train Epoch: 1 [6080.0/28539 (21%)]	lr:0.00453	Accuracy: 0.1875	Loss: 2.930917
2022-01-13 01:15:34,449 - Train Epoch: 1 [6160.0/28539 (22%)]	lr:0.00450	Accuracy: 0.1875	Loss: 3.219845
2022-01-13 01:15:36,070 - Train Epoch: 1 [6240.0/28539 (22%)]	lr:0.00447	Accuracy: 0.2500	Loss: 3.226339
2022-01-13 01:15:37,672 - Train Epoch: 1 [6320.0/28539 (22%)]	lr:0.00444	Accuracy: 0.1875	Loss: 2.872888
2022-01-13 01:15:39,285 - Train Epoch: 1 [6400.0/28539 (22%)]	lr:0.00441	Accuracy: 0.1875	Loss: 3.197994
2022-01-13 01:15:40,868 - Train Epoch: 1 [6480.0/28539 (23%)]	lr:0.00439	Accuracy: 0.1875	Loss: 2.684594
2022-01-13 01:15:42,474 - Train Epoch: 1 [6560.0/28539 (23%)]	lr:0.00436	Accuracy: 0.1875	Loss: 2.923332
2022-01-13 01:15:44,092 - Train Epoch: 1 [6640.0/28539 (23%)]	lr:0.00433	Accuracy: 0.1875	Loss: 2.718527
2022-01-13 01:15:45,697 - Train Epoch: 1 [6720.0/28539 (24%)]	lr:0.00431	Accuracy: 0.1875	Loss: 2.910708
2022-01-13 01:15:47,305 - Train Epoch: 1 [6800.0/28539 (24%)]	lr:0.00428	Accuracy: 0.1250	Loss: 2.886080
2022-01-13 01:15:48,930 - Train Epoch: 1 [6880.0/28539 (24%)]	lr:0.00426	Accuracy: 0.2500	Loss: 2.711316
2022-01-13 01:15:50,532 - Train Epoch: 1 [6960.0/28539 (24%)]	lr:0.00423	Accuracy: 0.1250	Loss: 3.002178
2022-01-13 01:15:52,160 - Train Epoch: 1 [7040.0/28539 (25%)]	lr:0.00421	Accuracy: 0.1875	Loss: 3.253676
2022-01-13 01:15:53,780 - Train Epoch: 1 [7120.0/28539 (25%)]	lr:0.00419	Accuracy: 0.1875	Loss: 3.050670
2022-01-13 01:15:55,410 - Train Epoch: 1 [7200.0/28539 (25%)]	lr:0.00416	Accuracy: 0.1875	Loss: 2.858939
2022-01-13 01:15:57,012 - Train Epoch: 1 [7280.0/28539 (26%)]	lr:0.00414	Accuracy: 0.1875	Loss: 2.762430
2022-01-13 01:15:58,642 - Train Epoch: 1 [7360.0/28539 (26%)]	lr:0.00412	Accuracy: 0.1875	Loss: 2.918222
2022-01-13 01:16:00,249 - Train Epoch: 1 [7440.0/28539 (26%)]	lr:0.00409	Accuracy: 0.1250	Loss: 2.911027
2022-01-13 01:16:01,871 - Train Epoch: 1 [7520.0/28539 (26%)]	lr:0.00407	Accuracy: 0.1875	Loss: 3.153903
2022-01-13 01:16:03,472 - Train Epoch: 1 [7600.0/28539 (27%)]	lr:0.00405	Accuracy: 0.1875	Loss: 2.782104
2022-01-13 01:16:05,089 - Train Epoch: 1 [7680.0/28539 (27%)]	lr:0.00403	Accuracy: 0.0625	Loss: 4.545720
2022-01-13 01:16:06,752 - Train Epoch: 1 [7760.0/28539 (27%)]	lr:0.00401	Accuracy: 0.1875	Loss: 2.696121
2022-01-13 01:16:08,372 - Train Epoch: 1 [7840.0/28539 (27%)]	lr:0.00399	Accuracy: 0.0625	Loss: 5.362885
2022-01-13 01:16:09,995 - Train Epoch: 1 [7920.0/28539 (28%)]	lr:0.00397	Accuracy: 0.1875	Loss: 2.760937
2022-01-13 01:16:11,609 - Train Epoch: 1 [8000.0/28539 (28%)]	lr:0.00395	Accuracy: 0.1250	Loss: 3.158050
2022-01-13 01:16:13,218 - Train Epoch: 1 [8080.0/28539 (28%)]	lr:0.00393	Accuracy: 0.1250	Loss: 3.604689
2022-01-13 01:16:14,833 - Train Epoch: 1 [8160.0/28539 (29%)]	lr:0.00391	Accuracy: 0.0625	Loss: 3.318025
2022-01-13 01:16:16,448 - Train Epoch: 1 [8240.0/28539 (29%)]	lr:0.00389	Accuracy: 0.1875	Loss: 2.920117
2022-01-13 01:16:18,056 - Train Epoch: 1 [8320.0/28539 (29%)]	lr:0.00387	Accuracy: 0.1875	Loss: 2.758132
2022-01-13 01:16:19,671 - Train Epoch: 1 [8400.0/28539 (29%)]	lr:0.00385	Accuracy: 0.1250	Loss: 2.819258
2022-01-13 01:16:21,296 - Train Epoch: 1 [8480.0/28539 (30%)]	lr:0.00384	Accuracy: 0.1875	Loss: 3.007194
2022-01-13 01:16:22,914 - Train Epoch: 1 [8560.0/28539 (30%)]	lr:0.00382	Accuracy: 0.2500	Loss: 2.736639
2022-01-13 01:16:24,519 - Train Epoch: 1 [8640.0/28539 (30%)]	lr:0.00380	Accuracy: 0.2500	Loss: 2.842089
2022-01-13 01:16:26,159 - Train Epoch: 1 [8720.0/28539 (31%)]	lr:0.00378	Accuracy: 0.0625	Loss: 3.028210
2022-01-13 01:16:27,777 - Train Epoch: 1 [8800.0/28539 (31%)]	lr:0.00377	Accuracy: 0.1250	Loss: 3.063365
2022-01-13 01:16:29,394 - Train Epoch: 1 [8880.0/28539 (31%)]	lr:0.00375	Accuracy: 0.1875	Loss: 2.703572
2022-01-13 01:16:30,994 - Train Epoch: 1 [8960.0/28539 (31%)]	lr:0.00373	Accuracy: 0.1875	Loss: 2.773237
2022-01-13 01:16:32,618 - Train Epoch: 1 [9040.0/28539 (32%)]	lr:0.00372	Accuracy: 0.1875	Loss: 2.850981
2022-01-13 01:16:34,227 - Train Epoch: 1 [9120.0/28539 (32%)]	lr:0.00370	Accuracy: 0.1250	Loss: 3.003105
2022-01-13 01:16:35,839 - Train Epoch: 1 [9200.0/28539 (32%)]	lr:0.00368	Accuracy: 0.1875	Loss: 2.948944
2022-01-13 01:16:37,469 - Train Epoch: 1 [9280.0/28539 (33%)]	lr:0.00367	Accuracy: 0.1875	Loss: 2.691601
2022-01-13 01:16:39,081 - Train Epoch: 1 [9360.0/28539 (33%)]	lr:0.00365	Accuracy: 0.2500	Loss: 2.803297
2022-01-13 01:16:40,689 - Train Epoch: 1 [9440.0/28539 (33%)]	lr:0.00364	Accuracy: 0.1250	Loss: 2.977755
2022-01-13 01:16:42,312 - Train Epoch: 1 [9520.0/28539 (33%)]	lr:0.00362	Accuracy: 0.1875	Loss: 2.591775
2022-01-13 01:16:43,916 - Train Epoch: 1 [9600.0/28539 (34%)]	lr:0.00361	Accuracy: 0.1875	Loss: 2.773367
2022-01-13 01:16:45,526 - Train Epoch: 1 [9680.0/28539 (34%)]	lr:0.00359	Accuracy: 0.1250	Loss: 2.984045
2022-01-13 01:16:47,148 - Train Epoch: 1 [9760.0/28539 (34%)]	lr:0.00358	Accuracy: 0.1250	Loss: 3.031478
2022-01-13 01:16:48,761 - Train Epoch: 1 [9840.0/28539 (34%)]	lr:0.00356	Accuracy: 0.1250	Loss: 2.964644
2022-01-13 01:16:50,369 - Train Epoch: 1 [9920.0/28539 (35%)]	lr:0.00355	Accuracy: 0.1875	Loss: 2.855211
2022-01-13 01:16:52,004 - Train Epoch: 1 [10000.0/28539 (35%)]	lr:0.00353	Accuracy: 0.1875	Loss: 2.914831
2022-01-13 01:16:53,614 - Train Epoch: 1 [10080.0/28539 (35%)]	lr:0.00352	Accuracy: 0.1875	Loss: 2.815491
2022-01-13 01:16:55,233 - Train Epoch: 1 [10160.0/28539 (36%)]	lr:0.00350	Accuracy: 0.2500	Loss: 2.591457
2022-01-13 01:16:56,831 - Train Epoch: 1 [10240.0/28539 (36%)]	lr:0.00349	Accuracy: 0.1250	Loss: 2.950132
2022-01-13 01:16:58,432 - Train Epoch: 1 [10320.0/28539 (36%)]	lr:0.00348	Accuracy: 0.1250	Loss: 3.104016
2022-01-13 01:17:00,054 - Train Epoch: 1 [10400.0/28539 (36%)]	lr:0.00346	Accuracy: 0.1875	Loss: 2.602049
2022-01-13 01:17:01,679 - Train Epoch: 1 [10480.0/28539 (37%)]	lr:0.00345	Accuracy: 0.1250	Loss: 3.062225
2022-01-13 01:17:03,286 - Train Epoch: 1 [10560.0/28539 (37%)]	lr:0.00344	Accuracy: 0.1875	Loss: 2.859830
2022-01-13 01:17:04,901 - Train Epoch: 1 [10640.0/28539 (37%)]	lr:0.00342	Accuracy: 0.1875	Loss: 3.044088
2022-01-13 01:17:06,514 - Train Epoch: 1 [10720.0/28539 (38%)]	lr:0.00341	Accuracy: 0.1875	Loss: 2.798150
2022-01-13 01:17:08,138 - Train Epoch: 1 [10800.0/28539 (38%)]	lr:0.00340	Accuracy: 0.1250	Loss: 2.929489
2022-01-13 01:17:09,765 - Train Epoch: 1 [10880.0/28539 (38%)]	lr:0.00339	Accuracy: 0.1250	Loss: 2.740444
2022-01-13 01:17:11,386 - Train Epoch: 1 [10960.0/28539 (38%)]	lr:0.00337	Accuracy: 0.1250	Loss: 2.795224
2022-01-13 01:17:13,007 - Train Epoch: 1 [11040.0/28539 (39%)]	lr:0.00336	Accuracy: 0.0000	Loss: 3.071647
2022-01-13 01:17:14,627 - Train Epoch: 1 [11120.0/28539 (39%)]	lr:0.00335	Accuracy: 0.1875	Loss: 2.884130
2022-01-13 01:17:16,238 - Train Epoch: 1 [11200.0/28539 (39%)]	lr:0.00334	Accuracy: 0.1250	Loss: 3.064998
2022-01-13 01:17:17,866 - Train Epoch: 1 [11280.0/28539 (40%)]	lr:0.00333	Accuracy: 0.1875	Loss: 2.937953
2022-01-13 01:17:19,488 - Train Epoch: 1 [11360.0/28539 (40%)]	lr:0.00331	Accuracy: 0.1250	Loss: 3.397493
2022-01-13 01:17:21,093 - Train Epoch: 1 [11440.0/28539 (40%)]	lr:0.00330	Accuracy: 0.1875	Loss: 2.996145
2022-01-13 01:17:22,704 - Train Epoch: 1 [11520.0/28539 (40%)]	lr:0.00329	Accuracy: 0.1875	Loss: 2.935338
2022-01-13 01:17:24,321 - Train Epoch: 1 [11600.0/28539 (41%)]	lr:0.00328	Accuracy: 0.1875	Loss: 2.887545
2022-01-13 01:17:25,939 - Train Epoch: 1 [11680.0/28539 (41%)]	lr:0.00327	Accuracy: 0.1875	Loss: 2.837949
2022-01-13 01:17:27,564 - Train Epoch: 1 [11760.0/28539 (41%)]	lr:0.00326	Accuracy: 0.1875	Loss: 2.805642
2022-01-13 01:17:29,183 - Train Epoch: 1 [11840.0/28539 (41%)]	lr:0.00325	Accuracy: 0.2500	Loss: 2.720309
2022-01-13 01:17:30,779 - Train Epoch: 1 [11920.0/28539 (42%)]	lr:0.00324	Accuracy: 0.1875	Loss: 2.938937
2022-01-13 01:17:32,392 - Train Epoch: 1 [12000.0/28539 (42%)]	lr:0.00323	Accuracy: 0.1250	Loss: 2.859239
2022-01-13 01:17:33,999 - Train Epoch: 1 [12080.0/28539 (42%)]	lr:0.00321	Accuracy: 0.1250	Loss: 2.851025
2022-01-13 01:17:35,658 - Train Epoch: 1 [12160.0/28539 (43%)]	lr:0.00320	Accuracy: 0.1250	Loss: 2.977288
2022-01-13 01:17:37,280 - Train Epoch: 1 [12240.0/28539 (43%)]	lr:0.00319	Accuracy: 0.1250	Loss: 3.055760
2022-01-13 01:17:38,913 - Train Epoch: 1 [12320.0/28539 (43%)]	lr:0.00318	Accuracy: 0.2500	Loss: 2.761439
2022-01-13 01:17:40,546 - Train Epoch: 1 [12400.0/28539 (43%)]	lr:0.00317	Accuracy: 0.1875	Loss: 2.789571
2022-01-13 01:17:42,152 - Train Epoch: 1 [12480.0/28539 (44%)]	lr:0.00316	Accuracy: 0.1875	Loss: 2.581395
2022-01-13 01:17:43,780 - Train Epoch: 1 [12560.0/28539 (44%)]	lr:0.00315	Accuracy: 0.1250	Loss: 3.190312
2022-01-13 01:17:45,415 - Train Epoch: 1 [12640.0/28539 (44%)]	lr:0.00314	Accuracy: 0.1875	Loss: 2.923864
2022-01-13 01:17:47,030 - Train Epoch: 1 [12720.0/28539 (45%)]	lr:0.00313	Accuracy: 0.1875	Loss: 2.750010
2022-01-13 01:17:48,637 - Train Epoch: 1 [12800.0/28539 (45%)]	lr:0.00312	Accuracy: 0.1875	Loss: 2.684655
2022-01-13 01:17:50,263 - Train Epoch: 1 [12880.0/28539 (45%)]	lr:0.00311	Accuracy: 0.1875	Loss: 2.745364
2022-01-13 01:17:51,884 - Train Epoch: 1 [12960.0/28539 (45%)]	lr:0.00310	Accuracy: 0.1875	Loss: 2.747236
2022-01-13 01:17:53,605 - Train Epoch: 1 [13040.0/28539 (46%)]	lr:0.00309	Accuracy: 0.1875	Loss: 3.515896
2022-01-13 01:17:55,211 - Train Epoch: 1 [13120.0/28539 (46%)]	lr:0.00308	Accuracy: 0.1250	Loss: 3.003239
2022-01-13 01:17:56,815 - Train Epoch: 1 [13200.0/28539 (46%)]	lr:0.00308	Accuracy: 0.1875	Loss: 2.887661
2022-01-13 01:17:58,421 - Train Epoch: 1 [13280.0/28539 (47%)]	lr:0.00307	Accuracy: 0.1875	Loss: 2.900946
2022-01-13 01:18:00,048 - Train Epoch: 1 [13360.0/28539 (47%)]	lr:0.00306	Accuracy: 0.1250	Loss: 3.190775
2022-01-13 01:18:01,656 - Train Epoch: 1 [13440.0/28539 (47%)]	lr:0.00305	Accuracy: 0.1875	Loss: 2.822708
2022-01-13 01:18:03,283 - Train Epoch: 1 [13520.0/28539 (47%)]	lr:0.00304	Accuracy: 0.1875	Loss: 2.878071
2022-01-13 01:18:04,900 - Train Epoch: 1 [13600.0/28539 (48%)]	lr:0.00303	Accuracy: 0.2500	Loss: 2.645661
2022-01-13 01:18:06,523 - Train Epoch: 1 [13680.0/28539 (48%)]	lr:0.00302	Accuracy: 0.1250	Loss: 3.049936
2022-01-13 01:18:08,138 - Train Epoch: 1 [13760.0/28539 (48%)]	lr:0.00301	Accuracy: 0.1875	Loss: 2.700247
2022-01-13 01:18:09,761 - Train Epoch: 1 [13840.0/28539 (48%)]	lr:0.00300	Accuracy: 0.1875	Loss: 2.635947
2022-01-13 01:18:11,386 - Train Epoch: 1 [13920.0/28539 (49%)]	lr:0.00299	Accuracy: 0.1250	Loss: 2.877757
2022-01-13 01:18:12,998 - Train Epoch: 1 [14000.0/28539 (49%)]	lr:0.00299	Accuracy: 0.1250	Loss: 2.742580
2022-01-13 01:18:14,633 - Train Epoch: 1 [14080.0/28539 (49%)]	lr:0.00298	Accuracy: 0.1875	Loss: 2.669867
2022-01-13 01:18:16,233 - Train Epoch: 1 [14160.0/28539 (50%)]	lr:0.00297	Accuracy: 0.1875	Loss: 2.773336
2022-01-13 01:18:17,881 - Train Epoch: 1 [14240.0/28539 (50%)]	lr:0.00296	Accuracy: 0.1875	Loss: 2.780422
2022-01-13 01:18:19,502 - Train Epoch: 1 [14320.0/28539 (50%)]	lr:0.00295	Accuracy: 0.1250	Loss: 3.008467
