2022-01-11 03:14:06,560 - ===> loading train, validation and eval dataset
2022-01-11 03:14:06,564 - ### Model summary below###
 SpkClassifier(
  (classifier): Sequential(
    (0): Linear(in_features=256, out_features=512, bias=True)
    (1): BatchNorm1d(512, eps=1e-05, momentum=0.1, affine=True, track_running_stats=True)
    (2): ReLU()
    (3): Linear(in_features=512, out_features=251, bias=True)
  )
)

2022-01-11 03:14:06,564 - ===> Model total parameter: 261371

2022-01-11 03:14:06,645 - Train Epoch: 1 [0.0/17123 (0%)]	lr:0.00025	Accuracy: 0.0000	Loss: 6.393672
2022-01-11 03:14:06,996 - Train Epoch: 1 [320.0/17123 (2%)]	lr:0.00150	Accuracy: 0.0156	Loss: 6.549758
2022-01-11 03:14:07,317 - Train Epoch: 1 [640.0/17123 (4%)]	lr:0.00275	Accuracy: 0.0000	Loss: 6.510068
2022-01-11 03:14:07,632 - Train Epoch: 1 [960.0/17123 (6%)]	lr:0.00400	Accuracy: 0.0156	Loss: 6.240313
2022-01-11 03:14:07,946 - Train Epoch: 1 [1280.0/17123 (7%)]	lr:0.00525	Accuracy: 0.0156	Loss: 6.371370
2022-01-11 03:14:08,262 - Train Epoch: 1 [1600.0/17123 (9%)]	lr:0.00650	Accuracy: 0.0000	Loss: 6.553868
2022-01-11 03:14:08,577 - Train Epoch: 1 [1920.0/17123 (11%)]	lr:0.00775	Accuracy: 0.0469	Loss: 6.222292
2022-01-11 03:14:08,894 - Train Epoch: 1 [2240.0/17123 (13%)]	lr:0.00900	Accuracy: 0.0156	Loss: 6.351835
2022-01-11 03:14:09,209 - Train Epoch: 1 [2560.0/17123 (15%)]	lr:0.01025	Accuracy: 0.0000	Loss: 6.571034
2022-01-11 03:14:09,526 - Train Epoch: 1 [2880.0/17123 (17%)]	lr:0.01150	Accuracy: 0.0312	Loss: 6.233995
2022-01-11 03:14:09,840 - Train Epoch: 1 [3200.0/17123 (19%)]	lr:0.01238	Accuracy: 0.0156	Loss: 6.420396
2022-01-11 03:14:10,157 - Train Epoch: 1 [3520.0/17123 (21%)]	lr:0.01181	Accuracy: 0.0156	Loss: 6.335486
2022-01-11 03:14:10,471 - Train Epoch: 1 [3840.0/17123 (22%)]	lr:0.01132	Accuracy: 0.0312	Loss: 5.803241
2022-01-11 03:14:10,788 - Train Epoch: 1 [4160.0/17123 (24%)]	lr:0.01088	Accuracy: 0.0156	Loss: 6.247749
2022-01-11 03:14:11,107 - Train Epoch: 1 [4480.0/17123 (26%)]	lr:0.01049	Accuracy: 0.0156	Loss: 5.859071
2022-01-11 03:14:11,422 - Train Epoch: 1 [4800.0/17123 (28%)]	lr:0.01014	Accuracy: 0.0000	Loss: 5.913081
2022-01-11 03:14:11,739 - Train Epoch: 1 [5120.0/17123 (30%)]	lr:0.00982	Accuracy: 0.0469	Loss: 5.654442
2022-01-11 03:14:12,059 - Train Epoch: 1 [5440.0/17123 (32%)]	lr:0.00953	Accuracy: 0.0156	Loss: 5.942845
2022-01-11 03:14:12,376 - Train Epoch: 1 [5760.0/17123 (34%)]	lr:0.00927	Accuracy: 0.0000	Loss: 5.835309
2022-01-11 03:14:12,693 - Train Epoch: 1 [6080.0/17123 (35%)]	lr:0.00902	Accuracy: 0.0000	Loss: 5.560264
2022-01-11 03:14:13,009 - Train Epoch: 1 [6400.0/17123 (37%)]	lr:0.00879	Accuracy: 0.0312	Loss: 5.326623
2022-01-11 03:14:13,327 - Train Epoch: 1 [6720.0/17123 (39%)]	lr:0.00859	Accuracy: 0.0312	Loss: 5.630397
2022-01-11 03:14:13,643 - Train Epoch: 1 [7040.0/17123 (41%)]	lr:0.00839	Accuracy: 0.0156	Loss: 5.520058
2022-01-11 03:14:13,961 - Train Epoch: 1 [7360.0/17123 (43%)]	lr:0.00821	Accuracy: 0.0156	Loss: 5.326488
2022-01-11 03:14:14,279 - Train Epoch: 1 [7680.0/17123 (45%)]	lr:0.00804	Accuracy: 0.0312	Loss: 5.172500
2022-01-11 03:14:14,596 - Train Epoch: 1 [8000.0/17123 (47%)]	lr:0.00787	Accuracy: 0.0469	Loss: 5.152500
2022-01-11 03:14:14,915 - Train Epoch: 1 [8320.0/17123 (49%)]	lr:0.00772	Accuracy: 0.0156	Loss: 5.371768
2022-01-11 03:14:15,232 - Train Epoch: 1 [8640.0/17123 (50%)]	lr:0.00758	Accuracy: 0.0469	Loss: 5.393974
2022-01-11 03:14:15,549 - Train Epoch: 1 [8960.0/17123 (52%)]	lr:0.00744	Accuracy: 0.0156	Loss: 5.494931
2022-01-11 03:14:15,867 - Train Epoch: 1 [9280.0/17123 (54%)]	lr:0.00732	Accuracy: 0.0312	Loss: 5.368471
2022-01-11 03:14:16,185 - Train Epoch: 1 [9600.0/17123 (56%)]	lr:0.00719	Accuracy: 0.0156	Loss: 5.493412
2022-01-11 03:14:16,503 - Train Epoch: 1 [9920.0/17123 (58%)]	lr:0.00708	Accuracy: 0.0625	Loss: 5.348308
2022-01-11 03:14:16,822 - Train Epoch: 1 [10240.0/17123 (60%)]	lr:0.00697	Accuracy: 0.0000	Loss: 5.398555
2022-01-11 03:14:17,140 - Train Epoch: 1 [10560.0/17123 (62%)]	lr:0.00686	Accuracy: 0.0625	Loss: 5.287532
2022-01-11 03:14:17,457 - Train Epoch: 1 [10880.0/17123 (63%)]	lr:0.00676	Accuracy: 0.0156	Loss: 5.398126
2022-01-11 03:14:17,776 - Train Epoch: 1 [11200.0/17123 (65%)]	lr:0.00666	Accuracy: 0.0156	Loss: 5.361977
2022-01-11 03:14:18,093 - Train Epoch: 1 [11520.0/17123 (67%)]	lr:0.00657	Accuracy: 0.0312	Loss: 5.236679
2022-01-11 03:14:18,410 - Train Epoch: 1 [11840.0/17123 (69%)]	lr:0.00648	Accuracy: 0.0312	Loss: 5.187648
2022-01-11 03:14:18,730 - Train Epoch: 1 [12160.0/17123 (71%)]	lr:0.00640	Accuracy: 0.0312	Loss: 5.360673
2022-01-11 03:14:19,047 - Train Epoch: 1 [12480.0/17123 (73%)]	lr:0.00631	Accuracy: 0.0469	Loss: 5.203385
2022-01-11 03:14:19,364 - Train Epoch: 1 [12800.0/17123 (75%)]	lr:0.00623	Accuracy: 0.0625	Loss: 5.197312
2022-01-11 03:14:19,682 - Train Epoch: 1 [13120.0/17123 (76%)]	lr:0.00616	Accuracy: 0.0000	Loss: 5.366955
2022-01-11 03:14:19,999 - Train Epoch: 1 [13440.0/17123 (78%)]	lr:0.00608	Accuracy: 0.0312	Loss: 5.340886
2022-01-11 03:14:20,316 - Train Epoch: 1 [13760.0/17123 (80%)]	lr:0.00601	Accuracy: 0.0156	Loss: 5.246938
2022-01-11 03:14:20,636 - Train Epoch: 1 [14080.0/17123 (82%)]	lr:0.00595	Accuracy: 0.0000	Loss: 5.327164
2022-01-11 03:14:20,955 - Train Epoch: 1 [14400.0/17123 (84%)]	lr:0.00588	Accuracy: 0.0156	Loss: 5.339408
2022-01-11 03:14:21,276 - Train Epoch: 1 [14720.0/17123 (86%)]	lr:0.00582	Accuracy: 0.0469	Loss: 5.197058
2022-01-11 03:14:21,597 - Train Epoch: 1 [15040.0/17123 (88%)]	lr:0.00575	Accuracy: 0.0312	Loss: 5.205227
2022-01-11 03:14:21,917 - Train Epoch: 1 [15360.0/17123 (90%)]	lr:0.00569	Accuracy: 0.0312	Loss: 5.258789
2022-01-11 03:14:22,235 - Train Epoch: 1 [15680.0/17123 (91%)]	lr:0.00564	Accuracy: 0.0000	Loss: 5.383429
2022-01-11 03:14:22,554 - Train Epoch: 1 [16000.0/17123 (93%)]	lr:0.00558	Accuracy: 0.0156	Loss: 5.197879
2022-01-11 03:14:22,875 - Train Epoch: 1 [16320.0/17123 (95%)]	lr:0.00552	Accuracy: 0.0625	Loss: 5.120694
2022-01-11 03:14:23,194 - Train Epoch: 1 [16640.0/17123 (97%)]	lr:0.00547	Accuracy: 0.0000	Loss: 5.334348
2022-01-11 03:14:23,513 - Train Epoch: 1 [16960.0/17123 (99%)]	lr:0.00542	Accuracy: 0.0469	Loss: 5.130951
2022-01-11 03:14:23,617 - Starting Validation
2022-01-11 03:14:29,317 - ===> Validation set: Average loss: 5.1968	Accuracy: 0.0308

2022-01-11 03:14:29,319 - Snapshot saved to snapshot/cdc/cdc-2022-01-11_03_14_05-model_best.pth

2022-01-11 03:14:29,319 - #### End epoch 1/10, elapsed time: 22.754435424983967
2022-01-11 03:14:29,389 - Train Epoch: 2 [0.0/17123 (0%)]	lr:0.00539	Accuracy: 0.0312	Loss: 5.197605
2022-01-11 03:14:29,837 - Train Epoch: 2 [320.0/17123 (2%)]	lr:0.00534	Accuracy: 0.0156	Loss: 5.167544
2022-01-11 03:14:30,347 - Train Epoch: 2 [640.0/17123 (4%)]	lr:0.00529	Accuracy: 0.0312	Loss: 5.128206
2022-01-11 03:14:30,811 - Train Epoch: 2 [960.0/17123 (6%)]	lr:0.00524	Accuracy: 0.0156	Loss: 5.358421
2022-01-11 03:14:31,253 - Train Epoch: 2 [1280.0/17123 (7%)]	lr:0.00520	Accuracy: 0.0000	Loss: 5.281843
2022-01-11 03:14:31,696 - Train Epoch: 2 [1600.0/17123 (9%)]	lr:0.00515	Accuracy: 0.0312	Loss: 5.151832
2022-01-11 03:14:32,142 - Train Epoch: 2 [1920.0/17123 (11%)]	lr:0.00511	Accuracy: 0.0312	Loss: 5.170128
2022-01-11 03:14:32,584 - Train Epoch: 2 [2240.0/17123 (13%)]	lr:0.00507	Accuracy: 0.0469	Loss: 5.224638
2022-01-11 03:14:33,030 - Train Epoch: 2 [2560.0/17123 (15%)]	lr:0.00503	Accuracy: 0.0156	Loss: 5.070524
2022-01-11 03:14:33,475 - Train Epoch: 2 [2880.0/17123 (17%)]	lr:0.00499	Accuracy: 0.0781	Loss: 5.072724
2022-01-11 03:14:33,918 - Train Epoch: 2 [3200.0/17123 (19%)]	lr:0.00495	Accuracy: 0.0469	Loss: 4.940610
2022-01-11 03:14:34,371 - Train Epoch: 2 [3520.0/17123 (21%)]	lr:0.00491	Accuracy: 0.0156	Loss: 5.102277
2022-01-11 03:14:34,816 - Train Epoch: 2 [3840.0/17123 (22%)]	lr:0.00487	Accuracy: 0.0469	Loss: 5.099941
2022-01-11 03:14:35,261 - Train Epoch: 2 [4160.0/17123 (24%)]	lr:0.00484	Accuracy: 0.0312	Loss: 5.083891
2022-01-11 03:14:35,706 - Train Epoch: 2 [4480.0/17123 (26%)]	lr:0.00480	Accuracy: 0.0781	Loss: 4.985297
2022-01-11 03:14:36,153 - Train Epoch: 2 [4800.0/17123 (28%)]	lr:0.00477	Accuracy: 0.0625	Loss: 5.057997
2022-01-11 03:14:36,599 - Train Epoch: 2 [5120.0/17123 (30%)]	lr:0.00473	Accuracy: 0.0312	Loss: 4.966040
2022-01-11 03:14:37,043 - Train Epoch: 2 [5440.0/17123 (32%)]	lr:0.00470	Accuracy: 0.0312	Loss: 5.028187
2022-01-11 03:14:37,491 - Train Epoch: 2 [5760.0/17123 (34%)]	lr:0.00466	Accuracy: 0.0312	Loss: 5.290971
2022-01-11 03:14:37,938 - Train Epoch: 2 [6080.0/17123 (35%)]	lr:0.00463	Accuracy: 0.0312	Loss: 5.096435
2022-01-11 03:14:38,386 - Train Epoch: 2 [6400.0/17123 (37%)]	lr:0.00460	Accuracy: 0.0000	Loss: 5.157812
2022-01-11 03:14:38,835 - Train Epoch: 2 [6720.0/17123 (39%)]	lr:0.00457	Accuracy: 0.0625	Loss: 4.989642
2022-01-11 03:14:39,284 - Train Epoch: 2 [7040.0/17123 (41%)]	lr:0.00454	Accuracy: 0.0312	Loss: 5.111103
2022-01-11 03:14:39,732 - Train Epoch: 2 [7360.0/17123 (43%)]	lr:0.00451	Accuracy: 0.0156	Loss: 5.261753
2022-01-11 03:14:40,182 - Train Epoch: 2 [7680.0/17123 (45%)]	lr:0.00448	Accuracy: 0.0312	Loss: 5.084926
2022-01-11 03:14:40,632 - Train Epoch: 2 [8000.0/17123 (47%)]	lr:0.00445	Accuracy: 0.0625	Loss: 5.124123
2022-01-11 03:14:41,081 - Train Epoch: 2 [8320.0/17123 (49%)]	lr:0.00442	Accuracy: 0.0312	Loss: 5.067780
2022-01-11 03:14:41,530 - Train Epoch: 2 [8640.0/17123 (50%)]	lr:0.00440	Accuracy: 0.0781	Loss: 4.982754
2022-01-11 03:14:41,980 - Train Epoch: 2 [8960.0/17123 (52%)]	lr:0.00437	Accuracy: 0.0625	Loss: 4.938753
2022-01-11 03:14:42,429 - Train Epoch: 2 [9280.0/17123 (54%)]	lr:0.00434	Accuracy: 0.0156	Loss: 5.092571
2022-01-11 03:14:42,879 - Train Epoch: 2 [9600.0/17123 (56%)]	lr:0.00432	Accuracy: 0.0156	Loss: 5.031496
2022-01-11 03:14:43,329 - Train Epoch: 2 [9920.0/17123 (58%)]	lr:0.00429	Accuracy: 0.0625	Loss: 5.078459
2022-01-11 03:14:43,779 - Train Epoch: 2 [10240.0/17123 (60%)]	lr:0.00427	Accuracy: 0.0312	Loss: 5.044801
2022-01-11 03:14:44,230 - Train Epoch: 2 [10560.0/17123 (62%)]	lr:0.00424	Accuracy: 0.0312	Loss: 5.147908
2022-01-11 03:14:44,680 - Train Epoch: 2 [10880.0/17123 (63%)]	lr:0.00422	Accuracy: 0.0312	Loss: 5.232982
2022-01-11 03:14:45,132 - Train Epoch: 2 [11200.0/17123 (65%)]	lr:0.00419	Accuracy: 0.0625	Loss: 5.048001
2022-01-11 03:14:45,584 - Train Epoch: 2 [11520.0/17123 (67%)]	lr:0.00417	Accuracy: 0.0000	Loss: 5.268145
2022-01-11 03:14:46,042 - Train Epoch: 2 [11840.0/17123 (69%)]	lr:0.00415	Accuracy: 0.0312	Loss: 5.060599
2022-01-11 03:14:46,512 - Train Epoch: 2 [12160.0/17123 (71%)]	lr:0.00413	Accuracy: 0.0312	Loss: 4.954478
2022-01-11 03:14:46,984 - Train Epoch: 2 [12480.0/17123 (73%)]	lr:0.00410	Accuracy: 0.1094	Loss: 4.842877
2022-01-11 03:14:47,453 - Train Epoch: 2 [12800.0/17123 (75%)]	lr:0.00408	Accuracy: 0.0312	Loss: 4.997061
2022-01-11 03:14:47,923 - Train Epoch: 2 [13120.0/17123 (76%)]	lr:0.00406	Accuracy: 0.0000	Loss: 5.231570
2022-01-11 03:14:48,394 - Train Epoch: 2 [13440.0/17123 (78%)]	lr:0.00404	Accuracy: 0.0469	Loss: 5.000133
2022-01-11 03:14:48,864 - Train Epoch: 2 [13760.0/17123 (80%)]	lr:0.00402	Accuracy: 0.0312	Loss: 5.098597
2022-01-11 03:14:49,331 - Train Epoch: 2 [14080.0/17123 (82%)]	lr:0.00400	Accuracy: 0.0156	Loss: 5.128078
2022-01-11 03:14:49,795 - Train Epoch: 2 [14400.0/17123 (84%)]	lr:0.00398	Accuracy: 0.0312	Loss: 5.056346
2022-01-11 03:14:50,264 - Train Epoch: 2 [14720.0/17123 (86%)]	lr:0.00396	Accuracy: 0.0625	Loss: 5.027688
2022-01-11 03:14:50,740 - Train Epoch: 2 [15040.0/17123 (88%)]	lr:0.00394	Accuracy: 0.0312	Loss: 4.898243
2022-01-11 03:14:51,218 - Train Epoch: 2 [15360.0/17123 (90%)]	lr:0.00392	Accuracy: 0.0156	Loss: 5.072598
2022-01-11 03:14:51,686 - Train Epoch: 2 [15680.0/17123 (91%)]	lr:0.00390	Accuracy: 0.0156	Loss: 5.034663
2022-01-11 03:14:52,149 - Train Epoch: 2 [16000.0/17123 (93%)]	lr:0.00388	Accuracy: 0.0469	Loss: 5.057475
2022-01-11 03:14:52,604 - Train Epoch: 2 [16320.0/17123 (95%)]	lr:0.00386	Accuracy: 0.0312	Loss: 5.239364
2022-01-11 03:14:53,056 - Train Epoch: 2 [16640.0/17123 (97%)]	lr:0.00384	Accuracy: 0.1250	Loss: 4.786631
2022-01-11 03:14:53,507 - Train Epoch: 2 [16960.0/17123 (99%)]	lr:0.00382	Accuracy: 0.0156	Loss: 5.047530
2022-01-11 03:14:53,672 - Starting Validation
2022-01-11 03:15:03,141 - ===> Validation set: Average loss: 5.0576	Accuracy: 0.0436

2022-01-11 03:15:03,143 - Snapshot saved to snapshot/cdc/cdc-2022-01-11_03_14_05-model_best.pth

2022-01-11 03:15:03,143 - #### End epoch 2/10, elapsed time: 33.82399634603644
2022-01-11 03:15:03,237 - Train Epoch: 3 [0.0/17123 (0%)]	lr:0.00381	Accuracy: 0.0625	Loss: 4.970748
2022-01-11 03:15:03,726 - Train Epoch: 3 [320.0/17123 (2%)]	lr:0.00380	Accuracy: 0.0625	Loss: 5.113347
2022-01-11 03:15:04,238 - Train Epoch: 3 [640.0/17123 (4%)]	lr:0.00378	Accuracy: 0.0625	Loss: 4.949944
2022-01-11 03:15:04,764 - Train Epoch: 3 [960.0/17123 (6%)]	lr:0.00376	Accuracy: 0.0312	Loss: 5.081681
2022-01-11 03:15:05,290 - Train Epoch: 3 [1280.0/17123 (7%)]	lr:0.00375	Accuracy: 0.0625	Loss: 4.813622
2022-01-11 03:15:05,816 - Train Epoch: 3 [1600.0/17123 (9%)]	lr:0.00373	Accuracy: 0.0312	Loss: 4.948102
2022-01-11 03:15:06,342 - Train Epoch: 3 [1920.0/17123 (11%)]	lr:0.00371	Accuracy: 0.0312	Loss: 4.893391
2022-01-11 03:15:06,880 - Train Epoch: 3 [2240.0/17123 (13%)]	lr:0.00370	Accuracy: 0.0156	Loss: 5.157673
2022-01-11 03:15:07,432 - Train Epoch: 3 [2560.0/17123 (15%)]	lr:0.00368	Accuracy: 0.0312	Loss: 5.218252
2022-01-11 03:15:07,983 - Train Epoch: 3 [2880.0/17123 (17%)]	lr:0.00366	Accuracy: 0.0625	Loss: 4.890218
2022-01-11 03:15:08,475 - Train Epoch: 3 [3200.0/17123 (19%)]	lr:0.00365	Accuracy: 0.0000	Loss: 5.096148
2022-01-11 03:15:08,935 - Train Epoch: 3 [3520.0/17123 (21%)]	lr:0.00363	Accuracy: 0.0781	Loss: 5.103188
2022-01-11 03:15:09,392 - Train Epoch: 3 [3840.0/17123 (22%)]	lr:0.00362	Accuracy: 0.0469	Loss: 5.090816
2022-01-11 03:15:09,852 - Train Epoch: 3 [4160.0/17123 (24%)]	lr:0.00360	Accuracy: 0.0781	Loss: 4.997276
2022-01-11 03:15:10,310 - Train Epoch: 3 [4480.0/17123 (26%)]	lr:0.00359	Accuracy: 0.0156	Loss: 5.117817
2022-01-11 03:15:10,768 - Train Epoch: 3 [4800.0/17123 (28%)]	lr:0.00357	Accuracy: 0.0469	Loss: 5.214905
2022-01-11 03:15:11,227 - Train Epoch: 3 [5120.0/17123 (30%)]	lr:0.00356	Accuracy: 0.0469	Loss: 5.025553
2022-01-11 03:15:11,686 - Train Epoch: 3 [5440.0/17123 (32%)]	lr:0.00354	Accuracy: 0.0938	Loss: 4.940435
2022-01-11 03:15:12,143 - Train Epoch: 3 [5760.0/17123 (34%)]	lr:0.00353	Accuracy: 0.0781	Loss: 4.866123
2022-01-11 03:15:12,600 - Train Epoch: 3 [6080.0/17123 (35%)]	lr:0.00352	Accuracy: 0.0469	Loss: 5.069707
2022-01-11 03:15:13,058 - Train Epoch: 3 [6400.0/17123 (37%)]	lr:0.00350	Accuracy: 0.0156	Loss: 5.033092
2022-01-11 03:15:13,516 - Train Epoch: 3 [6720.0/17123 (39%)]	lr:0.00349	Accuracy: 0.0312	Loss: 5.100432
2022-01-11 03:15:13,975 - Train Epoch: 3 [7040.0/17123 (41%)]	lr:0.00347	Accuracy: 0.0469	Loss: 4.839936
2022-01-11 03:15:14,437 - Train Epoch: 3 [7360.0/17123 (43%)]	lr:0.00346	Accuracy: 0.0781	Loss: 5.097343
2022-01-11 03:15:14,899 - Train Epoch: 3 [7680.0/17123 (45%)]	lr:0.00345	Accuracy: 0.0625	Loss: 4.930001
2022-01-11 03:15:15,360 - Train Epoch: 3 [8000.0/17123 (47%)]	lr:0.00344	Accuracy: 0.0312	Loss: 5.053329
2022-01-11 03:15:15,825 - Train Epoch: 3 [8320.0/17123 (49%)]	lr:0.00342	Accuracy: 0.0625	Loss: 4.893792
2022-01-11 03:15:16,285 - Train Epoch: 3 [8640.0/17123 (50%)]	lr:0.00341	Accuracy: 0.0156	Loss: 5.175120
2022-01-11 03:15:16,747 - Train Epoch: 3 [8960.0/17123 (52%)]	lr:0.00340	Accuracy: 0.0781	Loss: 4.941402
2022-01-11 03:15:17,208 - Train Epoch: 3 [9280.0/17123 (54%)]	lr:0.00338	Accuracy: 0.0156	Loss: 4.767878
2022-01-11 03:15:17,670 - Train Epoch: 3 [9600.0/17123 (56%)]	lr:0.00337	Accuracy: 0.0469	Loss: 4.866651
2022-01-11 03:15:18,131 - Train Epoch: 3 [9920.0/17123 (58%)]	lr:0.00336	Accuracy: 0.0156	Loss: 5.012737
2022-01-11 03:15:18,590 - Train Epoch: 3 [10240.0/17123 (60%)]	lr:0.00335	Accuracy: 0.0469	Loss: 5.095941
2022-01-11 03:15:19,053 - Train Epoch: 3 [10560.0/17123 (62%)]	lr:0.00334	Accuracy: 0.0625	Loss: 4.779468
2022-01-11 03:15:19,516 - Train Epoch: 3 [10880.0/17123 (63%)]	lr:0.00332	Accuracy: 0.0156	Loss: 5.278487
2022-01-11 03:15:19,976 - Train Epoch: 3 [11200.0/17123 (65%)]	lr:0.00331	Accuracy: 0.0312	Loss: 5.077121
2022-01-11 03:15:20,437 - Train Epoch: 3 [11520.0/17123 (67%)]	lr:0.00330	Accuracy: 0.0312	Loss: 5.127669
2022-01-11 03:15:20,898 - Train Epoch: 3 [11840.0/17123 (69%)]	lr:0.00329	Accuracy: 0.0000	Loss: 4.960388
2022-01-11 03:15:21,358 - Train Epoch: 3 [12160.0/17123 (71%)]	lr:0.00328	Accuracy: 0.0312	Loss: 5.010849
2022-01-11 03:15:21,820 - Train Epoch: 3 [12480.0/17123 (73%)]	lr:0.00327	Accuracy: 0.0312	Loss: 5.099465
2022-01-11 03:15:22,281 - Train Epoch: 3 [12800.0/17123 (75%)]	lr:0.00326	Accuracy: 0.0625	Loss: 4.957623
2022-01-11 03:15:22,743 - Train Epoch: 3 [13120.0/17123 (76%)]	lr:0.00324	Accuracy: 0.0312	Loss: 4.989132
2022-01-11 03:15:23,205 - Train Epoch: 3 [13440.0/17123 (78%)]	lr:0.00323	Accuracy: 0.0469	Loss: 4.955709
2022-01-11 03:15:23,670 - Train Epoch: 3 [13760.0/17123 (80%)]	lr:0.00322	Accuracy: 0.0156	Loss: 5.120550
2022-01-11 03:15:24,130 - Train Epoch: 3 [14080.0/17123 (82%)]	lr:0.00321	Accuracy: 0.0938	Loss: 4.873878
2022-01-11 03:15:24,594 - Train Epoch: 3 [14400.0/17123 (84%)]	lr:0.00320	Accuracy: 0.0938	Loss: 4.884438
2022-01-11 03:15:25,055 - Train Epoch: 3 [14720.0/17123 (86%)]	lr:0.00319	Accuracy: 0.0781	Loss: 4.992922
2022-01-11 03:15:25,517 - Train Epoch: 3 [15040.0/17123 (88%)]	lr:0.00318	Accuracy: 0.0312	Loss: 5.167283
2022-01-11 03:15:25,983 - Train Epoch: 3 [15360.0/17123 (90%)]	lr:0.00317	Accuracy: 0.0625	Loss: 4.820776
2022-01-11 03:15:26,445 - Train Epoch: 3 [15680.0/17123 (91%)]	lr:0.00316	Accuracy: 0.0312	Loss: 4.960808
2022-01-11 03:15:26,907 - Train Epoch: 3 [16000.0/17123 (93%)]	lr:0.00315	Accuracy: 0.0156	Loss: 4.832629
2022-01-11 03:15:27,364 - Train Epoch: 3 [16320.0/17123 (95%)]	lr:0.00314	Accuracy: 0.0312	Loss: 4.944338
2022-01-11 03:15:27,831 - Train Epoch: 3 [16640.0/17123 (97%)]	lr:0.00313	Accuracy: 0.0312	Loss: 4.855397
2022-01-11 03:15:28,298 - Train Epoch: 3 [16960.0/17123 (99%)]	lr:0.00312	Accuracy: 0.0469	Loss: 4.960137
2022-01-11 03:15:28,447 - Starting Validation
2022-01-11 03:15:36,699 - ===> Validation set: Average loss: 4.9667	Accuracy: 0.0452

2022-01-11 03:15:36,701 - Snapshot saved to snapshot/cdc/cdc-2022-01-11_03_14_05-model_best.pth

2022-01-11 03:15:36,701 - #### End epoch 3/10, elapsed time: 33.55796800000826
2022-01-11 03:15:36,796 - Train Epoch: 4 [0.0/17123 (0%)]	lr:0.00312	Accuracy: 0.0312	Loss: 4.933796
2022-01-11 03:15:37,257 - Train Epoch: 4 [320.0/17123 (2%)]	lr:0.00311	Accuracy: 0.0625	Loss: 4.882518
2022-01-11 03:15:37,721 - Train Epoch: 4 [640.0/17123 (4%)]	lr:0.00310	Accuracy: 0.0781	Loss: 4.781435
2022-01-11 03:15:38,188 - Train Epoch: 4 [960.0/17123 (6%)]	lr:0.00309	Accuracy: 0.0625	Loss: 4.765222
2022-01-11 03:15:38,650 - Train Epoch: 4 [1280.0/17123 (7%)]	lr:0.00308	Accuracy: 0.0625	Loss: 4.950432
2022-01-11 03:15:39,114 - Train Epoch: 4 [1600.0/17123 (9%)]	lr:0.00307	Accuracy: 0.0312	Loss: 5.078146
2022-01-11 03:15:39,579 - Train Epoch: 4 [1920.0/17123 (11%)]	lr:0.00306	Accuracy: 0.0156	Loss: 4.860898
2022-01-11 03:15:40,050 - Train Epoch: 4 [2240.0/17123 (13%)]	lr:0.00305	Accuracy: 0.0469	Loss: 4.990310
2022-01-11 03:15:40,516 - Train Epoch: 4 [2560.0/17123 (15%)]	lr:0.00304	Accuracy: 0.0625	Loss: 4.737239
2022-01-11 03:15:40,982 - Train Epoch: 4 [2880.0/17123 (17%)]	lr:0.00303	Accuracy: 0.0469	Loss: 5.066303
2022-01-11 03:15:41,495 - Train Epoch: 4 [3200.0/17123 (19%)]	lr:0.00302	Accuracy: 0.0469	Loss: 4.858517
2022-01-11 03:15:41,968 - Train Epoch: 4 [3520.0/17123 (21%)]	lr:0.00301	Accuracy: 0.0469	Loss: 4.912126
2022-01-11 03:15:42,434 - Train Epoch: 4 [3840.0/17123 (22%)]	lr:0.00301	Accuracy: 0.0938	Loss: 4.884506
2022-01-11 03:15:42,900 - Train Epoch: 4 [4160.0/17123 (24%)]	lr:0.00300	Accuracy: 0.0469	Loss: 5.017195
2022-01-11 03:15:43,366 - Train Epoch: 4 [4480.0/17123 (26%)]	lr:0.00299	Accuracy: 0.0312	Loss: 5.108102
2022-01-11 03:15:43,831 - Train Epoch: 4 [4800.0/17123 (28%)]	lr:0.00298	Accuracy: 0.0781	Loss: 4.748582
2022-01-11 03:15:44,297 - Train Epoch: 4 [5120.0/17123 (30%)]	lr:0.00297	Accuracy: 0.0469	Loss: 4.909374
2022-01-11 03:15:44,763 - Train Epoch: 4 [5440.0/17123 (32%)]	lr:0.00296	Accuracy: 0.0781	Loss: 4.637651
2022-01-11 03:15:45,229 - Train Epoch: 4 [5760.0/17123 (34%)]	lr:0.00295	Accuracy: 0.0469	Loss: 4.949476
2022-01-11 03:15:45,792 - Train Epoch: 4 [6080.0/17123 (35%)]	lr:0.00295	Accuracy: 0.0469	Loss: 4.990368
2022-01-11 03:15:46,282 - Train Epoch: 4 [6400.0/17123 (37%)]	lr:0.00294	Accuracy: 0.0312	Loss: 4.890099
2022-01-11 03:15:46,746 - Train Epoch: 4 [6720.0/17123 (39%)]	lr:0.00293	Accuracy: 0.0469	Loss: 4.989696
2022-01-11 03:15:47,213 - Train Epoch: 4 [7040.0/17123 (41%)]	lr:0.00292	Accuracy: 0.0469	Loss: 4.796967
2022-01-11 03:15:47,681 - Train Epoch: 4 [7360.0/17123 (43%)]	lr:0.00291	Accuracy: 0.0312	Loss: 5.030514
2022-01-11 03:15:48,147 - Train Epoch: 4 [7680.0/17123 (45%)]	lr:0.00291	Accuracy: 0.0625	Loss: 4.941068
2022-01-11 03:15:48,614 - Train Epoch: 4 [8000.0/17123 (47%)]	lr:0.00290	Accuracy: 0.0156	Loss: 5.014087
2022-01-11 03:15:49,082 - Train Epoch: 4 [8320.0/17123 (49%)]	lr:0.00289	Accuracy: 0.0156	Loss: 5.012599
2022-01-11 03:15:49,549 - Train Epoch: 4 [8640.0/17123 (50%)]	lr:0.00288	Accuracy: 0.0469	Loss: 4.879420
2022-01-11 03:15:50,015 - Train Epoch: 4 [8960.0/17123 (52%)]	lr:0.00288	Accuracy: 0.0312	Loss: 4.727475
2022-01-11 03:15:50,479 - Train Epoch: 4 [9280.0/17123 (54%)]	lr:0.00287	Accuracy: 0.0312	Loss: 4.999640
2022-01-11 03:15:50,947 - Train Epoch: 4 [9600.0/17123 (56%)]	lr:0.00286	Accuracy: 0.0469	Loss: 4.895642
2022-01-11 03:15:51,414 - Train Epoch: 4 [9920.0/17123 (58%)]	lr:0.00285	Accuracy: 0.0312	Loss: 4.913908
2022-01-11 03:15:51,877 - Train Epoch: 4 [10240.0/17123 (60%)]	lr:0.00285	Accuracy: 0.0625	Loss: 4.983899
2022-01-11 03:15:52,345 - Train Epoch: 4 [10560.0/17123 (62%)]	lr:0.00284	Accuracy: 0.0469	Loss: 4.900380
2022-01-11 03:15:52,813 - Train Epoch: 4 [10880.0/17123 (63%)]	lr:0.00283	Accuracy: 0.0625	Loss: 4.728852
2022-01-11 03:15:53,281 - Train Epoch: 4 [11200.0/17123 (65%)]	lr:0.00282	Accuracy: 0.1250	Loss: 4.835199
2022-01-11 03:15:53,747 - Train Epoch: 4 [11520.0/17123 (67%)]	lr:0.00282	Accuracy: 0.0156	Loss: 5.036302
2022-01-11 03:15:54,213 - Train Epoch: 4 [11840.0/17123 (69%)]	lr:0.00281	Accuracy: 0.0625	Loss: 4.731649
2022-01-11 03:15:54,680 - Train Epoch: 4 [12160.0/17123 (71%)]	lr:0.00280	Accuracy: 0.0469	Loss: 4.933917
2022-01-11 03:15:55,144 - Train Epoch: 4 [12480.0/17123 (73%)]	lr:0.00280	Accuracy: 0.0469	Loss: 4.705990
2022-01-11 03:15:55,613 - Train Epoch: 4 [12800.0/17123 (75%)]	lr:0.00279	Accuracy: 0.0312	Loss: 4.790429
2022-01-11 03:15:56,081 - Train Epoch: 4 [13120.0/17123 (76%)]	lr:0.00278	Accuracy: 0.0469	Loss: 5.033752
2022-01-11 03:15:56,548 - Train Epoch: 4 [13440.0/17123 (78%)]	lr:0.00277	Accuracy: 0.0938	Loss: 4.703273
2022-01-11 03:15:57,013 - Train Epoch: 4 [13760.0/17123 (80%)]	lr:0.00277	Accuracy: 0.0781	Loss: 4.959074
2022-01-11 03:15:57,484 - Train Epoch: 4 [14080.0/17123 (82%)]	lr:0.00276	Accuracy: 0.0781	Loss: 5.019166
2022-01-11 03:15:57,955 - Train Epoch: 4 [14400.0/17123 (84%)]	lr:0.00275	Accuracy: 0.0156	Loss: 4.879552
2022-01-11 03:15:58,422 - Train Epoch: 4 [14720.0/17123 (86%)]	lr:0.00275	Accuracy: 0.0625	Loss: 4.859077
2022-01-11 03:15:58,887 - Train Epoch: 4 [15040.0/17123 (88%)]	lr:0.00274	Accuracy: 0.0312	Loss: 4.943524
2022-01-11 03:15:59,353 - Train Epoch: 4 [15360.0/17123 (90%)]	lr:0.00273	Accuracy: 0.0625	Loss: 4.921482
2022-01-11 03:15:59,824 - Train Epoch: 4 [15680.0/17123 (91%)]	lr:0.00273	Accuracy: 0.0312	Loss: 4.988981
2022-01-11 03:16:00,298 - Train Epoch: 4 [16000.0/17123 (93%)]	lr:0.00272	Accuracy: 0.0312	Loss: 5.030962
2022-01-11 03:16:00,769 - Train Epoch: 4 [16320.0/17123 (95%)]	lr:0.00271	Accuracy: 0.0469	Loss: 4.883500
2022-01-11 03:16:01,237 - Train Epoch: 4 [16640.0/17123 (97%)]	lr:0.00271	Accuracy: 0.0000	Loss: 5.134093
2022-01-11 03:16:01,708 - Train Epoch: 4 [16960.0/17123 (99%)]	lr:0.00270	Accuracy: 0.0625	Loss: 4.788923
2022-01-11 03:16:01,861 - Starting Validation
2022-01-11 03:16:10,258 - ===> Validation set: Average loss: 4.9043	Accuracy: 0.0505

2022-01-11 03:16:10,260 - Snapshot saved to snapshot/cdc/cdc-2022-01-11_03_14_05-model_best.pth

2022-01-11 03:16:10,260 - #### End epoch 4/10, elapsed time: 33.55905083997641
2022-01-11 03:16:10,356 - Train Epoch: 5 [0.0/17123 (0%)]	lr:0.00270	Accuracy: 0.0156	Loss: 4.950461
2022-01-11 03:16:10,822 - Train Epoch: 5 [320.0/17123 (2%)]	lr:0.00269	Accuracy: 0.0156	Loss: 4.893303
2022-01-11 03:16:11,290 - Train Epoch: 5 [640.0/17123 (4%)]	lr:0.00269	Accuracy: 0.0625	Loss: 4.963240
2022-01-11 03:16:11,756 - Train Epoch: 5 [960.0/17123 (6%)]	lr:0.00268	Accuracy: 0.0469	Loss: 4.751609
2022-01-11 03:16:12,222 - Train Epoch: 5 [1280.0/17123 (7%)]	lr:0.00267	Accuracy: 0.0469	Loss: 4.924062
2022-01-11 03:16:12,693 - Train Epoch: 5 [1600.0/17123 (9%)]	lr:0.00267	Accuracy: 0.0312	Loss: 4.955352
2022-01-11 03:16:13,166 - Train Epoch: 5 [1920.0/17123 (11%)]	lr:0.00266	Accuracy: 0.0469	Loss: 5.002569
2022-01-11 03:16:13,633 - Train Epoch: 5 [2240.0/17123 (13%)]	lr:0.00266	Accuracy: 0.0625	Loss: 4.814650
2022-01-11 03:16:14,100 - Train Epoch: 5 [2560.0/17123 (15%)]	lr:0.00265	Accuracy: 0.0625	Loss: 4.899340
2022-01-11 03:16:14,566 - Train Epoch: 5 [2880.0/17123 (17%)]	lr:0.00264	Accuracy: 0.1250	Loss: 4.912666
2022-01-11 03:16:15,037 - Train Epoch: 5 [3200.0/17123 (19%)]	lr:0.00264	Accuracy: 0.0625	Loss: 4.759338
2022-01-11 03:16:15,506 - Train Epoch: 5 [3520.0/17123 (21%)]	lr:0.00263	Accuracy: 0.0156	Loss: 4.879530
2022-01-11 03:16:15,977 - Train Epoch: 5 [3840.0/17123 (22%)]	lr:0.00263	Accuracy: 0.0156	Loss: 5.086586
2022-01-11 03:16:16,446 - Train Epoch: 5 [4160.0/17123 (24%)]	lr:0.00262	Accuracy: 0.0625	Loss: 4.753395
2022-01-11 03:16:16,913 - Train Epoch: 5 [4480.0/17123 (26%)]	lr:0.00261	Accuracy: 0.0625	Loss: 5.020429
2022-01-11 03:16:17,380 - Train Epoch: 5 [4800.0/17123 (28%)]	lr:0.00261	Accuracy: 0.0156	Loss: 5.162369
2022-01-11 03:16:17,851 - Train Epoch: 5 [5120.0/17123 (30%)]	lr:0.00260	Accuracy: 0.0312	Loss: 4.746942
2022-01-11 03:16:18,318 - Train Epoch: 5 [5440.0/17123 (32%)]	lr:0.00260	Accuracy: 0.0625	Loss: 4.966842
2022-01-11 03:16:18,790 - Train Epoch: 5 [5760.0/17123 (34%)]	lr:0.00259	Accuracy: 0.0000	Loss: 5.215203
2022-01-11 03:16:19,261 - Train Epoch: 5 [6080.0/17123 (35%)]	lr:0.00259	Accuracy: 0.0312	Loss: 4.930337
2022-01-11 03:16:19,736 - Train Epoch: 5 [6400.0/17123 (37%)]	lr:0.00258	Accuracy: 0.0469	Loss: 4.991866
2022-01-11 03:16:20,208 - Train Epoch: 5 [6720.0/17123 (39%)]	lr:0.00258	Accuracy: 0.0625	Loss: 4.767088
2022-01-11 03:16:20,685 - Train Epoch: 5 [7040.0/17123 (41%)]	lr:0.00257	Accuracy: 0.0625	Loss: 4.642039
2022-01-11 03:16:21,157 - Train Epoch: 5 [7360.0/17123 (43%)]	lr:0.00256	Accuracy: 0.0469	Loss: 4.955502
2022-01-11 03:16:21,633 - Train Epoch: 5 [7680.0/17123 (45%)]	lr:0.00256	Accuracy: 0.0469	Loss: 5.014258
2022-01-11 03:16:22,115 - Train Epoch: 5 [8000.0/17123 (47%)]	lr:0.00255	Accuracy: 0.0625	Loss: 4.651336
2022-01-11 03:16:22,599 - Train Epoch: 5 [8320.0/17123 (49%)]	lr:0.00255	Accuracy: 0.0312	Loss: 4.876852
2022-01-11 03:16:23,081 - Train Epoch: 5 [8640.0/17123 (50%)]	lr:0.00254	Accuracy: 0.0625	Loss: 4.937913
2022-01-11 03:16:23,677 - Train Epoch: 5 [8960.0/17123 (52%)]	lr:0.00254	Accuracy: 0.0312	Loss: 4.810151
2022-01-11 03:16:24,269 - Train Epoch: 5 [9280.0/17123 (54%)]	lr:0.00253	Accuracy: 0.0781	Loss: 4.807139
2022-01-11 03:16:24,863 - Train Epoch: 5 [9600.0/17123 (56%)]	lr:0.00253	Accuracy: 0.0312	Loss: 5.111711
2022-01-11 03:16:25,457 - Train Epoch: 5 [9920.0/17123 (58%)]	lr:0.00252	Accuracy: 0.0312	Loss: 5.041080
2022-01-11 03:16:26,019 - Train Epoch: 5 [10240.0/17123 (60%)]	lr:0.00252	Accuracy: 0.0781	Loss: 4.829776
2022-01-11 03:16:26,528 - Train Epoch: 5 [10560.0/17123 (62%)]	lr:0.00251	Accuracy: 0.0781	Loss: 4.933367
2022-01-11 03:16:27,009 - Train Epoch: 5 [10880.0/17123 (63%)]	lr:0.00251	Accuracy: 0.0312	Loss: 5.030372
2022-01-11 03:16:27,489 - Train Epoch: 5 [11200.0/17123 (65%)]	lr:0.00250	Accuracy: 0.0625	Loss: 4.960611
2022-01-11 03:16:27,954 - Train Epoch: 5 [11520.0/17123 (67%)]	lr:0.00250	Accuracy: 0.0312	Loss: 5.082983
2022-01-11 03:16:28,423 - Train Epoch: 5 [11840.0/17123 (69%)]	lr:0.00249	Accuracy: 0.0156	Loss: 5.087747
2022-01-11 03:16:28,891 - Train Epoch: 5 [12160.0/17123 (71%)]	lr:0.00249	Accuracy: 0.0781	Loss: 4.675376
2022-01-11 03:16:29,362 - Train Epoch: 5 [12480.0/17123 (73%)]	lr:0.00248	Accuracy: 0.0938	Loss: 4.463688
2022-01-11 03:16:29,830 - Train Epoch: 5 [12800.0/17123 (75%)]	lr:0.00248	Accuracy: 0.0625	Loss: 4.722771
2022-01-11 03:16:30,298 - Train Epoch: 5 [13120.0/17123 (76%)]	lr:0.00247	Accuracy: 0.0312	Loss: 4.818740
2022-01-11 03:16:30,770 - Train Epoch: 5 [13440.0/17123 (78%)]	lr:0.00247	Accuracy: 0.0469	Loss: 4.811414
2022-01-11 03:16:31,242 - Train Epoch: 5 [13760.0/17123 (80%)]	lr:0.00246	Accuracy: 0.0625	Loss: 4.648469
2022-01-11 03:16:31,714 - Train Epoch: 5 [14080.0/17123 (82%)]	lr:0.00246	Accuracy: 0.0625	Loss: 5.026009
2022-01-11 03:16:32,187 - Train Epoch: 5 [14400.0/17123 (84%)]	lr:0.00245	Accuracy: 0.0781	Loss: 4.854924
2022-01-11 03:16:32,657 - Train Epoch: 5 [14720.0/17123 (86%)]	lr:0.00245	Accuracy: 0.0312	Loss: 4.869767
2022-01-11 03:16:33,128 - Train Epoch: 5 [15040.0/17123 (88%)]	lr:0.00244	Accuracy: 0.0625	Loss: 4.911002
2022-01-11 03:16:33,599 - Train Epoch: 5 [15360.0/17123 (90%)]	lr:0.00244	Accuracy: 0.0312	Loss: 4.826459
2022-01-11 03:16:34,070 - Train Epoch: 5 [15680.0/17123 (91%)]	lr:0.00243	Accuracy: 0.0000	Loss: 5.128388
2022-01-11 03:16:34,543 - Train Epoch: 5 [16000.0/17123 (93%)]	lr:0.00243	Accuracy: 0.0156	Loss: 4.979034
2022-01-11 03:16:35,017 - Train Epoch: 5 [16320.0/17123 (95%)]	lr:0.00243	Accuracy: 0.0938	Loss: 4.793153
2022-01-11 03:16:35,495 - Train Epoch: 5 [16640.0/17123 (97%)]	lr:0.00242	Accuracy: 0.0469	Loss: 4.851767
2022-01-11 03:16:35,966 - Train Epoch: 5 [16960.0/17123 (99%)]	lr:0.00242	Accuracy: 0.0938	Loss: 4.851043
2022-01-11 03:16:36,117 - Starting Validation
2022-01-11 03:16:44,629 - ===> Validation set: Average loss: 4.8646	Accuracy: 0.0534

2022-01-11 03:16:44,639 - Snapshot saved to snapshot/cdc/cdc-2022-01-11_03_14_05-model_best.pth

2022-01-11 03:16:44,639 - #### End epoch 5/10, elapsed time: 34.378663668001536
2022-01-11 03:16:44,741 - Train Epoch: 6 [0.0/17123 (0%)]	lr:0.00241	Accuracy: 0.0781	Loss: 5.036833
2022-01-11 03:16:45,213 - Train Epoch: 6 [320.0/17123 (2%)]	lr:0.00241	Accuracy: 0.0625	Loss: 4.848781
2022-01-11 03:16:45,687 - Train Epoch: 6 [640.0/17123 (4%)]	lr:0.00240	Accuracy: 0.0469	Loss: 4.860241
2022-01-11 03:16:46,163 - Train Epoch: 6 [960.0/17123 (6%)]	lr:0.00240	Accuracy: 0.1094	Loss: 4.603240
2022-01-11 03:16:46,638 - Train Epoch: 6 [1280.0/17123 (7%)]	lr:0.00240	Accuracy: 0.0469	Loss: 4.772247
2022-01-11 03:16:47,112 - Train Epoch: 6 [1600.0/17123 (9%)]	lr:0.00239	Accuracy: 0.0469	Loss: 4.686500
2022-01-11 03:16:47,588 - Train Epoch: 6 [1920.0/17123 (11%)]	lr:0.00239	Accuracy: 0.0781	Loss: 4.672630
2022-01-11 03:16:48,063 - Train Epoch: 6 [2240.0/17123 (13%)]	lr:0.00238	Accuracy: 0.0781	Loss: 4.938001
2022-01-11 03:16:48,539 - Train Epoch: 6 [2560.0/17123 (15%)]	lr:0.00238	Accuracy: 0.0312	Loss: 4.917023
2022-01-11 03:16:49,009 - Train Epoch: 6 [2880.0/17123 (17%)]	lr:0.00237	Accuracy: 0.0469	Loss: 4.985038
2022-01-11 03:16:49,481 - Train Epoch: 6 [3200.0/17123 (19%)]	lr:0.00237	Accuracy: 0.0469	Loss: 4.842147
2022-01-11 03:16:49,953 - Train Epoch: 6 [3520.0/17123 (21%)]	lr:0.00237	Accuracy: 0.0625	Loss: 4.701023
2022-01-11 03:16:50,424 - Train Epoch: 6 [3840.0/17123 (22%)]	lr:0.00236	Accuracy: 0.0469	Loss: 4.778427
2022-01-11 03:16:50,896 - Train Epoch: 6 [4160.0/17123 (24%)]	lr:0.00236	Accuracy: 0.0156	Loss: 5.069518
2022-01-11 03:16:51,369 - Train Epoch: 6 [4480.0/17123 (26%)]	lr:0.00235	Accuracy: 0.0469	Loss: 4.887584
2022-01-11 03:16:51,842 - Train Epoch: 6 [4800.0/17123 (28%)]	lr:0.00235	Accuracy: 0.0312	Loss: 4.996474
2022-01-11 03:16:52,320 - Train Epoch: 6 [5120.0/17123 (30%)]	lr:0.00234	Accuracy: 0.0312	Loss: 4.996257
2022-01-11 03:16:52,794 - Train Epoch: 6 [5440.0/17123 (32%)]	lr:0.00234	Accuracy: 0.2344	Loss: 4.338486
2022-01-11 03:16:53,269 - Train Epoch: 6 [5760.0/17123 (34%)]	lr:0.00234	Accuracy: 0.0000	Loss: 5.006741
2022-01-11 03:16:53,744 - Train Epoch: 6 [6080.0/17123 (35%)]	lr:0.00233	Accuracy: 0.0469	Loss: 4.956634
2022-01-11 03:16:54,218 - Train Epoch: 6 [6400.0/17123 (37%)]	lr:0.00233	Accuracy: 0.0312	Loss: 4.783735
2022-01-11 03:16:54,695 - Train Epoch: 6 [6720.0/17123 (39%)]	lr:0.00232	Accuracy: 0.0469	Loss: 4.777718
2022-01-11 03:16:55,170 - Train Epoch: 6 [7040.0/17123 (41%)]	lr:0.00232	Accuracy: 0.0469	Loss: 4.941108
2022-01-11 03:16:55,645 - Train Epoch: 6 [7360.0/17123 (43%)]	lr:0.00232	Accuracy: 0.0156	Loss: 5.159269
2022-01-11 03:16:56,121 - Train Epoch: 6 [7680.0/17123 (45%)]	lr:0.00231	Accuracy: 0.0000	Loss: 4.996099
2022-01-11 03:16:56,596 - Train Epoch: 6 [8000.0/17123 (47%)]	lr:0.00231	Accuracy: 0.0469	Loss: 4.738205
2022-01-11 03:16:57,071 - Train Epoch: 6 [8320.0/17123 (49%)]	lr:0.00230	Accuracy: 0.0469	Loss: 4.924478
2022-01-11 03:16:57,549 - Train Epoch: 6 [8640.0/17123 (50%)]	lr:0.00230	Accuracy: 0.0469	Loss: 4.804137
2022-01-11 03:16:58,060 - Train Epoch: 6 [8960.0/17123 (52%)]	lr:0.00230	Accuracy: 0.0938	Loss: 4.807837
2022-01-11 03:16:58,555 - Train Epoch: 6 [9280.0/17123 (54%)]	lr:0.00229	Accuracy: 0.0469	Loss: 4.902363
2022-01-11 03:16:59,045 - Train Epoch: 6 [9600.0/17123 (56%)]	lr:0.00229	Accuracy: 0.1094	Loss: 4.819031
2022-01-11 03:16:59,533 - Train Epoch: 6 [9920.0/17123 (58%)]	lr:0.00229	Accuracy: 0.0469	Loss: 4.807130
2022-01-11 03:17:00,024 - Train Epoch: 6 [10240.0/17123 (60%)]	lr:0.00228	Accuracy: 0.0469	Loss: 4.866292
2022-01-11 03:17:00,511 - Train Epoch: 6 [10560.0/17123 (62%)]	lr:0.00228	Accuracy: 0.0469	Loss: 5.052444
2022-01-11 03:17:01,000 - Train Epoch: 6 [10880.0/17123 (63%)]	lr:0.00227	Accuracy: 0.0625	Loss: 4.816654
2022-01-11 03:17:01,486 - Train Epoch: 6 [11200.0/17123 (65%)]	lr:0.00227	Accuracy: 0.0156	Loss: 4.995084
2022-01-11 03:17:01,980 - Train Epoch: 6 [11520.0/17123 (67%)]	lr:0.00227	Accuracy: 0.0625	Loss: 5.116071
2022-01-11 03:17:02,541 - Train Epoch: 6 [11840.0/17123 (69%)]	lr:0.00226	Accuracy: 0.0312	Loss: 5.013020
2022-01-11 03:17:03,029 - Train Epoch: 6 [12160.0/17123 (71%)]	lr:0.00226	Accuracy: 0.0625	Loss: 4.851765
2022-01-11 03:17:03,504 - Train Epoch: 6 [12480.0/17123 (73%)]	lr:0.00226	Accuracy: 0.0781	Loss: 4.551637
2022-01-11 03:17:03,977 - Train Epoch: 6 [12800.0/17123 (75%)]	lr:0.00225	Accuracy: 0.0469	Loss: 4.930422
2022-01-11 03:17:04,453 - Train Epoch: 6 [13120.0/17123 (76%)]	lr:0.00225	Accuracy: 0.0625	Loss: 4.663374
2022-01-11 03:17:04,928 - Train Epoch: 6 [13440.0/17123 (78%)]	lr:0.00224	Accuracy: 0.0781	Loss: 4.626509
2022-01-11 03:17:05,400 - Train Epoch: 6 [13760.0/17123 (80%)]	lr:0.00224	Accuracy: 0.0156	Loss: 4.745414
2022-01-11 03:17:05,873 - Train Epoch: 6 [14080.0/17123 (82%)]	lr:0.00224	Accuracy: 0.0156	Loss: 5.129632
2022-01-11 03:17:06,345 - Train Epoch: 6 [14400.0/17123 (84%)]	lr:0.00223	Accuracy: 0.0625	Loss: 4.996306
2022-01-11 03:17:06,818 - Train Epoch: 6 [14720.0/17123 (86%)]	lr:0.00223	Accuracy: 0.0312	Loss: 4.931985
2022-01-11 03:17:07,293 - Train Epoch: 6 [15040.0/17123 (88%)]	lr:0.00223	Accuracy: 0.0000	Loss: 4.987909
2022-01-11 03:17:07,766 - Train Epoch: 6 [15360.0/17123 (90%)]	lr:0.00222	Accuracy: 0.1250	Loss: 4.596565
2022-01-11 03:17:08,245 - Train Epoch: 6 [15680.0/17123 (91%)]	lr:0.00222	Accuracy: 0.0469	Loss: 4.755495
2022-01-11 03:17:08,718 - Train Epoch: 6 [16000.0/17123 (93%)]	lr:0.00222	Accuracy: 0.1250	Loss: 4.670350
2022-01-11 03:17:09,193 - Train Epoch: 6 [16320.0/17123 (95%)]	lr:0.00221	Accuracy: 0.0625	Loss: 4.944177
2022-01-11 03:17:09,668 - Train Epoch: 6 [16640.0/17123 (97%)]	lr:0.00221	Accuracy: 0.0625	Loss: 4.714753
2022-01-11 03:17:10,144 - Train Epoch: 6 [16960.0/17123 (99%)]	lr:0.00221	Accuracy: 0.0781	Loss: 4.957473
2022-01-11 03:17:10,298 - Starting Validation
2022-01-11 03:17:18,713 - ===> Validation set: Average loss: 4.8263	Accuracy: 0.0633

2022-01-11 03:17:18,715 - Snapshot saved to snapshot/cdc/cdc-2022-01-11_03_14_05-model_best.pth

2022-01-11 03:17:18,715 - #### End epoch 6/10, elapsed time: 34.07661149301566
2022-01-11 03:17:18,811 - Train Epoch: 7 [0.0/17123 (0%)]	lr:0.00220	Accuracy: 0.0781	Loss: 4.806123
2022-01-11 03:17:19,282 - Train Epoch: 7 [320.0/17123 (2%)]	lr:0.00220	Accuracy: 0.0156	Loss: 4.954601
2022-01-11 03:17:19,755 - Train Epoch: 7 [640.0/17123 (4%)]	lr:0.00220	Accuracy: 0.0625	Loss: 4.738255
2022-01-11 03:17:20,226 - Train Epoch: 7 [960.0/17123 (6%)]	lr:0.00219	Accuracy: 0.0781	Loss: 4.641866
2022-01-11 03:17:20,702 - Train Epoch: 7 [1280.0/17123 (7%)]	lr:0.00219	Accuracy: 0.1094	Loss: 4.654070
2022-01-11 03:17:21,175 - Train Epoch: 7 [1600.0/17123 (9%)]	lr:0.00219	Accuracy: 0.0312	Loss: 4.802240
2022-01-11 03:17:21,648 - Train Epoch: 7 [1920.0/17123 (11%)]	lr:0.00218	Accuracy: 0.0781	Loss: 4.827596
2022-01-11 03:17:22,122 - Train Epoch: 7 [2240.0/17123 (13%)]	lr:0.00218	Accuracy: 0.1250	Loss: 4.751422
2022-01-11 03:17:22,594 - Train Epoch: 7 [2560.0/17123 (15%)]	lr:0.00218	Accuracy: 0.0625	Loss: 4.942639
2022-01-11 03:17:23,070 - Train Epoch: 7 [2880.0/17123 (17%)]	lr:0.00217	Accuracy: 0.0312	Loss: 5.131259
2022-01-11 03:17:23,541 - Train Epoch: 7 [3200.0/17123 (19%)]	lr:0.00217	Accuracy: 0.0781	Loss: 4.512170
2022-01-11 03:17:24,017 - Train Epoch: 7 [3520.0/17123 (21%)]	lr:0.00217	Accuracy: 0.0938	Loss: 4.446720
2022-01-11 03:17:24,492 - Train Epoch: 7 [3840.0/17123 (22%)]	lr:0.00216	Accuracy: 0.0312	Loss: 5.057415
2022-01-11 03:17:24,964 - Train Epoch: 7 [4160.0/17123 (24%)]	lr:0.00216	Accuracy: 0.0156	Loss: 4.821452
2022-01-11 03:17:25,442 - Train Epoch: 7 [4480.0/17123 (26%)]	lr:0.00216	Accuracy: 0.0312	Loss: 4.893720
2022-01-11 03:17:25,919 - Train Epoch: 7 [4800.0/17123 (28%)]	lr:0.00215	Accuracy: 0.0312	Loss: 4.986604
2022-01-11 03:17:26,395 - Train Epoch: 7 [5120.0/17123 (30%)]	lr:0.00215	Accuracy: 0.0938	Loss: 4.718539
2022-01-11 03:17:26,871 - Train Epoch: 7 [5440.0/17123 (32%)]	lr:0.00215	Accuracy: 0.0156	Loss: 4.837865
2022-01-11 03:17:27,339 - Train Epoch: 7 [5760.0/17123 (34%)]	lr:0.00214	Accuracy: 0.0156	Loss: 4.966986
2022-01-11 03:17:27,812 - Train Epoch: 7 [6080.0/17123 (35%)]	lr:0.00214	Accuracy: 0.0625	Loss: 4.808114
2022-01-11 03:17:28,283 - Train Epoch: 7 [6400.0/17123 (37%)]	lr:0.00214	Accuracy: 0.0625	Loss: 4.708493
2022-01-11 03:17:28,756 - Train Epoch: 7 [6720.0/17123 (39%)]	lr:0.00213	Accuracy: 0.0469	Loss: 4.991358
2022-01-11 03:17:29,228 - Train Epoch: 7 [7040.0/17123 (41%)]	lr:0.00213	Accuracy: 0.0469	Loss: 4.792353
2022-01-11 03:17:29,697 - Train Epoch: 7 [7360.0/17123 (43%)]	lr:0.00213	Accuracy: 0.0469	Loss: 4.940495
2022-01-11 03:17:30,170 - Train Epoch: 7 [7680.0/17123 (45%)]	lr:0.00213	Accuracy: 0.0156	Loss: 5.078310
2022-01-11 03:17:30,641 - Train Epoch: 7 [8000.0/17123 (47%)]	lr:0.00212	Accuracy: 0.0469	Loss: 4.746652
2022-01-11 03:17:31,112 - Train Epoch: 7 [8320.0/17123 (49%)]	lr:0.00212	Accuracy: 0.1250	Loss: 4.463411
2022-01-11 03:17:31,587 - Train Epoch: 7 [8640.0/17123 (50%)]	lr:0.00212	Accuracy: 0.0312	Loss: 4.975955
2022-01-11 03:17:32,061 - Train Epoch: 7 [8960.0/17123 (52%)]	lr:0.00211	Accuracy: 0.0469	Loss: 4.922166
2022-01-11 03:17:32,534 - Train Epoch: 7 [9280.0/17123 (54%)]	lr:0.00211	Accuracy: 0.1250	Loss: 4.564966
2022-01-11 03:17:33,009 - Train Epoch: 7 [9600.0/17123 (56%)]	lr:0.00211	Accuracy: 0.0312	Loss: 5.034908
2022-01-11 03:17:33,483 - Train Epoch: 7 [9920.0/17123 (58%)]	lr:0.00210	Accuracy: 0.0781	Loss: 4.672171
2022-01-11 03:17:33,956 - Train Epoch: 7 [10240.0/17123 (60%)]	lr:0.00210	Accuracy: 0.1094	Loss: 4.695696
2022-01-11 03:17:34,431 - Train Epoch: 7 [10560.0/17123 (62%)]	lr:0.00210	Accuracy: 0.0469	Loss: 4.853980
2022-01-11 03:17:34,905 - Train Epoch: 7 [10880.0/17123 (63%)]	lr:0.00210	Accuracy: 0.0781	Loss: 4.612116
2022-01-11 03:17:35,380 - Train Epoch: 7 [11200.0/17123 (65%)]	lr:0.00209	Accuracy: 0.0000	Loss: 4.902538
2022-01-11 03:17:35,859 - Train Epoch: 7 [11520.0/17123 (67%)]	lr:0.00209	Accuracy: 0.0625	Loss: 4.814450
2022-01-11 03:17:36,334 - Train Epoch: 7 [11840.0/17123 (69%)]	lr:0.00209	Accuracy: 0.0156	Loss: 4.871654
2022-01-11 03:17:36,810 - Train Epoch: 7 [12160.0/17123 (71%)]	lr:0.00208	Accuracy: 0.0312	Loss: 4.982490
2022-01-11 03:17:37,282 - Train Epoch: 7 [12480.0/17123 (73%)]	lr:0.00208	Accuracy: 0.0625	Loss: 4.658294
2022-01-11 03:17:37,754 - Train Epoch: 7 [12800.0/17123 (75%)]	lr:0.00208	Accuracy: 0.0781	Loss: 4.717493
2022-01-11 03:17:38,227 - Train Epoch: 7 [13120.0/17123 (76%)]	lr:0.00208	Accuracy: 0.0156	Loss: 4.935096
2022-01-11 03:17:38,700 - Train Epoch: 7 [13440.0/17123 (78%)]	lr:0.00207	Accuracy: 0.1094	Loss: 4.502571
2022-01-11 03:17:39,178 - Train Epoch: 7 [13760.0/17123 (80%)]	lr:0.00207	Accuracy: 0.0625	Loss: 4.974376
2022-01-11 03:17:39,663 - Train Epoch: 7 [14080.0/17123 (82%)]	lr:0.00207	Accuracy: 0.0625	Loss: 4.976235
2022-01-11 03:17:40,183 - Train Epoch: 7 [14400.0/17123 (84%)]	lr:0.00206	Accuracy: 0.0469	Loss: 4.880646
2022-01-11 03:17:40,734 - Train Epoch: 7 [14720.0/17123 (86%)]	lr:0.00206	Accuracy: 0.0469	Loss: 4.944715
2022-01-11 03:17:41,229 - Train Epoch: 7 [15040.0/17123 (88%)]	lr:0.00206	Accuracy: 0.0312	Loss: 5.020478
2022-01-11 03:17:41,703 - Train Epoch: 7 [15360.0/17123 (90%)]	lr:0.00206	Accuracy: 0.0469	Loss: 4.888324
2022-01-11 03:17:42,178 - Train Epoch: 7 [15680.0/17123 (91%)]	lr:0.00205	Accuracy: 0.1250	Loss: 4.843812
2022-01-11 03:17:42,654 - Train Epoch: 7 [16000.0/17123 (93%)]	lr:0.00205	Accuracy: 0.0938	Loss: 4.712633
2022-01-11 03:17:43,129 - Train Epoch: 7 [16320.0/17123 (95%)]	lr:0.00205	Accuracy: 0.0469	Loss: 4.815774
2022-01-11 03:17:43,605 - Train Epoch: 7 [16640.0/17123 (97%)]	lr:0.00204	Accuracy: 0.0469	Loss: 4.902190
2022-01-11 03:17:44,081 - Train Epoch: 7 [16960.0/17123 (99%)]	lr:0.00204	Accuracy: 0.0625	Loss: 4.589999
2022-01-11 03:17:44,234 - Starting Validation
2022-01-11 03:17:53,077 - ===> Validation set: Average loss: 4.8144	Accuracy: 0.0654

2022-01-11 03:17:53,078 - Snapshot saved to snapshot/cdc/cdc-2022-01-11_03_14_05-model_best.pth

2022-01-11 03:17:53,078 - #### End epoch 7/10, elapsed time: 34.36310434399638
2022-01-11 03:17:53,175 - Train Epoch: 8 [0.0/17123 (0%)]	lr:0.00204	Accuracy: 0.0625	Loss: 4.827243
2022-01-11 03:17:53,652 - Train Epoch: 8 [320.0/17123 (2%)]	lr:0.00204	Accuracy: 0.0938	Loss: 4.684354
2022-01-11 03:17:54,129 - Train Epoch: 8 [640.0/17123 (4%)]	lr:0.00203	Accuracy: 0.0625	Loss: 4.884956
2022-01-11 03:17:54,604 - Train Epoch: 8 [960.0/17123 (6%)]	lr:0.00203	Accuracy: 0.0938	Loss: 4.784668
2022-01-11 03:17:55,081 - Train Epoch: 8 [1280.0/17123 (7%)]	lr:0.00203	Accuracy: 0.0781	Loss: 4.548269
2022-01-11 03:17:55,557 - Train Epoch: 8 [1600.0/17123 (9%)]	lr:0.00203	Accuracy: 0.0469	Loss: 4.837675
2022-01-11 03:17:56,034 - Train Epoch: 8 [1920.0/17123 (11%)]	lr:0.00202	Accuracy: 0.0312	Loss: 4.848976
2022-01-11 03:17:56,499 - Train Epoch: 8 [2240.0/17123 (13%)]	lr:0.00202	Accuracy: 0.0938	Loss: 4.877586
2022-01-11 03:17:56,962 - Train Epoch: 8 [2560.0/17123 (15%)]	lr:0.00202	Accuracy: 0.0625	Loss: 4.784131
2022-01-11 03:17:57,438 - Train Epoch: 8 [2880.0/17123 (17%)]	lr:0.00202	Accuracy: 0.0469	Loss: 4.894537
2022-01-11 03:17:57,912 - Train Epoch: 8 [3200.0/17123 (19%)]	lr:0.00201	Accuracy: 0.0312	Loss: 4.833486
2022-01-11 03:17:58,391 - Train Epoch: 8 [3520.0/17123 (21%)]	lr:0.00201	Accuracy: 0.0469	Loss: 4.876562
2022-01-11 03:17:58,881 - Train Epoch: 8 [3840.0/17123 (22%)]	lr:0.00201	Accuracy: 0.0469	Loss: 4.875081
2022-01-11 03:17:59,370 - Train Epoch: 8 [4160.0/17123 (24%)]	lr:0.00201	Accuracy: 0.1094	Loss: 4.786633
2022-01-11 03:17:59,846 - Train Epoch: 8 [4480.0/17123 (26%)]	lr:0.00200	Accuracy: 0.0938	Loss: 4.929873
2022-01-11 03:18:00,322 - Train Epoch: 8 [4800.0/17123 (28%)]	lr:0.00200	Accuracy: 0.0781	Loss: 4.729696
2022-01-11 03:18:00,800 - Train Epoch: 8 [5120.0/17123 (30%)]	lr:0.00200	Accuracy: 0.0312	Loss: 4.968715
2022-01-11 03:18:01,275 - Train Epoch: 8 [5440.0/17123 (32%)]	lr:0.00200	Accuracy: 0.1406	Loss: 4.700448
2022-01-11 03:18:01,749 - Train Epoch: 8 [5760.0/17123 (34%)]	lr:0.00199	Accuracy: 0.0781	Loss: 4.832739
2022-01-11 03:18:02,225 - Train Epoch: 8 [6080.0/17123 (35%)]	lr:0.00199	Accuracy: 0.0781	Loss: 4.804507
2022-01-11 03:18:02,708 - Train Epoch: 8 [6400.0/17123 (37%)]	lr:0.00199	Accuracy: 0.0781	Loss: 4.874875
2022-01-11 03:18:03,184 - Train Epoch: 8 [6720.0/17123 (39%)]	lr:0.00199	Accuracy: 0.0469	Loss: 4.982537
2022-01-11 03:18:03,660 - Train Epoch: 8 [7040.0/17123 (41%)]	lr:0.00198	Accuracy: 0.0781	Loss: 4.928256
2022-01-11 03:18:04,142 - Train Epoch: 8 [7360.0/17123 (43%)]	lr:0.00198	Accuracy: 0.0312	Loss: 4.658924
2022-01-11 03:18:04,620 - Train Epoch: 8 [7680.0/17123 (45%)]	lr:0.00198	Accuracy: 0.0312	Loss: 4.691610
2022-01-11 03:18:05,098 - Train Epoch: 8 [8000.0/17123 (47%)]	lr:0.00198	Accuracy: 0.0625	Loss: 4.753566
2022-01-11 03:18:05,581 - Train Epoch: 8 [8320.0/17123 (49%)]	lr:0.00197	Accuracy: 0.0781	Loss: 4.834111
2022-01-11 03:18:06,058 - Train Epoch: 8 [8640.0/17123 (50%)]	lr:0.00197	Accuracy: 0.0781	Loss: 4.864302
2022-01-11 03:18:06,534 - Train Epoch: 8 [8960.0/17123 (52%)]	lr:0.00197	Accuracy: 0.0781	Loss: 4.723860
2022-01-11 03:18:07,009 - Train Epoch: 8 [9280.0/17123 (54%)]	lr:0.00197	Accuracy: 0.0469	Loss: 4.869747
2022-01-11 03:18:07,486 - Train Epoch: 8 [9600.0/17123 (56%)]	lr:0.00196	Accuracy: 0.0156	Loss: 4.985962
2022-01-11 03:18:07,958 - Train Epoch: 8 [9920.0/17123 (58%)]	lr:0.00196	Accuracy: 0.0000	Loss: 4.855592
2022-01-11 03:18:08,431 - Train Epoch: 8 [10240.0/17123 (60%)]	lr:0.00196	Accuracy: 0.0625	Loss: 4.867123
2022-01-11 03:18:08,910 - Train Epoch: 8 [10560.0/17123 (62%)]	lr:0.00196	Accuracy: 0.0312	Loss: 4.909303
2022-01-11 03:18:09,393 - Train Epoch: 8 [10880.0/17123 (63%)]	lr:0.00195	Accuracy: 0.0781	Loss: 4.837016
2022-01-11 03:18:09,868 - Train Epoch: 8 [11200.0/17123 (65%)]	lr:0.00195	Accuracy: 0.0156	Loss: 4.832347
2022-01-11 03:18:10,343 - Train Epoch: 8 [11520.0/17123 (67%)]	lr:0.00195	Accuracy: 0.1406	Loss: 4.535839
2022-01-11 03:18:10,817 - Train Epoch: 8 [11840.0/17123 (69%)]	lr:0.00195	Accuracy: 0.0938	Loss: 4.561336
2022-01-11 03:18:11,293 - Train Epoch: 8 [12160.0/17123 (71%)]	lr:0.00194	Accuracy: 0.0781	Loss: 4.556844
2022-01-11 03:18:11,774 - Train Epoch: 8 [12480.0/17123 (73%)]	lr:0.00194	Accuracy: 0.0625	Loss: 4.837362
2022-01-11 03:18:12,249 - Train Epoch: 8 [12800.0/17123 (75%)]	lr:0.00194	Accuracy: 0.0625	Loss: 4.825796
2022-01-11 03:18:12,731 - Train Epoch: 8 [13120.0/17123 (76%)]	lr:0.00194	Accuracy: 0.0625	Loss: 4.621436
2022-01-11 03:18:13,205 - Train Epoch: 8 [13440.0/17123 (78%)]	lr:0.00193	Accuracy: 0.0781	Loss: 4.702417
2022-01-11 03:18:13,690 - Train Epoch: 8 [13760.0/17123 (80%)]	lr:0.00193	Accuracy: 0.0625	Loss: 5.007559
2022-01-11 03:18:14,164 - Train Epoch: 8 [14080.0/17123 (82%)]	lr:0.00193	Accuracy: 0.0781	Loss: 4.595766
2022-01-11 03:18:14,644 - Train Epoch: 8 [14400.0/17123 (84%)]	lr:0.00193	Accuracy: 0.0625	Loss: 4.882282
2022-01-11 03:18:15,124 - Train Epoch: 8 [14720.0/17123 (86%)]	lr:0.00193	Accuracy: 0.0312	Loss: 4.881857
2022-01-11 03:18:15,611 - Train Epoch: 8 [15040.0/17123 (88%)]	lr:0.00192	Accuracy: 0.0781	Loss: 4.829744
2022-01-11 03:18:16,096 - Train Epoch: 8 [15360.0/17123 (90%)]	lr:0.00192	Accuracy: 0.0000	Loss: 5.055026
2022-01-11 03:18:16,579 - Train Epoch: 8 [15680.0/17123 (91%)]	lr:0.00192	Accuracy: 0.0469	Loss: 4.823183
2022-01-11 03:18:17,058 - Train Epoch: 8 [16000.0/17123 (93%)]	lr:0.00192	Accuracy: 0.1094	Loss: 4.592999
2022-01-11 03:18:17,545 - Train Epoch: 8 [16320.0/17123 (95%)]	lr:0.00191	Accuracy: 0.1562	Loss: 4.609427
2022-01-11 03:18:18,033 - Train Epoch: 8 [16640.0/17123 (97%)]	lr:0.00191	Accuracy: 0.0781	Loss: 4.548459
2022-01-11 03:18:18,523 - Train Epoch: 8 [16960.0/17123 (99%)]	lr:0.00191	Accuracy: 0.0312	Loss: 4.965703
2022-01-11 03:18:18,673 - Starting Validation
2022-01-11 03:18:27,523 - ===> Validation set: Average loss: 4.8072	Accuracy: 0.0615

2022-01-11 03:18:27,523 - #### End epoch 8/10, elapsed time: 34.44429516699165
2022-01-11 03:18:27,620 - Train Epoch: 9 [0.0/17123 (0%)]	lr:0.00191	Accuracy: 0.0781	Loss: 4.635519
2022-01-11 03:18:28,090 - Train Epoch: 9 [320.0/17123 (2%)]	lr:0.00191	Accuracy: 0.0469	Loss: 4.882281
2022-01-11 03:18:28,568 - Train Epoch: 9 [640.0/17123 (4%)]	lr:0.00190	Accuracy: 0.0469	Loss: 4.754253
2022-01-11 03:18:29,042 - Train Epoch: 9 [960.0/17123 (6%)]	lr:0.00190	Accuracy: 0.1250	Loss: 4.615503
2022-01-11 03:18:29,512 - Train Epoch: 9 [1280.0/17123 (7%)]	lr:0.00190	Accuracy: 0.0312	Loss: 4.792075
2022-01-11 03:18:29,992 - Train Epoch: 9 [1600.0/17123 (9%)]	lr:0.00190	Accuracy: 0.0156	Loss: 4.924993
2022-01-11 03:18:30,468 - Train Epoch: 9 [1920.0/17123 (11%)]	lr:0.00190	Accuracy: 0.0156	Loss: 4.770768
2022-01-11 03:18:30,948 - Train Epoch: 9 [2240.0/17123 (13%)]	lr:0.00189	Accuracy: 0.0781	Loss: 4.755100
2022-01-11 03:18:31,425 - Train Epoch: 9 [2560.0/17123 (15%)]	lr:0.00189	Accuracy: 0.0469	Loss: 4.879148
2022-01-11 03:18:31,905 - Train Epoch: 9 [2880.0/17123 (17%)]	lr:0.00189	Accuracy: 0.0312	Loss: 4.889992
2022-01-11 03:18:32,382 - Train Epoch: 9 [3200.0/17123 (19%)]	lr:0.00189	Accuracy: 0.1094	Loss: 4.511502
2022-01-11 03:18:32,865 - Train Epoch: 9 [3520.0/17123 (21%)]	lr:0.00188	Accuracy: 0.0312	Loss: 4.751026
2022-01-11 03:18:33,340 - Train Epoch: 9 [3840.0/17123 (22%)]	lr:0.00188	Accuracy: 0.1094	Loss: 4.822202
2022-01-11 03:18:33,824 - Train Epoch: 9 [4160.0/17123 (24%)]	lr:0.00188	Accuracy: 0.1562	Loss: 4.456155
2022-01-11 03:18:34,305 - Train Epoch: 9 [4480.0/17123 (26%)]	lr:0.00188	Accuracy: 0.0000	Loss: 4.873076
2022-01-11 03:18:34,779 - Train Epoch: 9 [4800.0/17123 (28%)]	lr:0.00188	Accuracy: 0.0625	Loss: 4.643867
2022-01-11 03:18:35,261 - Train Epoch: 9 [5120.0/17123 (30%)]	lr:0.00187	Accuracy: 0.0625	Loss: 4.922887
2022-01-11 03:18:35,739 - Train Epoch: 9 [5440.0/17123 (32%)]	lr:0.00187	Accuracy: 0.0938	Loss: 4.499962
2022-01-11 03:18:36,223 - Train Epoch: 9 [5760.0/17123 (34%)]	lr:0.00187	Accuracy: 0.0312	Loss: 4.863516
2022-01-11 03:18:36,698 - Train Epoch: 9 [6080.0/17123 (35%)]	lr:0.00187	Accuracy: 0.0625	Loss: 4.899971
2022-01-11 03:18:37,178 - Train Epoch: 9 [6400.0/17123 (37%)]	lr:0.00187	Accuracy: 0.0312	Loss: 4.972289
2022-01-11 03:18:37,653 - Train Epoch: 9 [6720.0/17123 (39%)]	lr:0.00186	Accuracy: 0.0625	Loss: 4.588044
2022-01-11 03:18:38,129 - Train Epoch: 9 [7040.0/17123 (41%)]	lr:0.00186	Accuracy: 0.0000	Loss: 4.928683
2022-01-11 03:18:38,609 - Train Epoch: 9 [7360.0/17123 (43%)]	lr:0.00186	Accuracy: 0.0312	Loss: 4.825393
2022-01-11 03:18:39,085 - Train Epoch: 9 [7680.0/17123 (45%)]	lr:0.00186	Accuracy: 0.0469	Loss: 4.649995
2022-01-11 03:18:39,564 - Train Epoch: 9 [8000.0/17123 (47%)]	lr:0.00186	Accuracy: 0.0312	Loss: 4.921288
2022-01-11 03:18:40,039 - Train Epoch: 9 [8320.0/17123 (49%)]	lr:0.00185	Accuracy: 0.0938	Loss: 4.798012
2022-01-11 03:18:40,521 - Train Epoch: 9 [8640.0/17123 (50%)]	lr:0.00185	Accuracy: 0.0938	Loss: 4.707306
2022-01-11 03:18:40,996 - Train Epoch: 9 [8960.0/17123 (52%)]	lr:0.00185	Accuracy: 0.0625	Loss: 4.919408
2022-01-11 03:18:41,478 - Train Epoch: 9 [9280.0/17123 (54%)]	lr:0.00185	Accuracy: 0.0781	Loss: 4.912209
2022-01-11 03:18:41,953 - Train Epoch: 9 [9600.0/17123 (56%)]	lr:0.00185	Accuracy: 0.0469	Loss: 4.909200
2022-01-11 03:18:42,435 - Train Epoch: 9 [9920.0/17123 (58%)]	lr:0.00184	Accuracy: 0.0625	Loss: 5.029354
2022-01-11 03:18:42,911 - Train Epoch: 9 [10240.0/17123 (60%)]	lr:0.00184	Accuracy: 0.0938	Loss: 4.737906
2022-01-11 03:18:43,386 - Train Epoch: 9 [10560.0/17123 (62%)]	lr:0.00184	Accuracy: 0.1094	Loss: 4.743041
2022-01-11 03:18:43,874 - Train Epoch: 9 [10880.0/17123 (63%)]	lr:0.00184	Accuracy: 0.0625	Loss: 4.858843
2022-01-11 03:18:44,376 - Train Epoch: 9 [11200.0/17123 (65%)]	lr:0.00184	Accuracy: 0.0781	Loss: 4.719112
2022-01-11 03:18:44,855 - Train Epoch: 9 [11520.0/17123 (67%)]	lr:0.00183	Accuracy: 0.0469	Loss: 4.970729
2022-01-11 03:18:45,337 - Train Epoch: 9 [11840.0/17123 (69%)]	lr:0.00183	Accuracy: 0.0312	Loss: 4.876636
2022-01-11 03:18:45,812 - Train Epoch: 9 [12160.0/17123 (71%)]	lr:0.00183	Accuracy: 0.0781	Loss: 4.512502
2022-01-11 03:18:46,293 - Train Epoch: 9 [12480.0/17123 (73%)]	lr:0.00183	Accuracy: 0.0938	Loss: 4.389511
2022-01-11 03:18:46,773 - Train Epoch: 9 [12800.0/17123 (75%)]	lr:0.00183	Accuracy: 0.0938	Loss: 4.586277
2022-01-11 03:18:47,251 - Train Epoch: 9 [13120.0/17123 (76%)]	lr:0.00182	Accuracy: 0.0625	Loss: 4.642680
2022-01-11 03:18:47,731 - Train Epoch: 9 [13440.0/17123 (78%)]	lr:0.00182	Accuracy: 0.0625	Loss: 4.657053
2022-01-11 03:18:48,206 - Train Epoch: 9 [13760.0/17123 (80%)]	lr:0.00182	Accuracy: 0.0625	Loss: 4.986507
2022-01-11 03:18:48,689 - Train Epoch: 9 [14080.0/17123 (82%)]	lr:0.00182	Accuracy: 0.0312	Loss: 4.941443
2022-01-11 03:18:49,164 - Train Epoch: 9 [14400.0/17123 (84%)]	lr:0.00182	Accuracy: 0.0625	Loss: 4.642453
2022-01-11 03:18:49,647 - Train Epoch: 9 [14720.0/17123 (86%)]	lr:0.00181	Accuracy: 0.0312	Loss: 4.892928
2022-01-11 03:18:50,129 - Train Epoch: 9 [15040.0/17123 (88%)]	lr:0.00181	Accuracy: 0.0625	Loss: 4.761888
2022-01-11 03:18:50,613 - Train Epoch: 9 [15360.0/17123 (90%)]	lr:0.00181	Accuracy: 0.0312	Loss: 4.465696
2022-01-11 03:18:51,094 - Train Epoch: 9 [15680.0/17123 (91%)]	lr:0.00181	Accuracy: 0.0469	Loss: 5.161039
2022-01-11 03:18:51,577 - Train Epoch: 9 [16000.0/17123 (93%)]	lr:0.00181	Accuracy: 0.0469	Loss: 4.984678
2022-01-11 03:18:52,052 - Train Epoch: 9 [16320.0/17123 (95%)]	lr:0.00180	Accuracy: 0.0469	Loss: 4.806597
2022-01-11 03:18:52,535 - Train Epoch: 9 [16640.0/17123 (97%)]	lr:0.00180	Accuracy: 0.0312	Loss: 4.671910
2022-01-11 03:18:53,011 - Train Epoch: 9 [16960.0/17123 (99%)]	lr:0.00180	Accuracy: 0.1250	Loss: 4.568311
2022-01-11 03:18:53,184 - Starting Validation
2022-01-11 03:19:01,715 - ===> Validation set: Average loss: 4.7573	Accuracy: 0.0678

2022-01-11 03:19:01,717 - Snapshot saved to snapshot/cdc/cdc-2022-01-11_03_14_05-model_best.pth

2022-01-11 03:19:01,717 - #### End epoch 9/10, elapsed time: 34.194263297948055
2022-01-11 03:19:01,811 - Train Epoch: 10 [0.0/17123 (0%)]	lr:0.00180	Accuracy: 0.0781	Loss: 4.575732
2022-01-11 03:19:02,284 - Train Epoch: 10 [320.0/17123 (2%)]	lr:0.00180	Accuracy: 0.0781	Loss: 4.727976
2022-01-11 03:19:02,761 - Train Epoch: 10 [640.0/17123 (4%)]	lr:0.00180	Accuracy: 0.0625	Loss: 4.754385
2022-01-11 03:19:03,236 - Train Epoch: 10 [960.0/17123 (6%)]	lr:0.00179	Accuracy: 0.0469	Loss: 5.110887
2022-01-11 03:19:03,708 - Train Epoch: 10 [1280.0/17123 (7%)]	lr:0.00179	Accuracy: 0.0625	Loss: 5.026711
2022-01-11 03:19:04,188 - Train Epoch: 10 [1600.0/17123 (9%)]	lr:0.00179	Accuracy: 0.0625	Loss: 4.954089
2022-01-11 03:19:04,667 - Train Epoch: 10 [1920.0/17123 (11%)]	lr:0.00179	Accuracy: 0.0625	Loss: 4.839987
2022-01-11 03:19:05,150 - Train Epoch: 10 [2240.0/17123 (13%)]	lr:0.00179	Accuracy: 0.0625	Loss: 4.689862
2022-01-11 03:19:05,634 - Train Epoch: 10 [2560.0/17123 (15%)]	lr:0.00178	Accuracy: 0.0469	Loss: 4.705283
2022-01-11 03:19:06,111 - Train Epoch: 10 [2880.0/17123 (17%)]	lr:0.00178	Accuracy: 0.0938	Loss: 4.661155
2022-01-11 03:19:06,595 - Train Epoch: 10 [3200.0/17123 (19%)]	lr:0.00178	Accuracy: 0.0000	Loss: 5.004725
2022-01-11 03:19:07,073 - Train Epoch: 10 [3520.0/17123 (21%)]	lr:0.00178	Accuracy: 0.0938	Loss: 4.628723
2022-01-11 03:19:07,555 - Train Epoch: 10 [3840.0/17123 (22%)]	lr:0.00178	Accuracy: 0.0938	Loss: 4.721300
2022-01-11 03:19:08,035 - Train Epoch: 10 [4160.0/17123 (24%)]	lr:0.00178	Accuracy: 0.0625	Loss: 4.724142
2022-01-11 03:19:08,514 - Train Epoch: 10 [4480.0/17123 (26%)]	lr:0.00177	Accuracy: 0.1406	Loss: 4.444920
2022-01-11 03:19:08,991 - Train Epoch: 10 [4800.0/17123 (28%)]	lr:0.00177	Accuracy: 0.0469	Loss: 4.995750
2022-01-11 03:19:09,475 - Train Epoch: 10 [5120.0/17123 (30%)]	lr:0.00177	Accuracy: 0.0938	Loss: 4.609472
2022-01-11 03:19:09,956 - Train Epoch: 10 [5440.0/17123 (32%)]	lr:0.00177	Accuracy: 0.0469	Loss: 4.893076
2022-01-11 03:19:10,435 - Train Epoch: 10 [5760.0/17123 (34%)]	lr:0.00177	Accuracy: 0.0469	Loss: 5.053770
2022-01-11 03:19:10,923 - Train Epoch: 10 [6080.0/17123 (35%)]	lr:0.00176	Accuracy: 0.0469	Loss: 4.732071
2022-01-11 03:19:11,405 - Train Epoch: 10 [6400.0/17123 (37%)]	lr:0.00176	Accuracy: 0.0625	Loss: 4.942080
2022-01-11 03:19:11,885 - Train Epoch: 10 [6720.0/17123 (39%)]	lr:0.00176	Accuracy: 0.1094	Loss: 4.760805
2022-01-11 03:19:12,364 - Train Epoch: 10 [7040.0/17123 (41%)]	lr:0.00176	Accuracy: 0.0469	Loss: 4.881245
2022-01-11 03:19:12,845 - Train Epoch: 10 [7360.0/17123 (43%)]	lr:0.00176	Accuracy: 0.1094	Loss: 4.584805
2022-01-11 03:19:13,330 - Train Epoch: 10 [7680.0/17123 (45%)]	lr:0.00176	Accuracy: 0.0938	Loss: 4.614618
2022-01-11 03:19:13,811 - Train Epoch: 10 [8000.0/17123 (47%)]	lr:0.00175	Accuracy: 0.0156	Loss: 4.872577
2022-01-11 03:19:14,290 - Train Epoch: 10 [8320.0/17123 (49%)]	lr:0.00175	Accuracy: 0.1094	Loss: 4.583685
2022-01-11 03:19:14,769 - Train Epoch: 10 [8640.0/17123 (50%)]	lr:0.00175	Accuracy: 0.0625	Loss: 4.898429
2022-01-11 03:19:15,252 - Train Epoch: 10 [8960.0/17123 (52%)]	lr:0.00175	Accuracy: 0.0938	Loss: 4.486471
2022-01-11 03:19:15,732 - Train Epoch: 10 [9280.0/17123 (54%)]	lr:0.00175	Accuracy: 0.0938	Loss: 4.919606
2022-01-11 03:19:16,205 - Train Epoch: 10 [9600.0/17123 (56%)]	lr:0.00175	Accuracy: 0.0312	Loss: 4.952607
2022-01-11 03:19:16,686 - Train Epoch: 10 [9920.0/17123 (58%)]	lr:0.00174	Accuracy: 0.1094	Loss: 4.704558
2022-01-11 03:19:17,168 - Train Epoch: 10 [10240.0/17123 (60%)]	lr:0.00174	Accuracy: 0.0781	Loss: 4.804723
2022-01-11 03:19:17,652 - Train Epoch: 10 [10560.0/17123 (62%)]	lr:0.00174	Accuracy: 0.1250	Loss: 4.610146
2022-01-11 03:19:18,130 - Train Epoch: 10 [10880.0/17123 (63%)]	lr:0.00174	Accuracy: 0.0938	Loss: 4.603675
2022-01-11 03:19:18,611 - Train Epoch: 10 [11200.0/17123 (65%)]	lr:0.00174	Accuracy: 0.0781	Loss: 4.601090
2022-01-11 03:19:19,089 - Train Epoch: 10 [11520.0/17123 (67%)]	lr:0.00174	Accuracy: 0.0469	Loss: 4.586794
2022-01-11 03:19:19,575 - Train Epoch: 10 [11840.0/17123 (69%)]	lr:0.00173	Accuracy: 0.1094	Loss: 4.409759
2022-01-11 03:19:20,053 - Train Epoch: 10 [12160.0/17123 (71%)]	lr:0.00173	Accuracy: 0.0781	Loss: 4.594851
2022-01-11 03:19:20,537 - Train Epoch: 10 [12480.0/17123 (73%)]	lr:0.00173	Accuracy: 0.0469	Loss: 4.645910
2022-01-11 03:19:21,021 - Train Epoch: 10 [12800.0/17123 (75%)]	lr:0.00173	Accuracy: 0.0625	Loss: 5.032565
2022-01-11 03:19:21,500 - Train Epoch: 10 [13120.0/17123 (76%)]	lr:0.00173	Accuracy: 0.0625	Loss: 4.762021
2022-01-11 03:19:21,984 - Train Epoch: 10 [13440.0/17123 (78%)]	lr:0.00173	Accuracy: 0.1094	Loss: 4.801618
2022-01-11 03:19:22,465 - Train Epoch: 10 [13760.0/17123 (80%)]	lr:0.00172	Accuracy: 0.0625	Loss: 4.843379
2022-01-11 03:19:22,950 - Train Epoch: 10 [14080.0/17123 (82%)]	lr:0.00172	Accuracy: 0.0469	Loss: 4.782029
2022-01-11 03:19:23,431 - Train Epoch: 10 [14400.0/17123 (84%)]	lr:0.00172	Accuracy: 0.0469	Loss: 5.047650
2022-01-11 03:19:23,913 - Train Epoch: 10 [14720.0/17123 (86%)]	lr:0.00172	Accuracy: 0.0469	Loss: 4.855036
2022-01-11 03:19:24,406 - Train Epoch: 10 [15040.0/17123 (88%)]	lr:0.00172	Accuracy: 0.0781	Loss: 4.723583
2022-01-11 03:19:24,889 - Train Epoch: 10 [15360.0/17123 (90%)]	lr:0.00172	Accuracy: 0.0312	Loss: 4.652507
2022-01-11 03:19:25,369 - Train Epoch: 10 [15680.0/17123 (91%)]	lr:0.00171	Accuracy: 0.0625	Loss: 4.966052
2022-01-11 03:19:25,853 - Train Epoch: 10 [16000.0/17123 (93%)]	lr:0.00171	Accuracy: 0.0938	Loss: 4.643321
2022-01-11 03:19:26,332 - Train Epoch: 10 [16320.0/17123 (95%)]	lr:0.00171	Accuracy: 0.0781	Loss: 4.831268
2022-01-11 03:19:26,812 - Train Epoch: 10 [16640.0/17123 (97%)]	lr:0.00171	Accuracy: 0.0938	Loss: 4.725224
2022-01-11 03:19:27,298 - Train Epoch: 10 [16960.0/17123 (99%)]	lr:0.00171	Accuracy: 0.1094	Loss: 4.471973
2022-01-11 03:19:27,477 - Starting Validation
2022-01-11 03:19:35,985 - ===> Validation set: Average loss: 4.7699	Accuracy: 0.0631

2022-01-11 03:19:35,985 - #### End epoch 10/10, elapsed time: 34.26770095201209
2022-01-11 03:19:35,985 - ===> loading best model for prediction
2022-01-11 03:19:36,001 - Starting Evaluation
2022-01-11 03:19:44,706 - ===> Final predictions done. Here is a snippet
2022-01-11 03:19:44,706 - ===> Evaluation set: Average loss: 4.7534	Accuracy: 0.0723

2022-01-11 03:19:44,706 - ################## Success #########################
2022-01-11 03:19:44,706 - Total elapsed time: 339.61597801797325
