2022-01-11 03:14:29,503 - ===> loading train, validation and eval dataset
2022-01-11 03:14:29,507 - ### Model summary below###
 SpkClassifier(
  (classifier): Sequential(
    (0): Linear(in_features=256, out_features=512, bias=True)
    (1): BatchNorm1d(512, eps=1e-05, momentum=0.1, affine=True, track_running_stats=True)
    (2): ReLU()
    (3): Linear(in_features=512, out_features=251, bias=True)
  )
)

2022-01-11 03:14:29,507 - ===> Model total parameter: 261371

2022-01-11 03:14:29,613 - Train Epoch: 1 [0.0/22831 (0%)]	lr:0.00025	Accuracy: 0.0000	Loss: 6.954991
2022-01-11 03:14:30,134 - Train Epoch: 1 [320.0/22831 (1%)]	lr:0.00150	Accuracy: 0.0000	Loss: 6.542955
2022-01-11 03:14:30,607 - Train Epoch: 1 [640.0/22831 (3%)]	lr:0.00275	Accuracy: 0.0156	Loss: 6.455713
2022-01-11 03:14:31,050 - Train Epoch: 1 [960.0/22831 (4%)]	lr:0.00400	Accuracy: 0.0000	Loss: 6.380966
2022-01-11 03:14:31,490 - Train Epoch: 1 [1280.0/22831 (6%)]	lr:0.00525	Accuracy: 0.0156	Loss: 6.497476
2022-01-11 03:14:31,934 - Train Epoch: 1 [1600.0/22831 (7%)]	lr:0.00650	Accuracy: 0.0156	Loss: 6.488185
2022-01-11 03:14:32,377 - Train Epoch: 1 [1920.0/22831 (8%)]	lr:0.00775	Accuracy: 0.0000	Loss: 6.236589
2022-01-11 03:14:32,825 - Train Epoch: 1 [2240.0/22831 (10%)]	lr:0.00900	Accuracy: 0.0000	Loss: 6.379352
2022-01-11 03:14:33,270 - Train Epoch: 1 [2560.0/22831 (11%)]	lr:0.01025	Accuracy: 0.0000	Loss: 6.754991
2022-01-11 03:14:33,713 - Train Epoch: 1 [2880.0/22831 (13%)]	lr:0.01150	Accuracy: 0.0156	Loss: 6.384786
2022-01-11 03:14:34,164 - Train Epoch: 1 [3200.0/22831 (14%)]	lr:0.01238	Accuracy: 0.0156	Loss: 6.262650
2022-01-11 03:14:34,609 - Train Epoch: 1 [3520.0/22831 (15%)]	lr:0.01181	Accuracy: 0.0156	Loss: 6.317615
2022-01-11 03:14:35,054 - Train Epoch: 1 [3840.0/22831 (17%)]	lr:0.01132	Accuracy: 0.0000	Loss: 6.255005
2022-01-11 03:14:35,499 - Train Epoch: 1 [4160.0/22831 (18%)]	lr:0.01088	Accuracy: 0.0156	Loss: 6.026178
2022-01-11 03:14:35,947 - Train Epoch: 1 [4480.0/22831 (20%)]	lr:0.01049	Accuracy: 0.0000	Loss: 5.570696
2022-01-11 03:14:36,394 - Train Epoch: 1 [4800.0/22831 (21%)]	lr:0.01014	Accuracy: 0.0156	Loss: 5.989502
2022-01-11 03:14:36,840 - Train Epoch: 1 [5120.0/22831 (22%)]	lr:0.00982	Accuracy: 0.0312	Loss: 5.697379
2022-01-11 03:14:37,285 - Train Epoch: 1 [5440.0/22831 (24%)]	lr:0.00953	Accuracy: 0.0156	Loss: 5.787042
2022-01-11 03:14:37,732 - Train Epoch: 1 [5760.0/22831 (25%)]	lr:0.00927	Accuracy: 0.0000	Loss: 5.658401
2022-01-11 03:14:38,180 - Train Epoch: 1 [6080.0/22831 (27%)]	lr:0.00902	Accuracy: 0.0312	Loss: 5.580215
2022-01-11 03:14:38,629 - Train Epoch: 1 [6400.0/22831 (28%)]	lr:0.00879	Accuracy: 0.0469	Loss: 5.207191
2022-01-11 03:14:39,078 - Train Epoch: 1 [6720.0/22831 (29%)]	lr:0.00859	Accuracy: 0.0312	Loss: 5.340201
2022-01-11 03:14:39,526 - Train Epoch: 1 [7040.0/22831 (31%)]	lr:0.00839	Accuracy: 0.0000	Loss: 5.442966
2022-01-11 03:14:39,976 - Train Epoch: 1 [7360.0/22831 (32%)]	lr:0.00821	Accuracy: 0.0156	Loss: 5.501735
2022-01-11 03:14:40,425 - Train Epoch: 1 [7680.0/22831 (34%)]	lr:0.00804	Accuracy: 0.0625	Loss: 5.370600
2022-01-11 03:14:40,874 - Train Epoch: 1 [8000.0/22831 (35%)]	lr:0.00787	Accuracy: 0.0156	Loss: 5.433540
2022-01-11 03:14:41,324 - Train Epoch: 1 [8320.0/22831 (36%)]	lr:0.00772	Accuracy: 0.0000	Loss: 5.281340
2022-01-11 03:14:41,773 - Train Epoch: 1 [8640.0/22831 (38%)]	lr:0.00758	Accuracy: 0.0000	Loss: 5.447686
2022-01-11 03:14:42,222 - Train Epoch: 1 [8960.0/22831 (39%)]	lr:0.00744	Accuracy: 0.0312	Loss: 5.119806
2022-01-11 03:14:42,673 - Train Epoch: 1 [9280.0/22831 (41%)]	lr:0.00732	Accuracy: 0.0312	Loss: 5.303263
2022-01-11 03:14:43,122 - Train Epoch: 1 [9600.0/22831 (42%)]	lr:0.00719	Accuracy: 0.0469	Loss: 5.388703
2022-01-11 03:14:43,572 - Train Epoch: 1 [9920.0/22831 (43%)]	lr:0.00708	Accuracy: 0.0000	Loss: 5.160874
2022-01-11 03:14:44,023 - Train Epoch: 1 [10240.0/22831 (45%)]	lr:0.00697	Accuracy: 0.0312	Loss: 5.315178
2022-01-11 03:14:44,473 - Train Epoch: 1 [10560.0/22831 (46%)]	lr:0.00686	Accuracy: 0.0000	Loss: 5.246121
2022-01-11 03:14:44,925 - Train Epoch: 1 [10880.0/22831 (48%)]	lr:0.00676	Accuracy: 0.0000	Loss: 5.171638
2022-01-11 03:14:45,376 - Train Epoch: 1 [11200.0/22831 (49%)]	lr:0.00666	Accuracy: 0.0000	Loss: 5.300149
2022-01-11 03:14:45,834 - Train Epoch: 1 [11520.0/22831 (50%)]	lr:0.00657	Accuracy: 0.0156	Loss: 5.394983
2022-01-11 03:14:46,301 - Train Epoch: 1 [11840.0/22831 (52%)]	lr:0.00648	Accuracy: 0.0469	Loss: 5.108786
2022-01-11 03:14:46,774 - Train Epoch: 1 [12160.0/22831 (53%)]	lr:0.00640	Accuracy: 0.0469	Loss: 5.169984
2022-01-11 03:14:47,243 - Train Epoch: 1 [12480.0/22831 (55%)]	lr:0.00631	Accuracy: 0.0469	Loss: 5.261754
2022-01-11 03:14:47,712 - Train Epoch: 1 [12800.0/22831 (56%)]	lr:0.00623	Accuracy: 0.0781	Loss: 5.145963
2022-01-11 03:14:48,183 - Train Epoch: 1 [13120.0/22831 (57%)]	lr:0.00616	Accuracy: 0.0312	Loss: 5.279259
2022-01-11 03:14:48,656 - Train Epoch: 1 [13440.0/22831 (59%)]	lr:0.00608	Accuracy: 0.0312	Loss: 5.115364
2022-01-11 03:14:49,123 - Train Epoch: 1 [13760.0/22831 (60%)]	lr:0.00601	Accuracy: 0.0156	Loss: 5.224923
2022-01-11 03:14:49,585 - Train Epoch: 1 [14080.0/22831 (62%)]	lr:0.00595	Accuracy: 0.0469	Loss: 5.124974
2022-01-11 03:14:50,054 - Train Epoch: 1 [14400.0/22831 (63%)]	lr:0.00588	Accuracy: 0.0156	Loss: 5.065816
2022-01-11 03:14:50,530 - Train Epoch: 1 [14720.0/22831 (64%)]	lr:0.00582	Accuracy: 0.0156	Loss: 5.098955
2022-01-11 03:14:51,008 - Train Epoch: 1 [15040.0/22831 (66%)]	lr:0.00575	Accuracy: 0.0000	Loss: 5.298038
2022-01-11 03:14:51,477 - Train Epoch: 1 [15360.0/22831 (67%)]	lr:0.00569	Accuracy: 0.0938	Loss: 5.052234
2022-01-11 03:14:51,935 - Train Epoch: 1 [15680.0/22831 (69%)]	lr:0.00564	Accuracy: 0.0469	Loss: 5.167812
2022-01-11 03:14:52,395 - Train Epoch: 1 [16000.0/22831 (70%)]	lr:0.00558	Accuracy: 0.0469	Loss: 5.037555
2022-01-11 03:14:52,846 - Train Epoch: 1 [16320.0/22831 (71%)]	lr:0.00552	Accuracy: 0.0312	Loss: 4.872733
2022-01-11 03:14:53,298 - Train Epoch: 1 [16640.0/22831 (73%)]	lr:0.00547	Accuracy: 0.0781	Loss: 5.099617
2022-01-11 03:14:53,788 - Train Epoch: 1 [16960.0/22831 (74%)]	lr:0.00542	Accuracy: 0.0312	Loss: 4.976443
2022-01-11 03:14:54,362 - Train Epoch: 1 [17280.0/22831 (76%)]	lr:0.00537	Accuracy: 0.0469	Loss: 4.844104
2022-01-11 03:14:54,935 - Train Epoch: 1 [17600.0/22831 (77%)]	lr:0.00532	Accuracy: 0.0938	Loss: 4.875684
2022-01-11 03:14:55,509 - Train Epoch: 1 [17920.0/22831 (78%)]	lr:0.00527	Accuracy: 0.0312	Loss: 5.085505
2022-01-11 03:14:56,083 - Train Epoch: 1 [18240.0/22831 (80%)]	lr:0.00523	Accuracy: 0.0312	Loss: 4.918659
2022-01-11 03:14:56,658 - Train Epoch: 1 [18560.0/22831 (81%)]	lr:0.00518	Accuracy: 0.0312	Loss: 5.073127
2022-01-11 03:14:57,233 - Train Epoch: 1 [18880.0/22831 (83%)]	lr:0.00514	Accuracy: 0.0625	Loss: 4.947153
2022-01-11 03:14:57,812 - Train Epoch: 1 [19200.0/22831 (84%)]	lr:0.00509	Accuracy: 0.0625	Loss: 4.891653
2022-01-11 03:14:58,386 - Train Epoch: 1 [19520.0/22831 (85%)]	lr:0.00505	Accuracy: 0.0469	Loss: 5.181229
2022-01-11 03:14:58,960 - Train Epoch: 1 [19840.0/22831 (87%)]	lr:0.00501	Accuracy: 0.0312	Loss: 4.974004
2022-01-11 03:14:59,538 - Train Epoch: 1 [20160.0/22831 (88%)]	lr:0.00497	Accuracy: 0.0156	Loss: 5.131515
2022-01-11 03:15:00,076 - Train Epoch: 1 [20480.0/22831 (90%)]	lr:0.00493	Accuracy: 0.0156	Loss: 5.076747
2022-01-11 03:15:00,547 - Train Epoch: 1 [20800.0/22831 (91%)]	lr:0.00490	Accuracy: 0.0156	Loss: 4.985307
2022-01-11 03:15:01,016 - Train Epoch: 1 [21120.0/22831 (92%)]	lr:0.00486	Accuracy: 0.0156	Loss: 5.235424
2022-01-11 03:15:01,495 - Train Epoch: 1 [21440.0/22831 (94%)]	lr:0.00482	Accuracy: 0.0000	Loss: 5.126790
2022-01-11 03:15:01,983 - Train Epoch: 1 [21760.0/22831 (95%)]	lr:0.00479	Accuracy: 0.0625	Loss: 4.828294
2022-01-11 03:15:02,448 - Train Epoch: 1 [22080.0/22831 (97%)]	lr:0.00475	Accuracy: 0.0938	Loss: 4.894950
2022-01-11 03:15:02,901 - Train Epoch: 1 [22400.0/22831 (98%)]	lr:0.00472	Accuracy: 0.0312	Loss: 5.203398
2022-01-11 03:15:03,356 - Train Epoch: 1 [22720.0/22831 (99%)]	lr:0.00468	Accuracy: 0.0625	Loss: 5.161313
2022-01-11 03:15:03,437 - Starting Validation
2022-01-11 03:15:08,167 - ===> Validation set: Average loss: 5.0084	Accuracy: 0.0361

2022-01-11 03:15:08,169 - Snapshot saved to snapshot/cdc/cdc-2022-01-11_03_14_27-model_best.pth

2022-01-11 03:15:08,169 - #### End epoch 1/10, elapsed time: 38.66172243800247
2022-01-11 03:15:08,266 - Train Epoch: 2 [0.0/22831 (0%)]	lr:0.00467	Accuracy: 0.0312	Loss: 4.968415
2022-01-11 03:15:08,720 - Train Epoch: 2 [320.0/22831 (1%)]	lr:0.00464	Accuracy: 0.0156	Loss: 5.160275
2022-01-11 03:15:09,177 - Train Epoch: 2 [640.0/22831 (3%)]	lr:0.00461	Accuracy: 0.0625	Loss: 4.978186
2022-01-11 03:15:09,632 - Train Epoch: 2 [960.0/22831 (4%)]	lr:0.00458	Accuracy: 0.0625	Loss: 5.224072
2022-01-11 03:15:10,091 - Train Epoch: 2 [1280.0/22831 (6%)]	lr:0.00455	Accuracy: 0.0469	Loss: 4.994285
2022-01-11 03:15:10,549 - Train Epoch: 2 [1600.0/22831 (7%)]	lr:0.00452	Accuracy: 0.0781	Loss: 4.711707
2022-01-11 03:15:11,007 - Train Epoch: 2 [1920.0/22831 (8%)]	lr:0.00449	Accuracy: 0.0312	Loss: 5.057090
2022-01-11 03:15:11,466 - Train Epoch: 2 [2240.0/22831 (10%)]	lr:0.00446	Accuracy: 0.0156	Loss: 4.923183
2022-01-11 03:15:11,923 - Train Epoch: 2 [2560.0/22831 (11%)]	lr:0.00443	Accuracy: 0.0469	Loss: 4.940979
2022-01-11 03:15:12,381 - Train Epoch: 2 [2880.0/22831 (13%)]	lr:0.00440	Accuracy: 0.0469	Loss: 5.078407
2022-01-11 03:15:12,839 - Train Epoch: 2 [3200.0/22831 (14%)]	lr:0.00438	Accuracy: 0.0312	Loss: 4.911298
2022-01-11 03:15:13,297 - Train Epoch: 2 [3520.0/22831 (15%)]	lr:0.00435	Accuracy: 0.0469	Loss: 4.960692
2022-01-11 03:15:13,755 - Train Epoch: 2 [3840.0/22831 (17%)]	lr:0.00432	Accuracy: 0.0625	Loss: 4.994232
2022-01-11 03:15:14,211 - Train Epoch: 2 [4160.0/22831 (18%)]	lr:0.00430	Accuracy: 0.0469	Loss: 4.889080
2022-01-11 03:15:14,667 - Train Epoch: 2 [4480.0/22831 (20%)]	lr:0.00427	Accuracy: 0.0625	Loss: 5.001734
2022-01-11 03:15:15,126 - Train Epoch: 2 [4800.0/22831 (21%)]	lr:0.00425	Accuracy: 0.0312	Loss: 4.877329
2022-01-11 03:15:15,584 - Train Epoch: 2 [5120.0/22831 (22%)]	lr:0.00422	Accuracy: 0.0625	Loss: 5.099698
2022-01-11 03:15:16,042 - Train Epoch: 2 [5440.0/22831 (24%)]	lr:0.00420	Accuracy: 0.0469	Loss: 4.835471
2022-01-11 03:15:16,502 - Train Epoch: 2 [5760.0/22831 (25%)]	lr:0.00418	Accuracy: 0.0938	Loss: 4.758309
2022-01-11 03:15:16,961 - Train Epoch: 2 [6080.0/22831 (27%)]	lr:0.00415	Accuracy: 0.0625	Loss: 5.044415
2022-01-11 03:15:17,422 - Train Epoch: 2 [6400.0/22831 (28%)]	lr:0.00413	Accuracy: 0.1250	Loss: 4.919802
2022-01-11 03:15:17,883 - Train Epoch: 2 [6720.0/22831 (29%)]	lr:0.00411	Accuracy: 0.0312	Loss: 5.130432
2022-01-11 03:15:18,347 - Train Epoch: 2 [7040.0/22831 (31%)]	lr:0.00409	Accuracy: 0.0156	Loss: 5.144622
2022-01-11 03:15:18,808 - Train Epoch: 2 [7360.0/22831 (32%)]	lr:0.00406	Accuracy: 0.0781	Loss: 4.749530
2022-01-11 03:15:19,268 - Train Epoch: 2 [7680.0/22831 (34%)]	lr:0.00404	Accuracy: 0.0156	Loss: 4.933854
2022-01-11 03:15:19,731 - Train Epoch: 2 [8000.0/22831 (35%)]	lr:0.00402	Accuracy: 0.0781	Loss: 4.819140
2022-01-11 03:15:20,194 - Train Epoch: 2 [8320.0/22831 (36%)]	lr:0.00400	Accuracy: 0.0312	Loss: 4.876899
2022-01-11 03:15:20,654 - Train Epoch: 2 [8640.0/22831 (38%)]	lr:0.00398	Accuracy: 0.0625	Loss: 5.110361
2022-01-11 03:15:21,115 - Train Epoch: 2 [8960.0/22831 (39%)]	lr:0.00396	Accuracy: 0.0469	Loss: 5.025895
2022-01-11 03:15:21,576 - Train Epoch: 2 [9280.0/22831 (41%)]	lr:0.00394	Accuracy: 0.0781	Loss: 4.971613
2022-01-11 03:15:22,040 - Train Epoch: 2 [9600.0/22831 (42%)]	lr:0.00392	Accuracy: 0.0781	Loss: 4.766629
2022-01-11 03:15:22,500 - Train Epoch: 2 [9920.0/22831 (43%)]	lr:0.00390	Accuracy: 0.0312	Loss: 4.860533
2022-01-11 03:15:22,959 - Train Epoch: 2 [10240.0/22831 (45%)]	lr:0.00388	Accuracy: 0.0781	Loss: 4.951089
2022-01-11 03:15:23,424 - Train Epoch: 2 [10560.0/22831 (46%)]	lr:0.00386	Accuracy: 0.0156	Loss: 4.969319
2022-01-11 03:15:23,884 - Train Epoch: 2 [10880.0/22831 (48%)]	lr:0.00385	Accuracy: 0.0469	Loss: 4.885408
2022-01-11 03:15:24,346 - Train Epoch: 2 [11200.0/22831 (49%)]	lr:0.00383	Accuracy: 0.0469	Loss: 5.200101
2022-01-11 03:15:24,811 - Train Epoch: 2 [11520.0/22831 (50%)]	lr:0.00381	Accuracy: 0.0625	Loss: 5.135979
2022-01-11 03:15:25,271 - Train Epoch: 2 [11840.0/22831 (52%)]	lr:0.00379	Accuracy: 0.0625	Loss: 4.917355
2022-01-11 03:15:25,734 - Train Epoch: 2 [12160.0/22831 (53%)]	lr:0.00378	Accuracy: 0.0312	Loss: 4.978639
2022-01-11 03:15:26,199 - Train Epoch: 2 [12480.0/22831 (55%)]	lr:0.00376	Accuracy: 0.0156	Loss: 4.901854
2022-01-11 03:15:26,663 - Train Epoch: 2 [12800.0/22831 (56%)]	lr:0.00374	Accuracy: 0.0469	Loss: 4.977558
2022-01-11 03:15:27,133 - Train Epoch: 2 [13120.0/22831 (57%)]	lr:0.00373	Accuracy: 0.0781	Loss: 4.777467
2022-01-11 03:15:27,596 - Train Epoch: 2 [13440.0/22831 (59%)]	lr:0.00371	Accuracy: 0.0625	Loss: 4.888090
2022-01-11 03:15:28,052 - Train Epoch: 2 [13760.0/22831 (60%)]	lr:0.00369	Accuracy: 0.0469	Loss: 4.898525
2022-01-11 03:15:28,528 - Train Epoch: 2 [14080.0/22831 (62%)]	lr:0.00368	Accuracy: 0.0469	Loss: 4.913314
2022-01-11 03:15:28,992 - Train Epoch: 2 [14400.0/22831 (63%)]	lr:0.00366	Accuracy: 0.0625	Loss: 5.067054
2022-01-11 03:15:29,452 - Train Epoch: 2 [14720.0/22831 (64%)]	lr:0.00365	Accuracy: 0.0781	Loss: 4.958248
2022-01-11 03:15:29,912 - Train Epoch: 2 [15040.0/22831 (66%)]	lr:0.00363	Accuracy: 0.0781	Loss: 4.973323
2022-01-11 03:15:30,372 - Train Epoch: 2 [15360.0/22831 (67%)]	lr:0.00361	Accuracy: 0.0469	Loss: 4.804949
2022-01-11 03:15:30,832 - Train Epoch: 2 [15680.0/22831 (69%)]	lr:0.00360	Accuracy: 0.0312	Loss: 4.859482
2022-01-11 03:15:31,290 - Train Epoch: 2 [16000.0/22831 (70%)]	lr:0.00358	Accuracy: 0.0938	Loss: 4.784123
2022-01-11 03:15:31,751 - Train Epoch: 2 [16320.0/22831 (71%)]	lr:0.00357	Accuracy: 0.0312	Loss: 5.012864
2022-01-11 03:15:32,215 - Train Epoch: 2 [16640.0/22831 (73%)]	lr:0.00356	Accuracy: 0.0312	Loss: 5.110217
2022-01-11 03:15:32,675 - Train Epoch: 2 [16960.0/22831 (74%)]	lr:0.00354	Accuracy: 0.0469	Loss: 4.942238
2022-01-11 03:15:33,135 - Train Epoch: 2 [17280.0/22831 (76%)]	lr:0.00353	Accuracy: 0.0469	Loss: 4.974427
2022-01-11 03:15:33,595 - Train Epoch: 2 [17600.0/22831 (77%)]	lr:0.00351	Accuracy: 0.0469	Loss: 5.126715
2022-01-11 03:15:34,058 - Train Epoch: 2 [17920.0/22831 (78%)]	lr:0.00350	Accuracy: 0.0312	Loss: 5.035274
2022-01-11 03:15:34,519 - Train Epoch: 2 [18240.0/22831 (80%)]	lr:0.00349	Accuracy: 0.0469	Loss: 5.031820
2022-01-11 03:15:34,980 - Train Epoch: 2 [18560.0/22831 (81%)]	lr:0.00347	Accuracy: 0.0469	Loss: 4.912300
2022-01-11 03:15:35,443 - Train Epoch: 2 [18880.0/22831 (83%)]	lr:0.00346	Accuracy: 0.1094	Loss: 4.778777
2022-01-11 03:15:35,905 - Train Epoch: 2 [19200.0/22831 (84%)]	lr:0.00345	Accuracy: 0.1094	Loss: 4.525861
2022-01-11 03:15:36,366 - Train Epoch: 2 [19520.0/22831 (85%)]	lr:0.00343	Accuracy: 0.0625	Loss: 5.055941
2022-01-11 03:15:36,823 - Train Epoch: 2 [19840.0/22831 (87%)]	lr:0.00342	Accuracy: 0.0781	Loss: 4.860029
2022-01-11 03:15:37,292 - Train Epoch: 2 [20160.0/22831 (88%)]	lr:0.00341	Accuracy: 0.0625	Loss: 5.071124
2022-01-11 03:15:37,756 - Train Epoch: 2 [20480.0/22831 (90%)]	lr:0.00339	Accuracy: 0.0625	Loss: 4.756935
2022-01-11 03:15:38,216 - Train Epoch: 2 [20800.0/22831 (91%)]	lr:0.00338	Accuracy: 0.0156	Loss: 5.000330
2022-01-11 03:15:38,688 - Train Epoch: 2 [21120.0/22831 (92%)]	lr:0.00337	Accuracy: 0.0000	Loss: 4.923011
2022-01-11 03:15:39,152 - Train Epoch: 2 [21440.0/22831 (94%)]	lr:0.00336	Accuracy: 0.0625	Loss: 4.915191
2022-01-11 03:15:39,618 - Train Epoch: 2 [21760.0/22831 (95%)]	lr:0.00335	Accuracy: 0.0469	Loss: 4.712633
2022-01-11 03:15:40,078 - Train Epoch: 2 [22080.0/22831 (97%)]	lr:0.00333	Accuracy: 0.0938	Loss: 4.640929
2022-01-11 03:15:40,543 - Train Epoch: 2 [22400.0/22831 (98%)]	lr:0.00332	Accuracy: 0.0469	Loss: 4.867929
2022-01-11 03:15:41,009 - Train Epoch: 2 [22720.0/22831 (99%)]	lr:0.00331	Accuracy: 0.0781	Loss: 4.879993
2022-01-11 03:15:41,094 - Starting Validation
2022-01-11 03:15:45,332 - ===> Validation set: Average loss: 4.8680	Accuracy: 0.0540

2022-01-11 03:15:45,333 - Snapshot saved to snapshot/cdc/cdc-2022-01-11_03_14_27-model_best.pth

2022-01-11 03:15:45,333 - #### End epoch 2/10, elapsed time: 37.164203562017065
2022-01-11 03:15:45,453 - Train Epoch: 3 [0.0/22831 (0%)]	lr:0.00331	Accuracy: 0.0469	Loss: 5.111362
2022-01-11 03:15:45,970 - Train Epoch: 3 [320.0/22831 (1%)]	lr:0.00329	Accuracy: 0.0625	Loss: 4.856208
2022-01-11 03:15:46,432 - Train Epoch: 3 [640.0/22831 (3%)]	lr:0.00328	Accuracy: 0.0312	Loss: 4.982203
2022-01-11 03:15:46,901 - Train Epoch: 3 [960.0/22831 (4%)]	lr:0.00327	Accuracy: 0.0938	Loss: 4.700436
2022-01-11 03:15:47,365 - Train Epoch: 3 [1280.0/22831 (6%)]	lr:0.00326	Accuracy: 0.0312	Loss: 4.894824
2022-01-11 03:15:47,828 - Train Epoch: 3 [1600.0/22831 (7%)]	lr:0.00325	Accuracy: 0.0625	Loss: 4.873895
2022-01-11 03:15:48,295 - Train Epoch: 3 [1920.0/22831 (8%)]	lr:0.00324	Accuracy: 0.0469	Loss: 4.905157
2022-01-11 03:15:48,761 - Train Epoch: 3 [2240.0/22831 (10%)]	lr:0.00323	Accuracy: 0.0469	Loss: 4.786118
2022-01-11 03:15:49,228 - Train Epoch: 3 [2560.0/22831 (11%)]	lr:0.00322	Accuracy: 0.0938	Loss: 4.907312
2022-01-11 03:15:49,696 - Train Epoch: 3 [2880.0/22831 (13%)]	lr:0.00321	Accuracy: 0.0156	Loss: 5.116206
2022-01-11 03:15:50,165 - Train Epoch: 3 [3200.0/22831 (14%)]	lr:0.00320	Accuracy: 0.0469	Loss: 4.763209
2022-01-11 03:15:50,631 - Train Epoch: 3 [3520.0/22831 (15%)]	lr:0.00319	Accuracy: 0.0156	Loss: 4.986711
2022-01-11 03:15:51,095 - Train Epoch: 3 [3840.0/22831 (17%)]	lr:0.00318	Accuracy: 0.0938	Loss: 4.665488
2022-01-11 03:15:51,564 - Train Epoch: 3 [4160.0/22831 (18%)]	lr:0.00316	Accuracy: 0.0625	Loss: 4.941689
2022-01-11 03:15:52,036 - Train Epoch: 3 [4480.0/22831 (20%)]	lr:0.00315	Accuracy: 0.0469	Loss: 4.659426
2022-01-11 03:15:52,501 - Train Epoch: 3 [4800.0/22831 (21%)]	lr:0.00314	Accuracy: 0.0938	Loss: 4.641272
2022-01-11 03:15:52,965 - Train Epoch: 3 [5120.0/22831 (22%)]	lr:0.00313	Accuracy: 0.1094	Loss: 4.563364
2022-01-11 03:15:53,432 - Train Epoch: 3 [5440.0/22831 (24%)]	lr:0.00313	Accuracy: 0.0781	Loss: 4.813454
2022-01-11 03:15:53,901 - Train Epoch: 3 [5760.0/22831 (25%)]	lr:0.00312	Accuracy: 0.0312	Loss: 4.947234
2022-01-11 03:15:54,368 - Train Epoch: 3 [6080.0/22831 (27%)]	lr:0.00311	Accuracy: 0.0156	Loss: 4.903298
2022-01-11 03:15:54,832 - Train Epoch: 3 [6400.0/22831 (28%)]	lr:0.00310	Accuracy: 0.0312	Loss: 4.900333
2022-01-11 03:15:55,304 - Train Epoch: 3 [6720.0/22831 (29%)]	lr:0.00309	Accuracy: 0.0469	Loss: 4.796158
2022-01-11 03:15:55,772 - Train Epoch: 3 [7040.0/22831 (31%)]	lr:0.00308	Accuracy: 0.0312	Loss: 4.884252
2022-01-11 03:15:56,238 - Train Epoch: 3 [7360.0/22831 (32%)]	lr:0.00307	Accuracy: 0.1094	Loss: 4.682847
2022-01-11 03:15:56,707 - Train Epoch: 3 [7680.0/22831 (34%)]	lr:0.00306	Accuracy: 0.0781	Loss: 4.860781
2022-01-11 03:15:57,176 - Train Epoch: 3 [8000.0/22831 (35%)]	lr:0.00305	Accuracy: 0.0625	Loss: 4.826593
2022-01-11 03:15:57,642 - Train Epoch: 3 [8320.0/22831 (36%)]	lr:0.00304	Accuracy: 0.1719	Loss: 4.559834
2022-01-11 03:15:58,106 - Train Epoch: 3 [8640.0/22831 (38%)]	lr:0.00303	Accuracy: 0.0625	Loss: 4.697642
2022-01-11 03:15:58,573 - Train Epoch: 3 [8960.0/22831 (39%)]	lr:0.00302	Accuracy: 0.0312	Loss: 4.738429
2022-01-11 03:15:59,043 - Train Epoch: 3 [9280.0/22831 (41%)]	lr:0.00301	Accuracy: 0.0312	Loss: 4.975946
2022-01-11 03:15:59,511 - Train Epoch: 3 [9600.0/22831 (42%)]	lr:0.00301	Accuracy: 0.0781	Loss: 4.750201
2022-01-11 03:15:59,976 - Train Epoch: 3 [9920.0/22831 (43%)]	lr:0.00300	Accuracy: 0.1250	Loss: 4.687642
2022-01-11 03:16:00,439 - Train Epoch: 3 [10240.0/22831 (45%)]	lr:0.00299	Accuracy: 0.0312	Loss: 5.039265
2022-01-11 03:16:00,909 - Train Epoch: 3 [10560.0/22831 (46%)]	lr:0.00298	Accuracy: 0.0312	Loss: 4.993196
2022-01-11 03:16:01,374 - Train Epoch: 3 [10880.0/22831 (48%)]	lr:0.00297	Accuracy: 0.0781	Loss: 4.565566
2022-01-11 03:16:01,849 - Train Epoch: 3 [11200.0/22831 (49%)]	lr:0.00296	Accuracy: 0.0469	Loss: 5.068507
2022-01-11 03:16:02,340 - Train Epoch: 3 [11520.0/22831 (50%)]	lr:0.00295	Accuracy: 0.0469	Loss: 4.875905
2022-01-11 03:16:02,809 - Train Epoch: 3 [11840.0/22831 (52%)]	lr:0.00295	Accuracy: 0.0625	Loss: 4.603068
2022-01-11 03:16:03,277 - Train Epoch: 3 [12160.0/22831 (53%)]	lr:0.00294	Accuracy: 0.0469	Loss: 4.989599
2022-01-11 03:16:03,743 - Train Epoch: 3 [12480.0/22831 (55%)]	lr:0.00293	Accuracy: 0.0781	Loss: 4.811528
2022-01-11 03:16:04,211 - Train Epoch: 3 [12800.0/22831 (56%)]	lr:0.00292	Accuracy: 0.0781	Loss: 4.623911
2022-01-11 03:16:04,681 - Train Epoch: 3 [13120.0/22831 (57%)]	lr:0.00291	Accuracy: 0.0938	Loss: 4.511310
2022-01-11 03:16:05,149 - Train Epoch: 3 [13440.0/22831 (59%)]	lr:0.00291	Accuracy: 0.0938	Loss: 4.470737
2022-01-11 03:16:05,616 - Train Epoch: 3 [13760.0/22831 (60%)]	lr:0.00290	Accuracy: 0.0781	Loss: 4.765241
2022-01-11 03:16:06,087 - Train Epoch: 3 [14080.0/22831 (62%)]	lr:0.00289	Accuracy: 0.0000	Loss: 5.089000
2022-01-11 03:16:06,556 - Train Epoch: 3 [14400.0/22831 (63%)]	lr:0.00288	Accuracy: 0.0156	Loss: 4.732981
2022-01-11 03:16:07,023 - Train Epoch: 3 [14720.0/22831 (64%)]	lr:0.00288	Accuracy: 0.0625	Loss: 4.811329
2022-01-11 03:16:07,490 - Train Epoch: 3 [15040.0/22831 (66%)]	lr:0.00287	Accuracy: 0.0625	Loss: 4.635808
2022-01-11 03:16:07,959 - Train Epoch: 3 [15360.0/22831 (67%)]	lr:0.00286	Accuracy: 0.1250	Loss: 4.717463
2022-01-11 03:16:08,423 - Train Epoch: 3 [15680.0/22831 (69%)]	lr:0.00285	Accuracy: 0.0625	Loss: 5.005692
2022-01-11 03:16:08,892 - Train Epoch: 3 [16000.0/22831 (70%)]	lr:0.00285	Accuracy: 0.0938	Loss: 4.817016
2022-01-11 03:16:09,359 - Train Epoch: 3 [16320.0/22831 (71%)]	lr:0.00284	Accuracy: 0.0625	Loss: 4.637034
2022-01-11 03:16:09,827 - Train Epoch: 3 [16640.0/22831 (73%)]	lr:0.00283	Accuracy: 0.1094	Loss: 4.743972
2022-01-11 03:16:10,286 - Train Epoch: 3 [16960.0/22831 (74%)]	lr:0.00282	Accuracy: 0.0312	Loss: 4.919764
2022-01-11 03:16:10,759 - Train Epoch: 3 [17280.0/22831 (76%)]	lr:0.00282	Accuracy: 0.0312	Loss: 4.895696
2022-01-11 03:16:11,226 - Train Epoch: 3 [17600.0/22831 (77%)]	lr:0.00281	Accuracy: 0.0625	Loss: 4.757628
2022-01-11 03:16:11,697 - Train Epoch: 3 [17920.0/22831 (78%)]	lr:0.00280	Accuracy: 0.0156	Loss: 5.120115
2022-01-11 03:16:12,165 - Train Epoch: 3 [18240.0/22831 (80%)]	lr:0.00280	Accuracy: 0.0938	Loss: 4.721708
2022-01-11 03:16:12,634 - Train Epoch: 3 [18560.0/22831 (81%)]	lr:0.00279	Accuracy: 0.0312	Loss: 4.872952
2022-01-11 03:16:13,098 - Train Epoch: 3 [18880.0/22831 (83%)]	lr:0.00278	Accuracy: 0.0938	Loss: 4.496943
2022-01-11 03:16:13,569 - Train Epoch: 3 [19200.0/22831 (84%)]	lr:0.00277	Accuracy: 0.0312	Loss: 4.845150
2022-01-11 03:16:14,037 - Train Epoch: 3 [19520.0/22831 (85%)]	lr:0.00277	Accuracy: 0.0781	Loss: 4.752731
2022-01-11 03:16:14,510 - Train Epoch: 3 [19840.0/22831 (87%)]	lr:0.00276	Accuracy: 0.0469	Loss: 4.688702
2022-01-11 03:16:14,977 - Train Epoch: 3 [20160.0/22831 (88%)]	lr:0.00275	Accuracy: 0.0469	Loss: 4.577260
2022-01-11 03:16:15,447 - Train Epoch: 3 [20480.0/22831 (90%)]	lr:0.00275	Accuracy: 0.0938	Loss: 4.760345
2022-01-11 03:16:15,913 - Train Epoch: 3 [20800.0/22831 (91%)]	lr:0.00274	Accuracy: 0.0469	Loss: 4.981480
2022-01-11 03:16:16,382 - Train Epoch: 3 [21120.0/22831 (92%)]	lr:0.00273	Accuracy: 0.0781	Loss: 4.741620
2022-01-11 03:16:16,854 - Train Epoch: 3 [21440.0/22831 (94%)]	lr:0.00273	Accuracy: 0.0781	Loss: 4.847322
2022-01-11 03:16:17,325 - Train Epoch: 3 [21760.0/22831 (95%)]	lr:0.00272	Accuracy: 0.0625	Loss: 4.697178
2022-01-11 03:16:17,792 - Train Epoch: 3 [22080.0/22831 (97%)]	lr:0.00271	Accuracy: 0.0625	Loss: 4.739367
2022-01-11 03:16:18,264 - Train Epoch: 3 [22400.0/22831 (98%)]	lr:0.00271	Accuracy: 0.0781	Loss: 4.637895
2022-01-11 03:16:18,735 - Train Epoch: 3 [22720.0/22831 (99%)]	lr:0.00270	Accuracy: 0.0938	Loss: 4.675332
2022-01-11 03:16:18,812 - Starting Validation
2022-01-11 03:16:23,080 - ===> Validation set: Average loss: 4.7913	Accuracy: 0.0613

2022-01-11 03:16:23,082 - Snapshot saved to snapshot/cdc/cdc-2022-01-11_03_14_27-model_best.pth

2022-01-11 03:16:23,082 - #### End epoch 3/10, elapsed time: 37.7483209099737
2022-01-11 03:16:23,204 - Train Epoch: 4 [0.0/22831 (0%)]	lr:0.00270	Accuracy: 0.0000	Loss: 4.940827
2022-01-11 03:16:23,799 - Train Epoch: 4 [320.0/22831 (1%)]	lr:0.00269	Accuracy: 0.1250	Loss: 4.566461
2022-01-11 03:16:24,392 - Train Epoch: 4 [640.0/22831 (3%)]	lr:0.00269	Accuracy: 0.1094	Loss: 4.659031
2022-01-11 03:16:24,986 - Train Epoch: 4 [960.0/22831 (4%)]	lr:0.00268	Accuracy: 0.1094	Loss: 4.756439
2022-01-11 03:16:25,578 - Train Epoch: 4 [1280.0/22831 (6%)]	lr:0.00267	Accuracy: 0.1094	Loss: 4.479911
2022-01-11 03:16:26,141 - Train Epoch: 4 [1600.0/22831 (7%)]	lr:0.00267	Accuracy: 0.0938	Loss: 4.880405
2022-01-11 03:16:26,649 - Train Epoch: 4 [1920.0/22831 (8%)]	lr:0.00266	Accuracy: 0.0625	Loss: 4.428129
2022-01-11 03:16:27,130 - Train Epoch: 4 [2240.0/22831 (10%)]	lr:0.00266	Accuracy: 0.0469	Loss: 4.670504
2022-01-11 03:16:27,610 - Train Epoch: 4 [2560.0/22831 (11%)]	lr:0.00265	Accuracy: 0.0469	Loss: 4.894717
2022-01-11 03:16:28,079 - Train Epoch: 4 [2880.0/22831 (13%)]	lr:0.00264	Accuracy: 0.0312	Loss: 4.935645
2022-01-11 03:16:28,551 - Train Epoch: 4 [3200.0/22831 (14%)]	lr:0.00264	Accuracy: 0.0469	Loss: 4.738434
2022-01-11 03:16:29,022 - Train Epoch: 4 [3520.0/22831 (15%)]	lr:0.00263	Accuracy: 0.0469	Loss: 4.982149
2022-01-11 03:16:29,489 - Train Epoch: 4 [3840.0/22831 (17%)]	lr:0.00263	Accuracy: 0.0000	Loss: 4.868134
2022-01-11 03:16:29,963 - Train Epoch: 4 [4160.0/22831 (18%)]	lr:0.00262	Accuracy: 0.0469	Loss: 4.731909
2022-01-11 03:16:30,432 - Train Epoch: 4 [4480.0/22831 (20%)]	lr:0.00262	Accuracy: 0.0469	Loss: 4.823692
2022-01-11 03:16:30,902 - Train Epoch: 4 [4800.0/22831 (21%)]	lr:0.00261	Accuracy: 0.0000	Loss: 5.230133
2022-01-11 03:16:31,370 - Train Epoch: 4 [5120.0/22831 (22%)]	lr:0.00260	Accuracy: 0.0312	Loss: 4.858666
2022-01-11 03:16:31,836 - Train Epoch: 4 [5440.0/22831 (24%)]	lr:0.00260	Accuracy: 0.0312	Loss: 4.968287
2022-01-11 03:16:32,312 - Train Epoch: 4 [5760.0/22831 (25%)]	lr:0.00259	Accuracy: 0.0781	Loss: 4.823044
2022-01-11 03:16:32,779 - Train Epoch: 4 [6080.0/22831 (27%)]	lr:0.00259	Accuracy: 0.0625	Loss: 4.569032
2022-01-11 03:16:33,251 - Train Epoch: 4 [6400.0/22831 (28%)]	lr:0.00258	Accuracy: 0.0312	Loss: 5.004364
2022-01-11 03:16:33,724 - Train Epoch: 4 [6720.0/22831 (29%)]	lr:0.00258	Accuracy: 0.0938	Loss: 4.641658
2022-01-11 03:16:34,196 - Train Epoch: 4 [7040.0/22831 (31%)]	lr:0.00257	Accuracy: 0.0312	Loss: 4.703672
2022-01-11 03:16:34,665 - Train Epoch: 4 [7360.0/22831 (32%)]	lr:0.00257	Accuracy: 0.0156	Loss: 4.930431
2022-01-11 03:16:35,140 - Train Epoch: 4 [7680.0/22831 (34%)]	lr:0.00256	Accuracy: 0.1094	Loss: 4.649514
2022-01-11 03:16:35,615 - Train Epoch: 4 [8000.0/22831 (35%)]	lr:0.00255	Accuracy: 0.0312	Loss: 4.703954
2022-01-11 03:16:36,098 - Train Epoch: 4 [8320.0/22831 (36%)]	lr:0.00255	Accuracy: 0.0938	Loss: 4.587515
2022-01-11 03:16:36,570 - Train Epoch: 4 [8640.0/22831 (38%)]	lr:0.00254	Accuracy: 0.0312	Loss: 4.853559
2022-01-11 03:16:37,045 - Train Epoch: 4 [8960.0/22831 (39%)]	lr:0.00254	Accuracy: 0.0312	Loss: 4.895309
2022-01-11 03:16:37,514 - Train Epoch: 4 [9280.0/22831 (41%)]	lr:0.00253	Accuracy: 0.0625	Loss: 4.637447
2022-01-11 03:16:37,987 - Train Epoch: 4 [9600.0/22831 (42%)]	lr:0.00253	Accuracy: 0.0781	Loss: 4.790164
2022-01-11 03:16:38,477 - Train Epoch: 4 [9920.0/22831 (43%)]	lr:0.00252	Accuracy: 0.0469	Loss: 4.691799
2022-01-11 03:16:38,959 - Train Epoch: 4 [10240.0/22831 (45%)]	lr:0.00252	Accuracy: 0.0469	Loss: 4.694747
2022-01-11 03:16:39,434 - Train Epoch: 4 [10560.0/22831 (46%)]	lr:0.00251	Accuracy: 0.0625	Loss: 4.704269
2022-01-11 03:16:39,913 - Train Epoch: 4 [10880.0/22831 (48%)]	lr:0.00251	Accuracy: 0.0312	Loss: 4.616376
2022-01-11 03:16:40,389 - Train Epoch: 4 [11200.0/22831 (49%)]	lr:0.00250	Accuracy: 0.0469	Loss: 4.872026
2022-01-11 03:16:40,862 - Train Epoch: 4 [11520.0/22831 (50%)]	lr:0.00250	Accuracy: 0.0312	Loss: 4.746648
2022-01-11 03:16:41,339 - Train Epoch: 4 [11840.0/22831 (52%)]	lr:0.00249	Accuracy: 0.0469	Loss: 5.009742
2022-01-11 03:16:41,809 - Train Epoch: 4 [12160.0/22831 (53%)]	lr:0.00249	Accuracy: 0.0781	Loss: 4.647470
2022-01-11 03:16:42,284 - Train Epoch: 4 [12480.0/22831 (55%)]	lr:0.00248	Accuracy: 0.0469	Loss: 4.845027
2022-01-11 03:16:42,767 - Train Epoch: 4 [12800.0/22831 (56%)]	lr:0.00248	Accuracy: 0.0625	Loss: 4.681012
2022-01-11 03:16:43,245 - Train Epoch: 4 [13120.0/22831 (57%)]	lr:0.00247	Accuracy: 0.0469	Loss: 4.850278
2022-01-11 03:16:43,718 - Train Epoch: 4 [13440.0/22831 (59%)]	lr:0.00247	Accuracy: 0.0625	Loss: 4.743792
2022-01-11 03:16:44,192 - Train Epoch: 4 [13760.0/22831 (60%)]	lr:0.00246	Accuracy: 0.0781	Loss: 4.679140
2022-01-11 03:16:44,657 - Train Epoch: 4 [14080.0/22831 (62%)]	lr:0.00246	Accuracy: 0.0312	Loss: 5.052687
2022-01-11 03:16:45,148 - Train Epoch: 4 [14400.0/22831 (63%)]	lr:0.00245	Accuracy: 0.0156	Loss: 4.838361
2022-01-11 03:16:45,619 - Train Epoch: 4 [14720.0/22831 (64%)]	lr:0.00245	Accuracy: 0.0781	Loss: 4.807712
2022-01-11 03:16:46,095 - Train Epoch: 4 [15040.0/22831 (66%)]	lr:0.00244	Accuracy: 0.0469	Loss: 4.916098
2022-01-11 03:16:46,569 - Train Epoch: 4 [15360.0/22831 (67%)]	lr:0.00244	Accuracy: 0.0312	Loss: 4.684885
2022-01-11 03:16:47,045 - Train Epoch: 4 [15680.0/22831 (69%)]	lr:0.00244	Accuracy: 0.0781	Loss: 4.872753
2022-01-11 03:16:47,520 - Train Epoch: 4 [16000.0/22831 (70%)]	lr:0.00243	Accuracy: 0.0469	Loss: 4.801535
2022-01-11 03:16:47,996 - Train Epoch: 4 [16320.0/22831 (71%)]	lr:0.00243	Accuracy: 0.0625	Loss: 4.764053
2022-01-11 03:16:48,472 - Train Epoch: 4 [16640.0/22831 (73%)]	lr:0.00242	Accuracy: 0.0312	Loss: 4.906129
2022-01-11 03:16:48,945 - Train Epoch: 4 [16960.0/22831 (74%)]	lr:0.00242	Accuracy: 0.0938	Loss: 4.838995
2022-01-11 03:16:49,418 - Train Epoch: 4 [17280.0/22831 (76%)]	lr:0.00241	Accuracy: 0.0625	Loss: 4.640580
2022-01-11 03:16:49,890 - Train Epoch: 4 [17600.0/22831 (77%)]	lr:0.00241	Accuracy: 0.0469	Loss: 4.840674
2022-01-11 03:16:50,360 - Train Epoch: 4 [17920.0/22831 (78%)]	lr:0.00240	Accuracy: 0.1094	Loss: 4.535090
2022-01-11 03:16:50,832 - Train Epoch: 4 [18240.0/22831 (80%)]	lr:0.00240	Accuracy: 0.0312	Loss: 5.034424
2022-01-11 03:16:51,306 - Train Epoch: 4 [18560.0/22831 (81%)]	lr:0.00240	Accuracy: 0.0312	Loss: 4.904547
2022-01-11 03:16:51,778 - Train Epoch: 4 [18880.0/22831 (83%)]	lr:0.00239	Accuracy: 0.0938	Loss: 4.851420
2022-01-11 03:16:52,252 - Train Epoch: 4 [19200.0/22831 (84%)]	lr:0.00239	Accuracy: 0.0469	Loss: 4.714709
2022-01-11 03:16:52,726 - Train Epoch: 4 [19520.0/22831 (85%)]	lr:0.00238	Accuracy: 0.0312	Loss: 4.864590
2022-01-11 03:16:53,201 - Train Epoch: 4 [19840.0/22831 (87%)]	lr:0.00238	Accuracy: 0.0625	Loss: 4.691421
2022-01-11 03:16:53,676 - Train Epoch: 4 [20160.0/22831 (88%)]	lr:0.00237	Accuracy: 0.0469	Loss: 4.835798
2022-01-11 03:16:54,150 - Train Epoch: 4 [20480.0/22831 (90%)]	lr:0.00237	Accuracy: 0.0469	Loss: 4.705389
2022-01-11 03:16:54,626 - Train Epoch: 4 [20800.0/22831 (91%)]	lr:0.00236	Accuracy: 0.0625	Loss: 4.950538
2022-01-11 03:16:55,102 - Train Epoch: 4 [21120.0/22831 (92%)]	lr:0.00236	Accuracy: 0.0938	Loss: 4.843110
2022-01-11 03:16:55,577 - Train Epoch: 4 [21440.0/22831 (94%)]	lr:0.00236	Accuracy: 0.0938	Loss: 4.557990
2022-01-11 03:16:56,052 - Train Epoch: 4 [21760.0/22831 (95%)]	lr:0.00235	Accuracy: 0.0625	Loss: 4.712036
2022-01-11 03:16:56,528 - Train Epoch: 4 [22080.0/22831 (97%)]	lr:0.00235	Accuracy: 0.1406	Loss: 4.610737
2022-01-11 03:16:57,002 - Train Epoch: 4 [22400.0/22831 (98%)]	lr:0.00234	Accuracy: 0.0625	Loss: 4.740421
2022-01-11 03:16:57,475 - Train Epoch: 4 [22720.0/22831 (99%)]	lr:0.00234	Accuracy: 0.0938	Loss: 4.814825
2022-01-11 03:16:57,560 - Starting Validation
2022-01-11 03:17:01,978 - ===> Validation set: Average loss: 4.7572	Accuracy: 0.0561

2022-01-11 03:17:01,978 - #### End epoch 4/10, elapsed time: 38.89627556601772
2022-01-11 03:17:02,096 - Train Epoch: 5 [0.0/22831 (0%)]	lr:0.00234	Accuracy: 0.0156	Loss: 4.682636
2022-01-11 03:17:02,625 - Train Epoch: 5 [320.0/22831 (1%)]	lr:0.00233	Accuracy: 0.0938	Loss: 4.667917
2022-01-11 03:17:03,099 - Train Epoch: 5 [640.0/22831 (3%)]	lr:0.00233	Accuracy: 0.1094	Loss: 4.624451
2022-01-11 03:17:03,574 - Train Epoch: 5 [960.0/22831 (4%)]	lr:0.00233	Accuracy: 0.0312	Loss: 4.716468
2022-01-11 03:17:04,047 - Train Epoch: 5 [1280.0/22831 (6%)]	lr:0.00232	Accuracy: 0.0625	Loss: 4.906441
2022-01-11 03:17:04,518 - Train Epoch: 5 [1600.0/22831 (7%)]	lr:0.00232	Accuracy: 0.0469	Loss: 4.795229
2022-01-11 03:17:04,988 - Train Epoch: 5 [1920.0/22831 (8%)]	lr:0.00231	Accuracy: 0.0469	Loss: 4.921848
2022-01-11 03:17:05,461 - Train Epoch: 5 [2240.0/22831 (10%)]	lr:0.00231	Accuracy: 0.0781	Loss: 4.597067
2022-01-11 03:17:05,934 - Train Epoch: 5 [2560.0/22831 (11%)]	lr:0.00231	Accuracy: 0.0156	Loss: 4.916448
2022-01-11 03:17:06,407 - Train Epoch: 5 [2880.0/22831 (13%)]	lr:0.00230	Accuracy: 0.1250	Loss: 4.698827
2022-01-11 03:17:06,879 - Train Epoch: 5 [3200.0/22831 (14%)]	lr:0.00230	Accuracy: 0.0625	Loss: 4.793521
2022-01-11 03:17:07,349 - Train Epoch: 5 [3520.0/22831 (15%)]	lr:0.00229	Accuracy: 0.0469	Loss: 4.804387
2022-01-11 03:17:07,824 - Train Epoch: 5 [3840.0/22831 (17%)]	lr:0.00229	Accuracy: 0.0469	Loss: 4.790686
2022-01-11 03:17:08,293 - Train Epoch: 5 [4160.0/22831 (18%)]	lr:0.00229	Accuracy: 0.0469	Loss: 5.084431
2022-01-11 03:17:08,766 - Train Epoch: 5 [4480.0/22831 (20%)]	lr:0.00228	Accuracy: 0.0781	Loss: 4.693459
2022-01-11 03:17:09,236 - Train Epoch: 5 [4800.0/22831 (21%)]	lr:0.00228	Accuracy: 0.0156	Loss: 4.814601
2022-01-11 03:17:09,708 - Train Epoch: 5 [5120.0/22831 (22%)]	lr:0.00228	Accuracy: 0.0469	Loss: 4.821709
2022-01-11 03:17:10,177 - Train Epoch: 5 [5440.0/22831 (24%)]	lr:0.00227	Accuracy: 0.0625	Loss: 4.906256
2022-01-11 03:17:10,662 - Train Epoch: 5 [5760.0/22831 (25%)]	lr:0.00227	Accuracy: 0.0781	Loss: 4.523261
2022-01-11 03:17:11,133 - Train Epoch: 5 [6080.0/22831 (27%)]	lr:0.00226	Accuracy: 0.0938	Loss: 4.444478
2022-01-11 03:17:11,603 - Train Epoch: 5 [6400.0/22831 (28%)]	lr:0.00226	Accuracy: 0.0781	Loss: 4.702134
2022-01-11 03:17:12,073 - Train Epoch: 5 [6720.0/22831 (29%)]	lr:0.00226	Accuracy: 0.0781	Loss: 4.814676
2022-01-11 03:17:12,542 - Train Epoch: 5 [7040.0/22831 (31%)]	lr:0.00225	Accuracy: 0.0781	Loss: 4.420852
2022-01-11 03:17:13,012 - Train Epoch: 5 [7360.0/22831 (32%)]	lr:0.00225	Accuracy: 0.0625	Loss: 4.613641
2022-01-11 03:17:13,482 - Train Epoch: 5 [7680.0/22831 (34%)]	lr:0.00225	Accuracy: 0.0938	Loss: 4.534873
2022-01-11 03:17:13,952 - Train Epoch: 5 [8000.0/22831 (35%)]	lr:0.00224	Accuracy: 0.0625	Loss: 4.627507
2022-01-11 03:17:14,423 - Train Epoch: 5 [8320.0/22831 (36%)]	lr:0.00224	Accuracy: 0.0469	Loss: 4.874002
2022-01-11 03:17:14,892 - Train Epoch: 5 [8640.0/22831 (38%)]	lr:0.00223	Accuracy: 0.0781	Loss: 4.593728
2022-01-11 03:17:15,363 - Train Epoch: 5 [8960.0/22831 (39%)]	lr:0.00223	Accuracy: 0.0312	Loss: 4.721475
2022-01-11 03:17:15,833 - Train Epoch: 5 [9280.0/22831 (41%)]	lr:0.00223	Accuracy: 0.0781	Loss: 4.922776
2022-01-11 03:17:16,303 - Train Epoch: 5 [9600.0/22831 (42%)]	lr:0.00222	Accuracy: 0.0938	Loss: 4.760175
2022-01-11 03:17:16,774 - Train Epoch: 5 [9920.0/22831 (43%)]	lr:0.00222	Accuracy: 0.1250	Loss: 4.317438
2022-01-11 03:17:17,244 - Train Epoch: 5 [10240.0/22831 (45%)]	lr:0.00222	Accuracy: 0.0469	Loss: 4.747578
2022-01-11 03:17:17,715 - Train Epoch: 5 [10560.0/22831 (46%)]	lr:0.00221	Accuracy: 0.0625	Loss: 4.580613
2022-01-11 03:17:18,186 - Train Epoch: 5 [10880.0/22831 (48%)]	lr:0.00221	Accuracy: 0.0781	Loss: 4.688367
2022-01-11 03:17:18,657 - Train Epoch: 5 [11200.0/22831 (49%)]	lr:0.00221	Accuracy: 0.0938	Loss: 4.630375
2022-01-11 03:17:19,125 - Train Epoch: 5 [11520.0/22831 (50%)]	lr:0.00220	Accuracy: 0.0469	Loss: 4.772085
2022-01-11 03:17:19,596 - Train Epoch: 5 [11840.0/22831 (52%)]	lr:0.00220	Accuracy: 0.0781	Loss: 4.819347
2022-01-11 03:17:20,070 - Train Epoch: 5 [12160.0/22831 (53%)]	lr:0.00220	Accuracy: 0.0938	Loss: 4.755132
2022-01-11 03:17:20,542 - Train Epoch: 5 [12480.0/22831 (55%)]	lr:0.00219	Accuracy: 0.0781	Loss: 4.492466
2022-01-11 03:17:21,018 - Train Epoch: 5 [12800.0/22831 (56%)]	lr:0.00219	Accuracy: 0.0000	Loss: 4.866818
2022-01-11 03:17:21,490 - Train Epoch: 5 [13120.0/22831 (57%)]	lr:0.00219	Accuracy: 0.0469	Loss: 4.845933
2022-01-11 03:17:21,965 - Train Epoch: 5 [13440.0/22831 (59%)]	lr:0.00218	Accuracy: 0.0938	Loss: 4.732256
2022-01-11 03:17:22,438 - Train Epoch: 5 [13760.0/22831 (60%)]	lr:0.00218	Accuracy: 0.0625	Loss: 4.468568
2022-01-11 03:17:22,912 - Train Epoch: 5 [14080.0/22831 (62%)]	lr:0.00218	Accuracy: 0.0312	Loss: 4.920094
2022-01-11 03:17:23,386 - Train Epoch: 5 [14400.0/22831 (63%)]	lr:0.00217	Accuracy: 0.0938	Loss: 4.700578
2022-01-11 03:17:23,859 - Train Epoch: 5 [14720.0/22831 (64%)]	lr:0.00217	Accuracy: 0.1094	Loss: 4.823882
2022-01-11 03:17:24,330 - Train Epoch: 5 [15040.0/22831 (66%)]	lr:0.00217	Accuracy: 0.0469	Loss: 5.041402
2022-01-11 03:17:24,807 - Train Epoch: 5 [15360.0/22831 (67%)]	lr:0.00216	Accuracy: 0.0938	Loss: 4.738337
2022-01-11 03:17:25,279 - Train Epoch: 5 [15680.0/22831 (69%)]	lr:0.00216	Accuracy: 0.0625	Loss: 4.962166
2022-01-11 03:17:25,757 - Train Epoch: 5 [16000.0/22831 (70%)]	lr:0.00216	Accuracy: 0.1094	Loss: 4.621128
2022-01-11 03:17:26,232 - Train Epoch: 5 [16320.0/22831 (71%)]	lr:0.00215	Accuracy: 0.0469	Loss: 4.597712
2022-01-11 03:17:26,708 - Train Epoch: 5 [16640.0/22831 (73%)]	lr:0.00215	Accuracy: 0.0469	Loss: 4.857954
2022-01-11 03:17:27,185 - Train Epoch: 5 [16960.0/22831 (74%)]	lr:0.00215	Accuracy: 0.0469	Loss: 4.873901
2022-01-11 03:17:27,656 - Train Epoch: 5 [17280.0/22831 (76%)]	lr:0.00214	Accuracy: 0.1094	Loss: 4.445259
2022-01-11 03:17:28,132 - Train Epoch: 5 [17600.0/22831 (77%)]	lr:0.00214	Accuracy: 0.0625	Loss: 4.819187
2022-01-11 03:17:28,605 - Train Epoch: 5 [17920.0/22831 (78%)]	lr:0.00214	Accuracy: 0.0312	Loss: 4.902688
2022-01-11 03:17:29,081 - Train Epoch: 5 [18240.0/22831 (80%)]	lr:0.00213	Accuracy: 0.0156	Loss: 4.784629
2022-01-11 03:17:29,557 - Train Epoch: 5 [18560.0/22831 (81%)]	lr:0.00213	Accuracy: 0.1094	Loss: 4.658149
2022-01-11 03:17:30,036 - Train Epoch: 5 [18880.0/22831 (83%)]	lr:0.00213	Accuracy: 0.0469	Loss: 4.790680
2022-01-11 03:17:30,512 - Train Epoch: 5 [19200.0/22831 (84%)]	lr:0.00213	Accuracy: 0.0312	Loss: 4.974609
2022-01-11 03:17:30,988 - Train Epoch: 5 [19520.0/22831 (85%)]	lr:0.00212	Accuracy: 0.0625	Loss: 4.559749
2022-01-11 03:17:31,461 - Train Epoch: 5 [19840.0/22831 (87%)]	lr:0.00212	Accuracy: 0.0625	Loss: 4.716856
2022-01-11 03:17:31,936 - Train Epoch: 5 [20160.0/22831 (88%)]	lr:0.00212	Accuracy: 0.0781	Loss: 4.375256
2022-01-11 03:17:32,410 - Train Epoch: 5 [20480.0/22831 (90%)]	lr:0.00211	Accuracy: 0.0625	Loss: 4.553596
2022-01-11 03:17:32,884 - Train Epoch: 5 [20800.0/22831 (91%)]	lr:0.00211	Accuracy: 0.0625	Loss: 4.675769
2022-01-11 03:17:33,359 - Train Epoch: 5 [21120.0/22831 (92%)]	lr:0.00211	Accuracy: 0.0312	Loss: 5.004166
2022-01-11 03:17:33,832 - Train Epoch: 5 [21440.0/22831 (94%)]	lr:0.00210	Accuracy: 0.0625	Loss: 4.841487
2022-01-11 03:17:34,306 - Train Epoch: 5 [21760.0/22831 (95%)]	lr:0.00210	Accuracy: 0.0469	Loss: 4.836579
2022-01-11 03:17:34,780 - Train Epoch: 5 [22080.0/22831 (97%)]	lr:0.00210	Accuracy: 0.0312	Loss: 4.723627
2022-01-11 03:17:35,257 - Train Epoch: 5 [22400.0/22831 (98%)]	lr:0.00210	Accuracy: 0.1406	Loss: 4.429764
2022-01-11 03:17:35,731 - Train Epoch: 5 [22720.0/22831 (99%)]	lr:0.00209	Accuracy: 0.0781	Loss: 4.619959
2022-01-11 03:17:35,800 - Starting Validation
2022-01-11 03:17:40,061 - ===> Validation set: Average loss: 4.6605	Accuracy: 0.0736

2022-01-11 03:17:40,063 - Snapshot saved to snapshot/cdc/cdc-2022-01-11_03_14_27-model_best.pth

2022-01-11 03:17:40,063 - #### End epoch 5/10, elapsed time: 38.08454259199789
2022-01-11 03:17:40,185 - Train Epoch: 6 [0.0/22831 (0%)]	lr:0.00209	Accuracy: 0.0781	Loss: 4.625056
2022-01-11 03:17:40,749 - Train Epoch: 6 [320.0/22831 (1%)]	lr:0.00209	Accuracy: 0.0781	Loss: 4.612217
2022-01-11 03:17:41,255 - Train Epoch: 6 [640.0/22831 (3%)]	lr:0.00209	Accuracy: 0.0625	Loss: 4.572548
2022-01-11 03:17:41,731 - Train Epoch: 6 [960.0/22831 (4%)]	lr:0.00208	Accuracy: 0.0938	Loss: 4.561993
2022-01-11 03:17:42,206 - Train Epoch: 6 [1280.0/22831 (6%)]	lr:0.00208	Accuracy: 0.1094	Loss: 4.431817
2022-01-11 03:17:42,682 - Train Epoch: 6 [1600.0/22831 (7%)]	lr:0.00208	Accuracy: 0.0781	Loss: 4.485127
2022-01-11 03:17:43,157 - Train Epoch: 6 [1920.0/22831 (8%)]	lr:0.00207	Accuracy: 0.0469	Loss: 4.680158
2022-01-11 03:17:43,633 - Train Epoch: 6 [2240.0/22831 (10%)]	lr:0.00207	Accuracy: 0.0781	Loss: 4.590693
2022-01-11 03:17:44,109 - Train Epoch: 6 [2560.0/22831 (11%)]	lr:0.00207	Accuracy: 0.0781	Loss: 4.475605
2022-01-11 03:17:44,608 - Train Epoch: 6 [2880.0/22831 (13%)]	lr:0.00207	Accuracy: 0.0312	Loss: 4.855131
2022-01-11 03:17:45,097 - Train Epoch: 6 [3200.0/22831 (14%)]	lr:0.00206	Accuracy: 0.0938	Loss: 4.494919
2022-01-11 03:17:45,592 - Train Epoch: 6 [3520.0/22831 (15%)]	lr:0.00206	Accuracy: 0.0156	Loss: 4.845271
2022-01-11 03:17:46,089 - Train Epoch: 6 [3840.0/22831 (17%)]	lr:0.00206	Accuracy: 0.0938	Loss: 4.753895
2022-01-11 03:17:46,587 - Train Epoch: 6 [4160.0/22831 (18%)]	lr:0.00205	Accuracy: 0.0312	Loss: 4.867196
2022-01-11 03:17:47,072 - Train Epoch: 6 [4480.0/22831 (20%)]	lr:0.00205	Accuracy: 0.1250	Loss: 4.552243
2022-01-11 03:17:47,566 - Train Epoch: 6 [4800.0/22831 (21%)]	lr:0.00205	Accuracy: 0.0312	Loss: 4.746115
2022-01-11 03:17:48,073 - Train Epoch: 6 [5120.0/22831 (22%)]	lr:0.00205	Accuracy: 0.0625	Loss: 4.975662
2022-01-11 03:17:48,581 - Train Epoch: 6 [5440.0/22831 (24%)]	lr:0.00204	Accuracy: 0.0312	Loss: 4.586925
2022-01-11 03:17:49,094 - Train Epoch: 6 [5760.0/22831 (25%)]	lr:0.00204	Accuracy: 0.0469	Loss: 4.937067
2022-01-11 03:17:49,603 - Train Epoch: 6 [6080.0/22831 (27%)]	lr:0.00204	Accuracy: 0.0625	Loss: 4.662969
2022-01-11 03:17:50,097 - Train Epoch: 6 [6400.0/22831 (28%)]	lr:0.00204	Accuracy: 0.1094	Loss: 4.538518
2022-01-11 03:17:50,591 - Train Epoch: 6 [6720.0/22831 (29%)]	lr:0.00203	Accuracy: 0.1406	Loss: 4.336071
2022-01-11 03:17:51,074 - Train Epoch: 6 [7040.0/22831 (31%)]	lr:0.00203	Accuracy: 0.0781	Loss: 4.884315
2022-01-11 03:17:51,569 - Train Epoch: 6 [7360.0/22831 (32%)]	lr:0.00203	Accuracy: 0.0312	Loss: 4.517241
2022-01-11 03:17:52,058 - Train Epoch: 6 [7680.0/22831 (34%)]	lr:0.00202	Accuracy: 0.1250	Loss: 4.719252
2022-01-11 03:17:52,540 - Train Epoch: 6 [8000.0/22831 (35%)]	lr:0.00202	Accuracy: 0.0938	Loss: 4.658413
2022-01-11 03:17:53,024 - Train Epoch: 6 [8320.0/22831 (36%)]	lr:0.00202	Accuracy: 0.0781	Loss: 4.672158
2022-01-11 03:17:53,489 - Train Epoch: 6 [8640.0/22831 (38%)]	lr:0.00202	Accuracy: 0.0938	Loss: 5.013374
2022-01-11 03:17:53,965 - Train Epoch: 6 [8960.0/22831 (39%)]	lr:0.00201	Accuracy: 0.0625	Loss: 4.814577
2022-01-11 03:17:54,442 - Train Epoch: 6 [9280.0/22831 (41%)]	lr:0.00201	Accuracy: 0.0625	Loss: 4.799123
2022-01-11 03:17:54,918 - Train Epoch: 6 [9600.0/22831 (42%)]	lr:0.00201	Accuracy: 0.0469	Loss: 4.835858
2022-01-11 03:17:55,395 - Train Epoch: 6 [9920.0/22831 (43%)]	lr:0.00201	Accuracy: 0.0938	Loss: 4.669985
2022-01-11 03:17:55,871 - Train Epoch: 6 [10240.0/22831 (45%)]	lr:0.00200	Accuracy: 0.0781	Loss: 4.608245
2022-01-11 03:17:56,351 - Train Epoch: 6 [10560.0/22831 (46%)]	lr:0.00200	Accuracy: 0.0625	Loss: 4.970541
2022-01-11 03:17:56,836 - Train Epoch: 6 [10880.0/22831 (48%)]	lr:0.00200	Accuracy: 0.0312	Loss: 4.876338
2022-01-11 03:17:57,315 - Train Epoch: 6 [11200.0/22831 (49%)]	lr:0.00200	Accuracy: 0.0781	Loss: 4.483663
2022-01-11 03:17:57,790 - Train Epoch: 6 [11520.0/22831 (50%)]	lr:0.00199	Accuracy: 0.0469	Loss: 4.901758
2022-01-11 03:17:58,271 - Train Epoch: 6 [11840.0/22831 (52%)]	lr:0.00199	Accuracy: 0.0781	Loss: 4.554741
2022-01-11 03:17:58,761 - Train Epoch: 6 [12160.0/22831 (53%)]	lr:0.00199	Accuracy: 0.0312	Loss: 4.911253
2022-01-11 03:17:59,248 - Train Epoch: 6 [12480.0/22831 (55%)]	lr:0.00199	Accuracy: 0.0781	Loss: 4.633090
2022-01-11 03:17:59,724 - Train Epoch: 6 [12800.0/22831 (56%)]	lr:0.00198	Accuracy: 0.0625	Loss: 4.953085
2022-01-11 03:18:00,199 - Train Epoch: 6 [13120.0/22831 (57%)]	lr:0.00198	Accuracy: 0.0625	Loss: 4.794556
2022-01-11 03:18:00,674 - Train Epoch: 6 [13440.0/22831 (59%)]	lr:0.00198	Accuracy: 0.0469	Loss: 4.730904
2022-01-11 03:18:01,151 - Train Epoch: 6 [13760.0/22831 (60%)]	lr:0.00198	Accuracy: 0.0156	Loss: 4.593040
2022-01-11 03:18:01,627 - Train Epoch: 6 [14080.0/22831 (62%)]	lr:0.00197	Accuracy: 0.0469	Loss: 4.533922
2022-01-11 03:18:02,101 - Train Epoch: 6 [14400.0/22831 (63%)]	lr:0.00197	Accuracy: 0.0469	Loss: 4.746048
2022-01-11 03:18:02,585 - Train Epoch: 6 [14720.0/22831 (64%)]	lr:0.00197	Accuracy: 0.0312	Loss: 4.750405
2022-01-11 03:18:03,060 - Train Epoch: 6 [15040.0/22831 (66%)]	lr:0.00197	Accuracy: 0.0781	Loss: 4.576431
2022-01-11 03:18:03,537 - Train Epoch: 6 [15360.0/22831 (67%)]	lr:0.00196	Accuracy: 0.0312	Loss: 4.822023
2022-01-11 03:18:04,018 - Train Epoch: 6 [15680.0/22831 (69%)]	lr:0.00196	Accuracy: 0.0781	Loss: 4.742078
2022-01-11 03:18:04,496 - Train Epoch: 6 [16000.0/22831 (70%)]	lr:0.00196	Accuracy: 0.0469	Loss: 4.920478
2022-01-11 03:18:04,975 - Train Epoch: 6 [16320.0/22831 (71%)]	lr:0.00196	Accuracy: 0.0469	Loss: 4.531422
2022-01-11 03:18:05,456 - Train Epoch: 6 [16640.0/22831 (73%)]	lr:0.00195	Accuracy: 0.0781	Loss: 4.566793
2022-01-11 03:18:05,928 - Train Epoch: 6 [16960.0/22831 (74%)]	lr:0.00195	Accuracy: 0.0469	Loss: 4.776814
2022-01-11 03:18:06,406 - Train Epoch: 6 [17280.0/22831 (76%)]	lr:0.00195	Accuracy: 0.0781	Loss: 4.717309
2022-01-11 03:18:06,882 - Train Epoch: 6 [17600.0/22831 (77%)]	lr:0.00195	Accuracy: 0.0156	Loss: 4.896165
2022-01-11 03:18:07,352 - Train Epoch: 6 [17920.0/22831 (78%)]	lr:0.00194	Accuracy: 0.1406	Loss: 4.511583
2022-01-11 03:18:07,830 - Train Epoch: 6 [18240.0/22831 (80%)]	lr:0.00194	Accuracy: 0.0469	Loss: 4.783797
2022-01-11 03:18:08,306 - Train Epoch: 6 [18560.0/22831 (81%)]	lr:0.00194	Accuracy: 0.0938	Loss: 4.600409
2022-01-11 03:18:08,784 - Train Epoch: 6 [18880.0/22831 (83%)]	lr:0.00194	Accuracy: 0.0469	Loss: 4.705534
2022-01-11 03:18:09,260 - Train Epoch: 6 [19200.0/22831 (84%)]	lr:0.00194	Accuracy: 0.0781	Loss: 4.750553
2022-01-11 03:18:09,742 - Train Epoch: 6 [19520.0/22831 (85%)]	lr:0.00193	Accuracy: 0.0781	Loss: 4.466234
2022-01-11 03:18:10,217 - Train Epoch: 6 [19840.0/22831 (87%)]	lr:0.00193	Accuracy: 0.1406	Loss: 4.361251
2022-01-11 03:18:10,692 - Train Epoch: 6 [20160.0/22831 (88%)]	lr:0.00193	Accuracy: 0.0625	Loss: 4.768139
2022-01-11 03:18:11,167 - Train Epoch: 6 [20480.0/22831 (90%)]	lr:0.00193	Accuracy: 0.0625	Loss: 4.702911
2022-01-11 03:18:11,650 - Train Epoch: 6 [20800.0/22831 (91%)]	lr:0.00192	Accuracy: 0.1094	Loss: 4.707987
2022-01-11 03:18:12,124 - Train Epoch: 6 [21120.0/22831 (92%)]	lr:0.00192	Accuracy: 0.1094	Loss: 4.525065
2022-01-11 03:18:12,604 - Train Epoch: 6 [21440.0/22831 (94%)]	lr:0.00192	Accuracy: 0.0312	Loss: 4.833163
2022-01-11 03:18:13,080 - Train Epoch: 6 [21760.0/22831 (95%)]	lr:0.00192	Accuracy: 0.0625	Loss: 4.626711
2022-01-11 03:18:13,557 - Train Epoch: 6 [22080.0/22831 (97%)]	lr:0.00191	Accuracy: 0.0312	Loss: 4.857193
2022-01-11 03:18:14,039 - Train Epoch: 6 [22400.0/22831 (98%)]	lr:0.00191	Accuracy: 0.1250	Loss: 4.575048
2022-01-11 03:18:14,514 - Train Epoch: 6 [22720.0/22831 (99%)]	lr:0.00191	Accuracy: 0.1250	Loss: 4.489630
2022-01-11 03:18:14,583 - Starting Validation
2022-01-11 03:18:18,895 - ===> Validation set: Average loss: 4.6715	Accuracy: 0.0768

2022-01-11 03:18:18,897 - Snapshot saved to snapshot/cdc/cdc-2022-01-11_03_14_27-model_best.pth

2022-01-11 03:18:18,897 - #### End epoch 6/10, elapsed time: 38.83412831398891
2022-01-11 03:18:18,995 - Train Epoch: 7 [0.0/22831 (0%)]	lr:0.00191	Accuracy: 0.0938	Loss: 4.683049
2022-01-11 03:18:19,480 - Train Epoch: 7 [320.0/22831 (1%)]	lr:0.00191	Accuracy: 0.0312	Loss: 4.907056
2022-01-11 03:18:19,961 - Train Epoch: 7 [640.0/22831 (3%)]	lr:0.00190	Accuracy: 0.0938	Loss: 4.754797
2022-01-11 03:18:20,449 - Train Epoch: 7 [960.0/22831 (4%)]	lr:0.00190	Accuracy: 0.0625	Loss: 4.768551
2022-01-11 03:18:20,942 - Train Epoch: 7 [1280.0/22831 (6%)]	lr:0.00190	Accuracy: 0.0469	Loss: 4.743428
2022-01-11 03:18:21,439 - Train Epoch: 7 [1600.0/22831 (7%)]	lr:0.00190	Accuracy: 0.0781	Loss: 4.620461
2022-01-11 03:18:21,940 - Train Epoch: 7 [1920.0/22831 (8%)]	lr:0.00190	Accuracy: 0.0938	Loss: 4.586925
2022-01-11 03:18:22,440 - Train Epoch: 7 [2240.0/22831 (10%)]	lr:0.00189	Accuracy: 0.0781	Loss: 4.761346
2022-01-11 03:18:22,949 - Train Epoch: 7 [2560.0/22831 (11%)]	lr:0.00189	Accuracy: 0.0625	Loss: 4.475362
2022-01-11 03:18:23,459 - Train Epoch: 7 [2880.0/22831 (13%)]	lr:0.00189	Accuracy: 0.1250	Loss: 4.355505
2022-01-11 03:18:23,958 - Train Epoch: 7 [3200.0/22831 (14%)]	lr:0.00189	Accuracy: 0.0781	Loss: 4.727375
2022-01-11 03:18:24,457 - Train Epoch: 7 [3520.0/22831 (15%)]	lr:0.00189	Accuracy: 0.0156	Loss: 4.846871
2022-01-11 03:18:24,946 - Train Epoch: 7 [3840.0/22831 (17%)]	lr:0.00188	Accuracy: 0.0781	Loss: 4.690133
2022-01-11 03:18:25,437 - Train Epoch: 7 [4160.0/22831 (18%)]	lr:0.00188	Accuracy: 0.1250	Loss: 4.571069
2022-01-11 03:18:25,937 - Train Epoch: 7 [4480.0/22831 (20%)]	lr:0.00188	Accuracy: 0.0312	Loss: 4.782250
2022-01-11 03:18:26,448 - Train Epoch: 7 [4800.0/22831 (21%)]	lr:0.00188	Accuracy: 0.0625	Loss: 4.503291
2022-01-11 03:18:26,971 - Train Epoch: 7 [5120.0/22831 (22%)]	lr:0.00187	Accuracy: 0.0938	Loss: 4.519386
2022-01-11 03:18:27,470 - Train Epoch: 7 [5440.0/22831 (24%)]	lr:0.00187	Accuracy: 0.0469	Loss: 4.701827
2022-01-11 03:18:27,939 - Train Epoch: 7 [5760.0/22831 (25%)]	lr:0.00187	Accuracy: 0.0625	Loss: 4.519847
2022-01-11 03:18:28,421 - Train Epoch: 7 [6080.0/22831 (27%)]	lr:0.00187	Accuracy: 0.0625	Loss: 4.658638
2022-01-11 03:18:28,899 - Train Epoch: 7 [6400.0/22831 (28%)]	lr:0.00187	Accuracy: 0.0469	Loss: 4.822039
2022-01-11 03:18:29,379 - Train Epoch: 7 [6720.0/22831 (29%)]	lr:0.00186	Accuracy: 0.0781	Loss: 4.680558
2022-01-11 03:18:29,863 - Train Epoch: 7 [7040.0/22831 (31%)]	lr:0.00186	Accuracy: 0.1250	Loss: 4.494228
2022-01-11 03:18:30,341 - Train Epoch: 7 [7360.0/22831 (32%)]	lr:0.00186	Accuracy: 0.1094	Loss: 4.785021
2022-01-11 03:18:30,824 - Train Epoch: 7 [7680.0/22831 (34%)]	lr:0.00186	Accuracy: 0.0938	Loss: 4.631833
2022-01-11 03:18:31,302 - Train Epoch: 7 [8000.0/22831 (35%)]	lr:0.00186	Accuracy: 0.0312	Loss: 4.645899
2022-01-11 03:18:31,782 - Train Epoch: 7 [8320.0/22831 (36%)]	lr:0.00185	Accuracy: 0.1250	Loss: 4.495515
2022-01-11 03:18:32,258 - Train Epoch: 7 [8640.0/22831 (38%)]	lr:0.00185	Accuracy: 0.0625	Loss: 4.622231
2022-01-11 03:18:32,740 - Train Epoch: 7 [8960.0/22831 (39%)]	lr:0.00185	Accuracy: 0.0938	Loss: 4.584690
2022-01-11 03:18:33,217 - Train Epoch: 7 [9280.0/22831 (41%)]	lr:0.00185	Accuracy: 0.0781	Loss: 4.774271
2022-01-11 03:18:33,698 - Train Epoch: 7 [9600.0/22831 (42%)]	lr:0.00185	Accuracy: 0.0312	Loss: 4.724511
2022-01-11 03:18:34,178 - Train Epoch: 7 [9920.0/22831 (43%)]	lr:0.00184	Accuracy: 0.0781	Loss: 4.884714
2022-01-11 03:18:34,657 - Train Epoch: 7 [10240.0/22831 (45%)]	lr:0.00184	Accuracy: 0.0938	Loss: 4.692079
2022-01-11 03:18:35,137 - Train Epoch: 7 [10560.0/22831 (46%)]	lr:0.00184	Accuracy: 0.0938	Loss: 4.671156
2022-01-11 03:18:35,613 - Train Epoch: 7 [10880.0/22831 (48%)]	lr:0.00184	Accuracy: 0.0156	Loss: 5.104453
2022-01-11 03:18:36,100 - Train Epoch: 7 [11200.0/22831 (49%)]	lr:0.00184	Accuracy: 0.0625	Loss: 4.936644
2022-01-11 03:18:36,575 - Train Epoch: 7 [11520.0/22831 (50%)]	lr:0.00183	Accuracy: 0.1094	Loss: 4.436870
2022-01-11 03:18:37,051 - Train Epoch: 7 [11840.0/22831 (52%)]	lr:0.00183	Accuracy: 0.1250	Loss: 4.729911
2022-01-11 03:18:37,529 - Train Epoch: 7 [12160.0/22831 (53%)]	lr:0.00183	Accuracy: 0.0625	Loss: 4.928598
2022-01-11 03:18:38,003 - Train Epoch: 7 [12480.0/22831 (55%)]	lr:0.00183	Accuracy: 0.0469	Loss: 4.966760
2022-01-11 03:18:38,483 - Train Epoch: 7 [12800.0/22831 (56%)]	lr:0.00183	Accuracy: 0.0625	Loss: 4.600501
2022-01-11 03:18:38,960 - Train Epoch: 7 [13120.0/22831 (57%)]	lr:0.00182	Accuracy: 0.0781	Loss: 4.669028
2022-01-11 03:18:39,441 - Train Epoch: 7 [13440.0/22831 (59%)]	lr:0.00182	Accuracy: 0.0625	Loss: 4.550904
2022-01-11 03:18:39,914 - Train Epoch: 7 [13760.0/22831 (60%)]	lr:0.00182	Accuracy: 0.0156	Loss: 4.869849
2022-01-11 03:18:40,390 - Train Epoch: 7 [14080.0/22831 (62%)]	lr:0.00182	Accuracy: 0.0156	Loss: 5.052856
2022-01-11 03:18:40,873 - Train Epoch: 7 [14400.0/22831 (63%)]	lr:0.00182	Accuracy: 0.0781	Loss: 4.481199
2022-01-11 03:18:41,353 - Train Epoch: 7 [14720.0/22831 (64%)]	lr:0.00181	Accuracy: 0.1406	Loss: 4.384094
2022-01-11 03:18:41,827 - Train Epoch: 7 [15040.0/22831 (66%)]	lr:0.00181	Accuracy: 0.0469	Loss: 4.675676
2022-01-11 03:18:42,310 - Train Epoch: 7 [15360.0/22831 (67%)]	lr:0.00181	Accuracy: 0.0625	Loss: 4.617531
2022-01-11 03:18:42,786 - Train Epoch: 7 [15680.0/22831 (69%)]	lr:0.00181	Accuracy: 0.0781	Loss: 4.591465
2022-01-11 03:18:43,261 - Train Epoch: 7 [16000.0/22831 (70%)]	lr:0.00181	Accuracy: 0.0781	Loss: 4.663076
2022-01-11 03:18:43,743 - Train Epoch: 7 [16320.0/22831 (71%)]	lr:0.00180	Accuracy: 0.1250	Loss: 4.759869
2022-01-11 03:18:44,254 - Train Epoch: 7 [16640.0/22831 (73%)]	lr:0.00180	Accuracy: 0.0938	Loss: 4.755002
2022-01-11 03:18:44,727 - Train Epoch: 7 [16960.0/22831 (74%)]	lr:0.00180	Accuracy: 0.0781	Loss: 4.723663
2022-01-11 03:18:45,205 - Train Epoch: 7 [17280.0/22831 (76%)]	lr:0.00180	Accuracy: 0.0625	Loss: 5.065216
2022-01-11 03:18:45,688 - Train Epoch: 7 [17600.0/22831 (77%)]	lr:0.00180	Accuracy: 0.0938	Loss: 4.608909
2022-01-11 03:18:46,166 - Train Epoch: 7 [17920.0/22831 (78%)]	lr:0.00180	Accuracy: 0.1250	Loss: 4.371196
2022-01-11 03:18:46,643 - Train Epoch: 7 [18240.0/22831 (80%)]	lr:0.00179	Accuracy: 0.0469	Loss: 4.856184
2022-01-11 03:18:47,127 - Train Epoch: 7 [18560.0/22831 (81%)]	lr:0.00179	Accuracy: 0.0625	Loss: 4.752155
2022-01-11 03:18:47,605 - Train Epoch: 7 [18880.0/22831 (83%)]	lr:0.00179	Accuracy: 0.1094	Loss: 4.592331
2022-01-11 03:18:48,082 - Train Epoch: 7 [19200.0/22831 (84%)]	lr:0.00179	Accuracy: 0.0938	Loss: 4.632833
2022-01-11 03:18:48,566 - Train Epoch: 7 [19520.0/22831 (85%)]	lr:0.00179	Accuracy: 0.0625	Loss: 4.614681
2022-01-11 03:18:49,039 - Train Epoch: 7 [19840.0/22831 (87%)]	lr:0.00178	Accuracy: 0.0625	Loss: 4.556347
2022-01-11 03:18:49,524 - Train Epoch: 7 [20160.0/22831 (88%)]	lr:0.00178	Accuracy: 0.1094	Loss: 4.424931
2022-01-11 03:18:50,005 - Train Epoch: 7 [20480.0/22831 (90%)]	lr:0.00178	Accuracy: 0.0938	Loss: 4.210678
2022-01-11 03:18:50,488 - Train Epoch: 7 [20800.0/22831 (91%)]	lr:0.00178	Accuracy: 0.1094	Loss: 4.498078
2022-01-11 03:18:50,968 - Train Epoch: 7 [21120.0/22831 (92%)]	lr:0.00178	Accuracy: 0.1406	Loss: 4.284695
2022-01-11 03:18:51,444 - Train Epoch: 7 [21440.0/22831 (94%)]	lr:0.00178	Accuracy: 0.0312	Loss: 4.660095
2022-01-11 03:18:51,927 - Train Epoch: 7 [21760.0/22831 (95%)]	lr:0.00177	Accuracy: 0.0469	Loss: 4.855370
2022-01-11 03:18:52,409 - Train Epoch: 7 [22080.0/22831 (97%)]	lr:0.00177	Accuracy: 0.0781	Loss: 4.725051
2022-01-11 03:18:52,888 - Train Epoch: 7 [22400.0/22831 (98%)]	lr:0.00177	Accuracy: 0.0938	Loss: 4.630372
2022-01-11 03:18:53,421 - Train Epoch: 7 [22720.0/22831 (99%)]	lr:0.00177	Accuracy: 0.0469	Loss: 4.813304
2022-01-11 03:18:53,502 - Starting Validation
2022-01-11 03:18:57,710 - ===> Validation set: Average loss: 4.6285	Accuracy: 0.0782

2022-01-11 03:18:57,712 - Snapshot saved to snapshot/cdc/cdc-2022-01-11_03_14_27-model_best.pth

2022-01-11 03:18:57,712 - #### End epoch 7/10, elapsed time: 38.81502893898869
2022-01-11 03:18:57,815 - Train Epoch: 8 [0.0/22831 (0%)]	lr:0.00177	Accuracy: 0.1094	Loss: 4.484653
2022-01-11 03:18:58,304 - Train Epoch: 8 [320.0/22831 (1%)]	lr:0.00177	Accuracy: 0.0625	Loss: 4.587386
2022-01-11 03:18:58,783 - Train Epoch: 8 [640.0/22831 (3%)]	lr:0.00176	Accuracy: 0.0938	Loss: 4.670125
2022-01-11 03:18:59,263 - Train Epoch: 8 [960.0/22831 (4%)]	lr:0.00176	Accuracy: 0.0312	Loss: 4.709291
2022-01-11 03:18:59,745 - Train Epoch: 8 [1280.0/22831 (6%)]	lr:0.00176	Accuracy: 0.0469	Loss: 4.669777
2022-01-11 03:19:00,228 - Train Epoch: 8 [1600.0/22831 (7%)]	lr:0.00176	Accuracy: 0.0312	Loss: 4.557855
2022-01-11 03:19:00,701 - Train Epoch: 8 [1920.0/22831 (8%)]	lr:0.00176	Accuracy: 0.0625	Loss: 4.615551
2022-01-11 03:19:01,177 - Train Epoch: 8 [2240.0/22831 (10%)]	lr:0.00176	Accuracy: 0.0312	Loss: 4.712557
2022-01-11 03:19:01,657 - Train Epoch: 8 [2560.0/22831 (11%)]	lr:0.00175	Accuracy: 0.0938	Loss: 4.635935
2022-01-11 03:19:02,129 - Train Epoch: 8 [2880.0/22831 (13%)]	lr:0.00175	Accuracy: 0.0625	Loss: 4.627902
2022-01-11 03:19:02,612 - Train Epoch: 8 [3200.0/22831 (14%)]	lr:0.00175	Accuracy: 0.0312	Loss: 4.656844
2022-01-11 03:19:03,102 - Train Epoch: 8 [3520.0/22831 (15%)]	lr:0.00175	Accuracy: 0.0781	Loss: 4.569629
2022-01-11 03:19:03,579 - Train Epoch: 8 [3840.0/22831 (17%)]	lr:0.00175	Accuracy: 0.1250	Loss: 4.543154
2022-01-11 03:19:04,059 - Train Epoch: 8 [4160.0/22831 (18%)]	lr:0.00175	Accuracy: 0.0312	Loss: 4.869998
2022-01-11 03:19:04,542 - Train Epoch: 8 [4480.0/22831 (20%)]	lr:0.00174	Accuracy: 0.0938	Loss: 4.745677
2022-01-11 03:19:05,027 - Train Epoch: 8 [4800.0/22831 (21%)]	lr:0.00174	Accuracy: 0.0312	Loss: 4.772737
2022-01-11 03:19:05,507 - Train Epoch: 8 [5120.0/22831 (22%)]	lr:0.00174	Accuracy: 0.0625	Loss: 4.580288
2022-01-11 03:19:05,985 - Train Epoch: 8 [5440.0/22831 (24%)]	lr:0.00174	Accuracy: 0.0312	Loss: 4.804679
2022-01-11 03:19:06,464 - Train Epoch: 8 [5760.0/22831 (25%)]	lr:0.00174	Accuracy: 0.0469	Loss: 4.731738
2022-01-11 03:19:06,949 - Train Epoch: 8 [6080.0/22831 (27%)]	lr:0.00174	Accuracy: 0.0312	Loss: 4.582738
2022-01-11 03:19:07,426 - Train Epoch: 8 [6400.0/22831 (28%)]	lr:0.00173	Accuracy: 0.0312	Loss: 4.680749
2022-01-11 03:19:07,909 - Train Epoch: 8 [6720.0/22831 (29%)]	lr:0.00173	Accuracy: 0.0781	Loss: 4.433724
2022-01-11 03:19:08,391 - Train Epoch: 8 [7040.0/22831 (31%)]	lr:0.00173	Accuracy: 0.0938	Loss: 4.688672
2022-01-11 03:19:08,866 - Train Epoch: 8 [7360.0/22831 (32%)]	lr:0.00173	Accuracy: 0.0312	Loss: 4.792414
2022-01-11 03:19:09,351 - Train Epoch: 8 [7680.0/22831 (34%)]	lr:0.00173	Accuracy: 0.0781	Loss: 4.694962
2022-01-11 03:19:09,830 - Train Epoch: 8 [8000.0/22831 (35%)]	lr:0.00173	Accuracy: 0.0625	Loss: 4.536326
2022-01-11 03:19:10,312 - Train Epoch: 8 [8320.0/22831 (36%)]	lr:0.00172	Accuracy: 0.1250	Loss: 4.381630
2022-01-11 03:19:10,795 - Train Epoch: 8 [8640.0/22831 (38%)]	lr:0.00172	Accuracy: 0.0625	Loss: 4.765937
2022-01-11 03:19:11,276 - Train Epoch: 8 [8960.0/22831 (39%)]	lr:0.00172	Accuracy: 0.0781	Loss: 4.661414
2022-01-11 03:19:11,758 - Train Epoch: 8 [9280.0/22831 (41%)]	lr:0.00172	Accuracy: 0.0781	Loss: 4.736080
2022-01-11 03:19:12,237 - Train Epoch: 8 [9600.0/22831 (42%)]	lr:0.00172	Accuracy: 0.0312	Loss: 4.896760
2022-01-11 03:19:12,716 - Train Epoch: 8 [9920.0/22831 (43%)]	lr:0.00172	Accuracy: 0.2031	Loss: 4.216426
2022-01-11 03:19:13,202 - Train Epoch: 8 [10240.0/22831 (45%)]	lr:0.00171	Accuracy: 0.0625	Loss: 4.897706
2022-01-11 03:19:13,686 - Train Epoch: 8 [10560.0/22831 (46%)]	lr:0.00171	Accuracy: 0.1094	Loss: 4.724403
2022-01-11 03:19:14,167 - Train Epoch: 8 [10880.0/22831 (48%)]	lr:0.00171	Accuracy: 0.0156	Loss: 4.691300
2022-01-11 03:19:14,647 - Train Epoch: 8 [11200.0/22831 (49%)]	lr:0.00171	Accuracy: 0.1250	Loss: 4.608130
2022-01-11 03:19:15,123 - Train Epoch: 8 [11520.0/22831 (50%)]	lr:0.00171	Accuracy: 0.0781	Loss: 4.717323
2022-01-11 03:19:15,603 - Train Epoch: 8 [11840.0/22831 (52%)]	lr:0.00171	Accuracy: 0.0625	Loss: 4.509487
2022-01-11 03:19:16,080 - Train Epoch: 8 [12160.0/22831 (53%)]	lr:0.00170	Accuracy: 0.0312	Loss: 4.531957
2022-01-11 03:19:16,561 - Train Epoch: 8 [12480.0/22831 (55%)]	lr:0.00170	Accuracy: 0.1094	Loss: 4.450701
2022-01-11 03:19:17,043 - Train Epoch: 8 [12800.0/22831 (56%)]	lr:0.00170	Accuracy: 0.0156	Loss: 5.015609
2022-01-11 03:19:17,529 - Train Epoch: 8 [13120.0/22831 (57%)]	lr:0.00170	Accuracy: 0.0625	Loss: 4.559701
2022-01-11 03:19:18,004 - Train Epoch: 8 [13440.0/22831 (59%)]	lr:0.00170	Accuracy: 0.1250	Loss: 4.411839
2022-01-11 03:19:18,482 - Train Epoch: 8 [13760.0/22831 (60%)]	lr:0.00170	Accuracy: 0.1094	Loss: 4.518050
2022-01-11 03:19:18,966 - Train Epoch: 8 [14080.0/22831 (62%)]	lr:0.00169	Accuracy: 0.1094	Loss: 4.636608
2022-01-11 03:19:19,449 - Train Epoch: 8 [14400.0/22831 (63%)]	lr:0.00169	Accuracy: 0.0938	Loss: 4.533756
2022-01-11 03:19:19,930 - Train Epoch: 8 [14720.0/22831 (64%)]	lr:0.00169	Accuracy: 0.0938	Loss: 4.459202
2022-01-11 03:19:20,413 - Train Epoch: 8 [15040.0/22831 (66%)]	lr:0.00169	Accuracy: 0.0781	Loss: 4.585429
2022-01-11 03:19:20,898 - Train Epoch: 8 [15360.0/22831 (67%)]	lr:0.00169	Accuracy: 0.1250	Loss: 4.596596
2022-01-11 03:19:21,376 - Train Epoch: 8 [15680.0/22831 (69%)]	lr:0.00169	Accuracy: 0.0781	Loss: 4.603586
2022-01-11 03:19:21,858 - Train Epoch: 8 [16000.0/22831 (70%)]	lr:0.00169	Accuracy: 0.0312	Loss: 4.331855
2022-01-11 03:19:22,336 - Train Epoch: 8 [16320.0/22831 (71%)]	lr:0.00168	Accuracy: 0.0469	Loss: 4.780973
2022-01-11 03:19:22,825 - Train Epoch: 8 [16640.0/22831 (73%)]	lr:0.00168	Accuracy: 0.0938	Loss: 4.389416
2022-01-11 03:19:23,304 - Train Epoch: 8 [16960.0/22831 (74%)]	lr:0.00168	Accuracy: 0.0781	Loss: 4.837256
2022-01-11 03:19:23,784 - Train Epoch: 8 [17280.0/22831 (76%)]	lr:0.00168	Accuracy: 0.0000	Loss: 4.959162
2022-01-11 03:19:24,281 - Train Epoch: 8 [17600.0/22831 (77%)]	lr:0.00168	Accuracy: 0.0938	Loss: 4.511847
2022-01-11 03:19:24,764 - Train Epoch: 8 [17920.0/22831 (78%)]	lr:0.00168	Accuracy: 0.1094	Loss: 4.663577
2022-01-11 03:19:25,242 - Train Epoch: 8 [18240.0/22831 (80%)]	lr:0.00167	Accuracy: 0.1094	Loss: 4.666251
2022-01-11 03:19:25,726 - Train Epoch: 8 [18560.0/22831 (81%)]	lr:0.00167	Accuracy: 0.0938	Loss: 4.684873
2022-01-11 03:19:26,205 - Train Epoch: 8 [18880.0/22831 (83%)]	lr:0.00167	Accuracy: 0.0781	Loss: 4.664463
2022-01-11 03:19:26,689 - Train Epoch: 8 [19200.0/22831 (84%)]	lr:0.00167	Accuracy: 0.0938	Loss: 4.644190
2022-01-11 03:19:27,174 - Train Epoch: 8 [19520.0/22831 (85%)]	lr:0.00167	Accuracy: 0.0938	Loss: 4.546585
2022-01-11 03:19:27,714 - Train Epoch: 8 [19840.0/22831 (87%)]	lr:0.00167	Accuracy: 0.1406	Loss: 4.545377
2022-01-11 03:19:28,217 - Train Epoch: 8 [20160.0/22831 (88%)]	lr:0.00167	Accuracy: 0.0781	Loss: 4.672746
2022-01-11 03:19:28,701 - Train Epoch: 8 [20480.0/22831 (90%)]	lr:0.00166	Accuracy: 0.0312	Loss: 4.821783
2022-01-11 03:19:29,180 - Train Epoch: 8 [20800.0/22831 (91%)]	lr:0.00166	Accuracy: 0.0625	Loss: 4.677374
2022-01-11 03:19:29,656 - Train Epoch: 8 [21120.0/22831 (92%)]	lr:0.00166	Accuracy: 0.0938	Loss: 4.841108
2022-01-11 03:19:30,135 - Train Epoch: 8 [21440.0/22831 (94%)]	lr:0.00166	Accuracy: 0.0781	Loss: 4.583098
2022-01-11 03:19:30,619 - Train Epoch: 8 [21760.0/22831 (95%)]	lr:0.00166	Accuracy: 0.0781	Loss: 4.704429
2022-01-11 03:19:31,096 - Train Epoch: 8 [22080.0/22831 (97%)]	lr:0.00166	Accuracy: 0.0781	Loss: 4.406517
2022-01-11 03:19:31,576 - Train Epoch: 8 [22400.0/22831 (98%)]	lr:0.00166	Accuracy: 0.0312	Loss: 4.986643
2022-01-11 03:19:32,056 - Train Epoch: 8 [22720.0/22831 (99%)]	lr:0.00165	Accuracy: 0.1406	Loss: 4.322168
2022-01-11 03:19:32,131 - Starting Validation
2022-01-11 03:19:36,397 - ===> Validation set: Average loss: 4.6134	Accuracy: 0.0873

2022-01-11 03:19:36,399 - Snapshot saved to snapshot/cdc/cdc-2022-01-11_03_14_27-model_best.pth

2022-01-11 03:19:36,399 - #### End epoch 8/10, elapsed time: 38.686873573984485
2022-01-11 03:19:36,520 - Train Epoch: 9 [0.0/22831 (0%)]	lr:0.00165	Accuracy: 0.0625	Loss: 4.821774
2022-01-11 03:19:37,033 - Train Epoch: 9 [320.0/22831 (1%)]	lr:0.00165	Accuracy: 0.1094	Loss: 4.507779
2022-01-11 03:19:37,519 - Train Epoch: 9 [640.0/22831 (3%)]	lr:0.00165	Accuracy: 0.1406	Loss: 4.389223
2022-01-11 03:19:38,006 - Train Epoch: 9 [960.0/22831 (4%)]	lr:0.00165	Accuracy: 0.0781	Loss: 4.629940
2022-01-11 03:19:38,488 - Train Epoch: 9 [1280.0/22831 (6%)]	lr:0.00165	Accuracy: 0.0469	Loss: 4.703048
2022-01-11 03:19:38,967 - Train Epoch: 9 [1600.0/22831 (7%)]	lr:0.00165	Accuracy: 0.0625	Loss: 4.775443
2022-01-11 03:19:39,446 - Train Epoch: 9 [1920.0/22831 (8%)]	lr:0.00165	Accuracy: 0.0938	Loss: 4.533998
2022-01-11 03:19:39,931 - Train Epoch: 9 [2240.0/22831 (10%)]	lr:0.00164	Accuracy: 0.1562	Loss: 4.553365
2022-01-11 03:19:40,418 - Train Epoch: 9 [2560.0/22831 (11%)]	lr:0.00164	Accuracy: 0.0781	Loss: 4.705941
2022-01-11 03:19:40,908 - Train Epoch: 9 [2880.0/22831 (13%)]	lr:0.00164	Accuracy: 0.1094	Loss: 4.280977
2022-01-11 03:19:41,412 - Train Epoch: 9 [3200.0/22831 (14%)]	lr:0.00164	Accuracy: 0.0312	Loss: 4.919768
2022-01-11 03:19:41,915 - Train Epoch: 9 [3520.0/22831 (15%)]	lr:0.00164	Accuracy: 0.0938	Loss: 4.810869
2022-01-11 03:19:42,401 - Train Epoch: 9 [3840.0/22831 (17%)]	lr:0.00164	Accuracy: 0.0781	Loss: 4.299717
2022-01-11 03:19:42,887 - Train Epoch: 9 [4160.0/22831 (18%)]	lr:0.00164	Accuracy: 0.0469	Loss: 5.087015
2022-01-11 03:19:43,375 - Train Epoch: 9 [4480.0/22831 (20%)]	lr:0.00163	Accuracy: 0.1406	Loss: 4.420997
2022-01-11 03:19:43,865 - Train Epoch: 9 [4800.0/22831 (21%)]	lr:0.00163	Accuracy: 0.0781	Loss: 4.618814
2022-01-11 03:19:44,356 - Train Epoch: 9 [5120.0/22831 (22%)]	lr:0.00163	Accuracy: 0.0938	Loss: 4.521957
2022-01-11 03:19:44,801 - Train Epoch: 9 [5440.0/22831 (24%)]	lr:0.00163	Accuracy: 0.1094	Loss: 4.562057
2022-01-11 03:19:45,140 - Train Epoch: 9 [5760.0/22831 (25%)]	lr:0.00163	Accuracy: 0.1406	Loss: 4.516825
2022-01-11 03:19:45,477 - Train Epoch: 9 [6080.0/22831 (27%)]	lr:0.00163	Accuracy: 0.1406	Loss: 4.476926
2022-01-11 03:19:45,814 - Train Epoch: 9 [6400.0/22831 (28%)]	lr:0.00163	Accuracy: 0.0781	Loss: 4.674082
2022-01-11 03:19:46,151 - Train Epoch: 9 [6720.0/22831 (29%)]	lr:0.00162	Accuracy: 0.0938	Loss: 4.498014
2022-01-11 03:19:46,488 - Train Epoch: 9 [7040.0/22831 (31%)]	lr:0.00162	Accuracy: 0.0781	Loss: 4.435898
2022-01-11 03:19:46,824 - Train Epoch: 9 [7360.0/22831 (32%)]	lr:0.00162	Accuracy: 0.0625	Loss: 4.655012
2022-01-11 03:19:47,161 - Train Epoch: 9 [7680.0/22831 (34%)]	lr:0.00162	Accuracy: 0.0938	Loss: 4.580444
2022-01-11 03:19:47,511 - Train Epoch: 9 [8000.0/22831 (35%)]	lr:0.00162	Accuracy: 0.0938	Loss: 4.430844
2022-01-11 03:19:47,848 - Train Epoch: 9 [8320.0/22831 (36%)]	lr:0.00162	Accuracy: 0.1094	Loss: 4.582221
2022-01-11 03:19:48,183 - Train Epoch: 9 [8640.0/22831 (38%)]	lr:0.00162	Accuracy: 0.0781	Loss: 4.771723
2022-01-11 03:19:48,519 - Train Epoch: 9 [8960.0/22831 (39%)]	lr:0.00161	Accuracy: 0.0938	Loss: 4.541337
2022-01-11 03:19:48,855 - Train Epoch: 9 [9280.0/22831 (41%)]	lr:0.00161	Accuracy: 0.0312	Loss: 4.802328
2022-01-11 03:19:49,192 - Train Epoch: 9 [9600.0/22831 (42%)]	lr:0.00161	Accuracy: 0.1094	Loss: 4.582814
2022-01-11 03:19:49,528 - Train Epoch: 9 [9920.0/22831 (43%)]	lr:0.00161	Accuracy: 0.0781	Loss: 4.740435
2022-01-11 03:19:49,865 - Train Epoch: 9 [10240.0/22831 (45%)]	lr:0.00161	Accuracy: 0.0469	Loss: 4.715680
2022-01-11 03:19:50,202 - Train Epoch: 9 [10560.0/22831 (46%)]	lr:0.00161	Accuracy: 0.0469	Loss: 4.786534
2022-01-11 03:19:50,538 - Train Epoch: 9 [10880.0/22831 (48%)]	lr:0.00161	Accuracy: 0.0625	Loss: 4.803928
2022-01-11 03:19:50,874 - Train Epoch: 9 [11200.0/22831 (49%)]	lr:0.00161	Accuracy: 0.0469	Loss: 4.639240
2022-01-11 03:19:51,210 - Train Epoch: 9 [11520.0/22831 (50%)]	lr:0.00160	Accuracy: 0.0156	Loss: 4.856526
2022-01-11 03:19:51,547 - Train Epoch: 9 [11840.0/22831 (52%)]	lr:0.00160	Accuracy: 0.0625	Loss: 4.760389
2022-01-11 03:19:51,882 - Train Epoch: 9 [12160.0/22831 (53%)]	lr:0.00160	Accuracy: 0.0469	Loss: 4.548350
2022-01-11 03:19:52,218 - Train Epoch: 9 [12480.0/22831 (55%)]	lr:0.00160	Accuracy: 0.0938	Loss: 4.470837
2022-01-11 03:19:52,554 - Train Epoch: 9 [12800.0/22831 (56%)]	lr:0.00160	Accuracy: 0.0625	Loss: 4.733755
2022-01-11 03:19:52,891 - Train Epoch: 9 [13120.0/22831 (57%)]	lr:0.00160	Accuracy: 0.1406	Loss: 4.624434
2022-01-11 03:19:53,227 - Train Epoch: 9 [13440.0/22831 (59%)]	lr:0.00160	Accuracy: 0.1250	Loss: 4.632522
2022-01-11 03:19:53,563 - Train Epoch: 9 [13760.0/22831 (60%)]	lr:0.00159	Accuracy: 0.0938	Loss: 4.582709
2022-01-11 03:19:53,900 - Train Epoch: 9 [14080.0/22831 (62%)]	lr:0.00159	Accuracy: 0.0781	Loss: 4.755502
2022-01-11 03:19:54,237 - Train Epoch: 9 [14400.0/22831 (63%)]	lr:0.00159	Accuracy: 0.1094	Loss: 4.430197
2022-01-11 03:19:54,574 - Train Epoch: 9 [14720.0/22831 (64%)]	lr:0.00159	Accuracy: 0.0938	Loss: 4.345884
2022-01-11 03:19:54,910 - Train Epoch: 9 [15040.0/22831 (66%)]	lr:0.00159	Accuracy: 0.0625	Loss: 4.690011
2022-01-11 03:19:55,247 - Train Epoch: 9 [15360.0/22831 (67%)]	lr:0.00159	Accuracy: 0.0781	Loss: 4.326237
2022-01-11 03:19:55,584 - Train Epoch: 9 [15680.0/22831 (69%)]	lr:0.00159	Accuracy: 0.0312	Loss: 4.806578
2022-01-11 03:19:55,921 - Train Epoch: 9 [16000.0/22831 (70%)]	lr:0.00159	Accuracy: 0.0625	Loss: 4.811481
2022-01-11 03:19:56,258 - Train Epoch: 9 [16320.0/22831 (71%)]	lr:0.00158	Accuracy: 0.1250	Loss: 4.354559
2022-01-11 03:19:56,594 - Train Epoch: 9 [16640.0/22831 (73%)]	lr:0.00158	Accuracy: 0.0781	Loss: 4.533657
2022-01-11 03:19:56,931 - Train Epoch: 9 [16960.0/22831 (74%)]	lr:0.00158	Accuracy: 0.1094	Loss: 4.520683
2022-01-11 03:19:57,267 - Train Epoch: 9 [17280.0/22831 (76%)]	lr:0.00158	Accuracy: 0.1094	Loss: 4.549762
2022-01-11 03:19:57,603 - Train Epoch: 9 [17600.0/22831 (77%)]	lr:0.00158	Accuracy: 0.0469	Loss: 4.596702
2022-01-11 03:19:57,939 - Train Epoch: 9 [17920.0/22831 (78%)]	lr:0.00158	Accuracy: 0.0938	Loss: 4.746108
2022-01-11 03:19:58,275 - Train Epoch: 9 [18240.0/22831 (80%)]	lr:0.00158	Accuracy: 0.0625	Loss: 4.795615
2022-01-11 03:19:58,612 - Train Epoch: 9 [18560.0/22831 (81%)]	lr:0.00158	Accuracy: 0.0938	Loss: 4.544968
2022-01-11 03:19:58,949 - Train Epoch: 9 [18880.0/22831 (83%)]	lr:0.00157	Accuracy: 0.1094	Loss: 4.482594
2022-01-11 03:19:59,286 - Train Epoch: 9 [19200.0/22831 (84%)]	lr:0.00157	Accuracy: 0.1250	Loss: 4.491876
2022-01-11 03:19:59,621 - Train Epoch: 9 [19520.0/22831 (85%)]	lr:0.00157	Accuracy: 0.1562	Loss: 4.345308
2022-01-11 03:19:59,958 - Train Epoch: 9 [19840.0/22831 (87%)]	lr:0.00157	Accuracy: 0.1094	Loss: 4.612607
2022-01-11 03:20:00,296 - Train Epoch: 9 [20160.0/22831 (88%)]	lr:0.00157	Accuracy: 0.0938	Loss: 4.694548
2022-01-11 03:20:00,633 - Train Epoch: 9 [20480.0/22831 (90%)]	lr:0.00157	Accuracy: 0.0469	Loss: 4.660560
2022-01-11 03:20:00,974 - Train Epoch: 9 [20800.0/22831 (91%)]	lr:0.00157	Accuracy: 0.1250	Loss: 4.477028
2022-01-11 03:20:01,310 - Train Epoch: 9 [21120.0/22831 (92%)]	lr:0.00157	Accuracy: 0.0625	Loss: 4.399567
2022-01-11 03:20:01,648 - Train Epoch: 9 [21440.0/22831 (94%)]	lr:0.00156	Accuracy: 0.1094	Loss: 4.364864
2022-01-11 03:20:01,985 - Train Epoch: 9 [21760.0/22831 (95%)]	lr:0.00156	Accuracy: 0.0312	Loss: 4.644020
2022-01-11 03:20:02,321 - Train Epoch: 9 [22080.0/22831 (97%)]	lr:0.00156	Accuracy: 0.0156	Loss: 5.000723
2022-01-11 03:20:02,658 - Train Epoch: 9 [22400.0/22831 (98%)]	lr:0.00156	Accuracy: 0.0938	Loss: 4.564576
2022-01-11 03:20:02,995 - Train Epoch: 9 [22720.0/22831 (99%)]	lr:0.00156	Accuracy: 0.0469	Loss: 4.667774
2022-01-11 03:20:03,049 - Starting Validation
2022-01-11 03:20:05,971 - ===> Validation set: Average loss: 4.5533	Accuracy: 0.0792

2022-01-11 03:20:05,971 - #### End epoch 9/10, elapsed time: 29.572070801979862
2022-01-11 03:20:06,040 - Train Epoch: 10 [0.0/22831 (0%)]	lr:0.00156	Accuracy: 0.0469	Loss: 4.751914
2022-01-11 03:20:06,376 - Train Epoch: 10 [320.0/22831 (1%)]	lr:0.00156	Accuracy: 0.0469	Loss: 4.728042
2022-01-11 03:20:06,713 - Train Epoch: 10 [640.0/22831 (3%)]	lr:0.00156	Accuracy: 0.0156	Loss: 4.705476
2022-01-11 03:20:07,049 - Train Epoch: 10 [960.0/22831 (4%)]	lr:0.00156	Accuracy: 0.0781	Loss: 4.437806
2022-01-11 03:20:07,386 - Train Epoch: 10 [1280.0/22831 (6%)]	lr:0.00155	Accuracy: 0.0625	Loss: 4.609745
2022-01-11 03:20:07,721 - Train Epoch: 10 [1600.0/22831 (7%)]	lr:0.00155	Accuracy: 0.0000	Loss: 4.778266
2022-01-11 03:20:08,057 - Train Epoch: 10 [1920.0/22831 (8%)]	lr:0.00155	Accuracy: 0.1250	Loss: 4.377375
2022-01-11 03:20:08,394 - Train Epoch: 10 [2240.0/22831 (10%)]	lr:0.00155	Accuracy: 0.0625	Loss: 4.704954
2022-01-11 03:20:08,731 - Train Epoch: 10 [2560.0/22831 (11%)]	lr:0.00155	Accuracy: 0.0938	Loss: 4.477987
2022-01-11 03:20:09,067 - Train Epoch: 10 [2880.0/22831 (13%)]	lr:0.00155	Accuracy: 0.0625	Loss: 4.857198
2022-01-11 03:20:09,403 - Train Epoch: 10 [3200.0/22831 (14%)]	lr:0.00155	Accuracy: 0.0938	Loss: 4.712701
2022-01-11 03:20:09,740 - Train Epoch: 10 [3520.0/22831 (15%)]	lr:0.00155	Accuracy: 0.1094	Loss: 4.599426
2022-01-11 03:20:10,075 - Train Epoch: 10 [3840.0/22831 (17%)]	lr:0.00154	Accuracy: 0.1250	Loss: 4.533371
2022-01-11 03:20:10,412 - Train Epoch: 10 [4160.0/22831 (18%)]	lr:0.00154	Accuracy: 0.0938	Loss: 4.659341
2022-01-11 03:20:10,748 - Train Epoch: 10 [4480.0/22831 (20%)]	lr:0.00154	Accuracy: 0.0469	Loss: 4.596894
2022-01-11 03:20:11,084 - Train Epoch: 10 [4800.0/22831 (21%)]	lr:0.00154	Accuracy: 0.0938	Loss: 4.976254
2022-01-11 03:20:11,419 - Train Epoch: 10 [5120.0/22831 (22%)]	lr:0.00154	Accuracy: 0.1250	Loss: 4.536815
2022-01-11 03:20:11,755 - Train Epoch: 10 [5440.0/22831 (24%)]	lr:0.00154	Accuracy: 0.0938	Loss: 4.625289
2022-01-11 03:20:12,090 - Train Epoch: 10 [5760.0/22831 (25%)]	lr:0.00154	Accuracy: 0.1094	Loss: 4.768504
2022-01-11 03:20:12,426 - Train Epoch: 10 [6080.0/22831 (27%)]	lr:0.00154	Accuracy: 0.1562	Loss: 4.471272
2022-01-11 03:20:12,761 - Train Epoch: 10 [6400.0/22831 (28%)]	lr:0.00154	Accuracy: 0.0469	Loss: 4.564810
2022-01-11 03:20:13,097 - Train Epoch: 10 [6720.0/22831 (29%)]	lr:0.00153	Accuracy: 0.0625	Loss: 4.545770
2022-01-11 03:20:13,433 - Train Epoch: 10 [7040.0/22831 (31%)]	lr:0.00153	Accuracy: 0.0781	Loss: 4.446648
2022-01-11 03:20:13,768 - Train Epoch: 10 [7360.0/22831 (32%)]	lr:0.00153	Accuracy: 0.0312	Loss: 4.704490
2022-01-11 03:20:14,104 - Train Epoch: 10 [7680.0/22831 (34%)]	lr:0.00153	Accuracy: 0.0469	Loss: 4.686087
2022-01-11 03:20:14,439 - Train Epoch: 10 [8000.0/22831 (35%)]	lr:0.00153	Accuracy: 0.1094	Loss: 4.741756
2022-01-11 03:20:14,775 - Train Epoch: 10 [8320.0/22831 (36%)]	lr:0.00153	Accuracy: 0.1094	Loss: 4.499343
2022-01-11 03:20:15,109 - Train Epoch: 10 [8640.0/22831 (38%)]	lr:0.00153	Accuracy: 0.0625	Loss: 4.670408
2022-01-11 03:20:15,445 - Train Epoch: 10 [8960.0/22831 (39%)]	lr:0.00153	Accuracy: 0.1250	Loss: 4.636322
2022-01-11 03:20:15,782 - Train Epoch: 10 [9280.0/22831 (41%)]	lr:0.00153	Accuracy: 0.0625	Loss: 4.586729
2022-01-11 03:20:16,117 - Train Epoch: 10 [9600.0/22831 (42%)]	lr:0.00152	Accuracy: 0.0469	Loss: 4.271003
2022-01-11 03:20:16,453 - Train Epoch: 10 [9920.0/22831 (43%)]	lr:0.00152	Accuracy: 0.1250	Loss: 4.437106
2022-01-11 03:20:16,789 - Train Epoch: 10 [10240.0/22831 (45%)]	lr:0.00152	Accuracy: 0.0938	Loss: 4.299869
2022-01-11 03:20:17,124 - Train Epoch: 10 [10560.0/22831 (46%)]	lr:0.00152	Accuracy: 0.0938	Loss: 4.589203
2022-01-11 03:20:17,461 - Train Epoch: 10 [10880.0/22831 (48%)]	lr:0.00152	Accuracy: 0.0469	Loss: 4.752811
2022-01-11 03:20:17,799 - Train Epoch: 10 [11200.0/22831 (49%)]	lr:0.00152	Accuracy: 0.0156	Loss: 4.444068
2022-01-11 03:20:18,135 - Train Epoch: 10 [11520.0/22831 (50%)]	lr:0.00152	Accuracy: 0.0781	Loss: 4.678430
2022-01-11 03:20:18,470 - Train Epoch: 10 [11840.0/22831 (52%)]	lr:0.00152	Accuracy: 0.0781	Loss: 4.501635
2022-01-11 03:20:18,808 - Train Epoch: 10 [12160.0/22831 (53%)]	lr:0.00151	Accuracy: 0.0625	Loss: 4.888245
2022-01-11 03:20:19,144 - Train Epoch: 10 [12480.0/22831 (55%)]	lr:0.00151	Accuracy: 0.0312	Loss: 4.489994
2022-01-11 03:20:19,481 - Train Epoch: 10 [12800.0/22831 (56%)]	lr:0.00151	Accuracy: 0.0312	Loss: 4.656927
2022-01-11 03:20:19,816 - Train Epoch: 10 [13120.0/22831 (57%)]	lr:0.00151	Accuracy: 0.0938	Loss: 4.440141
2022-01-11 03:20:20,151 - Train Epoch: 10 [13440.0/22831 (59%)]	lr:0.00151	Accuracy: 0.0781	Loss: 4.688925
2022-01-11 03:20:20,486 - Train Epoch: 10 [13760.0/22831 (60%)]	lr:0.00151	Accuracy: 0.0469	Loss: 4.483727
2022-01-11 03:20:20,823 - Train Epoch: 10 [14080.0/22831 (62%)]	lr:0.00151	Accuracy: 0.0781	Loss: 4.721606
2022-01-11 03:20:21,158 - Train Epoch: 10 [14400.0/22831 (63%)]	lr:0.00151	Accuracy: 0.0938	Loss: 4.522355
2022-01-11 03:20:21,492 - Train Epoch: 10 [14720.0/22831 (64%)]	lr:0.00151	Accuracy: 0.0781	Loss: 4.738173
2022-01-11 03:20:21,826 - Train Epoch: 10 [15040.0/22831 (66%)]	lr:0.00151	Accuracy: 0.0781	Loss: 4.657708
2022-01-11 03:20:22,159 - Train Epoch: 10 [15360.0/22831 (67%)]	lr:0.00150	Accuracy: 0.1719	Loss: 4.237685
2022-01-11 03:20:22,492 - Train Epoch: 10 [15680.0/22831 (69%)]	lr:0.00150	Accuracy: 0.0312	Loss: 4.901889
2022-01-11 03:20:22,826 - Train Epoch: 10 [16000.0/22831 (70%)]	lr:0.00150	Accuracy: 0.0625	Loss: 4.572204
2022-01-11 03:20:23,158 - Train Epoch: 10 [16320.0/22831 (71%)]	lr:0.00150	Accuracy: 0.0781	Loss: 4.683037
2022-01-11 03:20:23,492 - Train Epoch: 10 [16640.0/22831 (73%)]	lr:0.00150	Accuracy: 0.0938	Loss: 4.428440
2022-01-11 03:20:23,825 - Train Epoch: 10 [16960.0/22831 (74%)]	lr:0.00150	Accuracy: 0.0312	Loss: 5.121933
2022-01-11 03:20:24,159 - Train Epoch: 10 [17280.0/22831 (76%)]	lr:0.00150	Accuracy: 0.0625	Loss: 4.639062
2022-01-11 03:20:24,492 - Train Epoch: 10 [17600.0/22831 (77%)]	lr:0.00150	Accuracy: 0.0781	Loss: 4.564411
2022-01-11 03:20:24,826 - Train Epoch: 10 [17920.0/22831 (78%)]	lr:0.00150	Accuracy: 0.1094	Loss: 4.554641
2022-01-11 03:20:25,159 - Train Epoch: 10 [18240.0/22831 (80%)]	lr:0.00149	Accuracy: 0.0156	Loss: 4.755203
2022-01-11 03:20:25,492 - Train Epoch: 10 [18560.0/22831 (81%)]	lr:0.00149	Accuracy: 0.1250	Loss: 4.494488
2022-01-11 03:20:25,825 - Train Epoch: 10 [18880.0/22831 (83%)]	lr:0.00149	Accuracy: 0.0156	Loss: 4.913401
2022-01-11 03:20:26,158 - Train Epoch: 10 [19200.0/22831 (84%)]	lr:0.00149	Accuracy: 0.0781	Loss: 4.873234
2022-01-11 03:20:26,491 - Train Epoch: 10 [19520.0/22831 (85%)]	lr:0.00149	Accuracy: 0.0781	Loss: 4.645648
2022-01-11 03:20:26,823 - Train Epoch: 10 [19840.0/22831 (87%)]	lr:0.00149	Accuracy: 0.0469	Loss: 4.932654
2022-01-11 03:20:27,157 - Train Epoch: 10 [20160.0/22831 (88%)]	lr:0.00149	Accuracy: 0.1094	Loss: 4.705472
2022-01-11 03:20:27,490 - Train Epoch: 10 [20480.0/22831 (90%)]	lr:0.00149	Accuracy: 0.1250	Loss: 4.464642
2022-01-11 03:20:27,822 - Train Epoch: 10 [20800.0/22831 (91%)]	lr:0.00149	Accuracy: 0.0781	Loss: 4.439453
2022-01-11 03:20:28,159 - Train Epoch: 10 [21120.0/22831 (92%)]	lr:0.00148	Accuracy: 0.0625	Loss: 4.633206
2022-01-11 03:20:28,492 - Train Epoch: 10 [21440.0/22831 (94%)]	lr:0.00148	Accuracy: 0.0625	Loss: 4.773737
2022-01-11 03:20:28,825 - Train Epoch: 10 [21760.0/22831 (95%)]	lr:0.00148	Accuracy: 0.0938	Loss: 4.722113
2022-01-11 03:20:29,158 - Train Epoch: 10 [22080.0/22831 (97%)]	lr:0.00148	Accuracy: 0.1094	Loss: 4.381350
2022-01-11 03:20:29,492 - Train Epoch: 10 [22400.0/22831 (98%)]	lr:0.00148	Accuracy: 0.0469	Loss: 4.665784
2022-01-11 03:20:29,825 - Train Epoch: 10 [22720.0/22831 (99%)]	lr:0.00148	Accuracy: 0.1250	Loss: 4.335619
2022-01-11 03:20:29,878 - Starting Validation
2022-01-11 03:20:32,772 - ===> Validation set: Average loss: 4.5748	Accuracy: 0.0897

2022-01-11 03:20:32,782 - Snapshot saved to snapshot/cdc/cdc-2022-01-11_03_14_27-model_best.pth

2022-01-11 03:20:32,782 - #### End epoch 10/10, elapsed time: 26.810876047005877
2022-01-11 03:20:32,782 - ===> loading best model for prediction
2022-01-11 03:20:32,783 - Starting Evaluation
2022-01-11 03:20:35,690 - ===> Final predictions done. Here is a snippet
2022-01-11 03:20:35,690 - ===> Evaluation set: Average loss: 4.5329	Accuracy: 0.0963

2022-01-11 03:20:35,690 - ################## Success #########################
2022-01-11 03:20:35,690 - Total elapsed time: 368.5367131519597
