2022-01-10 13:04:33,929 - ===> loading train, validation and eval dataset
2022-01-10 13:04:33,934 - ### Model summary below###
 SpkClassifier(
  (classifier): Sequential(
    (0): Linear(in_features=256, out_features=512, bias=True)
    (1): BatchNorm1d(512, eps=1e-05, momentum=0.1, affine=True, track_running_stats=True)
    (2): ReLU()
    (3): Linear(in_features=512, out_features=251, bias=True)
  )
)

2022-01-10 13:04:33,934 - ===> Model total parameter: 261371

2022-01-10 13:04:34,017 - Train Epoch: 1 [0.0/28539 (0%)]	lr:0.00025	Accuracy: 0.0000	Loss: 6.646142
2022-01-10 13:04:34,354 - Train Epoch: 1 [320.0/28539 (1%)]	lr:0.00150	Accuracy: 0.0000	Loss: 6.214143
2022-01-10 13:04:34,685 - Train Epoch: 1 [640.0/28539 (2%)]	lr:0.00275	Accuracy: 0.1094	Loss: 5.287670
2022-01-10 13:04:35,009 - Train Epoch: 1 [960.0/28539 (3%)]	lr:0.00400	Accuracy: 0.2031	Loss: 4.041371
2022-01-10 13:04:35,334 - Train Epoch: 1 [1280.0/28539 (4%)]	lr:0.00525	Accuracy: 0.2812	Loss: 3.608733
2022-01-10 13:04:35,660 - Train Epoch: 1 [1600.0/28539 (6%)]	lr:0.00650	Accuracy: 0.4375	Loss: 2.477040
2022-01-10 13:04:35,986 - Train Epoch: 1 [1920.0/28539 (7%)]	lr:0.00775	Accuracy: 0.5469	Loss: 1.823112
2022-01-10 13:04:36,310 - Train Epoch: 1 [2240.0/28539 (8%)]	lr:0.00900	Accuracy: 0.7344	Loss: 1.473285
2022-01-10 13:04:36,635 - Train Epoch: 1 [2560.0/28539 (9%)]	lr:0.01025	Accuracy: 0.5938	Loss: 1.548008
2022-01-10 13:04:36,961 - Train Epoch: 1 [2880.0/28539 (10%)]	lr:0.01150	Accuracy: 0.6406	Loss: 1.248808
2022-01-10 13:04:37,287 - Train Epoch: 1 [3200.0/28539 (11%)]	lr:0.01238	Accuracy: 0.6875	Loss: 1.202002
2022-01-10 13:04:37,614 - Train Epoch: 1 [3520.0/28539 (12%)]	lr:0.01181	Accuracy: 0.7188	Loss: 1.203685
2022-01-10 13:04:37,939 - Train Epoch: 1 [3840.0/28539 (13%)]	lr:0.01132	Accuracy: 0.7344	Loss: 0.962915
2022-01-10 13:04:38,265 - Train Epoch: 1 [4160.0/28539 (15%)]	lr:0.01088	Accuracy: 0.7969	Loss: 0.709654
2022-01-10 13:04:38,592 - Train Epoch: 1 [4480.0/28539 (16%)]	lr:0.01049	Accuracy: 0.7656	Loss: 0.642704
2022-01-10 13:04:38,917 - Train Epoch: 1 [4800.0/28539 (17%)]	lr:0.01014	Accuracy: 0.8750	Loss: 0.582465
2022-01-10 13:04:39,241 - Train Epoch: 1 [5120.0/28539 (18%)]	lr:0.00982	Accuracy: 0.9219	Loss: 0.330635
2022-01-10 13:04:39,567 - Train Epoch: 1 [5440.0/28539 (19%)]	lr:0.00953	Accuracy: 0.8125	Loss: 0.923762
2022-01-10 13:04:39,892 - Train Epoch: 1 [5760.0/28539 (20%)]	lr:0.00927	Accuracy: 0.9062	Loss: 0.316221
2022-01-10 13:04:40,217 - Train Epoch: 1 [6080.0/28539 (21%)]	lr:0.00902	Accuracy: 0.8594	Loss: 0.550920
2022-01-10 13:04:40,543 - Train Epoch: 1 [6400.0/28539 (22%)]	lr:0.00879	Accuracy: 0.9375	Loss: 0.247456
2022-01-10 13:04:40,868 - Train Epoch: 1 [6720.0/28539 (24%)]	lr:0.00859	Accuracy: 0.8750	Loss: 0.494040
2022-01-10 13:04:41,192 - Train Epoch: 1 [7040.0/28539 (25%)]	lr:0.00839	Accuracy: 0.8906	Loss: 0.368506
2022-01-10 13:04:41,516 - Train Epoch: 1 [7360.0/28539 (26%)]	lr:0.00821	Accuracy: 0.9062	Loss: 0.431895
2022-01-10 13:04:41,841 - Train Epoch: 1 [7680.0/28539 (27%)]	lr:0.00804	Accuracy: 0.8906	Loss: 0.578498
2022-01-10 13:04:42,165 - Train Epoch: 1 [8000.0/28539 (28%)]	lr:0.00787	Accuracy: 0.9219	Loss: 0.278232
2022-01-10 13:04:42,490 - Train Epoch: 1 [8320.0/28539 (29%)]	lr:0.00772	Accuracy: 0.9688	Loss: 0.146203
2022-01-10 13:04:42,815 - Train Epoch: 1 [8640.0/28539 (30%)]	lr:0.00758	Accuracy: 0.8594	Loss: 0.311824
2022-01-10 13:04:43,140 - Train Epoch: 1 [8960.0/28539 (31%)]	lr:0.00744	Accuracy: 0.9219	Loss: 0.326894
2022-01-10 13:04:43,463 - Train Epoch: 1 [9280.0/28539 (33%)]	lr:0.00732	Accuracy: 0.8906	Loss: 0.283066
2022-01-10 13:04:43,790 - Train Epoch: 1 [9600.0/28539 (34%)]	lr:0.00719	Accuracy: 0.9375	Loss: 0.227439
2022-01-10 13:04:44,114 - Train Epoch: 1 [9920.0/28539 (35%)]	lr:0.00708	Accuracy: 0.9844	Loss: 0.120911
2022-01-10 13:04:44,440 - Train Epoch: 1 [10240.0/28539 (36%)]	lr:0.00697	Accuracy: 0.8594	Loss: 0.461401
2022-01-10 13:04:44,766 - Train Epoch: 1 [10560.0/28539 (37%)]	lr:0.00686	Accuracy: 0.9531	Loss: 0.193271
2022-01-10 13:04:45,091 - Train Epoch: 1 [10880.0/28539 (38%)]	lr:0.00676	Accuracy: 0.9531	Loss: 0.198248
2022-01-10 13:04:45,415 - Train Epoch: 1 [11200.0/28539 (39%)]	lr:0.00666	Accuracy: 0.9688	Loss: 0.119464
2022-01-10 13:04:45,739 - Train Epoch: 1 [11520.0/28539 (40%)]	lr:0.00657	Accuracy: 0.9688	Loss: 0.161794
2022-01-10 13:04:46,062 - Train Epoch: 1 [11840.0/28539 (41%)]	lr:0.00648	Accuracy: 0.9531	Loss: 0.121613
2022-01-10 13:04:46,386 - Train Epoch: 1 [12160.0/28539 (43%)]	lr:0.00640	Accuracy: 0.9219	Loss: 0.211787
2022-01-10 13:04:46,710 - Train Epoch: 1 [12480.0/28539 (44%)]	lr:0.00631	Accuracy: 0.9375	Loss: 0.217433
2022-01-10 13:04:47,035 - Train Epoch: 1 [12800.0/28539 (45%)]	lr:0.00623	Accuracy: 0.9375	Loss: 0.265520
2022-01-10 13:04:47,361 - Train Epoch: 1 [13120.0/28539 (46%)]	lr:0.00616	Accuracy: 0.9062	Loss: 0.274498
2022-01-10 13:04:47,684 - Train Epoch: 1 [13440.0/28539 (47%)]	lr:0.00608	Accuracy: 0.9375	Loss: 0.288704
2022-01-10 13:04:48,010 - Train Epoch: 1 [13760.0/28539 (48%)]	lr:0.00601	Accuracy: 0.9688	Loss: 0.174126
2022-01-10 13:04:48,335 - Train Epoch: 1 [14080.0/28539 (49%)]	lr:0.00595	Accuracy: 0.9844	Loss: 0.138910
2022-01-10 13:04:48,658 - Train Epoch: 1 [14400.0/28539 (50%)]	lr:0.00588	Accuracy: 0.9688	Loss: 0.146017
2022-01-10 13:04:48,986 - Train Epoch: 1 [14720.0/28539 (52%)]	lr:0.00582	Accuracy: 0.8906	Loss: 0.334718
2022-01-10 13:04:49,313 - Train Epoch: 1 [15040.0/28539 (53%)]	lr:0.00575	Accuracy: 0.9219	Loss: 0.203768
2022-01-10 13:04:49,639 - Train Epoch: 1 [15360.0/28539 (54%)]	lr:0.00569	Accuracy: 0.9219	Loss: 0.200377
2022-01-10 13:04:49,967 - Train Epoch: 1 [15680.0/28539 (55%)]	lr:0.00564	Accuracy: 0.9062	Loss: 0.301714
2022-01-10 13:04:50,292 - Train Epoch: 1 [16000.0/28539 (56%)]	lr:0.00558	Accuracy: 0.9844	Loss: 0.091699
2022-01-10 13:04:50,617 - Train Epoch: 1 [16320.0/28539 (57%)]	lr:0.00552	Accuracy: 0.9844	Loss: 0.070161
2022-01-10 13:04:50,944 - Train Epoch: 1 [16640.0/28539 (58%)]	lr:0.00547	Accuracy: 0.9375	Loss: 0.166611
2022-01-10 13:04:51,271 - Train Epoch: 1 [16960.0/28539 (59%)]	lr:0.00542	Accuracy: 0.9375	Loss: 0.227880
2022-01-10 13:04:51,596 - Train Epoch: 1 [17280.0/28539 (61%)]	lr:0.00537	Accuracy: 0.9531	Loss: 0.160716
2022-01-10 13:04:51,922 - Train Epoch: 1 [17600.0/28539 (62%)]	lr:0.00532	Accuracy: 0.9844	Loss: 0.085566
2022-01-10 13:04:52,245 - Train Epoch: 1 [17920.0/28539 (63%)]	lr:0.00527	Accuracy: 0.9531	Loss: 0.277140
2022-01-10 13:04:52,571 - Train Epoch: 1 [18240.0/28539 (64%)]	lr:0.00523	Accuracy: 0.9688	Loss: 0.106255
2022-01-10 13:04:52,895 - Train Epoch: 1 [18560.0/28539 (65%)]	lr:0.00518	Accuracy: 0.9844	Loss: 0.161643
2022-01-10 13:04:53,222 - Train Epoch: 1 [18880.0/28539 (66%)]	lr:0.00514	Accuracy: 0.9844	Loss: 0.093090
2022-01-10 13:04:53,548 - Train Epoch: 1 [19200.0/28539 (67%)]	lr:0.00509	Accuracy: 0.9375	Loss: 0.213523
2022-01-10 13:04:53,873 - Train Epoch: 1 [19520.0/28539 (68%)]	lr:0.00505	Accuracy: 0.9688	Loss: 0.107216
2022-01-10 13:04:54,201 - Train Epoch: 1 [19840.0/28539 (70%)]	lr:0.00501	Accuracy: 0.9531	Loss: 0.189256
2022-01-10 13:04:54,526 - Train Epoch: 1 [20160.0/28539 (71%)]	lr:0.00497	Accuracy: 0.9531	Loss: 0.120618
2022-01-10 13:04:54,851 - Train Epoch: 1 [20480.0/28539 (72%)]	lr:0.00493	Accuracy: 0.9688	Loss: 0.096400
2022-01-10 13:04:55,180 - Train Epoch: 1 [20800.0/28539 (73%)]	lr:0.00490	Accuracy: 1.0000	Loss: 0.047413
2022-01-10 13:04:55,505 - Train Epoch: 1 [21120.0/28539 (74%)]	lr:0.00486	Accuracy: 0.9531	Loss: 0.149479
2022-01-10 13:04:55,832 - Train Epoch: 1 [21440.0/28539 (75%)]	lr:0.00482	Accuracy: 0.8906	Loss: 0.270673
2022-01-10 13:04:56,159 - Train Epoch: 1 [21760.0/28539 (76%)]	lr:0.00479	Accuracy: 0.9844	Loss: 0.122223
2022-01-10 13:04:56,486 - Train Epoch: 1 [22080.0/28539 (77%)]	lr:0.00475	Accuracy: 0.9844	Loss: 0.074566
2022-01-10 13:04:56,812 - Train Epoch: 1 [22400.0/28539 (78%)]	lr:0.00472	Accuracy: 0.9375	Loss: 0.233685
2022-01-10 13:04:57,142 - Train Epoch: 1 [22720.0/28539 (80%)]	lr:0.00468	Accuracy: 0.9688	Loss: 0.115684
2022-01-10 13:04:57,468 - Train Epoch: 1 [23040.0/28539 (81%)]	lr:0.00465	Accuracy: 0.9844	Loss: 0.111365
2022-01-10 13:04:57,793 - Train Epoch: 1 [23360.0/28539 (82%)]	lr:0.00462	Accuracy: 1.0000	Loss: 0.056631
2022-01-10 13:04:58,124 - Train Epoch: 1 [23680.0/28539 (83%)]	lr:0.00459	Accuracy: 0.9531	Loss: 0.114981
2022-01-10 13:04:58,450 - Train Epoch: 1 [24000.0/28539 (84%)]	lr:0.00456	Accuracy: 0.9844	Loss: 0.060276
2022-01-10 13:04:58,776 - Train Epoch: 1 [24320.0/28539 (85%)]	lr:0.00453	Accuracy: 0.9844	Loss: 0.100752
2022-01-10 13:04:59,103 - Train Epoch: 1 [24640.0/28539 (86%)]	lr:0.00450	Accuracy: 0.9844	Loss: 0.117437
2022-01-10 13:04:59,427 - Train Epoch: 1 [24960.0/28539 (87%)]	lr:0.00447	Accuracy: 0.9844	Loss: 0.142163
2022-01-10 13:04:59,752 - Train Epoch: 1 [25280.0/28539 (89%)]	lr:0.00444	Accuracy: 0.9531	Loss: 0.136841
2022-01-10 13:05:00,080 - Train Epoch: 1 [25600.0/28539 (90%)]	lr:0.00441	Accuracy: 0.9844	Loss: 0.044082
2022-01-10 13:05:00,408 - Train Epoch: 1 [25920.0/28539 (91%)]	lr:0.00439	Accuracy: 0.9531	Loss: 0.143131
2022-01-10 13:05:00,735 - Train Epoch: 1 [26240.0/28539 (92%)]	lr:0.00436	Accuracy: 1.0000	Loss: 0.054480
2022-01-10 13:05:01,061 - Train Epoch: 1 [26560.0/28539 (93%)]	lr:0.00433	Accuracy: 1.0000	Loss: 0.045908
2022-01-10 13:05:01,390 - Train Epoch: 1 [26880.0/28539 (94%)]	lr:0.00431	Accuracy: 1.0000	Loss: 0.059323
2022-01-10 13:05:01,718 - Train Epoch: 1 [27200.0/28539 (95%)]	lr:0.00428	Accuracy: 0.9844	Loss: 0.059988
2022-01-10 13:05:02,044 - Train Epoch: 1 [27520.0/28539 (96%)]	lr:0.00426	Accuracy: 0.9844	Loss: 0.077897
2022-01-10 13:05:02,374 - Train Epoch: 1 [27840.0/28539 (98%)]	lr:0.00423	Accuracy: 0.9844	Loss: 0.078162
2022-01-10 13:05:02,702 - Train Epoch: 1 [28160.0/28539 (99%)]	lr:0.00421	Accuracy: 0.9844	Loss: 0.049260
2022-01-10 13:05:03,025 - Train Epoch: 1 [26255.0/28539 (100%)]	lr:0.00419	Accuracy: 1.0000	Loss: 0.063332
2022-01-10 13:05:03,025 - Starting Validation
