2022-01-13 01:34:33,150 - ===> loading train, validation and eval dataset
2022-01-13 01:34:33,947 - ### Model summary below###
 SpkClassifier(
  (classifier): Sequential(
    (0): Linear(in_features=256, out_features=512, bias=True)
    (1): BatchNorm1d(512, eps=1e-05, momentum=0.1, affine=True, track_running_stats=True)
    (2): ReLU()
    (3): Linear(in_features=512, out_features=251, bias=True)
  )
)

2022-01-13 01:34:33,947 - ===> Model total parameter: 261371

2022-01-13 01:34:34,291 - Train Epoch: 1 [0.0/28539 (0%)]	lr:0.00025	Accuracy: 0.0000	Loss: 5.533540
2022-01-13 01:34:35,845 - Train Epoch: 1 [80.0/28539 (0%)]	lr:0.00150	Accuracy: 0.0000	Loss: 5.510230
2022-01-13 01:34:37,472 - Train Epoch: 1 [160.0/28539 (1%)]	lr:0.00275	Accuracy: 0.2500	Loss: 5.441697
2022-01-13 01:34:39,044 - Train Epoch: 1 [240.0/28539 (1%)]	lr:0.00400	Accuracy: 0.1250	Loss: 5.287896
2022-01-13 01:34:40,647 - Train Epoch: 1 [320.0/28539 (1%)]	lr:0.00525	Accuracy: 0.1875	Loss: 4.888081
2022-01-13 01:34:42,237 - Train Epoch: 1 [400.0/28539 (1%)]	lr:0.00650	Accuracy: 0.1875	Loss: 3.929031
2022-01-13 01:34:43,818 - Train Epoch: 1 [480.0/28539 (2%)]	lr:0.00775	Accuracy: 0.2500	Loss: 2.710539
2022-01-13 01:34:45,405 - Train Epoch: 1 [560.0/28539 (2%)]	lr:0.00900	Accuracy: 0.1875	Loss: 3.054083
2022-01-13 01:34:46,979 - Train Epoch: 1 [640.0/28539 (2%)]	lr:0.01025	Accuracy: 0.1250	Loss: 2.686356
2022-01-13 01:34:48,571 - Train Epoch: 1 [720.0/28539 (3%)]	lr:0.01150	Accuracy: 0.1875	Loss: 3.213183
2022-01-13 01:34:50,167 - Train Epoch: 1 [800.0/28539 (3%)]	lr:0.01238	Accuracy: 0.1250	Loss: 3.484931
2022-01-13 01:34:51,738 - Train Epoch: 1 [880.0/28539 (3%)]	lr:0.01181	Accuracy: 0.1250	Loss: 3.076091
2022-01-13 01:34:53,309 - Train Epoch: 1 [960.0/28539 (3%)]	lr:0.01132	Accuracy: 0.2500	Loss: 3.140318
2022-01-13 01:34:54,900 - Train Epoch: 1 [1040.0/28539 (4%)]	lr:0.01088	Accuracy: 0.2500	Loss: 2.587071
2022-01-13 01:34:56,477 - Train Epoch: 1 [1120.0/28539 (4%)]	lr:0.01049	Accuracy: 0.1250	Loss: 3.199402
2022-01-13 01:34:58,054 - Train Epoch: 1 [1200.0/28539 (4%)]	lr:0.01014	Accuracy: 0.1875	Loss: 2.824388
2022-01-13 01:34:59,648 - Train Epoch: 1 [1280.0/28539 (4%)]	lr:0.00982	Accuracy: 0.1250	Loss: 3.026449
2022-01-13 01:35:01,242 - Train Epoch: 1 [1360.0/28539 (5%)]	lr:0.00953	Accuracy: 0.1875	Loss: 2.941927
2022-01-13 01:35:02,835 - Train Epoch: 1 [1440.0/28539 (5%)]	lr:0.00927	Accuracy: 0.1250	Loss: 2.834898
2022-01-13 01:35:04,447 - Train Epoch: 1 [1520.0/28539 (5%)]	lr:0.00902	Accuracy: 0.1250	Loss: 3.135423
2022-01-13 01:35:06,064 - Train Epoch: 1 [1600.0/28539 (6%)]	lr:0.00879	Accuracy: 0.1250	Loss: 2.727739
2022-01-13 01:35:07,689 - Train Epoch: 1 [1680.0/28539 (6%)]	lr:0.00859	Accuracy: 0.1875	Loss: 3.004318
2022-01-13 01:35:09,302 - Train Epoch: 1 [1760.0/28539 (6%)]	lr:0.00839	Accuracy: 0.1875	Loss: 3.004545
2022-01-13 01:35:10,884 - Train Epoch: 1 [1840.0/28539 (6%)]	lr:0.00821	Accuracy: 0.1875	Loss: 2.931826
2022-01-13 01:35:12,478 - Train Epoch: 1 [1920.0/28539 (7%)]	lr:0.00804	Accuracy: 0.2500	Loss: 2.774449
2022-01-13 01:35:14,094 - Train Epoch: 1 [2000.0/28539 (7%)]	lr:0.00787	Accuracy: 0.1875	Loss: 2.801311
2022-01-13 01:35:15,709 - Train Epoch: 1 [2080.0/28539 (7%)]	lr:0.00772	Accuracy: 0.1875	Loss: 2.912575
2022-01-13 01:35:17,303 - Train Epoch: 1 [2160.0/28539 (8%)]	lr:0.00758	Accuracy: 0.1250	Loss: 2.757609
2022-01-13 01:35:18,896 - Train Epoch: 1 [2240.0/28539 (8%)]	lr:0.00744	Accuracy: 0.1875	Loss: 2.948929
2022-01-13 01:35:20,499 - Train Epoch: 1 [2320.0/28539 (8%)]	lr:0.00732	Accuracy: 0.1250	Loss: 2.951502
2022-01-13 01:35:22,122 - Train Epoch: 1 [2400.0/28539 (8%)]	lr:0.00719	Accuracy: 0.1875	Loss: 2.956254
2022-01-13 01:35:23,749 - Train Epoch: 1 [2480.0/28539 (9%)]	lr:0.00708	Accuracy: 0.1875	Loss: 2.797890
2022-01-13 01:35:25,347 - Train Epoch: 1 [2560.0/28539 (9%)]	lr:0.00697	Accuracy: 0.1250	Loss: 2.802790
2022-01-13 01:35:26,957 - Train Epoch: 1 [2640.0/28539 (9%)]	lr:0.00686	Accuracy: 0.1875	Loss: 2.648797
2022-01-13 01:35:28,570 - Train Epoch: 1 [2720.0/28539 (10%)]	lr:0.00676	Accuracy: 0.1875	Loss: 3.043647
2022-01-13 01:35:30,188 - Train Epoch: 1 [2800.0/28539 (10%)]	lr:0.00666	Accuracy: 0.1875	Loss: 2.874559
2022-01-13 01:35:31,807 - Train Epoch: 1 [2880.0/28539 (10%)]	lr:0.00657	Accuracy: 0.1250	Loss: 3.135999
2022-01-13 01:35:33,407 - Train Epoch: 1 [2960.0/28539 (10%)]	lr:0.00648	Accuracy: 0.1875	Loss: 2.937725
2022-01-13 01:35:35,032 - Train Epoch: 1 [3040.0/28539 (11%)]	lr:0.00640	Accuracy: 0.1875	Loss: 2.520721
2022-01-13 01:35:36,644 - Train Epoch: 1 [3120.0/28539 (11%)]	lr:0.00631	Accuracy: 0.1250	Loss: 2.828194
2022-01-13 01:35:38,271 - Train Epoch: 1 [3200.0/28539 (11%)]	lr:0.00623	Accuracy: 0.1875	Loss: 3.163963
2022-01-13 01:35:39,881 - Train Epoch: 1 [3280.0/28539 (11%)]	lr:0.00616	Accuracy: 0.1875	Loss: 3.076422
2022-01-13 01:35:41,491 - Train Epoch: 1 [3360.0/28539 (12%)]	lr:0.00608	Accuracy: 0.1250	Loss: 2.989187
2022-01-13 01:35:43,100 - Train Epoch: 1 [3440.0/28539 (12%)]	lr:0.00601	Accuracy: 0.1250	Loss: 3.031526
2022-01-13 01:35:44,712 - Train Epoch: 1 [3520.0/28539 (12%)]	lr:0.00595	Accuracy: 0.2500	Loss: 2.899619
2022-01-13 01:35:46,313 - Train Epoch: 1 [3600.0/28539 (13%)]	lr:0.00588	Accuracy: 0.1250	Loss: 2.817881
2022-01-13 01:35:47,925 - Train Epoch: 1 [3680.0/28539 (13%)]	lr:0.00582	Accuracy: 0.1250	Loss: 2.866435
2022-01-13 01:35:49,544 - Train Epoch: 1 [3760.0/28539 (13%)]	lr:0.00575	Accuracy: 0.1875	Loss: 3.027843
2022-01-13 01:35:51,158 - Train Epoch: 1 [3840.0/28539 (13%)]	lr:0.00569	Accuracy: 0.1875	Loss: 2.997068
2022-01-13 01:35:52,764 - Train Epoch: 1 [3920.0/28539 (14%)]	lr:0.00564	Accuracy: 0.1875	Loss: 3.164685
2022-01-13 01:35:54,384 - Train Epoch: 1 [4000.0/28539 (14%)]	lr:0.00558	Accuracy: 0.1250	Loss: 2.955197
2022-01-13 01:35:55,990 - Train Epoch: 1 [4080.0/28539 (14%)]	lr:0.00552	Accuracy: 0.1875	Loss: 2.750565
2022-01-13 01:35:57,611 - Train Epoch: 1 [4160.0/28539 (15%)]	lr:0.00547	Accuracy: 0.1875	Loss: 3.048689
2022-01-13 01:35:59,218 - Train Epoch: 1 [4240.0/28539 (15%)]	lr:0.00542	Accuracy: 0.1875	Loss: 3.017665
2022-01-13 01:36:00,850 - Train Epoch: 1 [4320.0/28539 (15%)]	lr:0.00537	Accuracy: 0.1875	Loss: 2.988781
2022-01-13 01:36:02,479 - Train Epoch: 1 [4400.0/28539 (15%)]	lr:0.00532	Accuracy: 0.1875	Loss: 2.926187
2022-01-13 01:36:04,117 - Train Epoch: 1 [4480.0/28539 (16%)]	lr:0.00527	Accuracy: 0.1250	Loss: 3.031608
2022-01-13 01:36:05,762 - Train Epoch: 1 [4560.0/28539 (16%)]	lr:0.00523	Accuracy: 0.1250	Loss: 3.023726
2022-01-13 01:36:07,379 - Train Epoch: 1 [4640.0/28539 (16%)]	lr:0.00518	Accuracy: 0.1250	Loss: 2.949415
2022-01-13 01:36:09,000 - Train Epoch: 1 [4720.0/28539 (17%)]	lr:0.00514	Accuracy: 0.2500	Loss: 2.890186
2022-01-13 01:36:10,619 - Train Epoch: 1 [4800.0/28539 (17%)]	lr:0.00509	Accuracy: 0.1250	Loss: 2.743843
2022-01-13 01:36:12,251 - Train Epoch: 1 [4880.0/28539 (17%)]	lr:0.00505	Accuracy: 0.1250	Loss: 2.915774
2022-01-13 01:36:13,878 - Train Epoch: 1 [4960.0/28539 (17%)]	lr:0.00501	Accuracy: 0.1250	Loss: 3.050065
2022-01-13 01:36:15,515 - Train Epoch: 1 [5040.0/28539 (18%)]	lr:0.00497	Accuracy: 0.2500	Loss: 2.866854
2022-01-13 01:36:17,139 - Train Epoch: 1 [5120.0/28539 (18%)]	lr:0.00493	Accuracy: 0.1875	Loss: 3.018183
2022-01-13 01:36:18,768 - Train Epoch: 1 [5200.0/28539 (18%)]	lr:0.00490	Accuracy: 0.1875	Loss: 2.843383
2022-01-13 01:36:20,396 - Train Epoch: 1 [5280.0/28539 (18%)]	lr:0.00486	Accuracy: 0.1250	Loss: 2.860591
2022-01-13 01:36:22,018 - Train Epoch: 1 [5360.0/28539 (19%)]	lr:0.00482	Accuracy: 0.1250	Loss: 2.964182
2022-01-13 01:36:23,624 - Train Epoch: 1 [5440.0/28539 (19%)]	lr:0.00479	Accuracy: 0.1250	Loss: 2.924189
2022-01-13 01:36:25,243 - Train Epoch: 1 [5520.0/28539 (19%)]	lr:0.00475	Accuracy: 0.2500	Loss: 2.785530
2022-01-13 01:36:26,905 - Train Epoch: 1 [5600.0/28539 (20%)]	lr:0.00472	Accuracy: 0.1875	Loss: 3.054059
2022-01-13 01:36:28,539 - Train Epoch: 1 [5680.0/28539 (20%)]	lr:0.00468	Accuracy: 0.1875	Loss: 2.711891
2022-01-13 01:36:30,182 - Train Epoch: 1 [5760.0/28539 (20%)]	lr:0.00465	Accuracy: 0.1250	Loss: 3.189419
2022-01-13 01:36:31,826 - Train Epoch: 1 [5840.0/28539 (20%)]	lr:0.00462	Accuracy: 0.1875	Loss: 2.921080
2022-01-13 01:36:33,449 - Train Epoch: 1 [5920.0/28539 (21%)]	lr:0.00459	Accuracy: 0.1250	Loss: 2.787981
2022-01-13 01:36:35,108 - Train Epoch: 1 [6000.0/28539 (21%)]	lr:0.00456	Accuracy: 0.1875	Loss: 2.848474
2022-01-13 01:36:36,746 - Train Epoch: 1 [6080.0/28539 (21%)]	lr:0.00453	Accuracy: 0.1875	Loss: 3.020568
2022-01-13 01:36:38,373 - Train Epoch: 1 [6160.0/28539 (22%)]	lr:0.00450	Accuracy: 0.1250	Loss: 3.145422
2022-01-13 01:36:40,005 - Train Epoch: 1 [6240.0/28539 (22%)]	lr:0.00447	Accuracy: 0.1875	Loss: 3.162679
2022-01-13 01:36:41,652 - Train Epoch: 1 [6320.0/28539 (22%)]	lr:0.00444	Accuracy: 0.1875	Loss: 2.750358
2022-01-13 01:36:43,287 - Train Epoch: 1 [6400.0/28539 (22%)]	lr:0.00441	Accuracy: 0.1250	Loss: 3.006740
2022-01-13 01:36:44,928 - Train Epoch: 1 [6480.0/28539 (23%)]	lr:0.00439	Accuracy: 0.1875	Loss: 3.039892
2022-01-13 01:36:46,570 - Train Epoch: 1 [6560.0/28539 (23%)]	lr:0.00436	Accuracy: 0.1250	Loss: 3.039876
2022-01-13 01:36:48,199 - Train Epoch: 1 [6640.0/28539 (23%)]	lr:0.00433	Accuracy: 0.2500	Loss: 2.873256
