2022-01-10 14:05:53,856 - ===> loading train, validation and eval dataset
2022-01-10 14:05:53,860 - ### Model summary below###
 SpkClassifier(
  (classifier): Sequential(
    (0): Linear(in_features=256, out_features=512, bias=True)
    (1): BatchNorm1d(512, eps=1e-05, momentum=0.1, affine=True, track_running_stats=True)
    (2): ReLU()
    (3): Linear(in_features=512, out_features=251, bias=True)
  )
)

2022-01-10 14:05:53,860 - ===> Model total parameter: 261371

2022-01-10 14:05:53,961 - Train Epoch: 1 [0.0/17123 (0%)]	lr:0.00025	Accuracy: 0.0000	Loss: 6.122758
2022-01-10 14:05:54,416 - Train Epoch: 1 [320.0/17123 (2%)]	lr:0.00150	Accuracy: 0.0000	Loss: 5.878382
2022-01-10 14:05:54,876 - Train Epoch: 1 [640.0/17123 (4%)]	lr:0.00275	Accuracy: 0.0469	Loss: 5.313225
2022-01-10 14:05:55,340 - Train Epoch: 1 [960.0/17123 (6%)]	lr:0.00400	Accuracy: 0.2656	Loss: 3.711065
2022-01-10 14:05:55,800 - Train Epoch: 1 [1280.0/17123 (7%)]	lr:0.00525	Accuracy: 0.3281	Loss: 3.555010
2022-01-10 14:05:56,261 - Train Epoch: 1 [1600.0/17123 (9%)]	lr:0.00650	Accuracy: 0.5469	Loss: 2.279927
2022-01-10 14:05:56,717 - Train Epoch: 1 [1920.0/17123 (11%)]	lr:0.00775	Accuracy: 0.4219	Loss: 2.066417
2022-01-10 14:05:57,181 - Train Epoch: 1 [2240.0/17123 (13%)]	lr:0.00900	Accuracy: 0.6094	Loss: 1.524698
2022-01-10 14:05:57,631 - Train Epoch: 1 [2560.0/17123 (15%)]	lr:0.01025	Accuracy: 0.6562	Loss: 1.407064
2022-01-10 14:05:58,100 - Train Epoch: 1 [2880.0/17123 (17%)]	lr:0.01150	Accuracy: 0.7188	Loss: 0.966596
2022-01-10 14:05:58,562 - Train Epoch: 1 [3200.0/17123 (19%)]	lr:0.01238	Accuracy: 0.6094	Loss: 1.472059
2022-01-10 14:05:59,024 - Train Epoch: 1 [3520.0/17123 (21%)]	lr:0.01181	Accuracy: 0.7188	Loss: 0.989011
2022-01-10 14:05:59,482 - Train Epoch: 1 [3840.0/17123 (22%)]	lr:0.01132	Accuracy: 0.7500	Loss: 0.920026
2022-01-10 14:05:59,942 - Train Epoch: 1 [4160.0/17123 (24%)]	lr:0.01088	Accuracy: 0.8125	Loss: 0.750764
2022-01-10 14:06:00,405 - Train Epoch: 1 [4480.0/17123 (26%)]	lr:0.01049	Accuracy: 0.7812	Loss: 0.626020
2022-01-10 14:06:00,867 - Train Epoch: 1 [4800.0/17123 (28%)]	lr:0.01014	Accuracy: 0.8281	Loss: 0.748046
2022-01-10 14:06:01,327 - Train Epoch: 1 [5120.0/17123 (30%)]	lr:0.00982	Accuracy: 0.8438	Loss: 0.629820
2022-01-10 14:06:01,789 - Train Epoch: 1 [5440.0/17123 (32%)]	lr:0.00953	Accuracy: 0.9219	Loss: 0.376018
2022-01-10 14:06:02,251 - Train Epoch: 1 [5760.0/17123 (34%)]	lr:0.00927	Accuracy: 0.8438	Loss: 0.696632
2022-01-10 14:06:02,712 - Train Epoch: 1 [6080.0/17123 (35%)]	lr:0.00902	Accuracy: 0.8281	Loss: 0.399166
2022-01-10 14:06:03,173 - Train Epoch: 1 [6400.0/17123 (37%)]	lr:0.00879	Accuracy: 0.8125	Loss: 0.448440
2022-01-10 14:06:03,638 - Train Epoch: 1 [6720.0/17123 (39%)]	lr:0.00859	Accuracy: 0.8906	Loss: 0.431133
2022-01-10 14:06:04,099 - Train Epoch: 1 [7040.0/17123 (41%)]	lr:0.00839	Accuracy: 0.8750	Loss: 0.462673
2022-01-10 14:06:04,586 - Train Epoch: 1 [7360.0/17123 (43%)]	lr:0.00821	Accuracy: 0.9219	Loss: 0.328917
2022-01-10 14:06:05,046 - Train Epoch: 1 [7680.0/17123 (45%)]	lr:0.00804	Accuracy: 0.8906	Loss: 0.366682
2022-01-10 14:06:05,509 - Train Epoch: 1 [8000.0/17123 (47%)]	lr:0.00787	Accuracy: 0.9688	Loss: 0.216183
2022-01-10 14:06:05,974 - Train Epoch: 1 [8320.0/17123 (49%)]	lr:0.00772	Accuracy: 0.9219	Loss: 0.337050
2022-01-10 14:06:06,437 - Train Epoch: 1 [8640.0/17123 (50%)]	lr:0.00758	Accuracy: 0.9531	Loss: 0.174364
2022-01-10 14:06:06,900 - Train Epoch: 1 [8960.0/17123 (52%)]	lr:0.00744	Accuracy: 0.9219	Loss: 0.280706
2022-01-10 14:06:07,367 - Train Epoch: 1 [9280.0/17123 (54%)]	lr:0.00732	Accuracy: 0.9688	Loss: 0.169087
2022-01-10 14:06:07,827 - Train Epoch: 1 [9600.0/17123 (56%)]	lr:0.00719	Accuracy: 0.9375	Loss: 0.140192
2022-01-10 14:06:08,291 - Train Epoch: 1 [9920.0/17123 (58%)]	lr:0.00708	Accuracy: 0.9062	Loss: 0.336940
2022-01-10 14:06:08,783 - Train Epoch: 1 [10240.0/17123 (60%)]	lr:0.00697	Accuracy: 0.9219	Loss: 0.265180
2022-01-10 14:06:09,270 - Train Epoch: 1 [10560.0/17123 (62%)]	lr:0.00686	Accuracy: 0.9844	Loss: 0.127017
2022-01-10 14:06:09,744 - Train Epoch: 1 [10880.0/17123 (63%)]	lr:0.00676	Accuracy: 0.9375	Loss: 0.193070
2022-01-10 14:06:10,220 - Train Epoch: 1 [11200.0/17123 (65%)]	lr:0.00666	Accuracy: 0.8906	Loss: 0.377022
2022-01-10 14:06:10,689 - Train Epoch: 1 [11520.0/17123 (67%)]	lr:0.00657	Accuracy: 0.9219	Loss: 0.195202
2022-01-10 14:06:11,155 - Train Epoch: 1 [11840.0/17123 (69%)]	lr:0.00648	Accuracy: 0.9844	Loss: 0.099463
2022-01-10 14:06:11,625 - Train Epoch: 1 [12160.0/17123 (71%)]	lr:0.00640	Accuracy: 0.9844	Loss: 0.138662
2022-01-10 14:06:12,101 - Train Epoch: 1 [12480.0/17123 (73%)]	lr:0.00631	Accuracy: 0.9688	Loss: 0.135075
2022-01-10 14:06:12,571 - Train Epoch: 1 [12800.0/17123 (75%)]	lr:0.00623	Accuracy: 0.9219	Loss: 0.221964
2022-01-10 14:06:13,116 - Train Epoch: 1 [13120.0/17123 (76%)]	lr:0.00616	Accuracy: 0.9844	Loss: 0.115626
2022-01-10 14:06:13,666 - Train Epoch: 1 [13440.0/17123 (78%)]	lr:0.00608	Accuracy: 0.9688	Loss: 0.113870
2022-01-10 14:06:14,164 - Train Epoch: 1 [13760.0/17123 (80%)]	lr:0.00601	Accuracy: 0.9062	Loss: 0.301431
2022-01-10 14:06:14,660 - Train Epoch: 1 [14080.0/17123 (82%)]	lr:0.00595	Accuracy: 0.9844	Loss: 0.125852
2022-01-10 14:06:15,121 - Train Epoch: 1 [14400.0/17123 (84%)]	lr:0.00588	Accuracy: 0.9844	Loss: 0.146523
2022-01-10 14:06:15,596 - Train Epoch: 1 [14720.0/17123 (86%)]	lr:0.00582	Accuracy: 0.9844	Loss: 0.099156
2022-01-10 14:06:16,062 - Train Epoch: 1 [15040.0/17123 (88%)]	lr:0.00575	Accuracy: 0.9062	Loss: 0.257924
2022-01-10 14:06:16,526 - Train Epoch: 1 [15360.0/17123 (90%)]	lr:0.00569	Accuracy: 0.9531	Loss: 0.162681
2022-01-10 14:06:16,992 - Train Epoch: 1 [15680.0/17123 (91%)]	lr:0.00564	Accuracy: 0.9375	Loss: 0.175831
2022-01-10 14:06:17,458 - Train Epoch: 1 [16000.0/17123 (93%)]	lr:0.00558	Accuracy: 0.9844	Loss: 0.093343
2022-01-10 14:06:17,924 - Train Epoch: 1 [16320.0/17123 (95%)]	lr:0.00552	Accuracy: 0.9375	Loss: 0.176245
2022-01-10 14:06:18,390 - Train Epoch: 1 [16640.0/17123 (97%)]	lr:0.00547	Accuracy: 0.9844	Loss: 0.118924
2022-01-10 14:06:18,852 - Train Epoch: 1 [16960.0/17123 (99%)]	lr:0.00542	Accuracy: 0.9375	Loss: 0.172618
2022-01-10 14:06:19,007 - Starting Validation
2022-01-10 14:06:27,362 - ===> Validation set: Average loss: 0.1190	Accuracy: 0.9671

2022-01-10 14:06:27,364 - Snapshot saved to snapshot/cdc/cdc-2022-01-10_14_05_51-model_best.pth

2022-01-10 14:06:27,364 - #### End epoch 1/10, elapsed time: 33.504025820002425
2022-01-10 14:06:27,466 - Train Epoch: 2 [0.0/17123 (0%)]	lr:0.00539	Accuracy: 1.0000	Loss: 0.068104
2022-01-10 14:06:27,941 - Train Epoch: 2 [320.0/17123 (2%)]	lr:0.00534	Accuracy: 0.8906	Loss: 0.278977
2022-01-10 14:06:28,425 - Train Epoch: 2 [640.0/17123 (4%)]	lr:0.00529	Accuracy: 0.9062	Loss: 0.320778
2022-01-10 14:06:28,891 - Train Epoch: 2 [960.0/17123 (6%)]	lr:0.00524	Accuracy: 0.9531	Loss: 0.132265
2022-01-10 14:06:29,353 - Train Epoch: 2 [1280.0/17123 (7%)]	lr:0.00520	Accuracy: 0.9688	Loss: 0.198769
2022-01-10 14:06:29,825 - Train Epoch: 2 [1600.0/17123 (9%)]	lr:0.00515	Accuracy: 0.9531	Loss: 0.072426
2022-01-10 14:06:30,295 - Train Epoch: 2 [1920.0/17123 (11%)]	lr:0.00511	Accuracy: 0.9688	Loss: 0.090609
2022-01-10 14:06:30,767 - Train Epoch: 2 [2240.0/17123 (13%)]	lr:0.00507	Accuracy: 1.0000	Loss: 0.059492
2022-01-10 14:06:31,237 - Train Epoch: 2 [2560.0/17123 (15%)]	lr:0.00503	Accuracy: 1.0000	Loss: 0.059409
2022-01-10 14:06:31,709 - Train Epoch: 2 [2880.0/17123 (17%)]	lr:0.00499	Accuracy: 0.9688	Loss: 0.199341
2022-01-10 14:06:32,178 - Train Epoch: 2 [3200.0/17123 (19%)]	lr:0.00495	Accuracy: 0.9375	Loss: 0.110491
2022-01-10 14:06:32,645 - Train Epoch: 2 [3520.0/17123 (21%)]	lr:0.00491	Accuracy: 0.9844	Loss: 0.120014
2022-01-10 14:06:33,114 - Train Epoch: 2 [3840.0/17123 (22%)]	lr:0.00487	Accuracy: 1.0000	Loss: 0.041387
2022-01-10 14:06:33,587 - Train Epoch: 2 [4160.0/17123 (24%)]	lr:0.00484	Accuracy: 0.9219	Loss: 0.181424
2022-01-10 14:06:34,060 - Train Epoch: 2 [4480.0/17123 (26%)]	lr:0.00480	Accuracy: 1.0000	Loss: 0.043283
2022-01-10 14:06:34,529 - Train Epoch: 2 [4800.0/17123 (28%)]	lr:0.00477	Accuracy: 0.9844	Loss: 0.085267
2022-01-10 14:06:35,013 - Train Epoch: 2 [5120.0/17123 (30%)]	lr:0.00473	Accuracy: 0.9688	Loss: 0.106742
2022-01-10 14:06:35,486 - Train Epoch: 2 [5440.0/17123 (32%)]	lr:0.00470	Accuracy: 0.9688	Loss: 0.108418
2022-01-10 14:06:35,959 - Train Epoch: 2 [5760.0/17123 (34%)]	lr:0.00466	Accuracy: 0.9688	Loss: 0.086992
2022-01-10 14:06:36,431 - Train Epoch: 2 [6080.0/17123 (35%)]	lr:0.00463	Accuracy: 0.9844	Loss: 0.073716
2022-01-10 14:06:36,905 - Train Epoch: 2 [6400.0/17123 (37%)]	lr:0.00460	Accuracy: 1.0000	Loss: 0.029611
2022-01-10 14:06:37,375 - Train Epoch: 2 [6720.0/17123 (39%)]	lr:0.00457	Accuracy: 0.9688	Loss: 0.107512
2022-01-10 14:06:37,848 - Train Epoch: 2 [7040.0/17123 (41%)]	lr:0.00454	Accuracy: 0.9531	Loss: 0.221564
2022-01-10 14:06:38,321 - Train Epoch: 2 [7360.0/17123 (43%)]	lr:0.00451	Accuracy: 0.9688	Loss: 0.104408
2022-01-10 14:06:38,790 - Train Epoch: 2 [7680.0/17123 (45%)]	lr:0.00448	Accuracy: 1.0000	Loss: 0.050366
2022-01-10 14:06:39,260 - Train Epoch: 2 [8000.0/17123 (47%)]	lr:0.00445	Accuracy: 0.9844	Loss: 0.065447
2022-01-10 14:06:39,735 - Train Epoch: 2 [8320.0/17123 (49%)]	lr:0.00442	Accuracy: 0.9844	Loss: 0.063887
2022-01-10 14:06:40,208 - Train Epoch: 2 [8640.0/17123 (50%)]	lr:0.00440	Accuracy: 0.9844	Loss: 0.061548
2022-01-10 14:06:40,677 - Train Epoch: 2 [8960.0/17123 (52%)]	lr:0.00437	Accuracy: 0.9531	Loss: 0.150488
2022-01-10 14:06:41,158 - Train Epoch: 2 [9280.0/17123 (54%)]	lr:0.00434	Accuracy: 1.0000	Loss: 0.061344
2022-01-10 14:06:41,626 - Train Epoch: 2 [9600.0/17123 (56%)]	lr:0.00432	Accuracy: 0.9531	Loss: 0.186937
2022-01-10 14:06:42,106 - Train Epoch: 2 [9920.0/17123 (58%)]	lr:0.00429	Accuracy: 0.9844	Loss: 0.070179
2022-01-10 14:06:42,571 - Train Epoch: 2 [10240.0/17123 (60%)]	lr:0.00427	Accuracy: 0.9688	Loss: 0.097226
2022-01-10 14:06:43,044 - Train Epoch: 2 [10560.0/17123 (62%)]	lr:0.00424	Accuracy: 1.0000	Loss: 0.053257
2022-01-10 14:06:43,509 - Train Epoch: 2 [10880.0/17123 (63%)]	lr:0.00422	Accuracy: 0.9844	Loss: 0.058246
2022-01-10 14:06:43,976 - Train Epoch: 2 [11200.0/17123 (65%)]	lr:0.00419	Accuracy: 0.9844	Loss: 0.075446
2022-01-10 14:06:44,442 - Train Epoch: 2 [11520.0/17123 (67%)]	lr:0.00417	Accuracy: 0.9688	Loss: 0.061114
2022-01-10 14:06:44,916 - Train Epoch: 2 [11840.0/17123 (69%)]	lr:0.00415	Accuracy: 0.9531	Loss: 0.155443
2022-01-10 14:06:45,391 - Train Epoch: 2 [12160.0/17123 (71%)]	lr:0.00413	Accuracy: 0.9844	Loss: 0.064662
2022-01-10 14:06:45,871 - Train Epoch: 2 [12480.0/17123 (73%)]	lr:0.00410	Accuracy: 0.9844	Loss: 0.058646
2022-01-10 14:06:46,344 - Train Epoch: 2 [12800.0/17123 (75%)]	lr:0.00408	Accuracy: 0.9375	Loss: 0.186593
2022-01-10 14:06:46,829 - Train Epoch: 2 [13120.0/17123 (76%)]	lr:0.00406	Accuracy: 0.9844	Loss: 0.051521
2022-01-10 14:06:47,310 - Train Epoch: 2 [13440.0/17123 (78%)]	lr:0.00404	Accuracy: 1.0000	Loss: 0.063899
2022-01-10 14:06:47,782 - Train Epoch: 2 [13760.0/17123 (80%)]	lr:0.00402	Accuracy: 1.0000	Loss: 0.040830
2022-01-10 14:06:48,256 - Train Epoch: 2 [14080.0/17123 (82%)]	lr:0.00400	Accuracy: 1.0000	Loss: 0.055508
2022-01-10 14:06:48,739 - Train Epoch: 2 [14400.0/17123 (84%)]	lr:0.00398	Accuracy: 0.9844	Loss: 0.071881
2022-01-10 14:06:49,234 - Train Epoch: 2 [14720.0/17123 (86%)]	lr:0.00396	Accuracy: 0.9688	Loss: 0.097941
2022-01-10 14:06:49,715 - Train Epoch: 2 [15040.0/17123 (88%)]	lr:0.00394	Accuracy: 0.9531	Loss: 0.085944
2022-01-10 14:06:50,207 - Train Epoch: 2 [15360.0/17123 (90%)]	lr:0.00392	Accuracy: 0.9688	Loss: 0.077156
2022-01-10 14:06:50,692 - Train Epoch: 2 [15680.0/17123 (91%)]	lr:0.00390	Accuracy: 1.0000	Loss: 0.061833
2022-01-10 14:06:51,231 - Train Epoch: 2 [16000.0/17123 (93%)]	lr:0.00388	Accuracy: 0.9531	Loss: 0.110757
2022-01-10 14:06:51,756 - Train Epoch: 2 [16320.0/17123 (95%)]	lr:0.00386	Accuracy: 0.9531	Loss: 0.088080
2022-01-10 14:06:52,247 - Train Epoch: 2 [16640.0/17123 (97%)]	lr:0.00384	Accuracy: 0.9844	Loss: 0.076746
2022-01-10 14:06:52,723 - Train Epoch: 2 [16960.0/17123 (99%)]	lr:0.00382	Accuracy: 0.9844	Loss: 0.092076
2022-01-10 14:06:52,873 - Starting Validation
2022-01-10 14:07:01,288 - ===> Validation set: Average loss: 0.0794	Accuracy: 0.9807

2022-01-10 14:07:01,290 - Snapshot saved to snapshot/cdc/cdc-2022-01-10_14_05_51-model_best.pth

2022-01-10 14:07:01,290 - #### End epoch 2/10, elapsed time: 33.925336081010755
2022-01-10 14:07:01,388 - Train Epoch: 3 [0.0/17123 (0%)]	lr:0.00381	Accuracy: 1.0000	Loss: 0.030992
2022-01-10 14:07:01,863 - Train Epoch: 3 [320.0/17123 (2%)]	lr:0.00380	Accuracy: 0.9531	Loss: 0.163468
2022-01-10 14:07:02,338 - Train Epoch: 3 [640.0/17123 (4%)]	lr:0.00378	Accuracy: 0.9844	Loss: 0.066449
2022-01-10 14:07:02,812 - Train Epoch: 3 [960.0/17123 (6%)]	lr:0.00376	Accuracy: 0.9844	Loss: 0.158016
2022-01-10 14:07:03,287 - Train Epoch: 3 [1280.0/17123 (7%)]	lr:0.00375	Accuracy: 0.9844	Loss: 0.108610
2022-01-10 14:07:03,763 - Train Epoch: 3 [1600.0/17123 (9%)]	lr:0.00373	Accuracy: 0.9844	Loss: 0.041389
2022-01-10 14:07:04,235 - Train Epoch: 3 [1920.0/17123 (11%)]	lr:0.00371	Accuracy: 0.9688	Loss: 0.104353
2022-01-10 14:07:04,710 - Train Epoch: 3 [2240.0/17123 (13%)]	lr:0.00370	Accuracy: 0.9844	Loss: 0.086045
2022-01-10 14:07:05,183 - Train Epoch: 3 [2560.0/17123 (15%)]	lr:0.00368	Accuracy: 0.9844	Loss: 0.051986
2022-01-10 14:07:05,661 - Train Epoch: 3 [2880.0/17123 (17%)]	lr:0.00366	Accuracy: 1.0000	Loss: 0.060631
2022-01-10 14:07:06,133 - Train Epoch: 3 [3200.0/17123 (19%)]	lr:0.00365	Accuracy: 1.0000	Loss: 0.057750
2022-01-10 14:07:06,608 - Train Epoch: 3 [3520.0/17123 (21%)]	lr:0.00363	Accuracy: 0.9844	Loss: 0.070199
2022-01-10 14:07:07,081 - Train Epoch: 3 [3840.0/17123 (22%)]	lr:0.00362	Accuracy: 1.0000	Loss: 0.034283
2022-01-10 14:07:07,556 - Train Epoch: 3 [4160.0/17123 (24%)]	lr:0.00360	Accuracy: 0.9688	Loss: 0.093737
2022-01-10 14:07:08,032 - Train Epoch: 3 [4480.0/17123 (26%)]	lr:0.00359	Accuracy: 0.9844	Loss: 0.065422
2022-01-10 14:07:08,507 - Train Epoch: 3 [4800.0/17123 (28%)]	lr:0.00357	Accuracy: 0.9844	Loss: 0.116055
2022-01-10 14:07:08,982 - Train Epoch: 3 [5120.0/17123 (30%)]	lr:0.00356	Accuracy: 0.9844	Loss: 0.061492
2022-01-10 14:07:09,465 - Train Epoch: 3 [5440.0/17123 (32%)]	lr:0.00354	Accuracy: 0.9531	Loss: 0.233201
2022-01-10 14:07:09,958 - Train Epoch: 3 [5760.0/17123 (34%)]	lr:0.00353	Accuracy: 1.0000	Loss: 0.027017
2022-01-10 14:07:10,432 - Train Epoch: 3 [6080.0/17123 (35%)]	lr:0.00352	Accuracy: 1.0000	Loss: 0.032998
2022-01-10 14:07:10,905 - Train Epoch: 3 [6400.0/17123 (37%)]	lr:0.00350	Accuracy: 0.9688	Loss: 0.090006
2022-01-10 14:07:11,379 - Train Epoch: 3 [6720.0/17123 (39%)]	lr:0.00349	Accuracy: 0.9844	Loss: 0.056076
2022-01-10 14:07:11,868 - Train Epoch: 3 [7040.0/17123 (41%)]	lr:0.00347	Accuracy: 0.9531	Loss: 0.165976
2022-01-10 14:07:12,342 - Train Epoch: 3 [7360.0/17123 (43%)]	lr:0.00346	Accuracy: 0.9844	Loss: 0.039394
2022-01-10 14:07:12,816 - Train Epoch: 3 [7680.0/17123 (45%)]	lr:0.00345	Accuracy: 1.0000	Loss: 0.062403
2022-01-10 14:07:13,288 - Train Epoch: 3 [8000.0/17123 (47%)]	lr:0.00344	Accuracy: 0.9844	Loss: 0.059067
2022-01-10 14:07:13,764 - Train Epoch: 3 [8320.0/17123 (49%)]	lr:0.00342	Accuracy: 0.9531	Loss: 0.079521
2022-01-10 14:07:14,236 - Train Epoch: 3 [8640.0/17123 (50%)]	lr:0.00341	Accuracy: 1.0000	Loss: 0.037394
2022-01-10 14:07:14,713 - Train Epoch: 3 [8960.0/17123 (52%)]	lr:0.00340	Accuracy: 1.0000	Loss: 0.028878
2022-01-10 14:07:15,191 - Train Epoch: 3 [9280.0/17123 (54%)]	lr:0.00338	Accuracy: 0.9688	Loss: 0.087901
2022-01-10 14:07:15,676 - Train Epoch: 3 [9600.0/17123 (56%)]	lr:0.00337	Accuracy: 1.0000	Loss: 0.035102
2022-01-10 14:07:16,152 - Train Epoch: 3 [9920.0/17123 (58%)]	lr:0.00336	Accuracy: 1.0000	Loss: 0.035038
2022-01-10 14:07:16,630 - Train Epoch: 3 [10240.0/17123 (60%)]	lr:0.00335	Accuracy: 1.0000	Loss: 0.022722
2022-01-10 14:07:17,106 - Train Epoch: 3 [10560.0/17123 (62%)]	lr:0.00334	Accuracy: 0.9531	Loss: 0.102237
2022-01-10 14:07:17,576 - Train Epoch: 3 [10880.0/17123 (63%)]	lr:0.00332	Accuracy: 0.9688	Loss: 0.095917
2022-01-10 14:07:18,044 - Train Epoch: 3 [11200.0/17123 (65%)]	lr:0.00331	Accuracy: 1.0000	Loss: 0.032159
2022-01-10 14:07:18,519 - Train Epoch: 3 [11520.0/17123 (67%)]	lr:0.00330	Accuracy: 0.9531	Loss: 0.101601
2022-01-10 14:07:19,002 - Train Epoch: 3 [11840.0/17123 (69%)]	lr:0.00329	Accuracy: 0.9844	Loss: 0.044753
2022-01-10 14:07:19,479 - Train Epoch: 3 [12160.0/17123 (71%)]	lr:0.00328	Accuracy: 0.9688	Loss: 0.090919
2022-01-10 14:07:19,959 - Train Epoch: 3 [12480.0/17123 (73%)]	lr:0.00327	Accuracy: 0.9688	Loss: 0.143515
2022-01-10 14:07:20,433 - Train Epoch: 3 [12800.0/17123 (75%)]	lr:0.00326	Accuracy: 0.9688	Loss: 0.122929
2022-01-10 14:07:20,912 - Train Epoch: 3 [13120.0/17123 (76%)]	lr:0.00324	Accuracy: 0.9844	Loss: 0.032109
2022-01-10 14:07:21,390 - Train Epoch: 3 [13440.0/17123 (78%)]	lr:0.00323	Accuracy: 1.0000	Loss: 0.041959
2022-01-10 14:07:21,863 - Train Epoch: 3 [13760.0/17123 (80%)]	lr:0.00322	Accuracy: 1.0000	Loss: 0.018060
2022-01-10 14:07:22,333 - Train Epoch: 3 [14080.0/17123 (82%)]	lr:0.00321	Accuracy: 0.9844	Loss: 0.065269
2022-01-10 14:07:22,821 - Train Epoch: 3 [14400.0/17123 (84%)]	lr:0.00320	Accuracy: 1.0000	Loss: 0.036331
2022-01-10 14:07:23,297 - Train Epoch: 3 [14720.0/17123 (86%)]	lr:0.00319	Accuracy: 0.9844	Loss: 0.091229
2022-01-10 14:07:23,775 - Train Epoch: 3 [15040.0/17123 (88%)]	lr:0.00318	Accuracy: 1.0000	Loss: 0.022880
2022-01-10 14:07:24,256 - Train Epoch: 3 [15360.0/17123 (90%)]	lr:0.00317	Accuracy: 0.9688	Loss: 0.083850
2022-01-10 14:07:24,729 - Train Epoch: 3 [15680.0/17123 (91%)]	lr:0.00316	Accuracy: 0.9844	Loss: 0.090263
2022-01-10 14:07:25,206 - Train Epoch: 3 [16000.0/17123 (93%)]	lr:0.00315	Accuracy: 0.9688	Loss: 0.085531
2022-01-10 14:07:25,700 - Train Epoch: 3 [16320.0/17123 (95%)]	lr:0.00314	Accuracy: 0.9844	Loss: 0.033734
2022-01-10 14:07:26,180 - Train Epoch: 3 [16640.0/17123 (97%)]	lr:0.00313	Accuracy: 0.9688	Loss: 0.101770
2022-01-10 14:07:26,668 - Train Epoch: 3 [16960.0/17123 (99%)]	lr:0.00312	Accuracy: 1.0000	Loss: 0.025340
2022-01-10 14:07:26,821 - Starting Validation
2022-01-10 14:07:35,423 - ===> Validation set: Average loss: 0.0582	Accuracy: 0.9870

2022-01-10 14:07:35,424 - Snapshot saved to snapshot/cdc/cdc-2022-01-10_14_05_51-model_best.pth

2022-01-10 14:07:35,424 - #### End epoch 3/10, elapsed time: 34.134830504015554
2022-01-10 14:07:35,520 - Train Epoch: 4 [0.0/17123 (0%)]	lr:0.00312	Accuracy: 0.9688	Loss: 0.059504
2022-01-10 14:07:35,987 - Train Epoch: 4 [320.0/17123 (2%)]	lr:0.00311	Accuracy: 0.9688	Loss: 0.098565
2022-01-10 14:07:36,474 - Train Epoch: 4 [640.0/17123 (4%)]	lr:0.00310	Accuracy: 0.9844	Loss: 0.131223
2022-01-10 14:07:36,958 - Train Epoch: 4 [960.0/17123 (6%)]	lr:0.00309	Accuracy: 0.9844	Loss: 0.038314
2022-01-10 14:07:37,436 - Train Epoch: 4 [1280.0/17123 (7%)]	lr:0.00308	Accuracy: 0.9844	Loss: 0.091304
2022-01-10 14:07:37,916 - Train Epoch: 4 [1600.0/17123 (9%)]	lr:0.00307	Accuracy: 0.9844	Loss: 0.086773
2022-01-10 14:07:38,402 - Train Epoch: 4 [1920.0/17123 (11%)]	lr:0.00306	Accuracy: 0.9844	Loss: 0.054186
2022-01-10 14:07:38,887 - Train Epoch: 4 [2240.0/17123 (13%)]	lr:0.00305	Accuracy: 0.9844	Loss: 0.049070
2022-01-10 14:07:39,371 - Train Epoch: 4 [2560.0/17123 (15%)]	lr:0.00304	Accuracy: 0.9844	Loss: 0.051935
2022-01-10 14:07:39,849 - Train Epoch: 4 [2880.0/17123 (17%)]	lr:0.00303	Accuracy: 0.9688	Loss: 0.068961
2022-01-10 14:07:40,340 - Train Epoch: 4 [3200.0/17123 (19%)]	lr:0.00302	Accuracy: 1.0000	Loss: 0.013163
2022-01-10 14:07:40,809 - Train Epoch: 4 [3520.0/17123 (21%)]	lr:0.00301	Accuracy: 0.9688	Loss: 0.077108
2022-01-10 14:07:41,292 - Train Epoch: 4 [3840.0/17123 (22%)]	lr:0.00301	Accuracy: 1.0000	Loss: 0.035752
2022-01-10 14:07:41,779 - Train Epoch: 4 [4160.0/17123 (24%)]	lr:0.00300	Accuracy: 1.0000	Loss: 0.041981
2022-01-10 14:07:42,249 - Train Epoch: 4 [4480.0/17123 (26%)]	lr:0.00299	Accuracy: 1.0000	Loss: 0.033634
2022-01-10 14:07:42,732 - Train Epoch: 4 [4800.0/17123 (28%)]	lr:0.00298	Accuracy: 0.9844	Loss: 0.080234
2022-01-10 14:07:43,223 - Train Epoch: 4 [5120.0/17123 (30%)]	lr:0.00297	Accuracy: 0.9688	Loss: 0.124471
2022-01-10 14:07:43,701 - Train Epoch: 4 [5440.0/17123 (32%)]	lr:0.00296	Accuracy: 1.0000	Loss: 0.041115
2022-01-10 14:07:44,187 - Train Epoch: 4 [5760.0/17123 (34%)]	lr:0.00295	Accuracy: 0.9844	Loss: 0.034580
2022-01-10 14:07:44,672 - Train Epoch: 4 [6080.0/17123 (35%)]	lr:0.00295	Accuracy: 0.9531	Loss: 0.120673
2022-01-10 14:07:45,155 - Train Epoch: 4 [6400.0/17123 (37%)]	lr:0.00294	Accuracy: 1.0000	Loss: 0.024603
2022-01-10 14:07:45,643 - Train Epoch: 4 [6720.0/17123 (39%)]	lr:0.00293	Accuracy: 0.9844	Loss: 0.069454
2022-01-10 14:07:46,122 - Train Epoch: 4 [7040.0/17123 (41%)]	lr:0.00292	Accuracy: 0.9844	Loss: 0.056078
2022-01-10 14:07:46,604 - Train Epoch: 4 [7360.0/17123 (43%)]	lr:0.00291	Accuracy: 1.0000	Loss: 0.037365
2022-01-10 14:07:47,098 - Train Epoch: 4 [7680.0/17123 (45%)]	lr:0.00291	Accuracy: 0.9844	Loss: 0.054597
2022-01-10 14:07:47,576 - Train Epoch: 4 [8000.0/17123 (47%)]	lr:0.00290	Accuracy: 1.0000	Loss: 0.023420
2022-01-10 14:07:48,055 - Train Epoch: 4 [8320.0/17123 (49%)]	lr:0.00289	Accuracy: 0.9844	Loss: 0.047399
2022-01-10 14:07:48,540 - Train Epoch: 4 [8640.0/17123 (50%)]	lr:0.00288	Accuracy: 1.0000	Loss: 0.029904
2022-01-10 14:07:49,027 - Train Epoch: 4 [8960.0/17123 (52%)]	lr:0.00288	Accuracy: 0.9844	Loss: 0.113173
2022-01-10 14:07:49,508 - Train Epoch: 4 [9280.0/17123 (54%)]	lr:0.00287	Accuracy: 1.0000	Loss: 0.026371
2022-01-10 14:07:49,999 - Train Epoch: 4 [9600.0/17123 (56%)]	lr:0.00286	Accuracy: 1.0000	Loss: 0.031602
2022-01-10 14:07:50,505 - Train Epoch: 4 [9920.0/17123 (58%)]	lr:0.00285	Accuracy: 0.9531	Loss: 0.092910
2022-01-10 14:07:51,019 - Train Epoch: 4 [10240.0/17123 (60%)]	lr:0.00285	Accuracy: 0.9688	Loss: 0.042348
2022-01-10 14:07:51,524 - Train Epoch: 4 [10560.0/17123 (62%)]	lr:0.00284	Accuracy: 0.9375	Loss: 0.165450
2022-01-10 14:07:52,015 - Train Epoch: 4 [10880.0/17123 (63%)]	lr:0.00283	Accuracy: 1.0000	Loss: 0.038291
2022-01-10 14:07:52,499 - Train Epoch: 4 [11200.0/17123 (65%)]	lr:0.00282	Accuracy: 0.9844	Loss: 0.048657
2022-01-10 14:07:53,002 - Train Epoch: 4 [11520.0/17123 (67%)]	lr:0.00282	Accuracy: 1.0000	Loss: 0.020560
2022-01-10 14:07:53,504 - Train Epoch: 4 [11840.0/17123 (69%)]	lr:0.00281	Accuracy: 0.9844	Loss: 0.060166
2022-01-10 14:07:53,996 - Train Epoch: 4 [12160.0/17123 (71%)]	lr:0.00280	Accuracy: 0.9688	Loss: 0.073791
2022-01-10 14:07:54,478 - Train Epoch: 4 [12480.0/17123 (73%)]	lr:0.00280	Accuracy: 0.9844	Loss: 0.032600
2022-01-10 14:07:54,964 - Train Epoch: 4 [12800.0/17123 (75%)]	lr:0.00279	Accuracy: 1.0000	Loss: 0.028950
2022-01-10 14:07:55,449 - Train Epoch: 4 [13120.0/17123 (76%)]	lr:0.00278	Accuracy: 0.9844	Loss: 0.088881
2022-01-10 14:07:55,933 - Train Epoch: 4 [13440.0/17123 (78%)]	lr:0.00277	Accuracy: 1.0000	Loss: 0.009588
2022-01-10 14:07:56,422 - Train Epoch: 4 [13760.0/17123 (80%)]	lr:0.00277	Accuracy: 1.0000	Loss: 0.030216
2022-01-10 14:07:56,906 - Train Epoch: 4 [14080.0/17123 (82%)]	lr:0.00276	Accuracy: 1.0000	Loss: 0.010988
2022-01-10 14:07:57,405 - Train Epoch: 4 [14400.0/17123 (84%)]	lr:0.00275	Accuracy: 0.9688	Loss: 0.121944
2022-01-10 14:07:57,885 - Train Epoch: 4 [14720.0/17123 (86%)]	lr:0.00275	Accuracy: 0.9531	Loss: 0.151439
2022-01-10 14:07:58,378 - Train Epoch: 4 [15040.0/17123 (88%)]	lr:0.00274	Accuracy: 0.9688	Loss: 0.116852
2022-01-10 14:07:58,867 - Train Epoch: 4 [15360.0/17123 (90%)]	lr:0.00273	Accuracy: 1.0000	Loss: 0.018181
2022-01-10 14:07:59,353 - Train Epoch: 4 [15680.0/17123 (91%)]	lr:0.00273	Accuracy: 0.9844	Loss: 0.113653
2022-01-10 14:07:59,840 - Train Epoch: 4 [16000.0/17123 (93%)]	lr:0.00272	Accuracy: 0.9688	Loss: 0.140826
2022-01-10 14:08:00,338 - Train Epoch: 4 [16320.0/17123 (95%)]	lr:0.00271	Accuracy: 0.9844	Loss: 0.046768
2022-01-10 14:08:00,819 - Train Epoch: 4 [16640.0/17123 (97%)]	lr:0.00271	Accuracy: 0.9688	Loss: 0.070516
2022-01-10 14:08:01,312 - Train Epoch: 4 [16960.0/17123 (99%)]	lr:0.00270	Accuracy: 0.9844	Loss: 0.069706
2022-01-10 14:08:01,483 - Starting Validation
2022-01-10 14:08:10,137 - ===> Validation set: Average loss: 0.0521	Accuracy: 0.9879

2022-01-10 14:08:10,139 - Snapshot saved to snapshot/cdc/cdc-2022-01-10_14_05_51-model_best.pth

2022-01-10 14:08:10,139 - #### End epoch 4/10, elapsed time: 34.71447980002267
2022-01-10 14:08:10,241 - Train Epoch: 5 [0.0/17123 (0%)]	lr:0.00270	Accuracy: 1.0000	Loss: 0.032102
2022-01-10 14:08:10,726 - Train Epoch: 5 [320.0/17123 (2%)]	lr:0.00269	Accuracy: 0.9844	Loss: 0.069165
2022-01-10 14:08:11,210 - Train Epoch: 5 [640.0/17123 (4%)]	lr:0.00269	Accuracy: 1.0000	Loss: 0.013740
2022-01-10 14:08:11,694 - Train Epoch: 5 [960.0/17123 (6%)]	lr:0.00268	Accuracy: 1.0000	Loss: 0.020465
2022-01-10 14:08:12,183 - Train Epoch: 5 [1280.0/17123 (7%)]	lr:0.00267	Accuracy: 0.9844	Loss: 0.107731
2022-01-10 14:08:12,673 - Train Epoch: 5 [1600.0/17123 (9%)]	lr:0.00267	Accuracy: 1.0000	Loss: 0.033256
2022-01-10 14:08:13,159 - Train Epoch: 5 [1920.0/17123 (11%)]	lr:0.00266	Accuracy: 0.9844	Loss: 0.041205
2022-01-10 14:08:13,652 - Train Epoch: 5 [2240.0/17123 (13%)]	lr:0.00266	Accuracy: 1.0000	Loss: 0.047457
2022-01-10 14:08:14,144 - Train Epoch: 5 [2560.0/17123 (15%)]	lr:0.00265	Accuracy: 0.9844	Loss: 0.076396
2022-01-10 14:08:14,635 - Train Epoch: 5 [2880.0/17123 (17%)]	lr:0.00264	Accuracy: 0.9688	Loss: 0.096066
2022-01-10 14:08:15,114 - Train Epoch: 5 [3200.0/17123 (19%)]	lr:0.00264	Accuracy: 0.9844	Loss: 0.065271
2022-01-10 14:08:15,598 - Train Epoch: 5 [3520.0/17123 (21%)]	lr:0.00263	Accuracy: 0.9844	Loss: 0.060970
2022-01-10 14:08:16,087 - Train Epoch: 5 [3840.0/17123 (22%)]	lr:0.00263	Accuracy: 1.0000	Loss: 0.021497
2022-01-10 14:08:16,572 - Train Epoch: 5 [4160.0/17123 (24%)]	lr:0.00262	Accuracy: 1.0000	Loss: 0.036663
2022-01-10 14:08:17,056 - Train Epoch: 5 [4480.0/17123 (26%)]	lr:0.00261	Accuracy: 0.9844	Loss: 0.097830
2022-01-10 14:08:17,533 - Train Epoch: 5 [4800.0/17123 (28%)]	lr:0.00261	Accuracy: 1.0000	Loss: 0.018359
2022-01-10 14:08:18,021 - Train Epoch: 5 [5120.0/17123 (30%)]	lr:0.00260	Accuracy: 0.9844	Loss: 0.064569
2022-01-10 14:08:18,512 - Train Epoch: 5 [5440.0/17123 (32%)]	lr:0.00260	Accuracy: 0.9844	Loss: 0.064981
2022-01-10 14:08:19,004 - Train Epoch: 5 [5760.0/17123 (34%)]	lr:0.00259	Accuracy: 0.9688	Loss: 0.066101
2022-01-10 14:08:19,500 - Train Epoch: 5 [6080.0/17123 (35%)]	lr:0.00259	Accuracy: 0.9844	Loss: 0.033368
2022-01-10 14:08:19,990 - Train Epoch: 5 [6400.0/17123 (37%)]	lr:0.00258	Accuracy: 1.0000	Loss: 0.033680
2022-01-10 14:08:20,474 - Train Epoch: 5 [6720.0/17123 (39%)]	lr:0.00258	Accuracy: 1.0000	Loss: 0.033301
2022-01-10 14:08:20,965 - Train Epoch: 5 [7040.0/17123 (41%)]	lr:0.00257	Accuracy: 0.9844	Loss: 0.094815
2022-01-10 14:08:21,459 - Train Epoch: 5 [7360.0/17123 (43%)]	lr:0.00256	Accuracy: 1.0000	Loss: 0.021276
2022-01-10 14:08:21,946 - Train Epoch: 5 [7680.0/17123 (45%)]	lr:0.00256	Accuracy: 0.9844	Loss: 0.046308
2022-01-10 14:08:22,435 - Train Epoch: 5 [8000.0/17123 (47%)]	lr:0.00255	Accuracy: 0.9844	Loss: 0.037059
2022-01-10 14:08:22,925 - Train Epoch: 5 [8320.0/17123 (49%)]	lr:0.00255	Accuracy: 1.0000	Loss: 0.058927
2022-01-10 14:08:23,415 - Train Epoch: 5 [8640.0/17123 (50%)]	lr:0.00254	Accuracy: 1.0000	Loss: 0.011959
2022-01-10 14:08:23,914 - Train Epoch: 5 [8960.0/17123 (52%)]	lr:0.00254	Accuracy: 0.9844	Loss: 0.083490
2022-01-10 14:08:24,416 - Train Epoch: 5 [9280.0/17123 (54%)]	lr:0.00253	Accuracy: 0.9688	Loss: 0.064562
2022-01-10 14:08:24,907 - Train Epoch: 5 [9600.0/17123 (56%)]	lr:0.00253	Accuracy: 0.9844	Loss: 0.045945
2022-01-10 14:08:25,396 - Train Epoch: 5 [9920.0/17123 (58%)]	lr:0.00252	Accuracy: 1.0000	Loss: 0.022696
2022-01-10 14:08:25,877 - Train Epoch: 5 [10240.0/17123 (60%)]	lr:0.00252	Accuracy: 1.0000	Loss: 0.038969
2022-01-10 14:08:26,369 - Train Epoch: 5 [10560.0/17123 (62%)]	lr:0.00251	Accuracy: 0.9844	Loss: 0.036418
2022-01-10 14:08:26,860 - Train Epoch: 5 [10880.0/17123 (63%)]	lr:0.00251	Accuracy: 1.0000	Loss: 0.015890
2022-01-10 14:08:27,359 - Train Epoch: 5 [11200.0/17123 (65%)]	lr:0.00250	Accuracy: 0.9844	Loss: 0.059627
2022-01-10 14:08:27,857 - Train Epoch: 5 [11520.0/17123 (67%)]	lr:0.00250	Accuracy: 0.9844	Loss: 0.095717
2022-01-10 14:08:28,340 - Train Epoch: 5 [11840.0/17123 (69%)]	lr:0.00249	Accuracy: 0.9844	Loss: 0.064799
2022-01-10 14:08:28,831 - Train Epoch: 5 [12160.0/17123 (71%)]	lr:0.00249	Accuracy: 0.9844	Loss: 0.064569
2022-01-10 14:08:29,330 - Train Epoch: 5 [12480.0/17123 (73%)]	lr:0.00248	Accuracy: 1.0000	Loss: 0.042681
2022-01-10 14:08:29,820 - Train Epoch: 5 [12800.0/17123 (75%)]	lr:0.00248	Accuracy: 1.0000	Loss: 0.041191
2022-01-10 14:08:30,312 - Train Epoch: 5 [13120.0/17123 (76%)]	lr:0.00247	Accuracy: 0.9844	Loss: 0.031946
2022-01-10 14:08:30,801 - Train Epoch: 5 [13440.0/17123 (78%)]	lr:0.00247	Accuracy: 0.9844	Loss: 0.066712
2022-01-10 14:08:31,290 - Train Epoch: 5 [13760.0/17123 (80%)]	lr:0.00246	Accuracy: 0.9688	Loss: 0.072356
2022-01-10 14:08:31,777 - Train Epoch: 5 [14080.0/17123 (82%)]	lr:0.00246	Accuracy: 0.9688	Loss: 0.083583
2022-01-10 14:08:32,270 - Train Epoch: 5 [14400.0/17123 (84%)]	lr:0.00245	Accuracy: 1.0000	Loss: 0.016133
2022-01-10 14:08:32,751 - Train Epoch: 5 [14720.0/17123 (86%)]	lr:0.00245	Accuracy: 0.9688	Loss: 0.078655
2022-01-10 14:08:33,244 - Train Epoch: 5 [15040.0/17123 (88%)]	lr:0.00244	Accuracy: 0.9844	Loss: 0.063551
2022-01-10 14:08:33,736 - Train Epoch: 5 [15360.0/17123 (90%)]	lr:0.00244	Accuracy: 0.9844	Loss: 0.081365
2022-01-10 14:08:34,221 - Train Epoch: 5 [15680.0/17123 (91%)]	lr:0.00243	Accuracy: 0.9844	Loss: 0.035816
2022-01-10 14:08:34,709 - Train Epoch: 5 [16000.0/17123 (93%)]	lr:0.00243	Accuracy: 1.0000	Loss: 0.012870
2022-01-10 14:08:35,202 - Train Epoch: 5 [16320.0/17123 (95%)]	lr:0.00243	Accuracy: 1.0000	Loss: 0.033194
2022-01-10 14:08:35,701 - Train Epoch: 5 [16640.0/17123 (97%)]	lr:0.00242	Accuracy: 0.9531	Loss: 0.123670
2022-01-10 14:08:36,220 - Train Epoch: 5 [16960.0/17123 (99%)]	lr:0.00242	Accuracy: 1.0000	Loss: 0.022567
2022-01-10 14:08:36,374 - Starting Validation
2022-01-10 14:08:45,069 - ===> Validation set: Average loss: 0.0493	Accuracy: 0.9883

2022-01-10 14:08:45,070 - Snapshot saved to snapshot/cdc/cdc-2022-01-10_14_05_51-model_best.pth

2022-01-10 14:08:45,070 - #### End epoch 5/10, elapsed time: 34.931437262974214
2022-01-10 14:08:45,195 - Train Epoch: 6 [0.0/17123 (0%)]	lr:0.00241	Accuracy: 0.9844	Loss: 0.047835
2022-01-10 14:08:45,779 - Train Epoch: 6 [320.0/17123 (2%)]	lr:0.00241	Accuracy: 1.0000	Loss: 0.027592
2022-01-10 14:08:46,333 - Train Epoch: 6 [640.0/17123 (4%)]	lr:0.00240	Accuracy: 1.0000	Loss: 0.017176
2022-01-10 14:08:46,841 - Train Epoch: 6 [960.0/17123 (6%)]	lr:0.00240	Accuracy: 1.0000	Loss: 0.017441
2022-01-10 14:08:47,356 - Train Epoch: 6 [1280.0/17123 (7%)]	lr:0.00240	Accuracy: 1.0000	Loss: 0.029140
2022-01-10 14:08:47,877 - Train Epoch: 6 [1600.0/17123 (9%)]	lr:0.00239	Accuracy: 1.0000	Loss: 0.012039
2022-01-10 14:08:48,433 - Train Epoch: 6 [1920.0/17123 (11%)]	lr:0.00239	Accuracy: 0.9844	Loss: 0.041272
2022-01-10 14:08:48,936 - Train Epoch: 6 [2240.0/17123 (13%)]	lr:0.00238	Accuracy: 1.0000	Loss: 0.024488
2022-01-10 14:08:49,433 - Train Epoch: 6 [2560.0/17123 (15%)]	lr:0.00238	Accuracy: 1.0000	Loss: 0.017223
2022-01-10 14:08:49,927 - Train Epoch: 6 [2880.0/17123 (17%)]	lr:0.00237	Accuracy: 1.0000	Loss: 0.030358
2022-01-10 14:08:50,427 - Train Epoch: 6 [3200.0/17123 (19%)]	lr:0.00237	Accuracy: 0.9531	Loss: 0.187542
2022-01-10 14:08:50,910 - Train Epoch: 6 [3520.0/17123 (21%)]	lr:0.00237	Accuracy: 1.0000	Loss: 0.019261
2022-01-10 14:08:51,409 - Train Epoch: 6 [3840.0/17123 (22%)]	lr:0.00236	Accuracy: 0.9688	Loss: 0.090418
2022-01-10 14:08:51,888 - Train Epoch: 6 [4160.0/17123 (24%)]	lr:0.00236	Accuracy: 0.9844	Loss: 0.080589
2022-01-10 14:08:52,371 - Train Epoch: 6 [4480.0/17123 (26%)]	lr:0.00235	Accuracy: 0.9844	Loss: 0.037608
2022-01-10 14:08:52,859 - Train Epoch: 6 [4800.0/17123 (28%)]	lr:0.00235	Accuracy: 1.0000	Loss: 0.042549
2022-01-10 14:08:53,360 - Train Epoch: 6 [5120.0/17123 (30%)]	lr:0.00234	Accuracy: 1.0000	Loss: 0.028052
2022-01-10 14:08:53,855 - Train Epoch: 6 [5440.0/17123 (32%)]	lr:0.00234	Accuracy: 0.9688	Loss: 0.062365
2022-01-10 14:08:54,348 - Train Epoch: 6 [5760.0/17123 (34%)]	lr:0.00234	Accuracy: 0.9844	Loss: 0.056527
2022-01-10 14:08:54,834 - Train Epoch: 6 [6080.0/17123 (35%)]	lr:0.00233	Accuracy: 0.9844	Loss: 0.069663
2022-01-10 14:08:55,326 - Train Epoch: 6 [6400.0/17123 (37%)]	lr:0.00233	Accuracy: 1.0000	Loss: 0.026902
2022-01-10 14:08:55,812 - Train Epoch: 6 [6720.0/17123 (39%)]	lr:0.00232	Accuracy: 1.0000	Loss: 0.015703
2022-01-10 14:08:56,297 - Train Epoch: 6 [7040.0/17123 (41%)]	lr:0.00232	Accuracy: 0.9688	Loss: 0.069306
2022-01-10 14:08:56,784 - Train Epoch: 6 [7360.0/17123 (43%)]	lr:0.00232	Accuracy: 0.9844	Loss: 0.062643
2022-01-10 14:08:57,271 - Train Epoch: 6 [7680.0/17123 (45%)]	lr:0.00231	Accuracy: 1.0000	Loss: 0.011079
2022-01-10 14:08:57,764 - Train Epoch: 6 [8000.0/17123 (47%)]	lr:0.00231	Accuracy: 1.0000	Loss: 0.019641
2022-01-10 14:08:58,258 - Train Epoch: 6 [8320.0/17123 (49%)]	lr:0.00230	Accuracy: 0.9844	Loss: 0.053667
2022-01-10 14:08:58,741 - Train Epoch: 6 [8640.0/17123 (50%)]	lr:0.00230	Accuracy: 1.0000	Loss: 0.019434
2022-01-10 14:08:59,216 - Train Epoch: 6 [8960.0/17123 (52%)]	lr:0.00230	Accuracy: 1.0000	Loss: 0.015559
2022-01-10 14:08:59,714 - Train Epoch: 6 [9280.0/17123 (54%)]	lr:0.00229	Accuracy: 1.0000	Loss: 0.043873
2022-01-10 14:09:00,211 - Train Epoch: 6 [9600.0/17123 (56%)]	lr:0.00229	Accuracy: 0.9844	Loss: 0.154679
2022-01-10 14:09:00,706 - Train Epoch: 6 [9920.0/17123 (58%)]	lr:0.00229	Accuracy: 0.9688	Loss: 0.138684
2022-01-10 14:09:01,195 - Train Epoch: 6 [10240.0/17123 (60%)]	lr:0.00228	Accuracy: 1.0000	Loss: 0.022379
2022-01-10 14:09:01,685 - Train Epoch: 6 [10560.0/17123 (62%)]	lr:0.00228	Accuracy: 1.0000	Loss: 0.028496
2022-01-10 14:09:02,179 - Train Epoch: 6 [10880.0/17123 (63%)]	lr:0.00227	Accuracy: 0.9844	Loss: 0.060073
2022-01-10 14:09:02,670 - Train Epoch: 6 [11200.0/17123 (65%)]	lr:0.00227	Accuracy: 0.9844	Loss: 0.074571
2022-01-10 14:09:03,148 - Train Epoch: 6 [11520.0/17123 (67%)]	lr:0.00227	Accuracy: 0.9844	Loss: 0.026257
2022-01-10 14:09:03,636 - Train Epoch: 6 [11840.0/17123 (69%)]	lr:0.00226	Accuracy: 0.9844	Loss: 0.047979
2022-01-10 14:09:04,139 - Train Epoch: 6 [12160.0/17123 (71%)]	lr:0.00226	Accuracy: 1.0000	Loss: 0.024831
2022-01-10 14:09:04,632 - Train Epoch: 6 [12480.0/17123 (73%)]	lr:0.00226	Accuracy: 0.9844	Loss: 0.057605
2022-01-10 14:09:05,133 - Train Epoch: 6 [12800.0/17123 (75%)]	lr:0.00225	Accuracy: 1.0000	Loss: 0.041642
2022-01-10 14:09:05,610 - Train Epoch: 6 [13120.0/17123 (76%)]	lr:0.00225	Accuracy: 0.9844	Loss: 0.064736
2022-01-10 14:09:06,099 - Train Epoch: 6 [13440.0/17123 (78%)]	lr:0.00224	Accuracy: 0.9844	Loss: 0.029238
2022-01-10 14:09:06,588 - Train Epoch: 6 [13760.0/17123 (80%)]	lr:0.00224	Accuracy: 0.9844	Loss: 0.041123
2022-01-10 14:09:07,074 - Train Epoch: 6 [14080.0/17123 (82%)]	lr:0.00224	Accuracy: 0.9844	Loss: 0.073829
2022-01-10 14:09:07,568 - Train Epoch: 6 [14400.0/17123 (84%)]	lr:0.00223	Accuracy: 0.9844	Loss: 0.117914
2022-01-10 14:09:08,057 - Train Epoch: 6 [14720.0/17123 (86%)]	lr:0.00223	Accuracy: 1.0000	Loss: 0.037163
2022-01-10 14:09:08,545 - Train Epoch: 6 [15040.0/17123 (88%)]	lr:0.00223	Accuracy: 0.9531	Loss: 0.139023
2022-01-10 14:09:09,042 - Train Epoch: 6 [15360.0/17123 (90%)]	lr:0.00222	Accuracy: 1.0000	Loss: 0.008562
2022-01-10 14:09:09,526 - Train Epoch: 6 [15680.0/17123 (91%)]	lr:0.00222	Accuracy: 0.9844	Loss: 0.057236
2022-01-10 14:09:10,017 - Train Epoch: 6 [16000.0/17123 (93%)]	lr:0.00222	Accuracy: 1.0000	Loss: 0.028739
2022-01-10 14:09:10,503 - Train Epoch: 6 [16320.0/17123 (95%)]	lr:0.00221	Accuracy: 0.9844	Loss: 0.062551
2022-01-10 14:09:10,998 - Train Epoch: 6 [16640.0/17123 (97%)]	lr:0.00221	Accuracy: 1.0000	Loss: 0.036491
2022-01-10 14:09:11,488 - Train Epoch: 6 [16960.0/17123 (99%)]	lr:0.00221	Accuracy: 0.9844	Loss: 0.076076
2022-01-10 14:09:11,667 - Starting Validation
2022-01-10 14:09:20,447 - ===> Validation set: Average loss: 0.0432	Accuracy: 0.9902

2022-01-10 14:09:20,449 - Snapshot saved to snapshot/cdc/cdc-2022-01-10_14_05_51-model_best.pth

2022-01-10 14:09:20,449 - #### End epoch 6/10, elapsed time: 35.37848832499003
2022-01-10 14:09:20,547 - Train Epoch: 7 [0.0/17123 (0%)]	lr:0.00220	Accuracy: 1.0000	Loss: 0.046738
2022-01-10 14:09:21,035 - Train Epoch: 7 [320.0/17123 (2%)]	lr:0.00220	Accuracy: 0.9688	Loss: 0.079404
2022-01-10 14:09:21,526 - Train Epoch: 7 [640.0/17123 (4%)]	lr:0.00220	Accuracy: 1.0000	Loss: 0.027018
2022-01-10 14:09:22,021 - Train Epoch: 7 [960.0/17123 (6%)]	lr:0.00219	Accuracy: 1.0000	Loss: 0.052832
2022-01-10 14:09:22,510 - Train Epoch: 7 [1280.0/17123 (7%)]	lr:0.00219	Accuracy: 0.9844	Loss: 0.072918
2022-01-10 14:09:22,998 - Train Epoch: 7 [1600.0/17123 (9%)]	lr:0.00219	Accuracy: 1.0000	Loss: 0.020845
2022-01-10 14:09:23,500 - Train Epoch: 7 [1920.0/17123 (11%)]	lr:0.00218	Accuracy: 1.0000	Loss: 0.018837
2022-01-10 14:09:24,006 - Train Epoch: 7 [2240.0/17123 (13%)]	lr:0.00218	Accuracy: 1.0000	Loss: 0.034791
2022-01-10 14:09:24,494 - Train Epoch: 7 [2560.0/17123 (15%)]	lr:0.00218	Accuracy: 1.0000	Loss: 0.044771
2022-01-10 14:09:24,984 - Train Epoch: 7 [2880.0/17123 (17%)]	lr:0.00217	Accuracy: 0.9844	Loss: 0.036377
2022-01-10 14:09:25,483 - Train Epoch: 7 [3200.0/17123 (19%)]	lr:0.00217	Accuracy: 1.0000	Loss: 0.015699
2022-01-10 14:09:26,003 - Train Epoch: 7 [3520.0/17123 (21%)]	lr:0.00217	Accuracy: 0.9531	Loss: 0.142728
2022-01-10 14:09:26,526 - Train Epoch: 7 [3840.0/17123 (22%)]	lr:0.00216	Accuracy: 1.0000	Loss: 0.026977
2022-01-10 14:09:27,058 - Train Epoch: 7 [4160.0/17123 (24%)]	lr:0.00216	Accuracy: 1.0000	Loss: 0.047218
2022-01-10 14:09:27,579 - Train Epoch: 7 [4480.0/17123 (26%)]	lr:0.00216	Accuracy: 0.9688	Loss: 0.106832
2022-01-10 14:09:28,155 - Train Epoch: 7 [4800.0/17123 (28%)]	lr:0.00215	Accuracy: 0.9844	Loss: 0.035728
2022-01-10 14:09:28,730 - Train Epoch: 7 [5120.0/17123 (30%)]	lr:0.00215	Accuracy: 1.0000	Loss: 0.015629
2022-01-10 14:09:29,259 - Train Epoch: 7 [5440.0/17123 (32%)]	lr:0.00215	Accuracy: 0.9844	Loss: 0.073553
2022-01-10 14:09:29,764 - Train Epoch: 7 [5760.0/17123 (34%)]	lr:0.00214	Accuracy: 0.9844	Loss: 0.061676
2022-01-10 14:09:30,245 - Train Epoch: 7 [6080.0/17123 (35%)]	lr:0.00214	Accuracy: 1.0000	Loss: 0.008573
2022-01-10 14:09:30,757 - Train Epoch: 7 [6400.0/17123 (37%)]	lr:0.00214	Accuracy: 0.9844	Loss: 0.059702
2022-01-10 14:09:31,248 - Train Epoch: 7 [6720.0/17123 (39%)]	lr:0.00213	Accuracy: 1.0000	Loss: 0.021184
2022-01-10 14:09:31,742 - Train Epoch: 7 [7040.0/17123 (41%)]	lr:0.00213	Accuracy: 1.0000	Loss: 0.023041
2022-01-10 14:09:32,241 - Train Epoch: 7 [7360.0/17123 (43%)]	lr:0.00213	Accuracy: 1.0000	Loss: 0.019949
2022-01-10 14:09:32,762 - Train Epoch: 7 [7680.0/17123 (45%)]	lr:0.00213	Accuracy: 1.0000	Loss: 0.010059
2022-01-10 14:09:33,260 - Train Epoch: 7 [8000.0/17123 (47%)]	lr:0.00212	Accuracy: 1.0000	Loss: 0.030504
2022-01-10 14:09:33,746 - Train Epoch: 7 [8320.0/17123 (49%)]	lr:0.00212	Accuracy: 0.9688	Loss: 0.074733
2022-01-10 14:09:34,233 - Train Epoch: 7 [8640.0/17123 (50%)]	lr:0.00212	Accuracy: 1.0000	Loss: 0.020984
2022-01-10 14:09:34,725 - Train Epoch: 7 [8960.0/17123 (52%)]	lr:0.00211	Accuracy: 0.9688	Loss: 0.065365
2022-01-10 14:09:35,222 - Train Epoch: 7 [9280.0/17123 (54%)]	lr:0.00211	Accuracy: 1.0000	Loss: 0.041386
2022-01-10 14:09:35,709 - Train Epoch: 7 [9600.0/17123 (56%)]	lr:0.00211	Accuracy: 1.0000	Loss: 0.035125
2022-01-10 14:09:36,199 - Train Epoch: 7 [9920.0/17123 (58%)]	lr:0.00210	Accuracy: 0.9844	Loss: 0.076568
2022-01-10 14:09:36,688 - Train Epoch: 7 [10240.0/17123 (60%)]	lr:0.00210	Accuracy: 0.9688	Loss: 0.061839
2022-01-10 14:09:37,184 - Train Epoch: 7 [10560.0/17123 (62%)]	lr:0.00210	Accuracy: 0.9688	Loss: 0.143706
2022-01-10 14:09:37,675 - Train Epoch: 7 [10880.0/17123 (63%)]	lr:0.00210	Accuracy: 0.9844	Loss: 0.054299
2022-01-10 14:09:38,164 - Train Epoch: 7 [11200.0/17123 (65%)]	lr:0.00209	Accuracy: 1.0000	Loss: 0.040883
2022-01-10 14:09:38,653 - Train Epoch: 7 [11520.0/17123 (67%)]	lr:0.00209	Accuracy: 0.9844	Loss: 0.089172
2022-01-10 14:09:39,141 - Train Epoch: 7 [11840.0/17123 (69%)]	lr:0.00209	Accuracy: 0.9844	Loss: 0.041023
2022-01-10 14:09:39,640 - Train Epoch: 7 [12160.0/17123 (71%)]	lr:0.00208	Accuracy: 0.9844	Loss: 0.085757
2022-01-10 14:09:40,149 - Train Epoch: 7 [12480.0/17123 (73%)]	lr:0.00208	Accuracy: 0.9688	Loss: 0.100995
2022-01-10 14:09:40,652 - Train Epoch: 7 [12800.0/17123 (75%)]	lr:0.00208	Accuracy: 1.0000	Loss: 0.036116
2022-01-10 14:09:41,123 - Train Epoch: 7 [13120.0/17123 (76%)]	lr:0.00208	Accuracy: 1.0000	Loss: 0.026835
2022-01-10 14:09:41,612 - Train Epoch: 7 [13440.0/17123 (78%)]	lr:0.00207	Accuracy: 0.9844	Loss: 0.041375
2022-01-10 14:09:42,101 - Train Epoch: 7 [13760.0/17123 (80%)]	lr:0.00207	Accuracy: 0.9688	Loss: 0.091162
2022-01-10 14:09:42,595 - Train Epoch: 7 [14080.0/17123 (82%)]	lr:0.00207	Accuracy: 0.9688	Loss: 0.059966
2022-01-10 14:09:43,075 - Train Epoch: 7 [14400.0/17123 (84%)]	lr:0.00206	Accuracy: 0.9688	Loss: 0.100098
2022-01-10 14:09:43,575 - Train Epoch: 7 [14720.0/17123 (86%)]	lr:0.00206	Accuracy: 1.0000	Loss: 0.030670
2022-01-10 14:09:44,064 - Train Epoch: 7 [15040.0/17123 (88%)]	lr:0.00206	Accuracy: 1.0000	Loss: 0.037263
2022-01-10 14:09:44,555 - Train Epoch: 7 [15360.0/17123 (90%)]	lr:0.00206	Accuracy: 1.0000	Loss: 0.014896
2022-01-10 14:09:45,043 - Train Epoch: 7 [15680.0/17123 (91%)]	lr:0.00205	Accuracy: 0.9844	Loss: 0.129137
2022-01-10 14:09:45,533 - Train Epoch: 7 [16000.0/17123 (93%)]	lr:0.00205	Accuracy: 1.0000	Loss: 0.023448
2022-01-10 14:09:46,023 - Train Epoch: 7 [16320.0/17123 (95%)]	lr:0.00205	Accuracy: 0.9531	Loss: 0.111706
2022-01-10 14:09:46,520 - Train Epoch: 7 [16640.0/17123 (97%)]	lr:0.00204	Accuracy: 1.0000	Loss: 0.027924
2022-01-10 14:09:47,012 - Train Epoch: 7 [16960.0/17123 (99%)]	lr:0.00204	Accuracy: 1.0000	Loss: 0.024171
2022-01-10 14:09:47,191 - Starting Validation
2022-01-10 14:09:56,818 - ===> Validation set: Average loss: 0.0470	Accuracy: 0.9883

2022-01-10 14:09:56,818 - #### End epoch 7/10, elapsed time: 36.369121805997565
2022-01-10 14:09:56,918 - Train Epoch: 8 [0.0/17123 (0%)]	lr:0.00204	Accuracy: 0.9688	Loss: 0.085309
2022-01-10 14:09:57,403 - Train Epoch: 8 [320.0/17123 (2%)]	lr:0.00204	Accuracy: 0.9844	Loss: 0.051456
2022-01-10 14:09:57,893 - Train Epoch: 8 [640.0/17123 (4%)]	lr:0.00203	Accuracy: 0.9844	Loss: 0.071238
2022-01-10 14:09:58,386 - Train Epoch: 8 [960.0/17123 (6%)]	lr:0.00203	Accuracy: 1.0000	Loss: 0.033825
2022-01-10 14:09:58,875 - Train Epoch: 8 [1280.0/17123 (7%)]	lr:0.00203	Accuracy: 0.9688	Loss: 0.076037
2022-01-10 14:09:59,369 - Train Epoch: 8 [1600.0/17123 (9%)]	lr:0.00203	Accuracy: 0.9844	Loss: 0.038016
2022-01-10 14:09:59,865 - Train Epoch: 8 [1920.0/17123 (11%)]	lr:0.00202	Accuracy: 1.0000	Loss: 0.014134
2022-01-10 14:10:00,357 - Train Epoch: 8 [2240.0/17123 (13%)]	lr:0.00202	Accuracy: 0.9844	Loss: 0.048488
2022-01-10 14:10:00,855 - Train Epoch: 8 [2560.0/17123 (15%)]	lr:0.00202	Accuracy: 1.0000	Loss: 0.024422
2022-01-10 14:10:01,369 - Train Epoch: 8 [2880.0/17123 (17%)]	lr:0.00202	Accuracy: 1.0000	Loss: 0.021885
2022-01-10 14:10:01,853 - Train Epoch: 8 [3200.0/17123 (19%)]	lr:0.00201	Accuracy: 1.0000	Loss: 0.030442
2022-01-10 14:10:02,351 - Train Epoch: 8 [3520.0/17123 (21%)]	lr:0.00201	Accuracy: 0.9844	Loss: 0.043873
2022-01-10 14:10:02,836 - Train Epoch: 8 [3840.0/17123 (22%)]	lr:0.00201	Accuracy: 0.9844	Loss: 0.035851
2022-01-10 14:10:03,330 - Train Epoch: 8 [4160.0/17123 (24%)]	lr:0.00201	Accuracy: 1.0000	Loss: 0.023095
2022-01-10 14:10:03,828 - Train Epoch: 8 [4480.0/17123 (26%)]	lr:0.00200	Accuracy: 0.9844	Loss: 0.037679
2022-01-10 14:10:04,322 - Train Epoch: 8 [4800.0/17123 (28%)]	lr:0.00200	Accuracy: 0.9844	Loss: 0.064110
2022-01-10 14:10:04,815 - Train Epoch: 8 [5120.0/17123 (30%)]	lr:0.00200	Accuracy: 0.9688	Loss: 0.064447
2022-01-10 14:10:05,306 - Train Epoch: 8 [5440.0/17123 (32%)]	lr:0.00200	Accuracy: 0.9688	Loss: 0.051763
2022-01-10 14:10:05,793 - Train Epoch: 8 [5760.0/17123 (34%)]	lr:0.00199	Accuracy: 1.0000	Loss: 0.016348
2022-01-10 14:10:06,282 - Train Epoch: 8 [6080.0/17123 (35%)]	lr:0.00199	Accuracy: 0.9531	Loss: 0.126206
2022-01-10 14:10:06,777 - Train Epoch: 8 [6400.0/17123 (37%)]	lr:0.00199	Accuracy: 1.0000	Loss: 0.014697
2022-01-10 14:10:07,266 - Train Epoch: 8 [6720.0/17123 (39%)]	lr:0.00199	Accuracy: 1.0000	Loss: 0.024731
2022-01-10 14:10:07,753 - Train Epoch: 8 [7040.0/17123 (41%)]	lr:0.00198	Accuracy: 0.9844	Loss: 0.029429
2022-01-10 14:10:08,248 - Train Epoch: 8 [7360.0/17123 (43%)]	lr:0.00198	Accuracy: 0.9844	Loss: 0.105549
2022-01-10 14:10:08,809 - Train Epoch: 8 [7680.0/17123 (45%)]	lr:0.00198	Accuracy: 1.0000	Loss: 0.028180
2022-01-10 14:10:09,361 - Train Epoch: 8 [8000.0/17123 (47%)]	lr:0.00198	Accuracy: 0.9531	Loss: 0.095864
2022-01-10 14:10:09,854 - Train Epoch: 8 [8320.0/17123 (49%)]	lr:0.00197	Accuracy: 0.9844	Loss: 0.076255
2022-01-10 14:10:10,347 - Train Epoch: 8 [8640.0/17123 (50%)]	lr:0.00197	Accuracy: 0.9844	Loss: 0.110006
2022-01-10 14:10:10,842 - Train Epoch: 8 [8960.0/17123 (52%)]	lr:0.00197	Accuracy: 1.0000	Loss: 0.018730
2022-01-10 14:10:11,326 - Train Epoch: 8 [9280.0/17123 (54%)]	lr:0.00197	Accuracy: 0.9844	Loss: 0.051221
2022-01-10 14:10:11,812 - Train Epoch: 8 [9600.0/17123 (56%)]	lr:0.00196	Accuracy: 0.9531	Loss: 0.110530
2022-01-10 14:10:12,304 - Train Epoch: 8 [9920.0/17123 (58%)]	lr:0.00196	Accuracy: 1.0000	Loss: 0.025446
2022-01-10 14:10:12,785 - Train Epoch: 8 [10240.0/17123 (60%)]	lr:0.00196	Accuracy: 0.9844	Loss: 0.035938
2022-01-10 14:10:13,263 - Train Epoch: 8 [10560.0/17123 (62%)]	lr:0.00196	Accuracy: 0.9844	Loss: 0.057518
2022-01-10 14:10:13,756 - Train Epoch: 8 [10880.0/17123 (63%)]	lr:0.00195	Accuracy: 0.9844	Loss: 0.067142
2022-01-10 14:10:14,245 - Train Epoch: 8 [11200.0/17123 (65%)]	lr:0.00195	Accuracy: 1.0000	Loss: 0.034597
2022-01-10 14:10:14,731 - Train Epoch: 8 [11520.0/17123 (67%)]	lr:0.00195	Accuracy: 0.9844	Loss: 0.045280
2022-01-10 14:10:15,224 - Train Epoch: 8 [11840.0/17123 (69%)]	lr:0.00195	Accuracy: 0.9688	Loss: 0.074892
2022-01-10 14:10:15,713 - Train Epoch: 8 [12160.0/17123 (71%)]	lr:0.00194	Accuracy: 0.9844	Loss: 0.109847
2022-01-10 14:10:16,214 - Train Epoch: 8 [12480.0/17123 (73%)]	lr:0.00194	Accuracy: 1.0000	Loss: 0.020171
2022-01-10 14:10:16,712 - Train Epoch: 8 [12800.0/17123 (75%)]	lr:0.00194	Accuracy: 0.9531	Loss: 0.153897
2022-01-10 14:10:17,201 - Train Epoch: 8 [13120.0/17123 (76%)]	lr:0.00194	Accuracy: 0.9844	Loss: 0.101049
2022-01-10 14:10:17,700 - Train Epoch: 8 [13440.0/17123 (78%)]	lr:0.00193	Accuracy: 0.9844	Loss: 0.051045
2022-01-10 14:10:18,186 - Train Epoch: 8 [13760.0/17123 (80%)]	lr:0.00193	Accuracy: 1.0000	Loss: 0.026064
2022-01-10 14:10:18,677 - Train Epoch: 8 [14080.0/17123 (82%)]	lr:0.00193	Accuracy: 0.9844	Loss: 0.034833
2022-01-10 14:10:19,171 - Train Epoch: 8 [14400.0/17123 (84%)]	lr:0.00193	Accuracy: 0.9844	Loss: 0.087993
2022-01-10 14:10:19,649 - Train Epoch: 8 [14720.0/17123 (86%)]	lr:0.00193	Accuracy: 1.0000	Loss: 0.012070
2022-01-10 14:10:20,138 - Train Epoch: 8 [15040.0/17123 (88%)]	lr:0.00192	Accuracy: 1.0000	Loss: 0.023119
2022-01-10 14:10:20,631 - Train Epoch: 8 [15360.0/17123 (90%)]	lr:0.00192	Accuracy: 0.9844	Loss: 0.058641
2022-01-10 14:10:21,125 - Train Epoch: 8 [15680.0/17123 (91%)]	lr:0.00192	Accuracy: 0.9688	Loss: 0.089929
2022-01-10 14:10:21,623 - Train Epoch: 8 [16000.0/17123 (93%)]	lr:0.00192	Accuracy: 1.0000	Loss: 0.025199
2022-01-10 14:10:22,114 - Train Epoch: 8 [16320.0/17123 (95%)]	lr:0.00191	Accuracy: 0.9844	Loss: 0.054632
2022-01-10 14:10:22,604 - Train Epoch: 8 [16640.0/17123 (97%)]	lr:0.00191	Accuracy: 0.9844	Loss: 0.043992
2022-01-10 14:10:23,099 - Train Epoch: 8 [16960.0/17123 (99%)]	lr:0.00191	Accuracy: 1.0000	Loss: 0.018792
2022-01-10 14:10:23,276 - Starting Validation
2022-01-10 14:10:32,857 - ===> Validation set: Average loss: 0.0427	Accuracy: 0.9907

2022-01-10 14:10:32,859 - Snapshot saved to snapshot/cdc/cdc-2022-01-10_14_05_51-model_best.pth

2022-01-10 14:10:32,859 - #### End epoch 8/10, elapsed time: 36.04048901301576
2022-01-10 14:10:32,956 - Train Epoch: 9 [0.0/17123 (0%)]	lr:0.00191	Accuracy: 0.9844	Loss: 0.027852
2022-01-10 14:10:33,451 - Train Epoch: 9 [320.0/17123 (2%)]	lr:0.00191	Accuracy: 1.0000	Loss: 0.025708
2022-01-10 14:10:33,936 - Train Epoch: 9 [640.0/17123 (4%)]	lr:0.00190	Accuracy: 0.9688	Loss: 0.081681
2022-01-10 14:10:34,438 - Train Epoch: 9 [960.0/17123 (6%)]	lr:0.00190	Accuracy: 0.9844	Loss: 0.120923
2022-01-10 14:10:34,922 - Train Epoch: 9 [1280.0/17123 (7%)]	lr:0.00190	Accuracy: 0.9844	Loss: 0.063740
2022-01-10 14:10:35,402 - Train Epoch: 9 [1600.0/17123 (9%)]	lr:0.00190	Accuracy: 0.9844	Loss: 0.061009
2022-01-10 14:10:35,901 - Train Epoch: 9 [1920.0/17123 (11%)]	lr:0.00190	Accuracy: 0.9844	Loss: 0.053118
2022-01-10 14:10:36,396 - Train Epoch: 9 [2240.0/17123 (13%)]	lr:0.00189	Accuracy: 0.9844	Loss: 0.044386
2022-01-10 14:10:36,891 - Train Epoch: 9 [2560.0/17123 (15%)]	lr:0.00189	Accuracy: 0.9844	Loss: 0.040781
2022-01-10 14:10:37,374 - Train Epoch: 9 [2880.0/17123 (17%)]	lr:0.00189	Accuracy: 0.9844	Loss: 0.046734
2022-01-10 14:10:37,868 - Train Epoch: 9 [3200.0/17123 (19%)]	lr:0.00189	Accuracy: 1.0000	Loss: 0.025855
2022-01-10 14:10:38,358 - Train Epoch: 9 [3520.0/17123 (21%)]	lr:0.00188	Accuracy: 1.0000	Loss: 0.009679
2022-01-10 14:10:38,854 - Train Epoch: 9 [3840.0/17123 (22%)]	lr:0.00188	Accuracy: 1.0000	Loss: 0.016261
2022-01-10 14:10:39,360 - Train Epoch: 9 [4160.0/17123 (24%)]	lr:0.00188	Accuracy: 1.0000	Loss: 0.008163
2022-01-10 14:10:39,851 - Train Epoch: 9 [4480.0/17123 (26%)]	lr:0.00188	Accuracy: 0.9844	Loss: 0.051901
2022-01-10 14:10:40,344 - Train Epoch: 9 [4800.0/17123 (28%)]	lr:0.00188	Accuracy: 1.0000	Loss: 0.012976
2022-01-10 14:10:40,813 - Train Epoch: 9 [5120.0/17123 (30%)]	lr:0.00187	Accuracy: 1.0000	Loss: 0.018895
2022-01-10 14:10:41,309 - Train Epoch: 9 [5440.0/17123 (32%)]	lr:0.00187	Accuracy: 0.9844	Loss: 0.051936
2022-01-10 14:10:41,802 - Train Epoch: 9 [5760.0/17123 (34%)]	lr:0.00187	Accuracy: 0.9688	Loss: 0.120009
2022-01-10 14:10:42,291 - Train Epoch: 9 [6080.0/17123 (35%)]	lr:0.00187	Accuracy: 0.9844	Loss: 0.046265
2022-01-10 14:10:42,786 - Train Epoch: 9 [6400.0/17123 (37%)]	lr:0.00187	Accuracy: 0.9844	Loss: 0.095464
2022-01-10 14:10:43,277 - Train Epoch: 9 [6720.0/17123 (39%)]	lr:0.00186	Accuracy: 1.0000	Loss: 0.021921
2022-01-10 14:10:43,763 - Train Epoch: 9 [7040.0/17123 (41%)]	lr:0.00186	Accuracy: 1.0000	Loss: 0.011248
2022-01-10 14:10:44,257 - Train Epoch: 9 [7360.0/17123 (43%)]	lr:0.00186	Accuracy: 0.9844	Loss: 0.031558
2022-01-10 14:10:44,746 - Train Epoch: 9 [7680.0/17123 (45%)]	lr:0.00186	Accuracy: 0.9844	Loss: 0.066492
2022-01-10 14:10:45,234 - Train Epoch: 9 [8000.0/17123 (47%)]	lr:0.00186	Accuracy: 0.9844	Loss: 0.111817
2022-01-10 14:10:45,718 - Train Epoch: 9 [8320.0/17123 (49%)]	lr:0.00185	Accuracy: 1.0000	Loss: 0.013390
2022-01-10 14:10:46,212 - Train Epoch: 9 [8640.0/17123 (50%)]	lr:0.00185	Accuracy: 0.9844	Loss: 0.045625
2022-01-10 14:10:46,719 - Train Epoch: 9 [8960.0/17123 (52%)]	lr:0.00185	Accuracy: 0.9844	Loss: 0.045450
2022-01-10 14:10:47,215 - Train Epoch: 9 [9280.0/17123 (54%)]	lr:0.00185	Accuracy: 0.9688	Loss: 0.153866
2022-01-10 14:10:47,700 - Train Epoch: 9 [9600.0/17123 (56%)]	lr:0.00185	Accuracy: 1.0000	Loss: 0.017583
2022-01-10 14:10:48,187 - Train Epoch: 9 [9920.0/17123 (58%)]	lr:0.00184	Accuracy: 1.0000	Loss: 0.030117
2022-01-10 14:10:48,674 - Train Epoch: 9 [10240.0/17123 (60%)]	lr:0.00184	Accuracy: 1.0000	Loss: 0.017319
2022-01-10 14:10:49,223 - Train Epoch: 9 [10560.0/17123 (62%)]	lr:0.00184	Accuracy: 0.9844	Loss: 0.044396
2022-01-10 14:10:49,715 - Train Epoch: 9 [10880.0/17123 (63%)]	lr:0.00184	Accuracy: 1.0000	Loss: 0.036419
2022-01-10 14:10:50,195 - Train Epoch: 9 [11200.0/17123 (65%)]	lr:0.00184	Accuracy: 1.0000	Loss: 0.025762
2022-01-10 14:10:50,686 - Train Epoch: 9 [11520.0/17123 (67%)]	lr:0.00183	Accuracy: 0.9844	Loss: 0.057476
2022-01-10 14:10:51,169 - Train Epoch: 9 [11840.0/17123 (69%)]	lr:0.00183	Accuracy: 0.9688	Loss: 0.069330
2022-01-10 14:10:51,665 - Train Epoch: 9 [12160.0/17123 (71%)]	lr:0.00183	Accuracy: 0.9844	Loss: 0.023575
2022-01-10 14:10:52,163 - Train Epoch: 9 [12480.0/17123 (73%)]	lr:0.00183	Accuracy: 0.9688	Loss: 0.055918
2022-01-10 14:10:52,656 - Train Epoch: 9 [12800.0/17123 (75%)]	lr:0.00183	Accuracy: 1.0000	Loss: 0.024000
2022-01-10 14:10:53,143 - Train Epoch: 9 [13120.0/17123 (76%)]	lr:0.00182	Accuracy: 0.9688	Loss: 0.086866
2022-01-10 14:10:53,641 - Train Epoch: 9 [13440.0/17123 (78%)]	lr:0.00182	Accuracy: 0.9688	Loss: 0.131344
2022-01-10 14:10:54,127 - Train Epoch: 9 [13760.0/17123 (80%)]	lr:0.00182	Accuracy: 1.0000	Loss: 0.040283
2022-01-10 14:10:54,614 - Train Epoch: 9 [14080.0/17123 (82%)]	lr:0.00182	Accuracy: 0.9844	Loss: 0.066268
2022-01-10 14:10:55,105 - Train Epoch: 9 [14400.0/17123 (84%)]	lr:0.00182	Accuracy: 0.9844	Loss: 0.048605
2022-01-10 14:10:55,594 - Train Epoch: 9 [14720.0/17123 (86%)]	lr:0.00181	Accuracy: 0.9844	Loss: 0.056669
2022-01-10 14:10:56,088 - Train Epoch: 9 [15040.0/17123 (88%)]	lr:0.00181	Accuracy: 1.0000	Loss: 0.024196
2022-01-10 14:10:56,573 - Train Epoch: 9 [15360.0/17123 (90%)]	lr:0.00181	Accuracy: 1.0000	Loss: 0.023359
2022-01-10 14:10:57,060 - Train Epoch: 9 [15680.0/17123 (91%)]	lr:0.00181	Accuracy: 1.0000	Loss: 0.026357
2022-01-10 14:10:57,544 - Train Epoch: 9 [16000.0/17123 (93%)]	lr:0.00181	Accuracy: 0.9844	Loss: 0.058160
2022-01-10 14:10:58,035 - Train Epoch: 9 [16320.0/17123 (95%)]	lr:0.00180	Accuracy: 1.0000	Loss: 0.018155
2022-01-10 14:10:58,526 - Train Epoch: 9 [16640.0/17123 (97%)]	lr:0.00180	Accuracy: 0.9844	Loss: 0.051061
2022-01-10 14:10:59,009 - Train Epoch: 9 [16960.0/17123 (99%)]	lr:0.00180	Accuracy: 1.0000	Loss: 0.017975
2022-01-10 14:10:59,183 - Starting Validation
2022-01-10 14:11:07,970 - ===> Validation set: Average loss: 0.0411	Accuracy: 0.9895

2022-01-10 14:11:07,970 - #### End epoch 9/10, elapsed time: 35.11140042101033
2022-01-10 14:11:08,074 - Train Epoch: 10 [0.0/17123 (0%)]	lr:0.00180	Accuracy: 1.0000	Loss: 0.024597
2022-01-10 14:11:08,564 - Train Epoch: 10 [320.0/17123 (2%)]	lr:0.00180	Accuracy: 0.9844	Loss: 0.023144
2022-01-10 14:11:09,060 - Train Epoch: 10 [640.0/17123 (4%)]	lr:0.00180	Accuracy: 1.0000	Loss: 0.024513
2022-01-10 14:11:09,553 - Train Epoch: 10 [960.0/17123 (6%)]	lr:0.00179	Accuracy: 0.9688	Loss: 0.150938
2022-01-10 14:11:10,049 - Train Epoch: 10 [1280.0/17123 (7%)]	lr:0.00179	Accuracy: 1.0000	Loss: 0.026180
2022-01-10 14:11:10,542 - Train Epoch: 10 [1600.0/17123 (9%)]	lr:0.00179	Accuracy: 1.0000	Loss: 0.008803
2022-01-10 14:11:11,025 - Train Epoch: 10 [1920.0/17123 (11%)]	lr:0.00179	Accuracy: 1.0000	Loss: 0.021059
2022-01-10 14:11:11,507 - Train Epoch: 10 [2240.0/17123 (13%)]	lr:0.00179	Accuracy: 0.9844	Loss: 0.061961
2022-01-10 14:11:11,990 - Train Epoch: 10 [2560.0/17123 (15%)]	lr:0.00178	Accuracy: 1.0000	Loss: 0.006519
2022-01-10 14:11:12,479 - Train Epoch: 10 [2880.0/17123 (17%)]	lr:0.00178	Accuracy: 0.9688	Loss: 0.065621
2022-01-10 14:11:12,970 - Train Epoch: 10 [3200.0/17123 (19%)]	lr:0.00178	Accuracy: 1.0000	Loss: 0.026807
2022-01-10 14:11:13,461 - Train Epoch: 10 [3520.0/17123 (21%)]	lr:0.00178	Accuracy: 0.9844	Loss: 0.042682
2022-01-10 14:11:13,951 - Train Epoch: 10 [3840.0/17123 (22%)]	lr:0.00178	Accuracy: 0.9844	Loss: 0.059969
2022-01-10 14:11:14,450 - Train Epoch: 10 [4160.0/17123 (24%)]	lr:0.00178	Accuracy: 1.0000	Loss: 0.015741
2022-01-10 14:11:14,948 - Train Epoch: 10 [4480.0/17123 (26%)]	lr:0.00177	Accuracy: 0.9844	Loss: 0.054629
2022-01-10 14:11:15,437 - Train Epoch: 10 [4800.0/17123 (28%)]	lr:0.00177	Accuracy: 1.0000	Loss: 0.037247
2022-01-10 14:11:15,927 - Train Epoch: 10 [5120.0/17123 (30%)]	lr:0.00177	Accuracy: 1.0000	Loss: 0.027091
2022-01-10 14:11:16,419 - Train Epoch: 10 [5440.0/17123 (32%)]	lr:0.00177	Accuracy: 0.9844	Loss: 0.041624
2022-01-10 14:11:16,907 - Train Epoch: 10 [5760.0/17123 (34%)]	lr:0.00177	Accuracy: 1.0000	Loss: 0.041848
2022-01-10 14:11:17,399 - Train Epoch: 10 [6080.0/17123 (35%)]	lr:0.00176	Accuracy: 0.9844	Loss: 0.063024
2022-01-10 14:11:17,889 - Train Epoch: 10 [6400.0/17123 (37%)]	lr:0.00176	Accuracy: 0.9688	Loss: 0.048388
2022-01-10 14:11:18,372 - Train Epoch: 10 [6720.0/17123 (39%)]	lr:0.00176	Accuracy: 1.0000	Loss: 0.025617
2022-01-10 14:11:18,867 - Train Epoch: 10 [7040.0/17123 (41%)]	lr:0.00176	Accuracy: 1.0000	Loss: 0.019139
2022-01-10 14:11:19,359 - Train Epoch: 10 [7360.0/17123 (43%)]	lr:0.00176	Accuracy: 1.0000	Loss: 0.021540
2022-01-10 14:11:19,847 - Train Epoch: 10 [7680.0/17123 (45%)]	lr:0.00176	Accuracy: 1.0000	Loss: 0.025771
2022-01-10 14:11:20,347 - Train Epoch: 10 [8000.0/17123 (47%)]	lr:0.00175	Accuracy: 0.9844	Loss: 0.042658
2022-01-10 14:11:20,839 - Train Epoch: 10 [8320.0/17123 (49%)]	lr:0.00175	Accuracy: 1.0000	Loss: 0.019874
2022-01-10 14:11:21,322 - Train Epoch: 10 [8640.0/17123 (50%)]	lr:0.00175	Accuracy: 1.0000	Loss: 0.032938
2022-01-10 14:11:21,804 - Train Epoch: 10 [8960.0/17123 (52%)]	lr:0.00175	Accuracy: 1.0000	Loss: 0.028272
2022-01-10 14:11:22,304 - Train Epoch: 10 [9280.0/17123 (54%)]	lr:0.00175	Accuracy: 1.0000	Loss: 0.010191
2022-01-10 14:11:22,794 - Train Epoch: 10 [9600.0/17123 (56%)]	lr:0.00175	Accuracy: 1.0000	Loss: 0.016490
2022-01-10 14:11:23,291 - Train Epoch: 10 [9920.0/17123 (58%)]	lr:0.00174	Accuracy: 0.9844	Loss: 0.041438
2022-01-10 14:11:23,801 - Train Epoch: 10 [10240.0/17123 (60%)]	lr:0.00174	Accuracy: 0.9688	Loss: 0.082032
2022-01-10 14:11:24,307 - Train Epoch: 10 [10560.0/17123 (62%)]	lr:0.00174	Accuracy: 1.0000	Loss: 0.024437
2022-01-10 14:11:24,800 - Train Epoch: 10 [10880.0/17123 (63%)]	lr:0.00174	Accuracy: 1.0000	Loss: 0.018195
2022-01-10 14:11:25,285 - Train Epoch: 10 [11200.0/17123 (65%)]	lr:0.00174	Accuracy: 0.9844	Loss: 0.030390
2022-01-10 14:11:25,782 - Train Epoch: 10 [11520.0/17123 (67%)]	lr:0.00174	Accuracy: 1.0000	Loss: 0.016034
2022-01-10 14:11:26,270 - Train Epoch: 10 [11840.0/17123 (69%)]	lr:0.00173	Accuracy: 0.9844	Loss: 0.038104
2022-01-10 14:11:26,760 - Train Epoch: 10 [12160.0/17123 (71%)]	lr:0.00173	Accuracy: 0.9844	Loss: 0.035821
2022-01-10 14:11:27,257 - Train Epoch: 10 [12480.0/17123 (73%)]	lr:0.00173	Accuracy: 1.0000	Loss: 0.010735
2022-01-10 14:11:27,745 - Train Epoch: 10 [12800.0/17123 (75%)]	lr:0.00173	Accuracy: 1.0000	Loss: 0.015120
2022-01-10 14:11:28,238 - Train Epoch: 10 [13120.0/17123 (76%)]	lr:0.00173	Accuracy: 0.9844	Loss: 0.039138
2022-01-10 14:11:28,777 - Train Epoch: 10 [13440.0/17123 (78%)]	lr:0.00173	Accuracy: 1.0000	Loss: 0.060397
2022-01-10 14:11:29,325 - Train Epoch: 10 [13760.0/17123 (80%)]	lr:0.00172	Accuracy: 0.9844	Loss: 0.077255
2022-01-10 14:11:29,824 - Train Epoch: 10 [14080.0/17123 (82%)]	lr:0.00172	Accuracy: 1.0000	Loss: 0.026959
2022-01-10 14:11:30,314 - Train Epoch: 10 [14400.0/17123 (84%)]	lr:0.00172	Accuracy: 0.9688	Loss: 0.097937
2022-01-10 14:11:30,798 - Train Epoch: 10 [14720.0/17123 (86%)]	lr:0.00172	Accuracy: 1.0000	Loss: 0.021089
2022-01-10 14:11:31,285 - Train Epoch: 10 [15040.0/17123 (88%)]	lr:0.00172	Accuracy: 0.9844	Loss: 0.035325
2022-01-10 14:11:31,772 - Train Epoch: 10 [15360.0/17123 (90%)]	lr:0.00172	Accuracy: 1.0000	Loss: 0.018966
2022-01-10 14:11:32,261 - Train Epoch: 10 [15680.0/17123 (91%)]	lr:0.00171	Accuracy: 1.0000	Loss: 0.033950
2022-01-10 14:11:32,746 - Train Epoch: 10 [16000.0/17123 (93%)]	lr:0.00171	Accuracy: 0.9844	Loss: 0.032096
2022-01-10 14:11:33,188 - Train Epoch: 10 [16320.0/17123 (95%)]	lr:0.00171	Accuracy: 1.0000	Loss: 0.037061
2022-01-10 14:11:33,530 - Train Epoch: 10 [16640.0/17123 (97%)]	lr:0.00171	Accuracy: 0.9688	Loss: 0.100227
2022-01-10 14:11:33,866 - Train Epoch: 10 [16960.0/17123 (99%)]	lr:0.00171	Accuracy: 1.0000	Loss: 0.024819
2022-01-10 14:11:33,976 - Starting Validation
2022-01-10 14:11:39,867 - ===> Validation set: Average loss: 0.0414	Accuracy: 0.9897

2022-01-10 14:11:39,868 - #### End epoch 10/10, elapsed time: 31.897434672981035
2022-01-10 14:11:39,875 - ===> loading best model for prediction
2022-01-10 14:11:39,877 - Starting Evaluation
2022-01-10 14:11:45,775 - ===> Final predictions done. Here is a snippet
2022-01-10 14:11:45,775 - ===> Evaluation set: Average loss: 0.0457	Accuracy: 0.9919

2022-01-10 14:11:45,775 - ################## Success #########################
2022-01-10 14:11:45,775 - Total elapsed time: 354.24024908203864
