2022-01-13 01:18:32,163 - ===> loading train, validation and eval dataset
2022-01-13 01:18:32,999 - ### Model summary below###
 SpkClassifier(
  (classifier): Sequential(
    (0): Linear(in_features=256, out_features=512, bias=True)
    (1): BatchNorm1d(512, eps=1e-05, momentum=0.1, affine=True, track_running_stats=True)
    (2): ReLU()
    (3): Linear(in_features=512, out_features=251, bias=True)
  )
)

2022-01-13 01:18:32,999 - ===> Model total parameter: 261371

2022-01-13 01:18:33,364 - Train Epoch: 1 [0.0/28539 (0%)]	lr:0.00025	Accuracy: 0.0000	Loss: 5.509414
2022-01-13 01:18:34,969 - Train Epoch: 1 [80.0/28539 (0%)]	lr:0.00150	Accuracy: 0.1875	Loss: 5.503287
2022-01-13 01:18:36,565 - Train Epoch: 1 [160.0/28539 (1%)]	lr:0.00275	Accuracy: 0.1250	Loss: 5.448827
2022-01-13 01:18:38,157 - Train Epoch: 1 [240.0/28539 (1%)]	lr:0.00400	Accuracy: 0.1875	Loss: 5.255050
2022-01-13 01:18:39,777 - Train Epoch: 1 [320.0/28539 (1%)]	lr:0.00525	Accuracy: 0.1250	Loss: 4.761038
2022-01-13 01:18:41,375 - Train Epoch: 1 [400.0/28539 (1%)]	lr:0.00650	Accuracy: 0.1875	Loss: 3.863801
2022-01-13 01:18:42,968 - Train Epoch: 1 [480.0/28539 (2%)]	lr:0.00775	Accuracy: 0.1875	Loss: 2.910449
2022-01-13 01:18:44,590 - Train Epoch: 1 [560.0/28539 (2%)]	lr:0.00900	Accuracy: 0.2500	Loss: 2.912719
2022-01-13 01:18:46,197 - Train Epoch: 1 [640.0/28539 (2%)]	lr:0.01025	Accuracy: 0.1875	Loss: 3.084103
2022-01-13 01:18:47,803 - Train Epoch: 1 [720.0/28539 (3%)]	lr:0.01150	Accuracy: 0.2500	Loss: 3.137170
